【登录信息】
*62d99e37f10ca3c3a468162e341dc34a*
`登陆天数: 1天 / 361天
等级: 102
石头: 0
呼符: 3
体力: 85169.29333333333 / 126
友情点: 2125 / 2655810`
*連続ログイン1日目
※ログインが途切れるか、7日到達すると
1日目から再開されます*
`フレンドポイント X 2000
8月交換券(2023) X 1
`*ショートアニメ「藤丸立香はわからない」グランドフィナーレ記念 特別ログインボーナス*
*開催期間中、初回ログインで「限定概念礼装×1」をプレゼント！*
`慰労会はおわらない X 1
`_2023-07-31 19:31:59_
--------
*e08d200d6cae66745a424b7aab92e6b7*
`登陆天数: 1天 / 479天
等级: 1
石头: 704
呼符: 8
体力: 764457.2533333333 / 20
友情点: 0 / 71400`
*連続ログイン1日目
※ログインが途切れるか、7日到達すると
1日目から再開されます*
`フレンドポイント X 2000
8月交換券(2023) X 1
`*使用期限付コンティニューアイテムプレゼント！*
*開催期間中、初回ログインでコンティニューアイテム「霊脈石×3」をプレゼント！*
`霊脈石 X 3
`_2023-07-31 19:32:07_
--------
*c695a2ada964bb4064c0b3ade64f21e6*
`登陆天数: 1天 / 1306天
等级: 125
石头: 2257
呼符: 146
体力: 67137.03666666667 / 137
友情点: 0 / 502305`
*連続ログイン1日目
※ログインが途切れるか、7日到達すると
1日目から再開されます*
`フレンドポイント X 2000
8月交換券(2023) X 1
`*ショートアニメ「藤丸立香はわからない」グランドフィナーレ記念 特別ログインボーナス*
*開催期間中、初回ログインで「限定概念礼装×1」をプレゼント！*
`慰労会はおわらない X 1
`_2023-07-31 19:32:15_
--------
*89b7fa638329cf0a6f11a58783a25de4*
`登陆天数: 1天 / 1582天
等级: 153
石头: 141
呼符: 4
体力: 6648.513333333333 / 143
友情点: 610 / 6450065`
*連続ログイン1日目
※ログインが途切れるか、7日到達すると
1日目から再開されます*
`フレンドポイント X 2000
8月交換券(2023) X 1
`*ショートアニメ「藤丸立香はわからない」グランドフィナーレ記念 特別ログインボーナス*
*開催期間中、初回ログインで「限定概念礼装×1」をプレゼント！*
`慰労会はおわらない X 1
`_2023-07-31 19:32:23_
--------
