【登录信息】
*62d99e37f10ca3c3a468162e341dc34a*
`登陆天数: 2天 / 362天
等级: 102
石头: 0
呼符: 3
体力: 85457.27333333333 / 126
友情点: 255 / 2656065`
*連続ログイン2日目
※ログインが途切れるか、7日到達すると
1日目から再開されます*
`聖晶石 X 1
8月交換券(2023) X 1
`*8周年記念特別回数ログインボーナス*
*開催期間中、1日1回 最大10回 回数ログインボーナスをプレゼント！*
`QP X 3000000
フレンドポイント X 100000
`_2023-08-01 19:31:52_
--------
*e08d200d6cae66745a424b7aab92e6b7*
`登陆天数: 2天 / 480天
等级: 1
石头: 704
呼符: 8
体力: 764745.23 / 20
友情点: 0 / 71400`
*連続ログイン2日目
※ログインが途切れるか、7日到達すると
1日目から再開されます*
`聖晶石 X 1
8月交換券(2023) X 1
`_2023-08-01 19:32:00_
--------
*c695a2ada964bb4064c0b3ade64f21e6*
`登陆天数: 2天 / 1307天
等级: 125
石头: 2257
呼符: 146
体力: 67425.01666666666 / 137
友情点: 0 / 502305`
*連続ログイン2日目
※ログインが途切れるか、7日到達すると
1日目から再開されます*
`聖晶石 X 1
8月交換券(2023) X 1
`*8周年記念特別回数ログインボーナス*
*開催期間中、1日1回 最大10回 回数ログインボーナスをプレゼント！*
`QP X 3000000
フレンドポイント X 100000
`_2023-08-01 19:32:08_
--------
*89b7fa638329cf0a6f11a58783a25de4*
`登陆天数: 2天 / 1583天
等级: 153
石头: 174
呼符: 11
体力: 31.63333333333334 / 143
友情点: 370 / 6458040`
*連続ログイン2日目
※ログインが途切れるか、7日到達すると
1日目から再開されます*
`聖晶石 X 1
8月交換券(2023) X 1
`*8周年記念特別回数ログインボーナス*
*開催期間中、1日1回 最大10回 回数ログインボーナスをプレゼント！*
`QP X 3000000
フレンドポイント X 100000
`_2023-08-01 19:32:16_
--------
