【登录信息】
*62d99e37f10ca3c3a468162e341dc34a*
`登陆天数: 3天 / 363天
等级: 102
石头: 0
呼符: 3
体力: 85745.28333333334 / 126
友情点: 1360 / 2657425`
*連続ログイン3日目
※ログインが途切れるか、7日到達すると
1日目から再開されます*
`叡智の業火 X 1
8月交換券(2023) X 1
`*8周年記念特別回数ログインボーナス*
*開催期間中、1日1回 最大10回 回数ログインボーナスをプレゼント！*
`QP X 3000000
星見のティーポット X 10
`_2023-08-02 19:31:56_
--------
*e08d200d6cae66745a424b7aab92e6b7*
`登陆天数: 3天 / 481天
等级: 1
石头: 704
呼符: 8
体力: 765033.2433333333 / 20
友情点: 0 / 71400`
*連続ログイン3日目
※ログインが途切れるか、7日到達すると
1日目から再開されます*
`叡智の業火 X 1
8月交換券(2023) X 1
`_2023-08-02 19:32:04_
--------
*c695a2ada964bb4064c0b3ade64f21e6*
`登陆天数: 3天 / 1308天
等级: 125
石头: 2257
呼符: 146
体力: 67713.02666666667 / 137
友情点: 0 / 502305`
*連続ログイン3日目
※ログインが途切れるか、7日到達すると
1日目から再開されます*
`叡智の業火 X 1
8月交換券(2023) X 1
`*8周年記念特別回数ログインボーナス*
*開催期間中、1日1回 最大10回 回数ログインボーナスをプレゼント！*
`QP X 3000000
星見のティーポット X 10
`_2023-08-02 19:32:11_
--------
*89b7fa638329cf0a6f11a58783a25de4*
`登陆天数: 3天 / 1584天
等级: 153
石头: 178
呼符: 6
体力: 123.36666666666667 / 143
友情点: 40 / 6560365`
*連続ログイン3日目
※ログインが途切れるか、7日到達すると
1日目から再開されます*
`叡智の業火 X 1
8月交換券(2023) X 1
`*8周年記念特別回数ログインボーナス*
*開催期間中、1日1回 最大10回 回数ログインボーナスをプレゼント！*
`QP X 3000000
星見のティーポット X 10
`_2023-08-02 19:32:19_
--------
