【登录信息】
*62d99e37f10ca3c3a468162e341dc34a*
`登陆天数: 4天 / 364天
等级: 102
石头: 0
呼符: 3
体力: 86033.31 / 126
友情点: 3995 / 2661420`
*連続ログイン4日目
※ログインが途切れるか、7日到達すると
1日目から再開されます*
`聖晶石 X 1
8月交換券(2023) X 1
`*8周年記念特別回数ログインボーナス*
*開催期間中、1日1回 最大10回 回数ログインボーナスをプレゼント！*
`QP X 3000000
マナプリズム X 100
`_2023-08-03 19:32:04_
--------
*e08d200d6cae66745a424b7aab92e6b7*
`登陆天数: 4天 / 482天
等级: 1
石头: 704
呼符: 8
体力: 765321.27 / 20
友情点: 0 / 71400`
*連続ログイン4日目
※ログインが途切れるか、7日到達すると
1日目から再開されます*
`聖晶石 X 1
8月交換券(2023) X 1
`_2023-08-03 19:32:12_
--------
*c695a2ada964bb4064c0b3ade64f21e6*
`登陆天数: 4天 / 1309天
等级: 125
石头: 2257
呼符: 146
体力: 68001.05333333333 / 137
友情点: 0 / 502305`
*連続ログイン4日目
※ログインが途切れるか、7日到達すると
1日目から再開されます*
`聖晶石 X 1
8月交換券(2023) X 1
`*8周年記念特別回数ログインボーナス*
*開催期間中、1日1回 最大10回 回数ログインボーナスをプレゼント！*
`QP X 3000000
マナプリズム X 100
`_2023-08-03 19:32:19_
--------
*89b7fa638329cf0a6f11a58783a25de4*
`登陆天数: 4天 / 1585天
等级: 153
石头: 178
呼符: 6
体力: 89.83333333333334 / 143
友情点: 240 / 6561400`
*連続ログイン4日目
※ログインが途切れるか、7日到達すると
1日目から再開されます*
`聖晶石 X 1
8月交換券(2023) X 1
`*8周年記念特別回数ログインボーナス*
*開催期間中、1日1回 最大10回 回数ログインボーナスをプレゼント！*
`QP X 3000000
マナプリズム X 100
`_2023-08-03 19:32:27_
--------
