【登录信息】
*62d99e37f10ca3c3a468162e341dc34a*
`登陆天数: 5天 / 365天
等级: 102
石头: 0
呼符: 3
体力: 86321.27666666667 / 126
友情点: 1955 / 2663375`
*連続ログイン5日目
※ログインが途切れるか、7日到達すると
1日目から再開されます*
`叡智の業火 X 2
8月交換券(2023) X 1
`*8周年記念特別回数ログインボーナス*
*開催期間中、1日1回 最大10回 回数ログインボーナスをプレゼント！*
`英霊結晶・星のフォウくん X 10
英霊結晶・太陽のフォウくん X 10
QP X 3000000
`_2023-08-04 19:31:53_
--------
*e08d200d6cae66745a424b7aab92e6b7*
`登陆天数: 5天 / 483天
等级: 1
石头: 704
呼符: 8
体力: 765609.2333333333 / 20
友情点: 0 / 71400`
*連続ログイン5日目
※ログインが途切れるか、7日到達すると
1日目から再開されます*
`叡智の業火 X 2
8月交換券(2023) X 1
`_2023-08-04 19:32:01_
--------
*c695a2ada964bb4064c0b3ade64f21e6*
`登陆天数: 5天 / 1310天
等级: 125
石头: 2257
呼符: 146
体力: 68289.01666666666 / 137
友情点: 0 / 502305`
*連続ログイン5日目
※ログインが途切れるか、7日到達すると
1日目から再開されます*
`叡智の業火 X 2
8月交換券(2023) X 1
`*8周年記念特別回数ログインボーナス*
*開催期間中、1日1回 最大10回 回数ログインボーナスをプレゼント！*
`英霊結晶・星のフォウくん X 10
英霊結晶・太陽のフォウくん X 10
QP X 3000000
`_2023-08-04 19:32:08_
--------
*89b7fa638329cf0a6f11a58783a25de4*
`登陆天数: 5天 / 1586天
等级: 153
石头: 179
呼符: 6
体力: 170.36 / 143
友情点: 780 / 6562520`
*連続ログイン5日目
※ログインが途切れるか、7日到達すると
1日目から再開されます*
`叡智の業火 X 2
8月交換券(2023) X 1
`*8周年記念特別回数ログインボーナス*
*開催期間中、1日1回 最大10回 回数ログインボーナスをプレゼント！*
`英霊結晶・星のフォウくん X 10
英霊結晶・太陽のフォウくん X 10
QP X 3000000
`_2023-08-04 19:32:16_
--------
