【登录信息】
*62d99e37f10ca3c3a468162e341dc34a*
`登陆天数: 6天 / 366天
等级: 102
石头: 0
呼符: 3
体力: 86609.31666666667 / 126
友情点: 1020 / 2664395`
*連続ログイン6日目
※ログインが途切れるか、7日到達すると
1日目から再開されます*
`聖晶石 X 2
8月交換券(2023) X 1
`*8周年記念特別回数ログインボーナス*
*開催期間中、1日1回 最大10回 回数ログインボーナスをプレゼント！*
`英霊結晶・流星のフォウくん X 1
英霊結晶・日輪のフォウくん X 1
QP X 3000000
`_2023-08-05 19:32:05_
--------
*e08d200d6cae66745a424b7aab92e6b7*
`登陆天数: 6天 / 484天
等级: 1
石头: 704
呼符: 8
体力: 765897.2766666666 / 20
友情点: 0 / 71400`
*連続ログイン6日目
※ログインが途切れるか、7日到達すると
1日目から再開されます*
`聖晶石 X 2
8月交換券(2023) X 1
`_2023-08-05 19:32:13_
--------
*c695a2ada964bb4064c0b3ade64f21e6*
`登陆天数: 6天 / 1311天
等级: 125
石头: 2257
呼符: 146
体力: 68577.06 / 137
友情点: 0 / 502305`
*連続ログイン6日目
※ログインが途切れるか、7日到達すると
1日目から再開されます*
`聖晶石 X 2
8月交換券(2023) X 1
`*8周年記念特別回数ログインボーナス*
*開催期間中、1日1回 最大10回 回数ログインボーナスをプレゼント！*
`英霊結晶・流星のフォウくん X 1
英霊結晶・日輪のフォウくん X 1
QP X 3000000
`_2023-08-05 19:32:21_
--------
*89b7fa638329cf0a6f11a58783a25de4*
`登陆天数: 6天 / 1587天
等级: 153
石头: 199
呼符: 6
体力: 131.49666666666667 / 143
友情点: 155 / 6563155`
*連続ログイン6日目
※ログインが途切れるか、7日到達すると
1日目から再開されます*
`聖晶石 X 2
8月交換券(2023) X 1
`*8周年記念特別回数ログインボーナス*
*開催期間中、1日1回 最大10回 回数ログインボーナスをプレゼント！*
`英霊結晶・流星のフォウくん X 1
英霊結晶・日輪のフォウくん X 1
QP X 3000000
`_2023-08-05 19:32:29_
--------
