【登录信息】
*62d99e37f10ca3c3a468162e341dc34a*
`登陆天数: 8天 / 368天
等级: 102
石头: 0
呼符: 3
体力: 87185.31333333334 / 126
友情点: 2380 / 2668560`
*連続ログイン1日目
※ログインが途切れるか、7日到達すると
1日目から再開されます*
`フレンドポイント X 2000
8月交換券(2023) X 1
`*8周年記念特別回数ログインボーナス*
*開催期間中、1日1回 最大10回 回数ログインボーナスをプレゼント！*
`QP X 3000000
カルデアの夢火 X 1
`_2023-08-07 19:32:04_
--------
*e08d200d6cae66745a424b7aab92e6b7*
`登陆天数: 8天 / 486天
等级: 1
石头: 704
呼符: 8
体力: 766473.2733333333 / 20
友情点: 0 / 71400`
*連続ログイン1日目
※ログインが途切れるか、7日到達すると
1日目から再開されます*
`フレンドポイント X 2000
8月交換券(2023) X 1
`_2023-08-07 19:32:12_
--------
*c695a2ada964bb4064c0b3ade64f21e6*
`登陆天数: 8天 / 1313天
等级: 125
石头: 2257
呼符: 146
体力: 69153.05666666667 / 137
友情点: 0 / 502305`
*連続ログイン1日目
※ログインが途切れるか、7日到達すると
1日目から再開されます*
`フレンドポイント X 2000
8月交換券(2023) X 1
`*8周年記念特別回数ログインボーナス*
*開催期間中、1日1回 最大10回 回数ログインボーナスをプレゼント！*
`QP X 3000000
カルデアの夢火 X 1
`_2023-08-07 19:32:20_
--------
*89b7fa638329cf0a6f11a58783a25de4*
`登陆天数: 8天 / 1589天
等级: 153
石头: 269
呼符: 6
体力: 65.68666666666667 / 143
友情点: 530 / 6572190`
*連続ログイン1日目
※ログインが途切れるか、7日到達すると
1日目から再開されます*
`フレンドポイント X 2000
8月交換券(2023) X 1
`*8周年記念特別回数ログインボーナス*
*開催期間中、1日1回 最大10回 回数ログインボーナスをプレゼント！*
`QP X 3000000
カルデアの夢火 X 1
`_2023-08-07 19:32:28_
--------
