【登录信息】
*62d99e37f10ca3c3a468162e341dc34a*
`登陆天数: 9天 / 369天
等级: 102
石头: 0
呼符: 3
体力: 87473.25333333333 / 126
友情点: 340 / 2668900`
*連続ログイン2日目
※ログインが途切れるか、7日到達すると
1日目から再開されます*
`聖晶石 X 1
8月交換券(2023) X 1
`*8周年記念特別回数ログインボーナス*
*開催期間中、1日1回 最大10回 回数ログインボーナスをプレゼント！*
`QP X 3000000
レアプリズム X 1
`_2023-08-08 19:31:47_
--------
*e08d200d6cae66745a424b7aab92e6b7*
`登陆天数: 9天 / 487天
等级: 1
石头: 704
呼符: 8
体力: 766761.2133333334 / 20
友情点: 0 / 71400`
*連続ログイン2日目
※ログインが途切れるか、7日到達すると
1日目から再開されます*
`聖晶石 X 1
8月交換券(2023) X 1
`_2023-08-08 19:31:55_
--------
*c695a2ada964bb4064c0b3ade64f21e6*
`登陆天数: 9天 / 1314天
等级: 125
石头: 2257
呼符: 146
体力: 69440.99666666667 / 137
友情点: 0 / 502305`
*連続ログイン2日目
※ログインが途切れるか、7日到達すると
1日目から再開されます*
`聖晶石 X 1
8月交換券(2023) X 1
`*8周年記念特別回数ログインボーナス*
*開催期間中、1日1回 最大10回 回数ログインボーナスをプレゼント！*
`QP X 3000000
レアプリズム X 1
`_2023-08-08 19:32:03_
--------
*89b7fa638329cf0a6f11a58783a25de4*
`登陆天数: 9天 / 1590天
等级: 153
石头: 269
呼符: 17
体力: 56.84 / 143
友情点: 385 / 6575000`
*連続ログイン2日目
※ログインが途切れるか、7日到達すると
1日目から再開されます*
`聖晶石 X 1
8月交換券(2023) X 1
`*8周年記念特別回数ログインボーナス*
*開催期間中、1日1回 最大10回 回数ログインボーナスをプレゼント！*
`QP X 3000000
レアプリズム X 1
`_2023-08-08 19:32:11_
--------
