【登录信息】
*62d99e37f10ca3c3a468162e341dc34a*
`登陆天数: 10天 / 370天
等级: 102
石头: 0
呼符: 3
体力: 87994.77666666667 / 126
友情点: 680 / 2669580`
*連続ログイン3日目
※ログインが途切れるか、7日到達すると
1日目から再開されます*
`叡智の業火 X 1
8月交換券(2023) X 1
`*8周年記念特別回数ログインボーナス*
*開催期間中、1日1回 最大10回 回数ログインボーナスをプレゼント！*
`QP X 3000000
伝承結晶 X 1
`_2023-08-10 14:59:23_
--------
*e08d200d6cae66745a424b7aab92e6b7*
`登陆天数: 10天 / 488天
等级: 1
石头: 704
呼符: 8
体力: 767282.7333333333 / 20
友情点: 0 / 71400`
*連続ログイン3日目
※ログインが途切れるか、7日到達すると
1日目から再開されます*
`叡智の業火 X 1
8月交換券(2023) X 1
`_2023-08-10 14:59:31_
--------
*c695a2ada964bb4064c0b3ade64f21e6*
`登陆天数: 10天 / 1315天
等级: 125
石头: 2257
呼符: 146
体力: 69962.51666666666 / 137
友情点: 0 / 502305`
*連続ログイン3日目
※ログインが途切れるか、7日到達すると
1日目から再開されます*
`叡智の業火 X 1
8月交換券(2023) X 1
`*8周年記念特別回数ログインボーナス*
*開催期間中、1日1回 最大10回 回数ログインボーナスをプレゼント！*
`QP X 3000000
伝承結晶 X 1
`_2023-08-10 14:59:38_
--------
*89b7fa638329cf0a6f11a58783a25de4*
`登陆天数: 10天 / 1591天
等级: 153
石头: 269
呼符: 17
体力: 578.36 / 143
友情点: 240 / 6575240`
*連続ログイン3日目
※ログインが途切れるか、7日到達すると
1日目から再開されます*
`叡智の業火 X 1
8月交換券(2023) X 1
`*8周年記念特別回数ログインボーナス*
*開催期間中、1日1回 最大10回 回数ログインボーナスをプレゼント！*
`QP X 3000000
伝承結晶 X 1
`_2023-08-10 14:59:46_
--------
