【登录信息】
*62d99e37f10ca3c3a468162e341dc34a*
`登陆天数: 11天 / 371天
等级: 102
石头: 0
呼符: 3
体力: 88049.26333333334 / 126
友情点: 1785 / 2671375`
*連続ログイン4日目
※ログインが途切れるか、7日到達すると
1日目から再開されます*
`聖晶石 X 1
8月交換券(2023) X 1
`*FGO カルデア放送局 ライト版 ～サバフェス2023～ サバフェス2023開幕直前 初回ログインボーナス*
*開催期間中、初回ログインで「聖晶石×14」をプレゼント！*
`聖晶石 X 14
`_2023-08-10 19:31:49_
--------
*e08d200d6cae66745a424b7aab92e6b7*
`登陆天数: 11天 / 489天
等级: 1
石头: 704
呼符: 8
体力: 767337.2233333334 / 20
友情点: 0 / 71400`
*連続ログイン4日目
※ログインが途切れるか、7日到達すると
1日目から再開されます*
`聖晶石 X 1
8月交換券(2023) X 1
`_2023-08-10 19:31:58_
--------
*c695a2ada964bb4064c0b3ade64f21e6*
`登陆天数: 11天 / 1316天
等级: 125
石头: 2257
呼符: 146
体力: 70017.00666666667 / 137
友情点: 0 / 502305`
*連続ログイン4日目
※ログインが途切れるか、7日到達すると
1日目から再開されます*
`聖晶石 X 1
8月交換券(2023) X 1
`*FGO カルデア放送局 ライト版 ～サバフェス2023～ サバフェス2023開幕直前 初回ログインボーナス*
*開催期間中、初回ログインで「聖晶石×14」をプレゼント！*
`聖晶石 X 14
`_2023-08-10 19:32:06_
--------
*89b7fa638329cf0a6f11a58783a25de4*
`登陆天数: 11天 / 1592天
等级: 153
石头: 269
呼符: 17
体力: 632.85 / 143
友情点: 375 / 6575615`
*連続ログイン4日目
※ログインが途切れるか、7日到達すると
1日目から再開されます*
`聖晶石 X 1
8月交換券(2023) X 1
`*FGO カルデア放送局 ライト版 ～サバフェス2023～ サバフェス2023開幕直前 初回ログインボーナス*
*開催期間中、初回ログインで「聖晶石×14」をプレゼント！*
`聖晶石 X 14
`_2023-08-10 19:32:14_
--------
