【登录信息】
*62d99e37f10ca3c3a468162e341dc34a*
`登陆天数: 13天 / 373天
等级: 102
石头: 0
呼符: 3
体力: 88625.27333333333 / 126
友情点: 935 / 2673585`
*連続ログイン6日目
※ログインが途切れるか、7日到達すると
1日目から再開されます*
`聖晶石 X 2
8月交換券(2023) X 1
`*サーヴァント・サマー・フェスティバル2023！開幕記念 ログインボーナス*
*開催期間中、1日1回 最大21回ログインボーナスをプレゼント！*
`白銀の果実 X 1
`_2023-08-12 19:31:52_
--------
*e08d200d6cae66745a424b7aab92e6b7*
`登陆天数: 13天 / 491天
等级: 1
石头: 704
呼符: 8
体力: 767913.23 / 20
友情点: 0 / 71400`
*連続ログイン6日目
※ログインが途切れるか、7日到達すると
1日目から再開されます*
`聖晶石 X 2
8月交換券(2023) X 1
`_2023-08-12 19:32:00_
--------
*c695a2ada964bb4064c0b3ade64f21e6*
`登陆天数: 13天 / 1318天
等级: 125
石头: 2257
呼符: 146
体力: 70593.01333333334 / 137
友情点: 0 / 502305`
*連続ログイン6日目
※ログインが途切れるか、7日到達すると
1日目から再開されます*
`聖晶石 X 2
8月交換券(2023) X 1
`*サーヴァント・サマー・フェスティバル2023！開幕記念 ログインボーナス*
*開催期間中、1日1回 最大21回ログインボーナスをプレゼント！*
`白銀の果実 X 1
`_2023-08-12 19:32:07_
--------
*89b7fa638329cf0a6f11a58783a25de4*
`登陆天数: 13天 / 1594天
等级: 153
石头: 1
呼符: 0
体力: 161.46333333333334 / 143
友情点: 40 / 6398405`
*連続ログイン6日目
※ログインが途切れるか、7日到達すると
1日目から再開されます*
`聖晶石 X 2
8月交換券(2023) X 1
`*サーヴァント・サマー・フェスティバル2023！開幕記念 ログインボーナス*
*開催期間中、1日1回 最大21回ログインボーナスをプレゼント！*
`白銀の果実 X 1
`_2023-08-12 19:32:15_
--------
