【登录信息】
*62d99e37f10ca3c3a468162e341dc34a*
`登陆天数: 14天 / 374天
等级: 102
石头: 0
呼符: 3
体力: 88913.29 / 126
友情点: 935 / 2674520`
*連続ログイン7日間到達おめでとうございます！
明日は1日目からリスタートされます。*
`獣の足跡 X 1
呼符 X 1
8月交換券(2023) X 1
`*サーヴァント・サマー・フェスティバル2023！開幕記念 ログインボーナス*
*開催期間中、1日1回 最大21回ログインボーナスをプレゼント！*
`白銀の果実 X 1
`_2023-08-13 19:31:58_
--------
*e08d200d6cae66745a424b7aab92e6b7*
`登陆天数: 14天 / 492天
等级: 1
石头: 704
呼符: 8
体力: 768201.25 / 20
友情点: 0 / 71400`
*連続ログイン7日間到達おめでとうございます！
明日は1日目からリスタートされます。*
`獣の足跡 X 1
呼符 X 1
8月交換券(2023) X 1
`_2023-08-13 19:32:06_
--------
*c695a2ada964bb4064c0b3ade64f21e6*
`登陆天数: 14天 / 1319天
等级: 125
石头: 2257
呼符: 146
体力: 70881.03333333334 / 137
友情点: 0 / 502305`
*連続ログイン7日間到達おめでとうございます！
明日は1日目からリスタートされます。*
`獣の足跡 X 1
呼符 X 1
8月交換券(2023) X 1
`*サーヴァント・サマー・フェスティバル2023！開幕記念 ログインボーナス*
*開催期間中、1日1回 最大21回ログインボーナスをプレゼント！*
`白銀の果実 X 1
`_2023-08-13 19:32:14_
--------
*89b7fa638329cf0a6f11a58783a25de4*
`登陆天数: 14天 / 1595天
等级: 153
石头: 1
呼符: 0
体力: 449.48333333333335 / 143
友情点: 260 / 6399665`
*連続ログイン7日間到達おめでとうございます！
明日は1日目からリスタートされます。*
`獣の足跡 X 1
呼符 X 1
8月交換券(2023) X 1
`*サーヴァント・サマー・フェスティバル2023！開幕記念 ログインボーナス*
*開催期間中、1日1回 最大21回ログインボーナスをプレゼント！*
`白銀の果実 X 1
`_2023-08-13 19:32:22_
--------
