【登录信息】
*62d99e37f10ca3c3a468162e341dc34a*
`登陆天数: 19天 / 379天
等级: 102
石头: 0
呼符: 3
体力: 90353.29 / 126
友情点: 4165 / 2685560`
*連続ログイン5日目
※ログインが途切れるか、7日到達すると
1日目から再開されます*
`叡智の業火 X 2
8月交換券(2023) X 1
`*サーヴァント・サマー・フェスティバル2023！開幕記念 ログインボーナス*
*開催期間中、1日1回 最大21回ログインボーナスをプレゼント！*
`黄金の果実 X 1
`_2023-08-18 19:31:58_
--------
*e08d200d6cae66745a424b7aab92e6b7*
`登陆天数: 19天 / 497天
等级: 1
石头: 704
呼符: 8
体力: 769641.25 / 20
友情点: 0 / 71400`
*連続ログイン5日目
※ログインが途切れるか、7日到達すると
1日目から再開されます*
`叡智の業火 X 2
8月交換券(2023) X 1
`_2023-08-18 19:32:06_
--------
*c695a2ada964bb4064c0b3ade64f21e6*
`登陆天数: 19天 / 1324天
等级: 125
石头: 2257
呼符: 146
体力: 72321.03333333334 / 137
友情点: 0 / 502305`
*連続ログイン5日目
※ログインが途切れるか、7日到達すると
1日目から再開されます*
`叡智の業火 X 2
8月交換券(2023) X 1
`*サーヴァント・サマー・フェスティバル2023！開幕記念 ログインボーナス*
*開催期間中、1日1回 最大21回ログインボーナスをプレゼント！*
`黄金の果実 X 1
`_2023-08-18 19:32:13_
--------
*89b7fa638329cf0a6f11a58783a25de4*
`登陆天数: 19天 / 1600天
等级: 153
石头: 1
呼符: 0
体力: 1889.4833333333333 / 143
友情点: 635 / 6401820`
*連続ログイン5日目
※ログインが途切れるか、7日到達すると
1日目から再開されます*
`叡智の業火 X 2
8月交換券(2023) X 1
`*サーヴァント・サマー・フェスティバル2023！開幕記念 ログインボーナス*
*開催期間中、1日1回 最大21回ログインボーナスをプレゼント！*
`黄金の果実 X 1
`_2023-08-18 19:32:21_
--------
