【登录信息】
*62d99e37f10ca3c3a468162e341dc34a*
`登陆天数: 24天 / 384天
等级: 102
石头: 0
呼符: 3
体力: 91793.31 / 126
友情点: 2210 / 2699480`
*連続ログイン3日目
※ログインが途切れるか、7日到達すると
1日目から再開されます*
`叡智の業火 X 1
8月交換券(2023) X 1
`*サーヴァント・サマー・フェスティバル2023！開幕記念 ログインボーナス*
*開催期間中、1日1回 最大21回ログインボーナスをプレゼント！*
`白銀の果実 X 1
`_2023-08-23 19:32:03_
--------
*e08d200d6cae66745a424b7aab92e6b7*
`登陆天数: 24天 / 502天
等级: 1
石头: 704
呼符: 8
体力: 771081.27 / 20
友情点: 0 / 71400`
*連続ログイン3日目
※ログインが途切れるか、7日到達すると
1日目から再開されます*
`叡智の業火 X 1
8月交換券(2023) X 1
`_2023-08-23 19:32:12_
--------
*c695a2ada964bb4064c0b3ade64f21e6*
`登陆天数: 24天 / 1329天
等级: 125
石头: 2257
呼符: 146
体力: 73761.05333333333 / 137
友情点: 0 / 502305`
*連続ログイン3日目
※ログインが途切れるか、7日到達すると
1日目から再開されます*
`叡智の業火 X 1
8月交換券(2023) X 1
`*サーヴァント・サマー・フェスティバル2023！開幕記念 ログインボーナス*
*開催期間中、1日1回 最大21回ログインボーナスをプレゼント！*
`白銀の果実 X 1
`_2023-08-23 19:32:19_
--------
*89b7fa638329cf0a6f11a58783a25de4*
`登陆天数: 24天 / 1605天
等级: 153
石头: 1
呼符: 0
体力: 3329.5066666666667 / 143
友情点: 520 / 6404440`
*連続ログイン3日目
※ログインが途切れるか、7日到達すると
1日目から再開されます*
`叡智の業火 X 1
8月交換券(2023) X 1
`*サーヴァント・サマー・フェスティバル2023！開幕記念 ログインボーナス*
*開催期間中、1日1回 最大21回ログインボーナスをプレゼント！*
`白銀の果実 X 1
`_2023-08-23 19:32:28_
--------
