【登录信息】
*62d99e37f10ca3c3a468162e341dc34a*
`登陆天数: 26天 / 386天
等级: 102
石头: 0
呼符: 3
体力: 92369.27666666667 / 126
友情点: 2550 / 2705940`
*連続ログイン5日目
※ログインが途切れるか、7日到達すると
1日目から再開されます*
`叡智の業火 X 2
8月交換券(2023) X 1
`*サーヴァント・サマー・フェスティバル2023！開幕記念 ログインボーナス*
*開催期間中、1日1回 最大21回ログインボーナスをプレゼント！*
`黄金の果実 X 1
`_2023-08-25 19:31:53_
--------
*e08d200d6cae66745a424b7aab92e6b7*
`登陆天数: 26天 / 504天
等级: 1
石头: 704
呼符: 8
体力: 771657.2366666667 / 20
友情点: 0 / 71400`
*連続ログイン5日目
※ログインが途切れるか、7日到達すると
1日目から再開されます*
`叡智の業火 X 2
8月交換券(2023) X 1
`_2023-08-25 19:32:01_
--------
*c695a2ada964bb4064c0b3ade64f21e6*
`登陆天数: 26天 / 1331天
等级: 125
石头: 2257
呼符: 146
体力: 74337.02 / 137
友情点: 0 / 502305`
*連続ログイン5日目
※ログインが途切れるか、7日到達すると
1日目から再開されます*
`叡智の業火 X 2
8月交換券(2023) X 1
`*サーヴァント・サマー・フェスティバル2023！開幕記念 ログインボーナス*
*開催期間中、1日1回 最大21回ログインボーナスをプレゼント！*
`黄金の果実 X 1
`_2023-08-25 19:32:09_
--------
*89b7fa638329cf0a6f11a58783a25de4*
`登陆天数: 26天 / 1607天
等级: 153
石头: 1
呼符: 0
体力: 3905.4733333333334 / 143
友情点: 590 / 6406170`
*連続ログイン5日目
※ログインが途切れるか、7日到達すると
1日目から再開されます*
`叡智の業火 X 2
8月交換券(2023) X 1
`*サーヴァント・サマー・フェスティバル2023！開幕記念 ログインボーナス*
*開催期間中、1日1回 最大21回ログインボーナスをプレゼント！*
`黄金の果実 X 1
`_2023-08-25 19:32:18_
--------
