【登录信息】
*62d99e37f10ca3c3a468162e341dc34a*
`登陆天数: 28天 / 388天
等级: 102
石头: 0
呼符: 3
体力: 92945.28 / 126
友情点: 1785 / 2710305`
*連続ログイン7日間到達おめでとうございます！
明日は1日目からリスタートされます。*
`獣の足跡 X 1
呼符 X 1
8月交換券(2023) X 1
`*サーヴァント・サマー・フェスティバル2023！開幕記念 ログインボーナス*
*開催期間中、1日1回 最大21回ログインボーナスをプレゼント！*
`白銀の果実 X 1
`_2023-08-27 19:31:54_
--------
*e08d200d6cae66745a424b7aab92e6b7*
`登陆天数: 28天 / 506天
等级: 1
石头: 704
呼符: 8
体力: 772233.2366666667 / 20
友情点: 0 / 71400`
*連続ログイン7日間到達おめでとうございます！
明日は1日目からリスタートされます。*
`獣の足跡 X 1
呼符 X 1
8月交換券(2023) X 1
`_2023-08-27 19:32:02_
--------
*c695a2ada964bb4064c0b3ade64f21e6*
`登陆天数: 28天 / 1333天
等级: 125
石头: 2257
呼符: 146
体力: 74913.02 / 137
友情点: 0 / 502305`
*連続ログイン7日間到達おめでとうございます！
明日は1日目からリスタートされます。*
`獣の足跡 X 1
呼符 X 1
8月交換券(2023) X 1
`*サーヴァント・サマー・フェスティバル2023！開幕記念 ログインボーナス*
*開催期間中、1日1回 最大21回ログインボーナスをプレゼント！*
`白銀の果実 X 1
`_2023-08-27 19:32:10_
--------
*89b7fa638329cf0a6f11a58783a25de4*
`登陆天数: 28天 / 1609天
等级: 153
石头: 1
呼符: 0
体力: 4481.473333333333 / 143
友情点: 360 / 6406995`
*連続ログイン7日間到達おめでとうございます！
明日は1日目からリスタートされます。*
`獣の足跡 X 1
呼符 X 1
8月交換券(2023) X 1
`*サーヴァント・サマー・フェスティバル2023！開幕記念 ログインボーナス*
*開催期間中、1日1回 最大21回ログインボーナスをプレゼント！*
`白銀の果実 X 1
`_2023-08-27 19:32:17_
--------
