【登录信息】
*62d99e37f10ca3c3a468162e341dc34a*
`登陆天数: 29天 / 389天
等级: 102
石头: 0
呼符: 3
体力: 93233.31 / 126
友情点: 4165 / 2714470`
*連続ログイン1日目
※ログインが途切れるか、7日到達すると
1日目から再開されます*
`フレンドポイント X 2000
8月交換券(2023) X 1
`*サーヴァント・サマー・フェスティバル2023！開幕記念 ログインボーナス*
*開催期間中、1日1回 最大21回ログインボーナスをプレゼント！*
`白銀の果実 X 1
`_2023-08-28 19:32:03_
--------
*e08d200d6cae66745a424b7aab92e6b7*
`登陆天数: 29天 / 507天
等级: 1
石头: 704
呼符: 8
体力: 772521.27 / 20
友情点: 0 / 71400`
*連続ログイン1日目
※ログインが途切れるか、7日到達すると
1日目から再開されます*
`フレンドポイント X 2000
8月交換券(2023) X 1
`_2023-08-28 19:32:11_
--------
*c695a2ada964bb4064c0b3ade64f21e6*
`登陆天数: 29天 / 1334天
等级: 125
石头: 2257
呼符: 146
体力: 75201.05333333333 / 137
友情点: 0 / 502305`
*連続ログイン1日目
※ログインが途切れるか、7日到達すると
1日目から再開されます*
`フレンドポイント X 2000
8月交換券(2023) X 1
`*サーヴァント・サマー・フェスティバル2023！開幕記念 ログインボーナス*
*開催期間中、1日1回 最大21回ログインボーナスをプレゼント！*
`白銀の果実 X 1
`_2023-08-28 19:32:20_
--------
*89b7fa638329cf0a6f11a58783a25de4*
`登陆天数: 29天 / 1610天
等级: 153
石头: 1
呼符: 0
体力: 4769.506666666667 / 143
友情点: 795 / 6407990`
*連続ログイン1日目
※ログインが途切れるか、7日到達すると
1日目から再開されます*
`フレンドポイント X 2000
8月交換券(2023) X 1
`*サーヴァント・サマー・フェスティバル2023！開幕記念 ログインボーナス*
*開催期間中、1日1回 最大21回ログインボーナスをプレゼント！*
`白銀の果実 X 1
`_2023-08-28 19:32:28_
--------
