【登录信息】
*62d99e37f10ca3c3a468162e341dc34a*
`登陆天数: 31天 / 391天
等级: 102
石头: 0
呼符: 3
体力: 93809.35666666667 / 126
友情点: 11475 / 2729940`
*連続ログイン3日目
※ログインが途切れるか、7日到達すると
1日目から再開されます*
`叡智の業火 X 1
8月交換券(2023) X 1
`*サーヴァント・サマー・フェスティバル2023！開幕記念 ログインボーナス*
*開催期間中、1日1回 最大21回ログインボーナスをプレゼント！*
`白銀の果実 X 1
`_2023-08-30 19:32:17_
--------
*e08d200d6cae66745a424b7aab92e6b7*
`登陆天数: 31天 / 509天
等级: 1
石头: 704
呼符: 8
体力: 773097.3166666667 / 20
友情点: 0 / 71400`
*連続ログイン3日目
※ログインが途切れるか、7日到達すると
1日目から再開されます*
`叡智の業火 X 1
8月交換券(2023) X 1
`_2023-08-30 19:32:25_
--------
*c695a2ada964bb4064c0b3ade64f21e6*
`登陆天数: 31天 / 1336天
等级: 125
石头: 2257
呼符: 146
体力: 75777.1 / 137
友情点: 0 / 502305`
*連続ログイン3日目
※ログインが途切れるか、7日到達すると
1日目から再開されます*
`叡智の業火 X 1
8月交換券(2023) X 1
`*サーヴァント・サマー・フェスティバル2023！開幕記念 ログインボーナス*
*開催期間中、1日1回 最大21回ログインボーナスをプレゼント！*
`白銀の果実 X 1
`_2023-08-30 19:32:33_
--------
*89b7fa638329cf0a6f11a58783a25de4*
`登陆天数: 31天 / 1612天
等级: 153
石头: 1
呼符: 0
体力: 5345.55 / 143
友情点: 1900 / 6410550`
*連続ログイン3日目
※ログインが途切れるか、7日到達すると
1日目から再開されます*
`叡智の業火 X 1
8月交換券(2023) X 1
`*サーヴァント・サマー・フェスティバル2023！開幕記念 ログインボーナス*
*開催期間中、1日1回 最大21回ログインボーナスをプレゼント！*
`白銀の果実 X 1
`_2023-08-30 19:32:41_
--------
