【登录信息】
*62d99e37f10ca3c3a468162e341dc34a*
`登陆天数: 45天 / 466天
等级: 102
石头: 0
呼符: 3
体力: 129233.95 / 126
友情点: 1870 / 2941135`
*連続ログイン3日目
※ログインが途切れるか、7日到達すると
1日目から再開されます*
`叡智の業火 X 1
1月交換券(2024) X 1
`*2024年お正月キャンペーン　三が日限定ログインボーナス*
*開催期間中、三が日限定のログインボーナスをプレゼント！*
`叡智の業火 X 30
QP X 10000000
`_2023-12-31 19:35:15_
--------
*e08d200d6cae66745a424b7aab92e6b7*
`登陆天数: 45天 / 584天
等级: 1
石头: 704
呼符: 8
体力: 808521.9066666666 / 20
友情点: 0 / 71400`
*連続ログイン3日目
※ログインが途切れるか、7日到達すると
1日目から再開されます*
`叡智の業火 X 1
1月交換券(2024) X 1
`*2024年お正月キャンペーン　三が日限定ログインボーナス*
*開催期間中、三が日限定のログインボーナスをプレゼント！*
`叡智の業火 X 30
QP X 10000000
`_2023-12-31 19:35:23_
--------
*c695a2ada964bb4064c0b3ade64f21e6*
`登陆天数: 45天 / 1411天
等级: 125
石头: 2257
呼符: 146
体力: 111201.69 / 137
友情点: 0 / 502305`
*連続ログイン3日目
※ログインが途切れるか、7日到達すると
1日目から再開されます*
`叡智の業火 X 1
1月交換券(2024) X 1
`*2024年お正月キャンペーン　三が日限定ログインボーナス*
*開催期間中、三が日限定のログインボーナスをプレゼント！*
`叡智の業火 X 30
QP X 10000000
`_2023-12-31 19:35:30_
--------
*89b7fa638329cf0a6f11a58783a25de4*
`登陆天数: 45天 / 1687天
等级: 153
石头: 1
呼符: 0
体力: 40770.14 / 143
友情点: 200 / 6446610`
*連続ログイン3日目
※ログインが途切れるか、7日到達すると
1日目から再開されます*
`叡智の業火 X 1
1月交換券(2024) X 1
`*2024年お正月キャンペーン　三が日限定ログインボーナス*
*開催期間中、三が日限定のログインボーナスをプレゼント！*
`叡智の業火 X 30
QP X 10000000
`_2023-12-31 19:35:38_
--------
