【登录信息】
*62d99e37f10ca3c3a468162e341dc34a*
`登陆天数: 46天 / 467天
等级: 102
石头: 0
呼符: 3
体力: 129521.92666666667 / 126
友情点: 1020 / 2942155`
*連続ログイン4日目
※ログインが途切れるか、7日到達すると
1日目から再開されます*
`聖晶石 X 1
1月交換券(2024) X 1
`*2024年お正月キャンペーン　三が日限定ログインボーナス*
*開催期間中、三が日限定のログインボーナスをプレゼント！*
`伝承結晶 X 1
`_2024-01-01 19:35:08_
--------
*e08d200d6cae66745a424b7aab92e6b7*
`登陆天数: 46天 / 585天
等级: 1
石头: 704
呼符: 8
体力: 808809.8833333333 / 20
友情点: 0 / 71400`
*連続ログイン4日目
※ログインが途切れるか、7日到達すると
1日目から再開されます*
`聖晶石 X 1
1月交換券(2024) X 1
`*2024年お正月キャンペーン　三が日限定ログインボーナス*
*開催期間中、三が日限定のログインボーナスをプレゼント！*
`伝承結晶 X 1
`_2024-01-01 19:35:16_
--------
*c695a2ada964bb4064c0b3ade64f21e6*
`登陆天数: 46天 / 1412天
等级: 125
石头: 2257
呼符: 146
体力: 111489.66666666667 / 137
友情点: 0 / 502305`
*連続ログイン4日目
※ログインが途切れるか、7日到達すると
1日目から再開されます*
`聖晶石 X 1
1月交換券(2024) X 1
`*2024年お正月キャンペーン　三が日限定ログインボーナス*
*開催期間中、三が日限定のログインボーナスをプレゼント！*
`伝承結晶 X 1
`_2024-01-01 19:35:23_
--------
*89b7fa638329cf0a6f11a58783a25de4*
`登陆天数: 46天 / 1688天
等级: 153
石头: 305
呼符: 25
体力: 132.25333333333333 / 143
友情点: 240 / 6485170`
*連続ログイン4日目
※ログインが途切れるか、7日到達すると
1日目から再開されます*
`聖晶石 X 1
1月交換券(2024) X 1
`*2024年お正月キャンペーン　三が日限定ログインボーナス*
*開催期間中、三が日限定のログインボーナスをプレゼント！*
`伝承結晶 X 1
`_2024-01-01 19:35:31_
--------
