【登录信息】
*62d99e37f10ca3c3a468162e341dc34a*
`登陆天数: 47天 / 468天
等级: 102
石头: 0
呼符: 3
体力: 129809.93 / 126
友情点: 2125 / 2944280`
*連続ログイン5日目
※ログインが途切れるか、7日到達すると
1日目から再開されます*
`叡智の業火 X 2
1月交換券(2024) X 1
`*2024年お正月キャンペーン　三が日限定ログインボーナス*
*開催期間中、三が日限定のログインボーナスをプレゼント！*
`聖杯 X 1
`_2024-01-02 19:35:10_
--------
*e08d200d6cae66745a424b7aab92e6b7*
`登陆天数: 47天 / 586天
等级: 1
石头: 704
呼符: 8
体力: 809097.89 / 20
友情点: 0 / 71400`
*連続ログイン5日目
※ログインが途切れるか、7日到達すると
1日目から再開されます*
`叡智の業火 X 2
1月交換券(2024) X 1
`*2024年お正月キャンペーン　三が日限定ログインボーナス*
*開催期間中、三が日限定のログインボーナスをプレゼント！*
`聖杯 X 1
`_2024-01-02 19:35:17_
--------
*c695a2ada964bb4064c0b3ade64f21e6*
`登陆天数: 47天 / 1413天
等级: 125
石头: 2257
呼符: 146
体力: 111777.67 / 137
友情点: 0 / 502305`
*連続ログイン5日目
※ログインが途切れるか、7日到達すると
1日目から再開されます*
`叡智の業火 X 2
1月交換券(2024) X 1
`*2024年お正月キャンペーン　三が日限定ログインボーナス*
*開催期間中、三が日限定のログインボーナスをプレゼント！*
`聖杯 X 1
`_2024-01-02 19:35:25_
--------
*89b7fa638329cf0a6f11a58783a25de4*
`登陆天数: 47天 / 1689天
等级: 153
石头: 306
呼符: 25
体力: 420.25666666666666 / 143
友情点: 120 / 6486250`
*連続ログイン5日目
※ログインが途切れるか、7日到達すると
1日目から再開されます*
`叡智の業火 X 2
1月交換券(2024) X 1
`*2024年お正月キャンペーン　三が日限定ログインボーナス*
*開催期間中、三が日限定のログインボーナスをプレゼント！*
`聖杯 X 1
`_2024-01-02 19:35:33_
--------
