【登录信息】
*62d99e37f10ca3c3a468162e341dc34a*
`登陆天数: 48天 / 469天
等级: 102
石头: 0
呼符: 3
体力: 130097.93333333333 / 126
友情点: 595 / 2944875`
*連続ログイン6日目
※ログインが途切れるか、7日到達すると
1日目から再開されます*
`聖晶石 X 2
1月交換券(2024) X 1
`*2024年お正月キャンペーン 10万リポスト達成プレゼント*
*開催期間中、初回ログインでお正月限定概念礼装&2024万QPをプレゼント！*
`ドラゴン・ダンス X 1
QP X 20240000
`_2024-01-03 19:35:10_
--------
*e08d200d6cae66745a424b7aab92e6b7*
`登陆天数: 48天 / 587天
等级: 1
石头: 704
呼符: 8
体力: 809385.8933333333 / 20
友情点: 0 / 71400`
*連続ログイン6日目
※ログインが途切れるか、7日到達すると
1日目から再開されます*
`聖晶石 X 2
1月交換券(2024) X 1
`*2024年お正月キャンペーン 10万リポスト達成プレゼント*
*開催期間中、初回ログインでお正月限定概念礼装&2024万QPをプレゼント！*
`ドラゴン・ダンス X 1
QP X 20240000
`_2024-01-03 19:35:18_
--------
*c695a2ada964bb4064c0b3ade64f21e6*
`登陆天数: 48天 / 1414天
等级: 125
石头: 2257
呼符: 146
体力: 112065.67666666667 / 137
友情点: 0 / 502305`
*連続ログイン6日目
※ログインが途切れるか、7日到達すると
1日目から再開されます*
`聖晶石 X 2
1月交換券(2024) X 1
`*2024年お正月キャンペーン 10万リポスト達成プレゼント*
*開催期間中、初回ログインでお正月限定概念礼装&2024万QPをプレゼント！*
`ドラゴン・ダンス X 1
QP X 20240000
`_2024-01-03 19:35:26_
--------
*89b7fa638329cf0a6f11a58783a25de4*
`登陆天数: 48天 / 1690天
等级: 153
石头: 306
呼符: 25
体力: 708.2633333333333 / 143
友情点: 70 / 6486320`
*連続ログイン6日目
※ログインが途切れるか、7日到達すると
1日目から再開されます*
`聖晶石 X 2
1月交換券(2024) X 1
`*2024年お正月キャンペーン 10万リポスト達成プレゼント*
*開催期間中、初回ログインでお正月限定概念礼装&2024万QPをプレゼント！*
`ドラゴン・ダンス X 1
QP X 20240000
`_2024-01-03 19:35:34_
--------
