【登录信息】
*62d99e37f10ca3c3a468162e341dc34a*
`登陆天数: 49天 / 470天
等级: 102
石头: 0
呼符: 3
体力: 130385.99666666667 / 126
友情点: 1275 / 2946150`
*連続ログイン7日間到達おめでとうございます！
明日は1日目からリスタートされます。*
`獣の足跡 X 1
呼符 X 1
1月交換券(2024) X 1
`_2024-01-04 19:35:29_
--------
*e08d200d6cae66745a424b7aab92e6b7*
`登陆天数: 49天 / 588天
等级: 1
石头: 704
呼符: 8
体力: 809673.9533333334 / 20
友情点: 0 / 71400`
*連続ログイン7日間到達おめでとうございます！
明日は1日目からリスタートされます。*
`獣の足跡 X 1
呼符 X 1
1月交換券(2024) X 1
`_2024-01-04 19:35:37_
--------
*c695a2ada964bb4064c0b3ade64f21e6*
`登陆天数: 49天 / 1415天
等级: 125
石头: 2257
呼符: 146
体力: 112353.74 / 137
友情点: 0 / 502305`
*連続ログイン7日間到達おめでとうございます！
明日は1日目からリスタートされます。*
`獣の足跡 X 1
呼符 X 1
1月交換券(2024) X 1
`_2024-01-04 19:35:45_
--------
*89b7fa638329cf0a6f11a58783a25de4*
`登陆天数: 49天 / 1691天
等级: 153
石头: 306
呼符: 25
体力: 996.3266666666667 / 143
友情点: 100 / 6486420`
*連続ログイン7日間到達おめでとうございます！
明日は1日目からリスタートされます。*
`獣の足跡 X 1
呼符 X 1
1月交換券(2024) X 1
`_2024-01-04 19:35:53_
--------
