【登录信息】
*62d99e37f10ca3c3a468162e341dc34a*
`登陆天数: 51天 / 472天
等级: 102
石头: 0
呼符: 3
体力: 130961.86666666667 / 126
友情点: 1360 / 2947935`
*連続ログイン2日目
※ログインが途切れるか、7日到達すると
1日目から再開されます*
`聖晶石 X 1
1月交換券(2024) X 1
`_2024-01-06 19:34:51_
--------
*e08d200d6cae66745a424b7aab92e6b7*
`登陆天数: 51天 / 590天
等级: 1
石头: 704
呼符: 8
体力: 810249.8266666667 / 20
友情点: 0 / 71400`
*連続ログイン2日目
※ログインが途切れるか、7日到達すると
1日目から再開されます*
`聖晶石 X 1
1月交換券(2024) X 1
`_2024-01-06 19:34:58_
--------
*c695a2ada964bb4064c0b3ade64f21e6*
`登陆天数: 51天 / 1417天
等级: 125
石头: 2257
呼符: 146
体力: 112929.60666666667 / 137
友情点: 0 / 502305`
*連続ログイン2日目
※ログインが途切れるか、7日到達すると
1日目から再開されます*
`聖晶石 X 1
1月交換券(2024) X 1
`_2024-01-06 19:35:06_
--------
*89b7fa638329cf0a6f11a58783a25de4*
`登陆天数: 51天 / 1693天
等级: 153
石头: 248
呼符: 25
体力: 1572.1933333333334 / 143
友情点: 200 / 6486820`
*連続ログイン2日目
※ログインが途切れるか、7日到達すると
1日目から再開されます*
`聖晶石 X 1
1月交換券(2024) X 1
`_2024-01-06 19:35:14_
--------
