【登录信息】
*62d99e37f10ca3c3a468162e341dc34a*
`登陆天数: 52天 / 473天
等级: 102
石头: 0
呼符: 3
体力: 131249.87333333332 / 126
友情点: 1785 / 2949750`
*連続ログイン3日目
※ログインが途切れるか、7日到達すると
1日目から再開されます*
`叡智の業火 X 1
1月交換券(2024) X 1
`_2024-01-07 19:34:53_
--------
*e08d200d6cae66745a424b7aab92e6b7*
`登陆天数: 52天 / 591天
等级: 1
石头: 704
呼符: 8
体力: 810537.8333333334 / 20
友情点: 0 / 71400`
*連続ログイン3日目
※ログインが途切れるか、7日到達すると
1日目から再開されます*
`叡智の業火 X 1
1月交換券(2024) X 1
`_2024-01-07 19:35:01_
--------
*c695a2ada964bb4064c0b3ade64f21e6*
`登陆天数: 52天 / 1418天
等级: 125
石头: 2257
呼符: 146
体力: 113217.61666666667 / 137
友情点: 0 / 502305`
*連続ログイン3日目
※ログインが途切れるか、7日到達すると
1日目から再開されます*
`叡智の業火 X 1
1月交換券(2024) X 1
`_2024-01-07 19:35:08_
--------
*89b7fa638329cf0a6f11a58783a25de4*
`登陆天数: 52天 / 1694天
等级: 153
石头: 248
呼符: 25
体力: 1860.2033333333334 / 143
友情点: 185 / 6487285`
*連続ログイン3日目
※ログインが途切れるか、7日到達すると
1日目から再開されます*
`叡智の業火 X 1
1月交換券(2024) X 1
`_2024-01-07 19:35:17_
--------
