【登录信息】
*62d99e37f10ca3c3a468162e341dc34a*
`登陆天数: 1天 / 474天
等级: 102
石头: 0
呼符: 3
体力: 131825.87333333332 / 126
友情点: 1105 / 2950855`
*連続ログイン1日目
※ログインが途切れるか、7日到達すると
1日目から再開されます*
`フレンドポイント X 2000
1月交換券(2024) X 1
`_2024-01-09 19:34:52_
--------
*e08d200d6cae66745a424b7aab92e6b7*
`登陆天数: 1天 / 592天
等级: 1
石头: 704
呼符: 8
体力: 811113.83 / 20
友情点: 0 / 71400`
*連続ログイン1日目
※ログインが途切れるか、7日到達すると
1日目から再開されます*
`フレンドポイント X 2000
1月交換券(2024) X 1
`_2024-01-09 19:35:00_
--------
*c695a2ada964bb4064c0b3ade64f21e6*
`登陆天数: 1天 / 1419天
等级: 125
石头: 2257
呼符: 146
体力: 113793.61333333333 / 137
友情点: 0 / 502305`
*連続ログイン1日目
※ログインが途切れるか、7日到達すると
1日目から再開されます*
`フレンドポイント X 2000
1月交換券(2024) X 1
`_2024-01-09 19:35:07_
--------
*89b7fa638329cf0a6f11a58783a25de4*
`登陆天数: 1天 / 1695天
等级: 153
石头: 248
呼符: 25
体力: 2436.2 / 143
友情点: 85 / 6487530`
*連続ログイン1日目
※ログインが途切れるか、7日到達すると
1日目から再開されます*
`フレンドポイント X 2000
1月交換券(2024) X 1
`_2024-01-09 19:35:15_
--------
