【登录信息】
*62d99e37f10ca3c3a468162e341dc34a*
`登陆天数: 3天 / 476天
等级: 102
石头: 0
呼符: 3
体力: 132401.90666666668 / 126
友情点: 1445 / 2952555`
*連続ログイン3日目
※ログインが途切れるか、7日到達すると
1日目から再開されます*
`叡智の業火 X 1
1月交換券(2024) X 1
`*「FGO カルデア・サテライトステーション 2023-2024」宮崎会場開催直前 ログインボーナス*
*開催期間中、1日1回 最大3回 ログインボーナスをプレゼント！*
`黄金の果実 X 1
`_2024-01-11 19:35:03_
--------
*e08d200d6cae66745a424b7aab92e6b7*
`登陆天数: 3天 / 594天
等级: 1
石头: 704
呼符: 8
体力: 811689.8666666667 / 20
友情点: 0 / 71400`
*連続ログイン3日目
※ログインが途切れるか、7日到達すると
1日目から再開されます*
`叡智の業火 X 1
1月交換券(2024) X 1
`_2024-01-11 19:35:11_
--------
*c695a2ada964bb4064c0b3ade64f21e6*
`登陆天数: 3天 / 1421天
等级: 125
石头: 2257
呼符: 146
体力: 114369.65 / 137
友情点: 0 / 502305`
*連続ログイン3日目
※ログインが途切れるか、7日到達すると
1日目から再開されます*
`叡智の業火 X 1
1月交換券(2024) X 1
`*「FGO カルデア・サテライトステーション 2023-2024」宮崎会場開催直前 ログインボーナス*
*開催期間中、1日1回 最大3回 ログインボーナスをプレゼント！*
`黄金の果実 X 1
`_2024-01-11 19:35:18_
--------
*89b7fa638329cf0a6f11a58783a25de4*
`登陆天数: 3天 / 1697天
等级: 153
石头: 248
呼符: 25
体力: 3012.2366666666667 / 143
友情点: 115 / 6487725`
*連続ログイン3日目
※ログインが途切れるか、7日到達すると
1日目から再開されます*
`叡智の業火 X 1
1月交換券(2024) X 1
`*「FGO カルデア・サテライトステーション 2023-2024」宮崎会場開催直前 ログインボーナス*
*開催期間中、1日1回 最大3回 ログインボーナスをプレゼント！*
`黄金の果実 X 1
`_2024-01-11 19:35:26_
--------
