【登录信息】
*62d99e37f10ca3c3a468162e341dc34a*
`登陆天数: 5天 / 478天
等级: 102
石头: 0
呼符: 3
体力: 132977.93 / 126
友情点: 1105 / 2954000`
*連続ログイン5日目
※ログインが途切れるか、7日到達すると
1日目から再開されます*
`叡智の業火 X 2
1月交換券(2024) X 1
`*「FGO カルデア・サテライトステーション 2023-2024」宮崎会場開催記念 3万リポスト達成プレゼント*
*開催期間中、初回ログインで「聖晶石×6」をプレゼント！*
`聖晶石 X 6
`_2024-01-13 19:35:09_
--------
*e08d200d6cae66745a424b7aab92e6b7*
`登陆天数: 5天 / 596天
等级: 1
石头: 704
呼符: 8
体力: 812265.89 / 20
友情点: 0 / 71400`
*連続ログイン5日目
※ログインが途切れるか、7日到達すると
1日目から再開されます*
`叡智の業火 X 2
1月交換券(2024) X 1
`_2024-01-13 19:35:17_
--------
*c695a2ada964bb4064c0b3ade64f21e6*
`登陆天数: 5天 / 1423天
等级: 125
石头: 2257
呼符: 146
体力: 114945.67333333334 / 137
友情点: 0 / 502305`
*連続ログイン5日目
※ログインが途切れるか、7日到達すると
1日目から再開されます*
`叡智の業火 X 2
1月交換券(2024) X 1
`*「FGO カルデア・サテライトステーション 2023-2024」宮崎会場開催記念 3万リポスト達成プレゼント*
*開催期間中、初回ログインで「聖晶石×6」をプレゼント！*
`聖晶石 X 6
`_2024-01-13 19:35:25_
--------
*89b7fa638329cf0a6f11a58783a25de4*
`登陆天数: 5天 / 1699天
等级: 153
石头: 248
呼符: 25
体力: 512.4666666666667 / 143
友情点: 40 / 6488005`
*連続ログイン5日目
※ログインが途切れるか、7日到達すると
1日目から再開されます*
`叡智の業火 X 2
1月交換券(2024) X 1
`*「FGO カルデア・サテライトステーション 2023-2024」宮崎会場開催記念 3万リポスト達成プレゼント*
*開催期間中、初回ログインで「聖晶石×6」をプレゼント！*
`聖晶石 X 6
`_2024-01-13 19:35:33_
--------
