【登录信息】
*62d99e37f10ca3c3a468162e341dc34a*
`登陆天数: 7天 / 480天
等级: 102
石头: 0
呼符: 3
体力: 133553.94 / 126
友情点: 1275 / 2955445`
*連続ログイン7日間到達おめでとうございます！
明日は1日目からリスタートされます。*
`獣の足跡 X 1
呼符 X 1
1月交換券(2024) X 1
`*Fate/Samurai Remnant×Fate/Grand Order
コラボレーションイベント
開幕直前特別ログインボーナス*
*開催期間中、1日1回 最大7回ログインボーナスをプレゼント！*
`QP X 2000000
聖晶石 X 1
`_2024-01-15 19:35:13_
--------
*e08d200d6cae66745a424b7aab92e6b7*
`登陆天数: 7天 / 598天
等级: 1
石头: 704
呼符: 8
体力: 812841.9 / 20
友情点: 0 / 71400`
*連続ログイン7日間到達おめでとうございます！
明日は1日目からリスタートされます。*
`獣の足跡 X 1
呼符 X 1
1月交換券(2024) X 1
`_2024-01-15 19:35:21_
--------
*c695a2ada964bb4064c0b3ade64f21e6*
`登陆天数: 7天 / 1425天
等级: 125
石头: 2257
呼符: 146
体力: 115521.68333333333 / 137
友情点: 0 / 502305`
*連続ログイン7日間到達おめでとうございます！
明日は1日目からリスタートされます。*
`獣の足跡 X 1
呼符 X 1
1月交換券(2024) X 1
`*Fate/Samurai Remnant×Fate/Grand Order
コラボレーションイベント
開幕直前特別ログインボーナス*
*開催期間中、1日1回 最大7回ログインボーナスをプレゼント！*
`QP X 2000000
聖晶石 X 1
`_2024-01-15 19:35:28_
--------
*89b7fa638329cf0a6f11a58783a25de4*
`登陆天数: 7天 / 1701天
等级: 153
石头: 248
呼符: 25
体力: 1088.4766666666667 / 143
友情点: 140 / 6488210`
*連続ログイン7日間到達おめでとうございます！
明日は1日目からリスタートされます。*
`獣の足跡 X 1
呼符 X 1
1月交換券(2024) X 1
`*Fate/Samurai Remnant×Fate/Grand Order
コラボレーションイベント
開幕直前特別ログインボーナス*
*開催期間中、1日1回 最大7回ログインボーナスをプレゼント！*
`QP X 2000000
聖晶石 X 1
`_2024-01-15 19:35:36_
--------
