【登录信息】
*62d99e37f10ca3c3a468162e341dc34a*
`登陆天数: 8天 / 481天
等级: 102
石头: 0
呼符: 3
体力: 133841.96333333335 / 126
友情点: 255 / 2955700`
*連続ログイン1日目
※ログインが途切れるか、7日到達すると
1日目から再開されます*
`フレンドポイント X 2000
1月交換券(2024) X 1
`*Fate/Samurai Remnant×Fate/Grand Order
コラボレーションイベント
開幕直前特別ログインボーナス*
*開催期間中、1日1回 最大7回ログインボーナスをプレゼント！*
`聖晶石 X 1
白銀の果実 X 1
`_2024-01-16 19:35:19_
--------
*e08d200d6cae66745a424b7aab92e6b7*
`登陆天数: 8天 / 599天
等级: 1
石头: 704
呼符: 8
体力: 813129.92 / 20
友情点: 0 / 71400`
*連続ログイン1日目
※ログインが途切れるか、7日到達すると
1日目から再開されます*
`フレンドポイント X 2000
1月交換券(2024) X 1
`_2024-01-16 19:35:27_
--------
*c695a2ada964bb4064c0b3ade64f21e6*
`登陆天数: 8天 / 1426天
等级: 125
石头: 2257
呼符: 146
体力: 115809.70666666667 / 137
友情点: 0 / 502305`
*連続ログイン1日目
※ログインが途切れるか、7日到達すると
1日目から再開されます*
`フレンドポイント X 2000
1月交換券(2024) X 1
`*Fate/Samurai Remnant×Fate/Grand Order
コラボレーションイベント
開幕直前特別ログインボーナス*
*開催期間中、1日1回 最大7回ログインボーナスをプレゼント！*
`聖晶石 X 1
白銀の果実 X 1
`_2024-01-16 19:35:35_
--------
*89b7fa638329cf0a6f11a58783a25de4*
`登陆天数: 8天 / 1702天
等级: 153
石头: 248
呼符: 25
体力: 1376.5033333333333 / 143
友情点: 65 / 6488275`
*連続ログイン1日目
※ログインが途切れるか、7日到達すると
1日目から再開されます*
`フレンドポイント X 2000
1月交換券(2024) X 1
`*Fate/Samurai Remnant×Fate/Grand Order
コラボレーションイベント
開幕直前特別ログインボーナス*
*開催期間中、1日1回 最大7回ログインボーナスをプレゼント！*
`聖晶石 X 1
白銀の果実 X 1
`_2024-01-16 19:35:43_
--------
