【登录信息】
*62d99e37f10ca3c3a468162e341dc34a*
`登陆天数: 11天 / 484天
等级: 102
石头: 0
呼符: 3
体力: 134705.25666666665 / 126
友情点: 1105 / 2958970`
*連続ログイン4日目
※ログインが途切れるか、7日到達すると
1日目から再開されます*
`聖晶石 X 1
1月交換券(2024) X 1
`*Fate/Samurai Remnant×Fate/Grand Order
コラボレーションイベント
開幕直前特別ログインボーナス*
*開催期間中、1日1回 最大7回ログインボーナスをプレゼント！*
`聖晶石 X 1
マナプリズム X 50
`_2024-01-19 19:31:48_
--------
*e08d200d6cae66745a424b7aab92e6b7*
`登陆天数: 11天 / 602天
等级: 1
石头: 704
呼符: 8
体力: 813993.2166666667 / 20
友情点: 0 / 71400`
*連続ログイン4日目
※ログインが途切れるか、7日到達すると
1日目から再開されます*
`聖晶石 X 1
1月交換券(2024) X 1
`_2024-01-19 19:31:56_
--------
*c695a2ada964bb4064c0b3ade64f21e6*
`登陆天数: 11天 / 1429天
等级: 125
石头: 2257
呼符: 146
体力: 116673.0 / 137
友情点: 0 / 502305`
*連続ログイン4日目
※ログインが途切れるか、7日到達すると
1日目から再開されます*
`聖晶石 X 1
1月交換券(2024) X 1
`*Fate/Samurai Remnant×Fate/Grand Order
コラボレーションイベント
開幕直前特別ログインボーナス*
*開催期間中、1日1回 最大7回ログインボーナスをプレゼント！*
`聖晶石 X 1
マナプリズム X 50
`_2024-01-19 19:32:03_
--------
*89b7fa638329cf0a6f11a58783a25de4*
`登陆天数: 11天 / 1705天
等级: 153
石头: 248
呼符: 25
体力: 2239.7966666666666 / 143
友情点: 345 / 6489080`
*連続ログイン4日目
※ログインが途切れるか、7日到達すると
1日目から再開されます*
`聖晶石 X 1
1月交換券(2024) X 1
`*Fate/Samurai Remnant×Fate/Grand Order
コラボレーションイベント
開幕直前特別ログインボーナス*
*開催期間中、1日1回 最大7回ログインボーナスをプレゼント！*
`聖晶石 X 1
マナプリズム X 50
`_2024-01-19 19:32:12_
--------
