【登录信息】
*62d99e37f10ca3c3a468162e341dc34a*
`登陆天数: 14天 / 487天
等级: 102
石头: 0
呼符: 3
体力: 135569.32 / 126
友情点: 1785 / 2968830`
*連続ログイン7日間到達おめでとうございます！
明日は1日目からリスタートされます。*
`獣の足跡 X 1
呼符 X 1
1月交換券(2024) X 1
`*リリース3100日突破キャンペーン 初回ログインボーナス*
*開催期間中、初回ログインで「聖晶石×10」をプレゼント！*
`聖晶石 X 10
`_2024-01-22 19:32:06_
--------
*e08d200d6cae66745a424b7aab92e6b7*
`登陆天数: 14天 / 605天
等级: 1
石头: 704
呼符: 8
体力: 814857.28 / 20
友情点: 0 / 71400`
*連続ログイン7日間到達おめでとうございます！
明日は1日目からリスタートされます。*
`獣の足跡 X 1
呼符 X 1
1月交換券(2024) X 1
`_2024-01-22 19:32:14_
--------
*c695a2ada964bb4064c0b3ade64f21e6*
`登陆天数: 14天 / 1432天
等级: 125
石头: 2257
呼符: 146
体力: 117537.06333333334 / 137
友情点: 0 / 502305`
*連続ログイン7日間到達おめでとうございます！
明日は1日目からリスタートされます。*
`獣の足跡 X 1
呼符 X 1
1月交換券(2024) X 1
`*リリース3100日突破キャンペーン 初回ログインボーナス*
*開催期間中、初回ログインで「聖晶石×10」をプレゼント！*
`聖晶石 X 10
`_2024-01-22 19:32:22_
--------
*89b7fa638329cf0a6f11a58783a25de4*
`登陆天数: 14天 / 1708天
等级: 153
石头: 248
呼符: 25
体力: 3103.86 / 143
友情点: 230 / 6490560`
*連続ログイン7日間到達おめでとうございます！
明日は1日目からリスタートされます。*
`獣の足跡 X 1
呼符 X 1
1月交換券(2024) X 1
`*リリース3100日突破キャンペーン 初回ログインボーナス*
*開催期間中、初回ログインで「聖晶石×10」をプレゼント！*
`聖晶石 X 10
`_2024-01-22 19:32:30_
--------
