【登录信息】
*62d99e37f10ca3c3a468162e341dc34a*
`登陆天数: 17天 / 490天
等级: 102
石头: 0
呼符: 3
体力: 136433.28 / 126
友情点: 2040 / 2974865`
*連続ログイン3日目
※ログインが途切れるか、7日到達すると
1日目から再開されます*
`叡智の業火 X 1
1月交換券(2024) X 1
`*盈月剣風帖開幕記念 ログインボーナス*
*開催期間中、1日1回 最大21回ログインボーナスをプレゼント！*
`白銀の果実 X 1
`_2024-01-25 19:31:54_
--------
*e08d200d6cae66745a424b7aab92e6b7*
`登陆天数: 17天 / 608天
等级: 1
石头: 704
呼符: 8
体力: 815721.24 / 20
友情点: 0 / 71400`
*連続ログイン3日目
※ログインが途切れるか、7日到達すると
1日目から再開されます*
`叡智の業火 X 1
1月交換券(2024) X 1
`_2024-01-25 19:32:03_
--------
*c695a2ada964bb4064c0b3ade64f21e6*
`登陆天数: 17天 / 1435天
等级: 125
石头: 2257
呼符: 146
体力: 118401.02333333333 / 137
友情点: 0 / 502305`
*連続ログイン3日目
※ログインが途切れるか、7日到達すると
1日目から再開されます*
`叡智の業火 X 1
1月交換券(2024) X 1
`*盈月剣風帖開幕記念 ログインボーナス*
*開催期間中、1日1回 最大21回ログインボーナスをプレゼント！*
`白銀の果実 X 1
`_2024-01-25 19:32:10_
--------
*89b7fa638329cf0a6f11a58783a25de4*
`登陆天数: 17天 / 1711天
等级: 153
石头: 248
呼符: 25
体力: 3967.82 / 143
友情点: 305 / 6491405`
*連続ログイン3日目
※ログインが途切れるか、7日到達すると
1日目から再開されます*
`叡智の業火 X 1
1月交換券(2024) X 1
`*盈月剣風帖開幕記念 ログインボーナス*
*開催期間中、1日1回 最大21回ログインボーナスをプレゼント！*
`白銀の果実 X 1
`_2024-01-25 19:32:18_
--------
