【登录信息】
*62d99e37f10ca3c3a468162e341dc34a*
`登陆天数: 21天 / 494天
等级: 102
石头: 0
呼符: 3
体力: 137585.29333333333 / 126
友情点: 595 / 2981610`
*連続ログイン7日間到達おめでとうございます！
明日は1日目からリスタートされます。*
`獣の足跡 X 1
呼符 X 1
1月交換券(2024) X 1
`*盈月剣風帖開幕記念 ログインボーナス*
*開催期間中、1日1回 最大21回ログインボーナスをプレゼント！*
`白銀の果実 X 1
`_2024-01-29 19:31:58_
--------
*e08d200d6cae66745a424b7aab92e6b7*
`登陆天数: 21天 / 612天
等级: 1
石头: 704
呼符: 8
体力: 816873.2533333333 / 20
友情点: 0 / 71400`
*連続ログイン7日間到達おめでとうございます！
明日は1日目からリスタートされます。*
`獣の足跡 X 1
呼符 X 1
1月交換券(2024) X 1
`_2024-01-29 19:32:07_
--------
*c695a2ada964bb4064c0b3ade64f21e6*
`登陆天数: 21天 / 1439天
等级: 125
石头: 2257
呼符: 146
体力: 119553.03666666667 / 137
友情点: 0 / 502305`
*連続ログイン7日間到達おめでとうございます！
明日は1日目からリスタートされます。*
`獣の足跡 X 1
呼符 X 1
1月交換券(2024) X 1
`*盈月剣風帖開幕記念 ログインボーナス*
*開催期間中、1日1回 最大21回ログインボーナスをプレゼント！*
`白銀の果実 X 1
`_2024-01-29 19:32:14_
--------
*89b7fa638329cf0a6f11a58783a25de4*
`登陆天数: 21天 / 1715天
等级: 153
石头: 248
呼符: 25
体力: 5119.833333333333 / 143
友情点: 40 / 6492515`
*連続ログイン7日間到達おめでとうございます！
明日は1日目からリスタートされます。*
`獣の足跡 X 1
呼符 X 1
1月交換券(2024) X 1
`*盈月剣風帖開幕記念 ログインボーナス*
*開催期間中、1日1回 最大21回ログインボーナスをプレゼント！*
`白銀の果実 X 1
`_2024-01-29 19:32:22_
--------
