【登录信息】
*62d99e37f10ca3c3a468162e341dc34a*
`登陆天数: 22天 / 495天
等级: 102
石头: 0
呼符: 3
体力: 137873.35333333333 / 126
友情点: 1360 / 2982970`
*連続ログイン1日目
※ログインが途切れるか、7日到達すると
1日目から再開されます*
`フレンドポイント X 2000
1月交換券(2024) X 1
`*「Fate/stay night」20周年記念
「Fate/stay night」サーヴァント特別召喚アイテムプレゼント*
*開催期間中、初回ログインで「Fate/stay night 20th記念特別交換チケット」をプレゼント！*
`Fate/stay night 20th記念特別交換チケット X 1
`_2024-01-30 19:32:15_
--------
*e08d200d6cae66745a424b7aab92e6b7*
`登陆天数: 22天 / 613天
等级: 1
石头: 704
呼符: 8
体力: 817161.3133333334 / 20
友情点: 0 / 71400`
*連続ログイン1日目
※ログインが途切れるか、7日到達すると
1日目から再開されます*
`フレンドポイント X 2000
1月交換券(2024) X 1
`*「Fate/stay night」20周年記念
「Fate/stay night」サーヴァント特別召喚アイテムプレゼント*
*開催期間中、初回ログインで「Fate/stay night 20th記念特別交換チケット」をプレゼント！*
`Fate/stay night 20th記念特別交換チケット X 1
`_2024-01-30 19:32:24_
--------
*c695a2ada964bb4064c0b3ade64f21e6*
`登陆天数: 22天 / 1440天
等级: 125
石头: 2257
呼符: 146
体力: 119841.09666666666 / 137
友情点: 0 / 502305`
*連続ログイン1日目
※ログインが途切れるか、7日到達すると
1日目から再開されます*
`フレンドポイント X 2000
1月交換券(2024) X 1
`*「Fate/stay night」20周年記念
「Fate/stay night」サーヴァント特別召喚アイテムプレゼント*
*開催期間中、初回ログインで「Fate/stay night 20th記念特別交換チケット」をプレゼント！*
`Fate/stay night 20th記念特別交換チケット X 1
`_2024-01-30 19:32:32_
--------
*89b7fa638329cf0a6f11a58783a25de4*
`登陆天数: 22天 / 1716天
等级: 153
石头: 248
呼符: 25
体力: 5407.893333333333 / 143
友情点: 230 / 6492745`
*連続ログイン1日目
※ログインが途切れるか、7日到達すると
1日目から再開されます*
`フレンドポイント X 2000
1月交換券(2024) X 1
`*「Fate/stay night」20周年記念
「Fate/stay night」サーヴァント特別召喚アイテムプレゼント*
*開催期間中、初回ログインで「Fate/stay night 20th記念特別交換チケット」をプレゼント！*
`Fate/stay night 20th記念特別交換チケット X 1
`_2024-01-30 19:32:40_
--------
