【登录信息】
*62d99e37f10ca3c3a468162e341dc34a*
`登陆天数: 13天 / 191天
等级: 102
石头: 0
呼符: 3
体力: 33041.43 / 126
友情点: 340 / 2003980`
*連続ログイン6日目
※ログインが途切れるか、7日到達すると
1日目から再開されます*
`聖晶石 X 2
2月交換券(2023) X 1
`*FGO カルデア放送局 Vol.19 第2部 第7章 ナウイ･ミクトラン(後編) 開幕直前SP 放送記念 初回ログインボーナス*
*開催期間中、初回ログインで「聖晶石×14」をプレゼント！*
`聖晶石 X 14
`_2023-01-31 19:32:40_
--------
*e08d200d6cae66745a424b7aab92e6b7*
`登陆天数: 13天 / 310天
等级: 1
石头: 704
呼符: 8
体力: 712329.39 / 20
友情点: 0 / 71400`
*連続ログイン6日目
※ログインが途切れるか、7日到達すると
1日目から再開されます*
`聖晶石 X 2
2月交換券(2023) X 1
`_2023-01-31 19:32:48_
--------
*c695a2ada964bb4064c0b3ade64f21e6*
`登陆天数: 13天 / 1137天
等级: 125
石头: 2257
呼符: 146
体力: 15009.173333333334 / 137
友情点: 0 / 502305`
*連続ログイン6日目
※ログインが途切れるか、7日到達すると
1日目から再開されます*
`聖晶石 X 2
2月交換券(2023) X 1
`*FGO カルデア放送局 Vol.19 第2部 第7章 ナウイ･ミクトラン(後編) 開幕直前SP 放送記念 初回ログインボーナス*
*開催期間中、初回ログインで「聖晶石×14」をプレゼント！*
`聖晶石 X 14
`_2023-01-31 19:32:56_
--------
