【登录信息】
*62d99e37f10ca3c3a468162e341dc34a*
`登陆天数: 14天 / 192天
等级: 102
石头: 0
呼符: 3
体力: 33329.486666666664 / 126
友情点: 170 / 2004150`
*連続ログイン7日間到達おめでとうございます！
明日は1日目からリスタートされます。*
`獣の足跡 X 1
呼符 X 1
2月交換券(2023) X 1
`*「FGO ウィンターパーティー 2022-2023」宮城会場開催直前 ログインボーナス*
*開催期間中、1日1回 最大3回 ログインボーナスをプレゼント！*
`黄金の果実 X 1
`_2023-02-01 19:32:56_
--------
*e08d200d6cae66745a424b7aab92e6b7*
`登陆天数: 14天 / 311天
等级: 1
石头: 704
呼符: 8
体力: 712617.4466666667 / 20
友情点: 0 / 71400`
*連続ログイン7日間到達おめでとうございます！
明日は1日目からリスタートされます。*
`獣の足跡 X 1
呼符 X 1
2月交換券(2023) X 1
`_2023-02-01 19:33:04_
--------
*c695a2ada964bb4064c0b3ade64f21e6*
`登陆天数: 14天 / 1138天
等级: 125
石头: 2257
呼符: 146
体力: 15297.23 / 137
友情点: 0 / 502305`
*連続ログイン7日間到達おめでとうございます！
明日は1日目からリスタートされます。*
`獣の足跡 X 1
呼符 X 1
2月交換券(2023) X 1
`*「FGO ウィンターパーティー 2022-2023」宮城会場開催直前 ログインボーナス*
*開催期間中、1日1回 最大3回 ログインボーナスをプレゼント！*
`黄金の果実 X 1
`_2023-02-01 19:33:12_
--------
