【登录信息】
*62d99e37f10ca3c3a468162e341dc34a*
`登陆天数: 15天 / 193天
等级: 102
石头: 0
呼符: 3
体力: 33617.456666666665 / 126
友情点: 0 / 2004150`
*連続ログイン1日目
※ログインが途切れるか、7日到達すると
1日目から再開されます*
`フレンドポイント X 2000
2月交換券(2023) X 1
`*「FGO ウィンターパーティー 2022-2023」宮城会場開催直前 ログインボーナス*
*開催期間中、1日1回 最大3回 ログインボーナスをプレゼント！*
`黄金の果実 X 1
`_2023-02-02 19:32:47_
--------
*e08d200d6cae66745a424b7aab92e6b7*
`登陆天数: 15天 / 312天
等级: 1
石头: 704
呼符: 8
体力: 712905.4166666666 / 20
友情点: 0 / 71400`
*連続ログイン1日目
※ログインが途切れるか、7日到達すると
1日目から再開されます*
`フレンドポイント X 2000
2月交換券(2023) X 1
`_2023-02-02 19:32:55_
--------
*c695a2ada964bb4064c0b3ade64f21e6*
`登陆天数: 15天 / 1139天
等级: 125
石头: 2257
呼符: 146
体力: 15585.2 / 137
友情点: 0 / 502305`
*連続ログイン1日目
※ログインが途切れるか、7日到達すると
1日目から再開されます*
`フレンドポイント X 2000
2月交換券(2023) X 1
`*「FGO ウィンターパーティー 2022-2023」宮城会場開催直前 ログインボーナス*
*開催期間中、1日1回 最大3回 ログインボーナスをプレゼント！*
`黄金の果実 X 1
`_2023-02-02 19:33:03_
--------
