【登录信息】
*62d99e37f10ca3c3a468162e341dc34a*
`登陆天数: 17天 / 195天
等级: 102
石头: 0
呼符: 3
体力: 34193.41 / 126
友情点: 0 / 2004660`
*連続ログイン3日目
※ログインが途切れるか、7日到達すると
1日目から再開されます*
`叡智の業火 X 1
2月交換券(2023) X 1
`*「FGO ウィンターパーティー 2022-2023」宮城会場開催記念 初回ログインボーナス*
*開催期間中、初回ログインで「聖晶石×10」をプレゼント！*
`聖晶石 X 10
`_2023-02-04 19:32:33_
--------
*e08d200d6cae66745a424b7aab92e6b7*
`登陆天数: 17天 / 314天
等级: 1
石头: 704
呼符: 8
体力: 713481.37 / 20
友情点: 0 / 71400`
*連続ログイン3日目
※ログインが途切れるか、7日到達すると
1日目から再開されます*
`叡智の業火 X 1
2月交換券(2023) X 1
`_2023-02-04 19:32:42_
--------
*c695a2ada964bb4064c0b3ade64f21e6*
`登陆天数: 17天 / 1141天
等级: 125
石头: 2257
呼符: 146
体力: 16161.153333333334 / 137
友情点: 0 / 502305`
*連続ログイン3日目
※ログインが途切れるか、7日到達すると
1日目から再開されます*
`叡智の業火 X 1
2月交換券(2023) X 1
`*「FGO ウィンターパーティー 2022-2023」宮城会場開催記念 初回ログインボーナス*
*開催期間中、初回ログインで「聖晶石×10」をプレゼント！*
`聖晶石 X 10
`_2023-02-04 19:32:49_
--------
