【登录信息】
*62d99e37f10ca3c3a468162e341dc34a*
`登陆天数: 21天 / 199天
等级: 102
石头: 0
呼符: 3
体力: 35345.47 / 126
友情点: 170 / 2006190`
*連続ログイン7日間到達おめでとうございます！
明日は1日目からリスタートされます。*
`獣の足跡 X 1
呼符 X 1
2月交換券(2023) X 1
`_2023-02-08 19:32:51_
--------
*e08d200d6cae66745a424b7aab92e6b7*
`登陆天数: 21天 / 318天
等级: 1
石头: 704
呼符: 8
体力: 714633.43 / 20
友情点: 0 / 71400`
*連続ログイン7日間到達おめでとうございます！
明日は1日目からリスタートされます。*
`獣の足跡 X 1
呼符 X 1
2月交換券(2023) X 1
`_2023-02-08 19:32:59_
--------
*c695a2ada964bb4064c0b3ade64f21e6*
`登陆天数: 21天 / 1145天
等级: 125
石头: 2257
呼符: 146
体力: 17313.213333333333 / 137
友情点: 0 / 502305`
*連続ログイン7日間到達おめでとうございます！
明日は1日目からリスタートされます。*
`獣の足跡 X 1
呼符 X 1
2月交換券(2023) X 1
`_2023-02-08 19:33:07_
--------
