【登录信息】
*62d99e37f10ca3c3a468162e341dc34a*
`登陆天数: 22天 / 200天
等级: 102
石头: 0
呼符: 3
体力: 35633.5 / 126
友情点: 850 / 2007040`
*連続ログイン1日目
※ログインが途切れるか、7日到達すると
1日目から再開されます*
`フレンドポイント X 2000
2月交換券(2023) X 1
`_2023-02-09 19:33:00_
--------
*e08d200d6cae66745a424b7aab92e6b7*
`登陆天数: 22天 / 319天
等级: 1
石头: 704
呼符: 8
体力: 714921.4566666667 / 20
友情点: 0 / 71400`
*連続ログイン1日目
※ログインが途切れるか、7日到達すると
1日目から再開されます*
`フレンドポイント X 2000
2月交換券(2023) X 1
`_2023-02-09 19:33:08_
--------
*c695a2ada964bb4064c0b3ade64f21e6*
`登陆天数: 22天 / 1146天
等级: 125
石头: 2257
呼符: 146
体力: 17601.243333333332 / 137
友情点: 0 / 502305`
*連続ログイン1日目
※ログインが途切れるか、7日到達すると
1日目から再開されます*
`フレンドポイント X 2000
2月交換券(2023) X 1
`_2023-02-09 19:33:16_
--------
