【登录信息】
*62d99e37f10ca3c3a468162e341dc34a*
`登陆天数: 23天 / 201天
等级: 102
石头: 0
呼符: 3
体力: 35921.46 / 126
友情点: 765 / 2007805`
*連続ログイン2日目
※ログインが途切れるか、7日到達すると
1日目から再開されます*
`聖晶石 X 1
2月交換券(2023) X 1
`_2023-02-10 19:32:48_
--------
*e08d200d6cae66745a424b7aab92e6b7*
`登陆天数: 23天 / 320天
等级: 1
石头: 704
呼符: 8
体力: 715209.4166666666 / 20
友情点: 0 / 71400`
*連続ログイン2日目
※ログインが途切れるか、7日到達すると
1日目から再開されます*
`聖晶石 X 1
2月交換券(2023) X 1
`_2023-02-10 19:32:56_
--------
*c695a2ada964bb4064c0b3ade64f21e6*
`登陆天数: 23天 / 1147天
等级: 125
石头: 2257
呼符: 146
体力: 17889.2 / 137
友情点: 0 / 502305`
*連続ログイン2日目
※ログインが途切れるか、7日到達すると
1日目から再開されます*
`聖晶石 X 1
2月交換券(2023) X 1
`_2023-02-10 19:33:04_
--------
