【登录信息】
*62d99e37f10ca3c3a468162e341dc34a*
`登陆天数: 27天 / 205天
等级: 102
石头: 0
呼符: 3
体力: 37073.48 / 126
友情点: 510 / 2009335`
*連続ログイン6日目
※ログインが途切れるか、7日到達すると
1日目から再開されます*
`聖晶石 X 2
2月交換券(2023) X 1
`*2700万DL突破記念 特別連続ログインボーナス*
*開催期間中、1日1回 最大7回 連続ログインボーナスをプレゼント！*
`黄金の果実 X 10
`_2023-02-14 19:32:54_
--------
*e08d200d6cae66745a424b7aab92e6b7*
`登陆天数: 27天 / 324天
等级: 1
石头: 704
呼符: 8
体力: 716361.4366666666 / 20
友情点: 0 / 71400`
*連続ログイン6日目
※ログインが途切れるか、7日到達すると
1日目から再開されます*
`聖晶石 X 2
2月交換券(2023) X 1
`_2023-02-14 19:33:02_
--------
*c695a2ada964bb4064c0b3ade64f21e6*
`登陆天数: 27天 / 1151天
等级: 125
石头: 2257
呼符: 146
体力: 19041.22333333333 / 137
友情点: 0 / 502305`
*連続ログイン6日目
※ログインが途切れるか、7日到達すると
1日目から再開されます*
`聖晶石 X 2
2月交換券(2023) X 1
`*2700万DL突破記念 特別連続ログインボーナス*
*開催期間中、1日1回 最大7回 連続ログインボーナスをプレゼント！*
`黄金の果実 X 10
`_2023-02-14 19:33:10_
--------
