【登录信息】
*62d99e37f10ca3c3a468162e341dc34a*
`登陆天数: 28天 / 206天
等级: 102
石头: 0
呼符: 3
体力: 37361.44 / 126
友情点: 425 / 2009760`
*連続ログイン7日間到達おめでとうございます！
明日は1日目からリスタートされます。*
`獣の足跡 X 1
呼符 X 1
2月交換券(2023) X 1
`*2700万DL突破記念 特別連続ログインボーナス*
*開催期間中、1日1回 最大7回 連続ログインボーナスをプレゼント！*
`QP X 10000000
`_2023-02-15 19:32:42_
--------
*e08d200d6cae66745a424b7aab92e6b7*
`登陆天数: 28天 / 325天
等级: 1
石头: 704
呼符: 8
体力: 716649.4 / 20
友情点: 0 / 71400`
*連続ログイン7日間到達おめでとうございます！
明日は1日目からリスタートされます。*
`獣の足跡 X 1
呼符 X 1
2月交換券(2023) X 1
`_2023-02-15 19:32:50_
--------
*c695a2ada964bb4064c0b3ade64f21e6*
`登陆天数: 28天 / 1152天
等级: 125
石头: 2257
呼符: 146
体力: 19329.183333333334 / 137
友情点: 0 / 502305`
*連続ログイン7日間到達おめでとうございます！
明日は1日目からリスタートされます。*
`獣の足跡 X 1
呼符 X 1
2月交換券(2023) X 1
`*2700万DL突破記念 特別連続ログインボーナス*
*開催期間中、1日1回 最大7回 連続ログインボーナスをプレゼント！*
`QP X 10000000
`_2023-02-15 19:32:58_
--------
