【登录信息】
*62d99e37f10ca3c3a468162e341dc34a*
`登陆天数: 31天 / 209天
等级: 102
石头: 0
呼符: 3
体力: 38225.47 / 126
友情点: 0 / 2011120`
*連続ログイン3日目
※ログインが途切れるか、7日到達すると
1日目から再開されます*
`叡智の業火 X 1
2月交換券(2023) X 1
`*2700万DL突破記念 特別連続ログインボーナス*
*開催期間中、1日1回 最大7回 連続ログインボーナスをプレゼント！*
`英霊結晶・太陽のフォウくん X 10
`_2023-02-18 19:32:52_
--------
*e08d200d6cae66745a424b7aab92e6b7*
`登陆天数: 31天 / 328天
等级: 1
石头: 704
呼符: 8
体力: 717513.43 / 20
友情点: 0 / 71400`
*連続ログイン3日目
※ログインが途切れるか、7日到達すると
1日目から再開されます*
`叡智の業火 X 1
2月交換券(2023) X 1
`_2023-02-18 19:33:00_
--------
*c695a2ada964bb4064c0b3ade64f21e6*
`登陆天数: 31天 / 1155天
等级: 125
石头: 2257
呼符: 146
体力: 20193.213333333333 / 137
友情点: 0 / 502305`
*連続ログイン3日目
※ログインが途切れるか、7日到達すると
1日目から再開されます*
`叡智の業火 X 1
2月交換券(2023) X 1
`*2700万DL突破記念 特別連続ログインボーナス*
*開催期間中、1日1回 最大7回 連続ログインボーナスをプレゼント！*
`英霊結晶・太陽のフォウくん X 10
`_2023-02-18 19:33:07_
--------
