【登录信息】
*62d99e37f10ca3c3a468162e341dc34a*
`登陆天数: 33天 / 211天
等级: 102
石头: 0
呼符: 3
体力: 38801.45 / 126
友情点: 120 / 2011495`
*連続ログイン5日目
※ログインが途切れるか、7日到達すると
1日目から再開されます*
`叡智の業火 X 2
2月交換券(2023) X 1
`_2023-02-20 19:32:45_
--------
*e08d200d6cae66745a424b7aab92e6b7*
`登陆天数: 33天 / 330天
等级: 1
石头: 704
呼符: 8
体力: 718089.41 / 20
友情点: 0 / 71400`
*連続ログイン5日目
※ログインが途切れるか、7日到達すると
1日目から再開されます*
`叡智の業火 X 2
2月交換券(2023) X 1
`_2023-02-20 19:32:54_
--------
*c695a2ada964bb4064c0b3ade64f21e6*
`登陆天数: 33天 / 1157天
等级: 125
石头: 2257
呼符: 146
体力: 20769.193333333333 / 137
友情点: 0 / 502305`
*連続ログイン5日目
※ログインが途切れるか、7日到達すると
1日目から再開されます*
`叡智の業火 X 2
2月交換券(2023) X 1
`_2023-02-20 19:33:02_
--------
