【登录信息】
*62d99e37f10ca3c3a468162e341dc34a*
`登陆天数: 34天 / 212天
等级: 102
石头: 0
呼符: 3
体力: 39089.58 / 126
友情点: 3445 / 2014940`
*連続ログイン6日目
※ログインが途切れるか、7日到達すると
1日目から再開されます*
`聖晶石 X 2
2月交換券(2023) X 1
`_2023-02-21 19:33:24_
--------
*e08d200d6cae66745a424b7aab92e6b7*
`登陆天数: 34天 / 331天
等级: 1
石头: 704
呼符: 8
体力: 718377.54 / 20
友情点: 0 / 71400`
*連続ログイン6日目
※ログインが途切れるか、7日到達すると
1日目から再開されます*
`聖晶石 X 2
2月交換券(2023) X 1
`_2023-02-21 19:33:33_
--------
*c695a2ada964bb4064c0b3ade64f21e6*
`登陆天数: 34天 / 1158天
等级: 125
石头: 2257
呼符: 146
体力: 21057.323333333334 / 137
友情点: 0 / 502305`
*連続ログイン6日目
※ログインが途切れるか、7日到達すると
1日目から再開されます*
`聖晶石 X 2
2月交換券(2023) X 1
`_2023-02-21 19:33:41_
--------
