【登录信息】
*62d99e37f10ca3c3a468162e341dc34a*
`登陆天数: 36天 / 214天
等级: 102
石头: 0
呼符: 3
体力: 39665.56 / 126
友情点: 850 / 2017570`
*連続ログイン1日目
※ログインが途切れるか、7日到達すると
1日目から再開されます*
`フレンドポイント X 2000
2月交換券(2023) X 1
`_2023-02-23 19:33:18_
--------
*e08d200d6cae66745a424b7aab92e6b7*
`登陆天数: 36天 / 333天
等级: 1
石头: 704
呼符: 8
体力: 718953.5166666667 / 20
友情点: 0 / 71400`
*連続ログイン1日目
※ログインが途切れるか、7日到達すると
1日目から再開されます*
`フレンドポイント X 2000
2月交換券(2023) X 1
`_2023-02-23 19:33:26_
--------
*c695a2ada964bb4064c0b3ade64f21e6*
`登陆天数: 36天 / 1160天
等级: 125
石头: 2257
呼符: 146
体力: 21633.3 / 137
友情点: 0 / 502305`
*連続ログイン1日目
※ログインが途切れるか、7日到達すると
1日目から再開されます*
`フレンドポイント X 2000
2月交換券(2023) X 1
`_2023-02-23 19:33:34_
--------
