【登录信息】
*62d99e37f10ca3c3a468162e341dc34a*
`登陆天数: 19天 / 528天
等级: 102
石头: 0
呼符: 3
体力: 155441.90666666668 / 126
友情点: 1020 / 3055405`
*連続ログイン5日目
※ログインが途切れるか、7日到達すると
1日目から再開されます*
`叡智の業火 X 2
4月交換券(2024) X 1
`*「Fate/Dream Striker」リリース記念 初回ログインボーナス*
*開催期間中、初回ログインで「聖晶石×10」をプレゼント！*
`聖晶石 X 10
`_2024-03-31 19:35:02_
--------
*e08d200d6cae66745a424b7aab92e6b7*
`登陆天数: 19天 / 646天
等级: 1
石头: 704
呼符: 8
体力: 834729.8666666667 / 20
友情点: 0 / 71400`
*連続ログイン5日目
※ログインが途切れるか、7日到達すると
1日目から再開されます*
`叡智の業火 X 2
4月交換券(2024) X 1
`_2024-03-31 19:35:10_
--------
*c695a2ada964bb4064c0b3ade64f21e6*
`登陆天数: 19天 / 1473天
等级: 125
石头: 2257
呼符: 146
体力: 137409.65 / 137
友情点: 0 / 502305`
*連続ログイン5日目
※ログインが途切れるか、7日到達すると
1日目から再開されます*
`叡智の業火 X 2
4月交換券(2024) X 1
`*「Fate/Dream Striker」リリース記念 初回ログインボーナス*
*開催期間中、初回ログインで「聖晶石×10」をプレゼント！*
`聖晶石 X 10
`_2024-03-31 19:35:18_
--------
*89b7fa638329cf0a6f11a58783a25de4*
`登陆天数: 19天 / 1751天
等级: 153
石头: 249
呼符: 15
体力: 8406.63 / 143
友情点: 270 / 6502955`
*連続ログイン5日目
※ログインが途切れるか、7日到達すると
1日目から再開されます*
`叡智の業火 X 2
4月交換券(2024) X 1
`*「Fate/Dream Striker」リリース記念 初回ログインボーナス*
*開催期間中、初回ログインで「聖晶石×10」をプレゼント！*
`聖晶石 X 10
`_2024-03-31 19:35:27_
--------
