【登录信息】
*62d99e37f10ca3c3a468162e341dc34a*
`登陆天数: 20天 / 529天
等级: 102
石头: 0
呼符: 3
体力: 155730.03666666665 / 126
友情点: 850 / 3056255`
*連続ログイン6日目
※ログインが途切れるか、7日到達すると
1日目から再開されます*
`聖晶石 X 2
4月交換券(2024) X 1
`*Fate/Grand Order 春の新米マスター応援キャンペーン2024！
特別ログインボーナス*
*開催期間中、1日1回 最大7回 回数ログインボーナスをプレゼント！*
`聖晶石 X 1
`_2024-04-01 19:35:41_
--------
*e08d200d6cae66745a424b7aab92e6b7*
`登陆天数: 20天 / 647天
等级: 1
石头: 704
呼符: 8
体力: 835017.9966666667 / 20
友情点: 0 / 71400`
*連続ログイン6日目
※ログインが途切れるか、7日到達すると
1日目から再開されます*
`聖晶石 X 2
4月交換券(2024) X 1
`_2024-04-01 19:35:49_
--------
*c695a2ada964bb4064c0b3ade64f21e6*
`登陆天数: 20天 / 1474天
等级: 125
石头: 2257
呼符: 146
体力: 137697.78 / 137
友情点: 0 / 502305`
*連続ログイン6日目
※ログインが途切れるか、7日到達すると
1日目から再開されます*
`聖晶石 X 2
4月交換券(2024) X 1
`*Fate/Grand Order 春の新米マスター応援キャンペーン2024！
特別ログインボーナス*
*開催期間中、1日1回 最大7回 回数ログインボーナスをプレゼント！*
`聖晶石 X 1
`_2024-04-01 19:35:57_
--------
*89b7fa638329cf0a6f11a58783a25de4*
`登陆天数: 20天 / 1752天
等级: 153
石头: 249
呼符: 15
体力: 8694.756666666666 / 143
友情点: 100 / 6503055`
*連続ログイン6日目
※ログインが途切れるか、7日到達すると
1日目から再開されます*
`聖晶石 X 2
4月交換券(2024) X 1
`*Fate/Grand Order 春の新米マスター応援キャンペーン2024！
特別ログインボーナス*
*開催期間中、1日1回 最大7回 回数ログインボーナスをプレゼント！*
`聖晶石 X 1
`_2024-04-01 19:36:05_
--------
