【登录信息】
*62d99e37f10ca3c3a468162e341dc34a*
`登陆天数: 21天 / 530天
等级: 102
石头: 0
呼符: 3
体力: 156018.0 / 126
友情点: 1870 / 3058125`
*連続ログイン7日間到達おめでとうございます！
明日は1日目からリスタートされます。*
`獣の足跡 X 1
呼符 X 1
4月交換券(2024) X 1
`*Fate/Grand Order 春の新米マスター応援キャンペーン2024！
特別ログインボーナス*
*開催期間中、1日1回 最大7回 回数ログインボーナスをプレゼント！*
`聖晶石 X 1
`_2024-04-02 19:35:30_
--------
*e08d200d6cae66745a424b7aab92e6b7*
`登陆天数: 21天 / 648天
等级: 1
石头: 704
呼符: 8
体力: 835305.9566666667 / 20
友情点: 0 / 71400`
*連続ログイン7日間到達おめでとうございます！
明日は1日目からリスタートされます。*
`獣の足跡 X 1
呼符 X 1
4月交換券(2024) X 1
`_2024-04-02 19:35:38_
--------
*c695a2ada964bb4064c0b3ade64f21e6*
`登陆天数: 21天 / 1475天
等级: 125
石头: 2257
呼符: 146
体力: 137985.74 / 137
友情点: 0 / 502305`
*連続ログイン7日間到達おめでとうございます！
明日は1日目からリスタートされます。*
`獣の足跡 X 1
呼符 X 1
4月交換券(2024) X 1
`*Fate/Grand Order 春の新米マスター応援キャンペーン2024！
特別ログインボーナス*
*開催期間中、1日1回 最大7回 回数ログインボーナスをプレゼント！*
`聖晶石 X 1
`_2024-04-02 19:35:46_
--------
*89b7fa638329cf0a6f11a58783a25de4*
`登陆天数: 21天 / 1753天
等级: 153
石头: 249
呼符: 15
体力: 8982.72 / 143
友情点: 340 / 6503395`
*連続ログイン7日間到達おめでとうございます！
明日は1日目からリスタートされます。*
`獣の足跡 X 1
呼符 X 1
4月交換券(2024) X 1
`*Fate/Grand Order 春の新米マスター応援キャンペーン2024！
特別ログインボーナス*
*開催期間中、1日1回 最大7回 回数ログインボーナスをプレゼント！*
`聖晶石 X 1
`_2024-04-02 19:35:54_
--------
