【登录信息】
*62d99e37f10ca3c3a468162e341dc34a*
`登陆天数: 22天 / 531天
等级: 102
石头: 0
呼符: 3
体力: 156305.93333333332 / 126
友情点: 1700 / 3059825`
*連続ログイン1日目
※ログインが途切れるか、7日到達すると
1日目から再開されます*
`フレンドポイント X 2000
4月交換券(2024) X 1
`*日替りログインボーナス*
*開催期間中、1日1回 2週間日替りでログインボーナスをプレゼント！*
`聖晶石 X 1
巡霊の葉 X 50
`_2024-04-03 19:35:10_
--------
*e08d200d6cae66745a424b7aab92e6b7*
`登陆天数: 22天 / 649天
等级: 1
石头: 704
呼符: 8
体力: 835593.8933333333 / 20
友情点: 0 / 71400`
*連続ログイン1日目
※ログインが途切れるか、7日到達すると
1日目から再開されます*
`フレンドポイント X 2000
4月交換券(2024) X 1
`_2024-04-03 19:35:18_
--------
*c695a2ada964bb4064c0b3ade64f21e6*
`登陆天数: 22天 / 1476天
等级: 125
石头: 2257
呼符: 146
体力: 138273.67666666667 / 137
友情点: 0 / 502305`
*連続ログイン1日目
※ログインが途切れるか、7日到達すると
1日目から再開されます*
`フレンドポイント X 2000
4月交換券(2024) X 1
`*日替りログインボーナス*
*開催期間中、1日1回 2週間日替りでログインボーナスをプレゼント！*
`聖晶石 X 1
巡霊の葉 X 50
`_2024-04-03 19:35:26_
--------
*89b7fa638329cf0a6f11a58783a25de4*
`登陆天数: 22天 / 1754天
等级: 153
石头: 249
呼符: 15
体力: 9270.656666666666 / 143
友情点: 320 / 6504115`
*連続ログイン1日目
※ログインが途切れるか、7日到達すると
1日目から再開されます*
`フレンドポイント X 2000
4月交換券(2024) X 1
`*日替りログインボーナス*
*開催期間中、1日1回 2週間日替りでログインボーナスをプレゼント！*
`聖晶石 X 1
巡霊の葉 X 50
`_2024-04-03 19:35:34_
--------
