【登录信息】
*62d99e37f10ca3c3a468162e341dc34a*
`登陆天数: 25天 / 534天
等级: 102
石头: 0
呼符: 3
体力: 157169.91 / 126
友情点: 255 / 3062640`
*連続ログイン4日目
※ログインが途切れるか、7日到達すると
1日目から再開されます*
`聖晶石 X 1
4月交換券(2024) X 1
`*日替りログインボーナス*
*開催期間中、1日1回 2週間日替りでログインボーナスをプレゼント！*
`聖晶石 X 1
巡霊の葉 X 80
`_2024-04-06 19:35:03_
--------
*e08d200d6cae66745a424b7aab92e6b7*
`登陆天数: 25天 / 652天
等级: 1
石头: 704
呼符: 8
体力: 836457.87 / 20
友情点: 0 / 71400`
*連続ログイン4日目
※ログインが途切れるか、7日到達すると
1日目から再開されます*
`聖晶石 X 1
4月交換券(2024) X 1
`_2024-04-06 19:35:12_
--------
*c695a2ada964bb4064c0b3ade64f21e6*
`登陆天数: 25天 / 1479天
等级: 125
石头: 2257
呼符: 146
体力: 139137.65333333332 / 137
友情点: 0 / 502305`
*連続ログイン4日目
※ログインが途切れるか、7日到達すると
1日目から再開されます*
`聖晶石 X 1
4月交換券(2024) X 1
`*日替りログインボーナス*
*開催期間中、1日1回 2週間日替りでログインボーナスをプレゼント！*
`聖晶石 X 1
巡霊の葉 X 80
`_2024-04-06 19:35:19_
--------
*89b7fa638329cf0a6f11a58783a25de4*
`登陆天数: 25天 / 1757天
等级: 153
石头: 249
呼符: 15
体力: 10134.63 / 143
友情点: 110 / 6504555`
*連続ログイン4日目
※ログインが途切れるか、7日到達すると
1日目から再開されます*
`聖晶石 X 1
4月交換券(2024) X 1
`*日替りログインボーナス*
*開催期間中、1日1回 2週間日替りでログインボーナスをプレゼント！*
`聖晶石 X 1
巡霊の葉 X 80
`_2024-04-06 19:35:27_
--------
