【登录信息】
*62d99e37f10ca3c3a468162e341dc34a*
`登陆天数: 28天 / 537天
等级: 102
石头: 0
呼符: 3
体力: 158033.91 / 126
友情点: 340 / 3063775`
*連続ログイン7日間到達おめでとうございます！
明日は1日目からリスタートされます。*
`獣の足跡 X 1
呼符 X 1
4月交換券(2024) X 1
`*日替りログインボーナス*
*開催期間中、1日1回 2週間日替りでログインボーナスをプレゼント！*
`聖晶石 X 3
巡霊の葉 X 50
`_2024-04-09 19:35:03_
--------
*e08d200d6cae66745a424b7aab92e6b7*
`登陆天数: 28天 / 655天
等级: 1
石头: 704
呼符: 8
体力: 837321.87 / 20
友情点: 0 / 71400`
*連続ログイン7日間到達おめでとうございます！
明日は1日目からリスタートされます。*
`獣の足跡 X 1
呼符 X 1
4月交換券(2024) X 1
`_2024-04-09 19:35:11_
--------
*c695a2ada964bb4064c0b3ade64f21e6*
`登陆天数: 28天 / 1482天
等级: 125
石头: 2257
呼符: 146
体力: 140001.65 / 137
友情点: 0 / 502305`
*連続ログイン7日間到達おめでとうございます！
明日は1日目からリスタートされます。*
`獣の足跡 X 1
呼符 X 1
4月交換券(2024) X 1
`*日替りログインボーナス*
*開催期間中、1日1回 2週間日替りでログインボーナスをプレゼント！*
`聖晶石 X 3
巡霊の葉 X 50
`_2024-04-09 19:35:19_
--------
*89b7fa638329cf0a6f11a58783a25de4*
`登陆天数: 28天 / 1760天
等级: 153
石头: 249
呼符: 15
体力: 10998.63 / 143
友情点: 145 / 6504945`
*連続ログイン7日間到達おめでとうございます！
明日は1日目からリスタートされます。*
`獣の足跡 X 1
呼符 X 1
4月交換券(2024) X 1
`*日替りログインボーナス*
*開催期間中、1日1回 2週間日替りでログインボーナスをプレゼント！*
`聖晶石 X 3
巡霊の葉 X 50
`_2024-04-09 19:35:27_
--------
