【登录信息】
*62d99e37f10ca3c3a468162e341dc34a*
`登陆天数: 29天 / 538天
等级: 102
石头: 0
呼符: 3
体力: 158321.88333333333 / 126
友情点: 765 / 3064540`
*連続ログイン1日目
※ログインが途切れるか、7日到達すると
1日目から再開されます*
`フレンドポイント X 2000
4月交換券(2024) X 1
`*日替りログインボーナス*
*開催期間中、1日1回 2週間日替りでログインボーナスをプレゼント！*
`聖晶石 X 1
巡霊の葉 X 50
`_2024-04-10 19:34:55_
--------
*e08d200d6cae66745a424b7aab92e6b7*
`登陆天数: 29天 / 656天
等级: 1
石头: 704
呼符: 8
体力: 837609.8433333334 / 20
友情点: 0 / 71400`
*連続ログイン1日目
※ログインが途切れるか、7日到達すると
1日目から再開されます*
`フレンドポイント X 2000
4月交換券(2024) X 1
`_2024-04-10 19:35:03_
--------
*c695a2ada964bb4064c0b3ade64f21e6*
`登陆天数: 29天 / 1483天
等级: 125
石头: 2257
呼符: 146
体力: 140289.62666666668 / 137
友情点: 0 / 502305`
*連続ログイン1日目
※ログインが途切れるか、7日到達すると
1日目から再開されます*
`フレンドポイント X 2000
4月交換券(2024) X 1
`*日替りログインボーナス*
*開催期間中、1日1回 2週間日替りでログインボーナスをプレゼント！*
`聖晶石 X 1
巡霊の葉 X 50
`_2024-04-10 19:35:11_
--------
*89b7fa638329cf0a6f11a58783a25de4*
`登陆天数: 29天 / 1761天
等级: 153
石头: 249
呼符: 15
体力: 11286.61 / 143
友情点: 160 / 6505105`
*連続ログイン1日目
※ログインが途切れるか、7日到達すると
1日目から再開されます*
`フレンドポイント X 2000
4月交換券(2024) X 1
`*日替りログインボーナス*
*開催期間中、1日1回 2週間日替りでログインボーナスをプレゼント！*
`聖晶石 X 1
巡霊の葉 X 50
`_2024-04-10 19:35:19_
--------
