【登录信息】
*62d99e37f10ca3c3a468162e341dc34a*
`登陆天数: 30天 / 539天
等级: 102
石头: 0
呼符: 3
体力: 158610.01666666666 / 126
友情点: 595 / 3065135`
*連続ログイン2日目
※ログインが途切れるか、7日到達すると
1日目から再開されます*
`聖晶石 X 1
4月交換券(2024) X 1
`*日替りログインボーナス*
*開催期間中、1日1回 2週間日替りでログインボーナスをプレゼント！*
`巡霊の葉 X 30
`_2024-04-11 19:35:35_
--------
*e08d200d6cae66745a424b7aab92e6b7*
`登陆天数: 30天 / 657天
等级: 1
石头: 704
呼符: 8
体力: 837897.9733333334 / 20
友情点: 0 / 71400`
*連続ログイン2日目
※ログインが途切れるか、7日到達すると
1日目から再開されます*
`聖晶石 X 1
4月交換券(2024) X 1
`_2024-04-11 19:35:43_
--------
*c695a2ada964bb4064c0b3ade64f21e6*
`登陆天数: 30天 / 1484天
等级: 125
石头: 2257
呼符: 146
体力: 140577.75666666665 / 137
友情点: 0 / 502305`
*連続ログイン2日目
※ログインが途切れるか、7日到達すると
1日目から再開されます*
`聖晶石 X 1
4月交換券(2024) X 1
`*日替りログインボーナス*
*開催期間中、1日1回 2週間日替りでログインボーナスをプレゼント！*
`巡霊の葉 X 30
`_2024-04-11 19:35:51_
--------
*89b7fa638329cf0a6f11a58783a25de4*
`登陆天数: 30天 / 1762天
等级: 153
石头: 249
呼符: 15
体力: 11574.733333333334 / 143
友情点: 65 / 6505170`
*連続ログイン2日目
※ログインが途切れるか、7日到達すると
1日目から再開されます*
`聖晶石 X 1
4月交換券(2024) X 1
`*日替りログインボーナス*
*開催期間中、1日1回 2週間日替りでログインボーナスをプレゼント！*
`巡霊の葉 X 30
`_2024-04-11 19:35:58_
--------
