【登录信息】
*62d99e37f10ca3c3a468162e341dc34a*
`登陆天数: 31天 / 540天
等级: 102
石头: 0
呼符: 3
体力: 158897.86666666667 / 126
友情点: 340 / 3065475`
*連続ログイン3日目
※ログインが途切れるか、7日到達すると
1日目から再開されます*
`叡智の業火 X 1
4月交換券(2024) X 1
`*日替りログインボーナス*
*開催期間中、1日1回 2週間日替りでログインボーナスをプレゼント！*
`巡霊の葉 X 30
`_2024-04-12 19:34:50_
--------
*e08d200d6cae66745a424b7aab92e6b7*
`登陆天数: 31天 / 658天
等级: 1
石头: 704
呼符: 8
体力: 838185.8233333334 / 20
友情点: 0 / 71400`
*連続ログイン3日目
※ログインが途切れるか、7日到達すると
1日目から再開されます*
`叡智の業火 X 1
4月交換券(2024) X 1
`_2024-04-12 19:34:58_
--------
*c695a2ada964bb4064c0b3ade64f21e6*
`登陆天数: 31天 / 1485天
等级: 125
石头: 2257
呼符: 146
体力: 140865.61 / 137
友情点: 0 / 502305`
*連続ログイン3日目
※ログインが途切れるか、7日到達すると
1日目から再開されます*
`叡智の業火 X 1
4月交換券(2024) X 1
`*日替りログインボーナス*
*開催期間中、1日1回 2週間日替りでログインボーナスをプレゼント！*
`巡霊の葉 X 30
`_2024-04-12 19:35:06_
--------
*89b7fa638329cf0a6f11a58783a25de4*
`登陆天数: 31天 / 1763天
等级: 153
石头: 249
呼符: 15
体力: 11862.59 / 143
友情点: 85 / 6505255`
*連続ログイン3日目
※ログインが途切れるか、7日到達すると
1日目から再開されます*
`叡智の業火 X 1
4月交換券(2024) X 1
`*日替りログインボーナス*
*開催期間中、1日1回 2週間日替りでログインボーナスをプレゼント！*
`巡霊の葉 X 30
`_2024-04-12 19:35:14_
--------
