【登录信息】
*62d99e37f10ca3c3a468162e341dc34a*
`登陆天数: 37天 / 546天
等级: 102
石头: 0
呼符: 3
体力: 160626.06666666668 / 126
友情点: 1445 / 3077290`
*連続ログイン2日目
※ログインが途切れるか、7日到達すると
1日目から再開されます*
`聖晶石 X 1
4月交換券(2024) X 1
`*魔法使いの夜×Fate/Grand Orderコラボレーションイベント
開幕直前特別ログインボーナス*
*開催期間中、1日1回 最大7回 ログインボーナスをプレゼント！*
`黄金の果実 X 1
`_2024-04-18 19:35:50_
--------
*e08d200d6cae66745a424b7aab92e6b7*
`登陆天数: 37天 / 664天
等级: 1
石头: 704
呼符: 8
体力: 839914.0266666666 / 20
友情点: 0 / 71400`
*連続ログイン2日目
※ログインが途切れるか、7日到達すると
1日目から再開されます*
`聖晶石 X 1
4月交換券(2024) X 1
`_2024-04-18 19:35:58_
--------
*c695a2ada964bb4064c0b3ade64f21e6*
`登陆天数: 37天 / 1491天
等级: 125
石头: 2257
呼符: 146
体力: 142593.81 / 137
友情点: 0 / 502305`
*連続ログイン2日目
※ログインが途切れるか、7日到達すると
1日目から再開されます*
`聖晶石 X 1
4月交換券(2024) X 1
`*魔法使いの夜×Fate/Grand Orderコラボレーションイベント
開幕直前特別ログインボーナス*
*開催期間中、1日1回 最大7回 ログインボーナスをプレゼント！*
`黄金の果実 X 1
`_2024-04-18 19:36:06_
--------
*89b7fa638329cf0a6f11a58783a25de4*
`登陆天数: 37天 / 1769天
等级: 153
石头: 597
呼符: 33
体力: 112.91333333333333 / 143
友情点: 245 / 6538800`
*連続ログイン2日目
※ログインが途切れるか、7日到達すると
1日目から再開されます*
`聖晶石 X 1
4月交換券(2024) X 1
`*魔法使いの夜×Fate/Grand Orderコラボレーションイベント
開幕直前特別ログインボーナス*
*開催期間中、1日1回 最大7回 ログインボーナスをプレゼント！*
`QP X 2000000
`_2024-04-18 19:36:14_
--------
