【登录信息】
*62d99e37f10ca3c3a468162e341dc34a*
`登陆天数: 39天 / 548天
等级: 102
石头: 0
呼符: 3
体力: 161202.07666666666 / 126
友情点: 85 / 3078480`
*連続ログイン4日目
※ログインが途切れるか、7日到達すると
1日目から再開されます*
`聖晶石 X 1
4月交換券(2024) X 1
`*魔法使いの夜×Fate/Grand Orderコラボレーションイベント
開幕直前特別ログインボーナス*
*開催期間中、1日1回 最大7回 ログインボーナスをプレゼント！*
`聖晶石 X 1
`_2024-04-20 19:35:53_
--------
*e08d200d6cae66745a424b7aab92e6b7*
`登陆天数: 39天 / 666天
等级: 1
石头: 704
呼符: 8
体力: 840490.0366666666 / 20
友情点: 0 / 71400`
*連続ログイン4日目
※ログインが途切れるか、7日到達すると
1日目から再開されます*
`聖晶石 X 1
4月交換券(2024) X 1
`_2024-04-20 19:36:02_
--------
*c695a2ada964bb4064c0b3ade64f21e6*
`登陆天数: 39天 / 1493天
等级: 125
石头: 2257
呼符: 146
体力: 143169.82 / 137
友情点: 0 / 502305`
*連続ログイン4日目
※ログインが途切れるか、7日到達すると
1日目から再開されます*
`聖晶石 X 1
4月交換券(2024) X 1
`*魔法使いの夜×Fate/Grand Orderコラボレーションイベント
開幕直前特別ログインボーナス*
*開催期間中、1日1回 最大7回 ログインボーナスをプレゼント！*
`聖晶石 X 1
`_2024-04-20 19:36:09_
--------
*89b7fa638329cf0a6f11a58783a25de4*
`登陆天数: 39天 / 1771天
等级: 153
石头: 602
呼符: 33
体力: 179.55666666666667 / 143
友情点: 85 / 6540000`
*連続ログイン4日目
※ログインが途切れるか、7日到達すると
1日目から再開されます*
`聖晶石 X 1
4月交換券(2024) X 1
`*魔法使いの夜×Fate/Grand Orderコラボレーションイベント
開幕直前特別ログインボーナス*
*開催期間中、1日1回 最大7回 ログインボーナスをプレゼント！*
`英霊結晶・星のフォウくん X 5
`_2024-04-20 19:36:17_
--------
