【登录信息】
*62d99e37f10ca3c3a468162e341dc34a*
`登陆天数: 40天 / 549天
等级: 102
石头: 0
呼符: 3
体力: 161490.10333333333 / 126
友情点: 425 / 3078905`
*連続ログイン5日目
※ログインが途切れるか、7日到達すると
1日目から再開されます*
`叡智の業火 X 2
4月交換券(2024) X 1
`*魔法使いの夜×Fate/Grand Orderコラボレーションイベント
開幕直前特別ログインボーナス*
*開催期間中、1日1回 最大7回 ログインボーナスをプレゼント！*
`英霊結晶・星のフォウくん X 5
`_2024-04-21 19:36:01_
--------
*e08d200d6cae66745a424b7aab92e6b7*
`登陆天数: 40天 / 667天
等级: 1
石头: 704
呼符: 8
体力: 840778.06 / 20
友情点: 0 / 71400`
*連続ログイン5日目
※ログインが途切れるか、7日到達すると
1日目から再開されます*
`叡智の業火 X 2
4月交換券(2024) X 1
`_2024-04-21 19:36:09_
--------
*c695a2ada964bb4064c0b3ade64f21e6*
`登陆天数: 40天 / 1494天
等级: 125
石头: 2257
呼符: 146
体力: 143457.84333333332 / 137
友情点: 0 / 502305`
*連続ログイン5日目
※ログインが途切れるか、7日到達すると
1日目から再開されます*
`叡智の業火 X 2
4月交換券(2024) X 1
`*魔法使いの夜×Fate/Grand Orderコラボレーションイベント
開幕直前特別ログインボーナス*
*開催期間中、1日1回 最大7回 ログインボーナスをプレゼント！*
`英霊結晶・星のフォウくん X 5
`_2024-04-21 19:36:16_
--------
*89b7fa638329cf0a6f11a58783a25de4*
`登陆天数: 40天 / 1772天
等级: 153
石头: 603
呼符: 33
体力: 185.35666666666668 / 143
友情点: 180 / 6542985`
*連続ログイン5日目
※ログインが途切れるか、7日到達すると
1日目から再開されます*
`叡智の業火 X 2
4月交換券(2024) X 1
`*魔法使いの夜×Fate/Grand Orderコラボレーションイベント
開幕直前特別ログインボーナス*
*開催期間中、1日1回 最大7回 ログインボーナスをプレゼント！*
`英霊結晶・太陽のフォウくん X 5
`_2024-04-21 19:36:24_
--------
