【登录信息】
*62d99e37f10ca3c3a468162e341dc34a*
`登陆天数: 41天 / 550天
等级: 102
石头: 0
呼符: 3
体力: 161778.04 / 126
友情点: 340 / 3079245`
*連続ログイン6日目
※ログインが途切れるか、7日到達すると
1日目から再開されます*
`聖晶石 X 2
4月交換券(2024) X 1
`*魔法使いの夜×Fate/Grand Orderコラボレーションイベント
開幕直前特別ログインボーナス*
*開催期間中、1日1回 最大7回 ログインボーナスをプレゼント！*
`英霊結晶・太陽のフォウくん X 5
`_2024-04-22 19:35:43_
--------
*e08d200d6cae66745a424b7aab92e6b7*
`登陆天数: 41天 / 668天
等级: 1
石头: 704
呼符: 8
体力: 841066.0 / 20
友情点: 0 / 71400`
*連続ログイン6日目
※ログインが途切れるか、7日到達すると
1日目から再開されます*
`聖晶石 X 2
4月交換券(2024) X 1
`_2024-04-22 19:35:51_
--------
*c695a2ada964bb4064c0b3ade64f21e6*
`登陆天数: 41天 / 1495天
等级: 125
石头: 2257
呼符: 146
体力: 143745.78333333333 / 137
友情点: 0 / 502305`
*連続ログイン6日目
※ログインが途切れるか、7日到達すると
1日目から再開されます*
`聖晶石 X 2
4月交換券(2024) X 1
`*魔法使いの夜×Fate/Grand Orderコラボレーションイベント
開幕直前特別ログインボーナス*
*開催期間中、1日1回 最大7回 ログインボーナスをプレゼント！*
`英霊結晶・太陽のフォウくん X 5
`_2024-04-22 19:35:58_
--------
*89b7fa638329cf0a6f11a58783a25de4*
`登陆天数: 41天 / 1773天
等级: 153
石头: 609
呼符: 33
体力: 148.10666666666665 / 143
友情点: 340 / 6543525`
*連続ログイン6日目
※ログインが途切れるか、7日到達すると
1日目から再開されます*
`聖晶石 X 2
4月交換券(2024) X 1
`*魔法使いの夜×Fate/Grand Orderコラボレーションイベント
開幕直前特別ログインボーナス*
*開催期間中、1日1回 最大7回 ログインボーナスをプレゼント！*
`聖晶石 X 1
`_2024-04-22 19:36:07_
--------
