【登录信息】
*62d99e37f10ca3c3a468162e341dc34a*
`登陆天数: 42天 / 551天
等级: 102
石头: 0
呼符: 3
体力: 162066.29333333333 / 126
友情点: 595 / 3079840`
*連続ログイン7日間到達おめでとうございます！
明日は1日目からリスタートされます。*
`獣の足跡 X 1
呼符 X 1
4月交換券(2024) X 1
`*魔法使いの夜×Fate/Grand Orderコラボレーションイベント
開幕直前特別ログインボーナス*
*開催期間中、1日1回 最大7回 ログインボーナスをプレゼント！*
`聖晶石 X 1
`_2024-04-23 19:36:58_
--------
*e08d200d6cae66745a424b7aab92e6b7*
`登陆天数: 42天 / 669天
等级: 1
石头: 704
呼符: 8
体力: 841354.2533333333 / 20
友情点: 0 / 71400`
*連続ログイン7日間到達おめでとうございます！
明日は1日目からリスタートされます。*
`獣の足跡 X 1
呼符 X 1
4月交換券(2024) X 1
`_2024-04-23 19:37:06_
--------
*c695a2ada964bb4064c0b3ade64f21e6*
`登陆天数: 42天 / 1496天
等级: 125
石头: 2257
呼符: 146
体力: 144034.03666666665 / 137
友情点: 0 / 502305`
*連続ログイン7日間到達おめでとうございます！
明日は1日目からリスタートされます。*
`獣の足跡 X 1
呼符 X 1
4月交換券(2024) X 1
`*魔法使いの夜×Fate/Grand Orderコラボレーションイベント
開幕直前特別ログインボーナス*
*開催期間中、1日1回 最大7回 ログインボーナスをプレゼント！*
`聖晶石 X 1
`_2024-04-23 19:37:14_
--------
*89b7fa638329cf0a6f11a58783a25de4*
`登陆天数: 42天 / 1774天
等级: 153
石头: 612
呼符: 33
体力: 85.31333333333333 / 143
友情点: 190 / 6543975`
*連続ログイン7日間到達おめでとうございます！
明日は1日目からリスタートされます。*
`獣の足跡 X 1
呼符 X 1
4月交換券(2024) X 1
`_2024-04-23 19:37:22_
--------
