【登录信息】
*62d99e37f10ca3c3a468162e341dc34a*
`登陆天数: 43天 / 552天
等级: 102
石头: 0
呼符: 3
体力: 162354.13333333333 / 126
友情点: 2890 / 3082930`
*連続ログイン1日目
※ログインが途切れるか、7日到達すると
1日目から再開されます*
`フレンドポイント X 2000
4月交換券(2024) X 1
`_2024-04-24 19:36:10_
--------
*e08d200d6cae66745a424b7aab92e6b7*
`登陆天数: 43天 / 670天
等级: 1
石头: 704
呼符: 8
体力: 841642.0933333334 / 20
友情点: 0 / 71400`
*連続ログイン1日目
※ログインが途切れるか、7日到達すると
1日目から再開されます*
`フレンドポイント X 2000
4月交換券(2024) X 1
`_2024-04-24 19:36:19_
--------
*c695a2ada964bb4064c0b3ade64f21e6*
`登陆天数: 43天 / 1497天
等级: 125
石头: 2257
呼符: 146
体力: 144321.88 / 137
友情点: 0 / 502305`
*連続ログイン1日目
※ログインが途切れるか、7日到達すると
1日目から再開されます*
`フレンドポイント X 2000
4月交換券(2024) X 1
`_2024-04-24 19:36:27_
--------
*89b7fa638329cf0a6f11a58783a25de4*
`登陆天数: 43天 / 1775天
等级: 153
石头: 616
呼符: 33
体力: 191.65333333333334 / 143
友情点: 360 / 6545045`
*連続ログイン1日目
※ログインが途切れるか、7日到達すると
1日目から再開されます*
`フレンドポイント X 2000
4月交換券(2024) X 1
`_2024-04-24 19:36:35_
--------
