【登录信息】
*62d99e37f10ca3c3a468162e341dc34a*
`登陆天数: 44天 / 553天
等级: 102
石头: 0
呼符: 3
体力: 162641.97666666665 / 126
友情点: 1275 / 3084405`
*連続ログイン2日目
※ログインが途切れるか、7日到達すると
1日目から再開されます*
`聖晶石 X 1
4月交換券(2024) X 1
`_2024-04-25 19:35:23_
--------
*e08d200d6cae66745a424b7aab92e6b7*
`登陆天数: 44天 / 671天
等级: 1
石头: 704
呼符: 8
体力: 841929.9366666666 / 20
友情点: 0 / 71400`
*連続ログイン2日目
※ログインが途切れるか、7日到達すると
1日目から再開されます*
`聖晶石 X 1
4月交換券(2024) X 1
`_2024-04-25 19:35:31_
--------
*c695a2ada964bb4064c0b3ade64f21e6*
`登陆天数: 44天 / 1498天
等级: 125
石头: 2257
呼符: 146
体力: 144609.72 / 137
友情点: 0 / 502305`
*連続ログイン2日目
※ログインが途切れるか、7日到達すると
1日目から再開されます*
`聖晶石 X 1
4月交換券(2024) X 1
`_2024-04-25 19:35:39_
--------
*89b7fa638329cf0a6f11a58783a25de4*
`登陆天数: 44天 / 1776天
等级: 154
石头: 618
呼符: 33
体力: 190.73666666666668 / 143
友情点: 150 / 6545850`
*連続ログイン2日目
※ログインが途切れるか、7日到達すると
1日目から再開されます*
`聖晶石 X 1
4月交換券(2024) X 1
`_2024-04-25 19:35:47_
--------
