【登录信息】
*62d99e37f10ca3c3a468162e341dc34a*
`登陆天数: 23天 / 496天
等级: 102
石头: 0
呼符: 3
体力: 138161.37333333332 / 126
友情点: 1445 / 2984425`
*連続ログイン2日目
※ログインが途切れるか、7日到達すると
1日目から再開されます*
`聖晶石 X 1
2月交換券(2024) X 1
`*「Fate/stay night」20周年記念
7万リポスト達成プレゼント*
*開催期間中、初回ログインで「聖晶石×20」をプレゼント！*
`聖晶石 X 20
`_2024-01-31 19:32:22_
--------
*e08d200d6cae66745a424b7aab92e6b7*
`登陆天数: 23天 / 614天
等级: 1
石头: 704
呼符: 8
体力: 817449.3333333334 / 20
友情点: 0 / 71400`
*連続ログイン2日目
※ログインが途切れるか、7日到達すると
1日目から再開されます*
`聖晶石 X 1
2月交換券(2024) X 1
`*「Fate/stay night」20周年記念
7万リポスト達成プレゼント*
*開催期間中、初回ログインで「聖晶石×20」をプレゼント！*
`聖晶石 X 20
`_2024-01-31 19:32:30_
--------
*c695a2ada964bb4064c0b3ade64f21e6*
`登陆天数: 23天 / 1441天
等级: 125
石头: 2257
呼符: 146
体力: 120129.11666666667 / 137
友情点: 0 / 502305`
*連続ログイン2日目
※ログインが途切れるか、7日到達すると
1日目から再開されます*
`聖晶石 X 1
2月交換券(2024) X 1
`*「Fate/stay night」20周年記念
7万リポスト達成プレゼント*
*開催期間中、初回ログインで「聖晶石×20」をプレゼント！*
`聖晶石 X 20
`_2024-01-31 19:32:38_
--------
*89b7fa638329cf0a6f11a58783a25de4*
`登陆天数: 23天 / 1717天
等级: 153
石头: 248
呼符: 25
体力: 5695.91 / 143
友情点: 135 / 6492920`
*連続ログイン2日目
※ログインが途切れるか、7日到達すると
1日目から再開されます*
`聖晶石 X 1
2月交換券(2024) X 1
`*「Fate/stay night」20周年記念
7万リポスト達成プレゼント*
*開催期間中、初回ログインで「聖晶石×20」をプレゼント！*
`聖晶石 X 20
`_2024-01-31 19:32:46_
--------
