【登录信息】
*62d99e37f10ca3c3a468162e341dc34a*
`登陆天数: 26天 / 499天
等级: 102
石头: 0
呼符: 3
体力: 139025.30333333334 / 126
友情点: 1020 / 2987155`
*連続ログイン5日目
※ログインが途切れるか、7日到達すると
1日目から再開されます*
`叡智の業火 X 2
2月交換券(2024) X 1
`*日替りログインボーナス*
*開催期間中、1日1回 2週間日替りでログインボーナスをプレゼント！*
`巡霊の葉 X 30
`_2024-02-03 19:32:01_
--------
*e08d200d6cae66745a424b7aab92e6b7*
`登陆天数: 26天 / 617天
等级: 1
石头: 704
呼符: 8
体力: 818313.26 / 20
友情点: 0 / 71400`
*連続ログイン5日目
※ログインが途切れるか、7日到達すると
1日目から再開されます*
`叡智の業火 X 2
2月交換券(2024) X 1
`_2024-02-03 19:32:09_
--------
*c695a2ada964bb4064c0b3ade64f21e6*
`登陆天数: 26天 / 1444天
等级: 125
石头: 2257
呼符: 146
体力: 120993.04333333333 / 137
友情点: 0 / 502305`
*連続ログイン5日目
※ログインが途切れるか、7日到達すると
1日目から再開されます*
`叡智の業火 X 2
2月交換券(2024) X 1
`*日替りログインボーナス*
*開催期間中、1日1回 2週間日替りでログインボーナスをプレゼント！*
`巡霊の葉 X 30
`_2024-02-03 19:32:17_
--------
*89b7fa638329cf0a6f11a58783a25de4*
`登陆天数: 26天 / 1720天
等级: 153
石头: 248
呼符: 25
体力: 6559.84 / 143
友情点: 120 / 6493210`
*連続ログイン5日目
※ログインが途切れるか、7日到達すると
1日目から再開されます*
`叡智の業火 X 2
2月交換券(2024) X 1
`*日替りログインボーナス*
*開催期間中、1日1回 2週間日替りでログインボーナスをプレゼント！*
`巡霊の葉 X 30
`_2024-02-03 19:32:25_
--------
