【登录信息】
*62d99e37f10ca3c3a468162e341dc34a*
`登陆天数: 27天 / 500天
等级: 102
石头: 0
呼符: 3
体力: 139313.27 / 126
友情点: 2550 / 2989705`
*連続ログイン6日目
※ログインが途切れるか、7日到達すると
1日目から再開されます*
`聖晶石 X 2
2月交換券(2024) X 1
`*日替りログインボーナス*
*開催期間中、1日1回 2週間日替りでログインボーナスをプレゼント！*
`聖晶石 X 1
巡霊の葉 X 80
`_2024-02-04 19:31:51_
--------
*e08d200d6cae66745a424b7aab92e6b7*
`登陆天数: 27天 / 618天
等级: 1
石头: 704
呼符: 8
体力: 818601.2266666667 / 20
友情点: 0 / 71400`
*連続ログイン6日目
※ログインが途切れるか、7日到達すると
1日目から再開されます*
`聖晶石 X 2
2月交換券(2024) X 1
`_2024-02-04 19:31:59_
--------
*c695a2ada964bb4064c0b3ade64f21e6*
`登陆天数: 27天 / 1445天
等级: 125
石头: 2257
呼符: 146
体力: 121281.01 / 137
友情点: 0 / 502305`
*連続ログイン6日目
※ログインが途切れるか、7日到達すると
1日目から再開されます*
`聖晶石 X 2
2月交換券(2024) X 1
`*日替りログインボーナス*
*開催期間中、1日1回 2週間日替りでログインボーナスをプレゼント！*
`聖晶石 X 1
巡霊の葉 X 80
`_2024-02-04 19:32:06_
--------
*89b7fa638329cf0a6f11a58783a25de4*
`登陆天数: 27天 / 1721天
等级: 153
石头: 248
呼符: 25
体力: 6847.803333333333 / 143
友情点: 260 / 6493480`
*連続ログイン6日目
※ログインが途切れるか、7日到達すると
1日目から再開されます*
`聖晶石 X 2
2月交換券(2024) X 1
`*日替りログインボーナス*
*開催期間中、1日1回 2週間日替りでログインボーナスをプレゼント！*
`聖晶石 X 1
巡霊の葉 X 80
`_2024-02-04 19:32:14_
--------
