【登录信息】
*62d99e37f10ca3c3a468162e341dc34a*
`登陆天数: 28天 / 501天
等级: 102
石头: 0
呼符: 3
体力: 139601.27 / 126
友情点: 935 / 2990640`
*連続ログイン7日間到達おめでとうございます！
明日は1日目からリスタートされます。*
`獣の足跡 X 1
呼符 X 1
2月交換券(2024) X 1
`*「Fate/stay night」20周年記念特別ログインボーナス*
*開催期間中、1日1回 最大7回ログインボーナスをプレゼント！*
`聖晶石 X 20
`_2024-02-05 19:31:51_
--------
*e08d200d6cae66745a424b7aab92e6b7*
`登陆天数: 28天 / 619天
等级: 1
石头: 704
呼符: 8
体力: 818889.2266666667 / 20
友情点: 0 / 71400`
*連続ログイン7日間到達おめでとうございます！
明日は1日目からリスタートされます。*
`獣の足跡 X 1
呼符 X 1
2月交換券(2024) X 1
`_2024-02-05 19:31:59_
--------
*c695a2ada964bb4064c0b3ade64f21e6*
`登陆天数: 28天 / 1446天
等级: 125
石头: 2257
呼符: 146
体力: 121569.01 / 137
友情点: 0 / 502305`
*連続ログイン7日間到達おめでとうございます！
明日は1日目からリスタートされます。*
`獣の足跡 X 1
呼符 X 1
2月交換券(2024) X 1
`*「Fate/stay night」20周年記念特別ログインボーナス*
*開催期間中、1日1回 最大7回ログインボーナスをプレゼント！*
`聖晶石 X 20
`_2024-02-05 19:32:06_
--------
*89b7fa638329cf0a6f11a58783a25de4*
`登陆天数: 28天 / 1722天
等级: 153
石头: 248
呼符: 25
体力: 7135.806666666666 / 143
友情点: 165 / 6493645`
*連続ログイン7日間到達おめでとうございます！
明日は1日目からリスタートされます。*
`獣の足跡 X 1
呼符 X 1
2月交換券(2024) X 1
`*「Fate/stay night」20周年記念特別ログインボーナス*
*開催期間中、1日1回 最大7回ログインボーナスをプレゼント！*
`聖晶石 X 20
`_2024-02-05 19:32:14_
--------
