【登录信息】
*62d99e37f10ca3c3a468162e341dc34a*
`登陆天数: 29天 / 502天
等级: 102
石头: 0
呼符: 3
体力: 139889.28666666665 / 126
友情点: 1105 / 2991745`
*連続ログイン1日目
※ログインが途切れるか、7日到達すると
1日目から再開されます*
`フレンドポイント X 2000
2月交換券(2024) X 1
`*盈月剣風帖開幕記念 ログインボーナス*
*開催期間中、1日1回 最大21回ログインボーナスをプレゼント！*
`白銀の果実 X 1
`_2024-02-06 19:31:56_
--------
*e08d200d6cae66745a424b7aab92e6b7*
`登陆天数: 29天 / 620天
等级: 1
石头: 704
呼符: 8
体力: 819177.2466666667 / 20
友情点: 0 / 71400`
*連続ログイン1日目
※ログインが途切れるか、7日到達すると
1日目から再開されます*
`フレンドポイント X 2000
2月交換券(2024) X 1
`_2024-02-06 19:32:04_
--------
*c695a2ada964bb4064c0b3ade64f21e6*
`登陆天数: 29天 / 1447天
等级: 125
石头: 2257
呼符: 146
体力: 121857.03 / 137
友情点: 0 / 502305`
*連続ログイン1日目
※ログインが途切れるか、7日到達すると
1日目から再開されます*
`フレンドポイント X 2000
2月交換券(2024) X 1
`*盈月剣風帖開幕記念 ログインボーナス*
*開催期間中、1日1回 最大21回ログインボーナスをプレゼント！*
`白銀の果実 X 1
`_2024-02-06 19:32:12_
--------
*89b7fa638329cf0a6f11a58783a25de4*
`登陆天数: 29天 / 1723天
等级: 153
石头: 248
呼符: 25
体力: 7423.826666666667 / 143
友情点: 155 / 6493800`
*連続ログイン1日目
※ログインが途切れるか、7日到達すると
1日目から再開されます*
`フレンドポイント X 2000
2月交換券(2024) X 1
`*盈月剣風帖開幕記念 ログインボーナス*
*開催期間中、1日1回 最大21回ログインボーナスをプレゼント！*
`白銀の果実 X 1
`_2024-02-06 19:32:20_
--------
