【登录信息】
*62d99e37f10ca3c3a468162e341dc34a*
`登陆天数: 30天 / 503天
等级: 102
石头: 0
呼符: 3
体力: 140177.25666666665 / 126
友情点: 2720 / 2994465`
*連続ログイン2日目
※ログインが途切れるか、7日到達すると
1日目から再開されます*
`聖晶石 X 1
2月交換券(2024) X 1
`*日替りログインボーナス*
*開催期間中、1日1回 2週間日替りでログインボーナスをプレゼント！*
`聖晶石 X 3
巡霊の葉 X 50
`_2024-02-07 19:31:47_
--------
*e08d200d6cae66745a424b7aab92e6b7*
`登陆天数: 30天 / 621天
等级: 1
石头: 704
呼符: 8
体力: 819465.2166666667 / 20
友情点: 0 / 71400`
*連続ログイン2日目
※ログインが途切れるか、7日到達すると
1日目から再開されます*
`聖晶石 X 1
2月交換券(2024) X 1
`*使用期限付コンティニューアイテムプレゼント！*
*開催期間中、初回ログインでコンティニューアイテム「霊脈石×3」をプレゼント！*
`霊脈石 X 3
`_2024-02-07 19:31:55_
--------
*c695a2ada964bb4064c0b3ade64f21e6*
`登陆天数: 30天 / 1448天
等级: 125
石头: 2257
呼符: 146
体力: 122145.0 / 137
友情点: 0 / 502305`
*連続ログイン2日目
※ログインが途切れるか、7日到達すると
1日目から再開されます*
`聖晶石 X 1
2月交換券(2024) X 1
`*日替りログインボーナス*
*開催期間中、1日1回 2週間日替りでログインボーナスをプレゼント！*
`聖晶石 X 3
巡霊の葉 X 50
`_2024-02-07 19:32:03_
--------
*89b7fa638329cf0a6f11a58783a25de4*
`登陆天数: 30天 / 1724天
等级: 153
石头: 248
呼符: 25
体力: 7711.793333333333 / 143
友情点: 265 / 6494065`
*連続ログイン2日目
※ログインが途切れるか、7日到達すると
1日目から再開されます*
`聖晶石 X 1
2月交換券(2024) X 1
`*日替りログインボーナス*
*開催期間中、1日1回 2週間日替りでログインボーナスをプレゼント！*
`聖晶石 X 3
巡霊の葉 X 50
`_2024-02-07 19:32:11_
--------
