【登录信息】
*62d99e37f10ca3c3a468162e341dc34a*
`登陆天数: 34天 / 507天
等级: 102
石头: 0
呼符: 3
体力: 141329.31 / 126
友情点: 3230 / 3006280`
*連続ログイン6日目
※ログインが途切れるか、7日到達すると
1日目から再開されます*
`聖晶石 X 2
2月交換券(2024) X 1
`*「FGO カルデア・サテライトステーション 2023-2024」新潟会場開催記念 3万リポスト達成プレゼント*
*開催期間中、初回ログインで「聖晶石×6」をプレゼント！*
`聖晶石 X 6
`_2024-02-11 19:32:03_
--------
*e08d200d6cae66745a424b7aab92e6b7*
`登陆天数: 34天 / 625天
等级: 1
石头: 704
呼符: 8
体力: 820617.27 / 20
友情点: 0 / 71400`
*連続ログイン6日目
※ログインが途切れるか、7日到達すると
1日目から再開されます*
`聖晶石 X 2
2月交換券(2024) X 1
`_2024-02-11 19:32:12_
--------
*c695a2ada964bb4064c0b3ade64f21e6*
`登陆天数: 34天 / 1452天
等级: 125
石头: 2257
呼符: 146
体力: 123297.05333333333 / 137
友情点: 0 / 502305`
*連続ログイン6日目
※ログインが途切れるか、7日到達すると
1日目から再開されます*
`聖晶石 X 2
2月交換券(2024) X 1
`*「FGO カルデア・サテライトステーション 2023-2024」新潟会場開催記念 3万リポスト達成プレゼント*
*開催期間中、初回ログインで「聖晶石×6」をプレゼント！*
`聖晶石 X 6
`_2024-02-11 19:32:19_
--------
*89b7fa638329cf0a6f11a58783a25de4*
`登陆天数: 34天 / 1728天
等级: 153
石头: 248
呼符: 25
体力: 8863.85 / 143
友情点: 315 / 6495600`
*連続ログイン6日目
※ログインが途切れるか、7日到達すると
1日目から再開されます*
`聖晶石 X 2
2月交換券(2024) X 1
`*「FGO カルデア・サテライトステーション 2023-2024」新潟会場開催記念 3万リポスト達成プレゼント*
*開催期間中、初回ログインで「聖晶石×6」をプレゼント！*
`聖晶石 X 6
`_2024-02-11 19:32:28_
--------
