【登录信息】
*62d99e37f10ca3c3a468162e341dc34a*
`登陆天数: 35天 / 508天
等级: 102
石头: 0
呼符: 3
体力: 141617.32666666666 / 126
友情点: 3400 / 3009680`
*連続ログイン7日間到達おめでとうございます！
明日は1日目からリスタートされます。*
`獣の足跡 X 1
呼符 X 1
2月交換券(2024) X 1
`*日替りログインボーナス*
*開催期間中、1日1回 2週間日替りでログインボーナスをプレゼント！*
`巡霊の葉 X 30
`_2024-02-12 19:32:08_
--------
*e08d200d6cae66745a424b7aab92e6b7*
`登陆天数: 35天 / 626天
等级: 1
石头: 704
呼符: 8
体力: 820905.2866666666 / 20
友情点: 0 / 71400`
*連続ログイン7日間到達おめでとうございます！
明日は1日目からリスタートされます。*
`獣の足跡 X 1
呼符 X 1
2月交換券(2024) X 1
`_2024-02-12 19:32:16_
--------
*c695a2ada964bb4064c0b3ade64f21e6*
`登陆天数: 35天 / 1453天
等级: 125
石头: 2257
呼符: 146
体力: 123585.07 / 137
友情点: 0 / 502305`
*連続ログイン7日間到達おめでとうございます！
明日は1日目からリスタートされます。*
`獣の足跡 X 1
呼符 X 1
2月交換券(2024) X 1
`*日替りログインボーナス*
*開催期間中、1日1回 2週間日替りでログインボーナスをプレゼント！*
`巡霊の葉 X 30
`_2024-02-12 19:32:24_
--------
*89b7fa638329cf0a6f11a58783a25de4*
`登陆天数: 35天 / 1729天
等级: 153
石头: 248
呼符: 25
体力: 9151.863333333333 / 143
友情点: 490 / 6496090`
*連続ログイン7日間到達おめでとうございます！
明日は1日目からリスタートされます。*
`獣の足跡 X 1
呼符 X 1
2月交換券(2024) X 1
`*日替りログインボーナス*
*開催期間中、1日1回 2週間日替りでログインボーナスをプレゼント！*
`巡霊の葉 X 30
`_2024-02-12 19:32:32_
--------
