【登录信息】
*62d99e37f10ca3c3a468162e341dc34a*
`登陆天数: 36天 / 509天
等级: 102
石头: 0
呼符: 3
体力: 141905.27333333335 / 126
友情点: 1700 / 3011380`
*連続ログイン1日目
※ログインが途切れるか、7日到達すると
1日目から再開されます*
`フレンドポイント X 2000
2月交換券(2024) X 1
`*バレンタイン2024
開幕直前特別ログインボーナス*
*開催期間中、1日1回 最大7回ログインボーナスをプレゼント！*
`マナプリズム X 50
`_2024-02-13 19:31:52_
--------
*e08d200d6cae66745a424b7aab92e6b7*
`登陆天数: 36天 / 627天
等级: 1
石头: 704
呼符: 8
体力: 821193.23 / 20
友情点: 0 / 71400`
*連続ログイン1日目
※ログインが途切れるか、7日到達すると
1日目から再開されます*
`フレンドポイント X 2000
2月交換券(2024) X 1
`_2024-02-13 19:32:00_
--------
*c695a2ada964bb4064c0b3ade64f21e6*
`登陆天数: 36天 / 1454天
等级: 125
石头: 2257
呼符: 146
体力: 123873.01333333334 / 137
友情点: 0 / 502305`
*連続ログイン1日目
※ログインが途切れるか、7日到達すると
1日目から再開されます*
`フレンドポイント X 2000
2月交換券(2024) X 1
`*バレンタイン2024
開幕直前特別ログインボーナス*
*開催期間中、1日1回 最大7回ログインボーナスをプレゼント！*
`マナプリズム X 50
`_2024-02-13 19:32:07_
--------
*89b7fa638329cf0a6f11a58783a25de4*
`登陆天数: 36天 / 1730天
等级: 153
石头: 248
呼符: 25
体力: 9439.806666666667 / 143
友情点: 200 / 6496290`
*連続ログイン1日目
※ログインが途切れるか、7日到達すると
1日目から再開されます*
`フレンドポイント X 2000
2月交換券(2024) X 1
`*バレンタイン2024
開幕直前特別ログインボーナス*
*開催期間中、1日1回 最大7回ログインボーナスをプレゼント！*
`マナプリズム X 50
`_2024-02-13 19:32:15_
--------
