【登录信息】
*62d99e37f10ca3c3a468162e341dc34a*
`登陆天数: 3天 / 58天
等级: 77
石头: 14
呼符: 10
体力: 112.62 / 102
友情点: 60 / 53905`
*連続ログイン3日目
※ログインが途切れるか、7日到達すると
1日目から再開されます*
`叡智の業火 X 1
9月交換券(2022) X 1
`*2600万DL突破記念 特別連続ログインボーナス*
*開催期間中、1日1回 最大7回 連続ログインボーナスをプレゼント！*
`黄金の果実 X 10
`_2022-09-01 19:36:48_
--------
*e08d200d6cae66745a424b7aab92e6b7*
`登陆天数: 2天 / 177天
等级: 1
石头: 704
呼符: 8
体力: 668554.2166666667 / 20
友情点: 0 / 71400`
*連続ログイン2日目
※ログインが途切れるか、7日到達すると
1日目から再開されます*
`聖晶石 X 1
9月交換券(2022) X 1
`_2022-09-01 19:36:56_
--------
