【登录信息】
*62d99e37f10ca3c3a468162e341dc34a*
`登陆天数: 4天 / 59天
等级: 101
石头: 19
呼符: 0
体力: 22.700000000000003 / 126
友情点: 150 / 79715`
*連続ログイン4日目
※ログインが途切れるか、7日到達すると
1日目から再開されます*
`聖晶石 X 1
9月交換券(2022) X 1
`*2600万DL突破記念 特別連続ログインボーナス*
*開催期間中、1日1回 最大7回 連続ログインボーナスをプレゼント！*
`叡智の業火 X 10
`_2022-09-02 19:36:55_
--------
*e08d200d6cae66745a424b7aab92e6b7*
`登陆天数: 3天 / 178天
等级: 1
石头: 704
呼符: 8
体力: 668842.24 / 20
友情点: 0 / 71400`
*連続ログイン3日目
※ログインが途切れるか、7日到達すると
1日目から再開されます*
`叡智の業火 X 1
9月交換券(2022) X 1
`_2022-09-02 19:37:03_
--------
