【登录信息】
*62d99e37f10ca3c3a468162e341dc34a*
`登陆天数: 5天 / 60天
等级: 101
石头: 20
呼符: 0
体力: 61.68000000000001 / 126
友情点: 80 / 153145`
*連続ログイン5日目
※ログインが途切れるか、7日到達すると
1日目から再開されます*
`叡智の業火 X 2
9月交換券(2022) X 1
`*2600万DL突破記念 特別連続ログインボーナス*
*開催期間中、1日1回 最大7回 連続ログインボーナスをプレゼント！*
`QP X 10000000
`_2022-09-03 19:36:20_
--------
*e08d200d6cae66745a424b7aab92e6b7*
`登陆天数: 4天 / 179天
等级: 1
石头: 704
呼符: 8
体力: 669130.1233333333 / 20
友情点: 0 / 71400`
*連続ログイン4日目
※ログインが途切れるか、7日到達すると
1日目から再開されます*
`聖晶石 X 1
9月交換券(2022) X 1
`_2022-09-03 19:36:28_
--------
