【登录信息】
*62d99e37f10ca3c3a468162e341dc34a*
`登陆天数: 6天 / 61天
等级: 101
石头: 18
呼符: 0
体力: 95.55333333333334 / 126
友情点: 90 / 162345`
*連続ログイン6日目
※ログインが途切れるか、7日到達すると
1日目から再開されます*
`聖晶石 X 2
9月交換券(2022) X 1
`*2600万DL突破記念 特別連続ログインボーナス*
*開催期間中、1日1回 最大7回 連続ログインボーナスをプレゼント！*
`英霊結晶・星のフォウくん X 10
`_2022-09-04 19:36:19_
--------
*e08d200d6cae66745a424b7aab92e6b7*
`登陆天数: 5天 / 180天
等级: 1
石头: 704
呼符: 8
体力: 669418.12 / 20
友情点: 0 / 71400`
*連続ログイン5日目
※ログインが途切れるか、7日到達すると
1日目から再開されます*
`叡智の業火 X 2
9月交換券(2022) X 1
`_2022-09-04 19:36:27_
--------
