【登录信息】
*62d99e37f10ca3c3a468162e341dc34a*
`登陆天数: 7天 / 62天
等级: 101
石头: 20
呼符: 0
体力: 79.12 / 126
友情点: 100 / 239175`
*連続ログイン7日間到達おめでとうございます！
明日は1日目からリスタートされます。*
`獣の足跡 X 1
呼符 X 1
9月交換券(2022) X 1
`*2600万DL突破記念 特別連続ログインボーナス*
*開催期間中、1日1回 最大7回 連続ログインボーナスをプレゼント！*
`英霊結晶・太陽のフォウくん X 10
`_2022-09-05 19:36:39_
--------
*e08d200d6cae66745a424b7aab92e6b7*
`登陆天数: 6天 / 181天
等级: 1
石头: 704
呼符: 8
体力: 669706.1866666666 / 20
友情点: 0 / 71400`
*連続ログイン6日目
※ログインが途切れるか、7日到達すると
1日目から再開されます*
`聖晶石 X 2
9月交換券(2022) X 1
`_2022-09-05 19:36:46_
--------
