【登录信息】
*62d99e37f10ca3c3a468162e341dc34a*
`登陆天数: 8天 / 63天
等级: 101
石头: 23
呼符: 0
体力: 31.03 / 126
友情点: 100 / 341045`
*連続ログイン1日目
※ログインが途切れるか、7日到達すると
1日目から再開されます*
`フレンドポイント X 2000
9月交換券(2022) X 1
`*2600万DL突破記念 特別連続ログインボーナス*
*開催期間中、1日1回 最大7回 連続ログインボーナスをプレゼント！*
`呼符 X 10
`_2022-09-06 19:36:53_
--------
*e08d200d6cae66745a424b7aab92e6b7*
`登陆天数: 7天 / 182天
等级: 1
石头: 704
呼符: 8
体力: 669994.2333333333 / 20
友情点: 0 / 71400`
*連続ログイン7日間到達おめでとうございます！
明日は1日目からリスタートされます。*
`獣の足跡 X 1
呼符 X 1
9月交換券(2022) X 1
`_2022-09-06 19:37:01_
--------
