【登录信息】
*62d99e37f10ca3c3a468162e341dc34a*
`登陆天数: 9天 / 64天
等级: 101
石头: 23
呼符: 0
体力: 44.66666666666667 / 126
友情点: 10 / 412045`
*連続ログイン2日目
※ログインが途切れるか、7日到達すると
1日目から再開されます*
`聖晶石 X 1
9月交換券(2022) X 1
`_2022-09-07 19:38:30_
--------
*e08d200d6cae66745a424b7aab92e6b7*
`登陆天数: 8天 / 183天
等级: 1
石头: 704
呼符: 8
体力: 670282.5566666666 / 20
友情点: 0 / 71400`
*連続ログイン1日目
※ログインが途切れるか、7日到達すると
1日目から再開されます*
`フレンドポイント X 2000
9月交換券(2022) X 1
`*Road to 7 [Lostbelt No.4]開催！*
*Road to 7 [Lostbelt No.4]開催！*
``_2022-09-07 19:38:38_
--------
