【登录信息】
*62d99e37f10ca3c3a468162e341dc34a*
`登陆天数: 16天 / 71天
等级: 101
石头: 46
呼符: 12
体力: 242.38666666666666 / 126
友情点: 90 / 1944140`
*連続ログイン2日目
※ログインが途切れるか、7日到達すると
1日目から再開されます*
`聖晶石 X 1
9月交換券(2022) X 1
`*FGO カルデア放送局 ライト版 ～ぐだぐだ新邪馬台国～
放送記念 初回ログインボーナス*
*開催期間中、初回ログインで「聖晶石×14」をプレゼント！*
`聖晶石 X 14
`_2022-09-14 19:38:58_
--------
*e08d200d6cae66745a424b7aab92e6b7*
`登陆天数: 15天 / 190天
等级: 1
石头: 704
呼符: 8
体力: 672298.65 / 20
友情点: 0 / 71400`
*連続ログイン1日目
※ログインが途切れるか、7日到達すると
1日目から再開されます*
`フレンドポイント X 2000
9月交換券(2022) X 1
`_2022-09-14 19:39:05_
--------
