【登录信息】
*62d99e37f10ca3c3a468162e341dc34a*
`登陆天数: 19天 / 74天
等级: 101
石头: 46
呼符: 12
体力: 1106.1100000000001 / 126
友情点: 340 / 1945000`
*連続ログイン5日目
※ログインが途切れるか、7日到達すると
1日目から再開されます*
`叡智の業火 X 2
9月交換券(2022) X 1
`*京都国際マンガ・アニメフェア2022
出展記念 初回ログインボーナス*
*開催期間中、初回ログインで「聖晶石×10」をプレゼント！*
`聖晶石 X 10
`_2022-09-17 19:37:35_
--------
*e08d200d6cae66745a424b7aab92e6b7*
`登陆天数: 18天 / 193天
等级: 1
石头: 704
呼符: 8
体力: 673162.3733333333 / 20
友情点: 0 / 71400`
*連続ログイン4日目
※ログインが途切れるか、7日到達すると
1日目から再開されます*
`聖晶石 X 1
9月交換券(2022) X 1
`_2022-09-17 19:37:42_
--------
