【登录信息】
*62d99e37f10ca3c3a468162e341dc34a*
`登陆天数: 35天 / 334天
等级: 102
石头: 0
呼符: 3
体力: 76241.10666666667 / 126
友情点: 4590 / 2570750`
*連続ログイン7日間到達おめでとうございます！
明日は1日目からリスタートされます。*
`獣の足跡 X 1
呼符 X 1
7月交換券(2023) X 1
`*TVスペシャルアニメ「Fate/strange Fake -Whispers of Dawn-」放送記念
特別ログインボーナス*
*開催期間中、1日1回 最大3回 ログインボーナスをプレゼント！*
`マナプリズム X 50
`_2023-06-30 19:31:02_
--------
*e08d200d6cae66745a424b7aab92e6b7*
`登陆天数: 35天 / 452天
等级: 1
石头: 704
呼符: 8
体力: 755529.0666666667 / 20
友情点: 0 / 71400`
*連続ログイン7日間到達おめでとうございます！
明日は1日目からリスタートされます。*
`獣の足跡 X 1
呼符 X 1
7月交換券(2023) X 1
`_2023-06-30 19:31:11_
--------
*c695a2ada964bb4064c0b3ade64f21e6*
`登陆天数: 35天 / 1279天
等级: 125
石头: 2257
呼符: 146
体力: 58208.85 / 137
友情点: 0 / 502305`
*連続ログイン7日間到達おめでとうございます！
明日は1日目からリスタートされます。*
`獣の足跡 X 1
呼符 X 1
7月交換券(2023) X 1
`*TVスペシャルアニメ「Fate/strange Fake -Whispers of Dawn-」放送記念
特別ログインボーナス*
*開催期間中、1日1回 最大3回 ログインボーナスをプレゼント！*
`マナプリズム X 50
`_2023-06-30 19:31:18_
--------
*89b7fa638329cf0a6f11a58783a25de4*
`登陆天数: 35天 / 1555天
等级: 153
石头: 0
呼符: 0
体力: 4763.87 / 143
友情点: 905 / 6418125`
*連続ログイン7日間到達おめでとうございます！
明日は1日目からリスタートされます。*
`獣の足跡 X 1
呼符 X 1
7月交換券(2023) X 1
`*TVスペシャルアニメ「Fate/strange Fake -Whispers of Dawn-」放送記念
特別ログインボーナス*
*開催期間中、1日1回 最大3回 ログインボーナスをプレゼント！*
`マナプリズム X 50
`_2023-06-30 19:31:26_
--------
