【登录信息】
*62d99e37f10ca3c3a468162e341dc34a*
`登陆天数: 36天 / 335天
等级: 102
石头: 0
呼符: 3
体力: 76529.08333333333 / 126
友情点: 1275 / 2572025`
*連続ログイン1日目
※ログインが途切れるか、7日到達すると
1日目から再開されます*
`フレンドポイント X 2000
7月交換券(2023) X 1
`*TVスペシャルアニメ「Fate/strange Fake -Whispers of Dawn-」放送記念
特別ログインボーナス*
*開催期間中、1日1回 最大3回 ログインボーナスをプレゼント！*
`QP X 5000000
`_2023-07-01 19:30:55_
--------
*e08d200d6cae66745a424b7aab92e6b7*
`登陆天数: 36天 / 453天
等级: 1
石头: 704
呼符: 8
体力: 755817.0433333333 / 20
友情点: 0 / 71400`
*連続ログイン1日目
※ログインが途切れるか、7日到達すると
1日目から再開されます*
`フレンドポイント X 2000
7月交換券(2023) X 1
`_2023-07-01 19:31:03_
--------
*c695a2ada964bb4064c0b3ade64f21e6*
`登陆天数: 36天 / 1280天
等级: 125
石头: 2257
呼符: 146
体力: 58496.82666666667 / 137
友情点: 0 / 502305`
*連続ログイン1日目
※ログインが途切れるか、7日到達すると
1日目から再開されます*
`フレンドポイント X 2000
7月交換券(2023) X 1
`*TVスペシャルアニメ「Fate/strange Fake -Whispers of Dawn-」放送記念
特別ログインボーナス*
*開催期間中、1日1回 最大3回 ログインボーナスをプレゼント！*
`QP X 5000000
`_2023-07-01 19:31:11_
--------
*89b7fa638329cf0a6f11a58783a25de4*
`登陆天数: 36天 / 1556天
等级: 153
石头: 0
呼符: 0
体力: 5051.846666666666 / 143
友情点: 575 / 6418700`
*連続ログイン1日目
※ログインが途切れるか、7日到達すると
1日目から再開されます*
`フレンドポイント X 2000
7月交換券(2023) X 1
`*TVスペシャルアニメ「Fate/strange Fake -Whispers of Dawn-」放送記念
特別ログインボーナス*
*開催期間中、1日1回 最大3回 ログインボーナスをプレゼント！*
`QP X 5000000
`_2023-07-01 19:31:19_
--------
