【登录信息】
*62d99e37f10ca3c3a468162e341dc34a*
`登陆天数: 37天 / 336天
等级: 102
石头: 0
呼符: 3
体力: 76817.07333333333 / 126
友情点: 2380 / 2574405`
*連続ログイン2日目
※ログインが途切れるか、7日到達すると
1日目から再開されます*
`聖晶石 X 1
7月交換券(2023) X 1
`*TVスペシャルアニメ「Fate/strange Fake -Whispers of Dawn-」放送記念
特別ログインボーナス*
*開催期間中、1日1回 最大3回 ログインボーナスをプレゼント！*
`strange Fake X 1
`_2023-07-02 19:30:53_
--------
*e08d200d6cae66745a424b7aab92e6b7*
`登陆天数: 37天 / 454天
等级: 1
石头: 704
呼符: 8
体力: 756105.0333333333 / 20
友情点: 0 / 71400`
*連続ログイン2日目
※ログインが途切れるか、7日到達すると
1日目から再開されます*
`聖晶石 X 1
7月交換券(2023) X 1
`_2023-07-02 19:31:01_
--------
*c695a2ada964bb4064c0b3ade64f21e6*
`登陆天数: 37天 / 1281天
等级: 125
石头: 2257
呼符: 146
体力: 58784.816666666666 / 137
友情点: 0 / 502305`
*連続ログイン2日目
※ログインが途切れるか、7日到達すると
1日目から再開されます*
`聖晶石 X 1
7月交換券(2023) X 1
`*TVスペシャルアニメ「Fate/strange Fake -Whispers of Dawn-」放送記念
特別ログインボーナス*
*開催期間中、1日1回 最大3回 ログインボーナスをプレゼント！*
`strange Fake X 1
`_2023-07-02 19:31:08_
--------
*89b7fa638329cf0a6f11a58783a25de4*
`登陆天数: 37天 / 1557天
等级: 153
石头: 0
呼符: 0
体力: 5339.833333333333 / 143
友情点: 320 / 6419020`
*連続ログイン2日目
※ログインが途切れるか、7日到達すると
1日目から再開されます*
`聖晶石 X 1
7月交換券(2023) X 1
`*TVスペシャルアニメ「Fate/strange Fake -Whispers of Dawn-」放送記念
特別ログインボーナス*
*開催期間中、1日1回 最大3回 ログインボーナスをプレゼント！*
`strange Fake X 1
`_2023-07-02 19:31:16_
--------
