【登录信息】
*62d99e37f10ca3c3a468162e341dc34a*
`登陆天数: 41天 / 340天
等级: 102
石头: 0
呼符: 3
体力: 77969.10333333333 / 126
友情点: 2635 / 2584295`
*連続ログイン6日目
※ログインが途切れるか、7日到達すると
1日目から再開されます*
`聖晶石 X 2
7月交換券(2023) X 1
`*リリース2900日突破キャンペーン 初回ログインボーナス*
*開催期間中、初回ログインで「聖晶石×10」をプレゼント！*
`聖晶石 X 10
`_2023-07-06 19:31:01_
--------
*e08d200d6cae66745a424b7aab92e6b7*
`登陆天数: 41天 / 458天
等级: 1
石头: 704
呼符: 8
体力: 757257.0633333334 / 20
友情点: 0 / 71400`
*連続ログイン6日目
※ログインが途切れるか、7日到達すると
1日目から再開されます*
`聖晶石 X 2
7月交換券(2023) X 1
`_2023-07-06 19:31:09_
--------
*c695a2ada964bb4064c0b3ade64f21e6*
`登陆天数: 41天 / 1285天
等级: 125
石头: 2257
呼符: 146
体力: 59936.846666666665 / 137
友情点: 0 / 502305`
*連続ログイン6日目
※ログインが途切れるか、7日到達すると
1日目から再開されます*
`聖晶石 X 2
7月交換券(2023) X 1
`*リリース2900日突破キャンペーン 初回ログインボーナス*
*開催期間中、初回ログインで「聖晶石×10」をプレゼント！*
`聖晶石 X 10
`_2023-07-06 19:31:17_
--------
*89b7fa638329cf0a6f11a58783a25de4*
`登陆天数: 41天 / 1561天
等级: 153
石头: 0
呼符: 0
体力: 6491.866666666667 / 143
友情点: 765 / 6420990`
*連続ログイン6日目
※ログインが途切れるか、7日到達すると
1日目から再開されます*
`聖晶石 X 2
7月交換券(2023) X 1
`*リリース2900日突破キャンペーン 初回ログインボーナス*
*開催期間中、初回ログインで「聖晶石×10」をプレゼント！*
`聖晶石 X 10
`_2023-07-06 19:31:25_
--------
