【登录信息】
*62d99e37f10ca3c3a468162e341dc34a*
`登陆天数: 42天 / 341天
等级: 102
石头: 0
呼符: 3
体力: 78257.06666666667 / 126
友情点: 4760 / 2589255`
*連続ログイン7日間到達おめでとうございます！
明日は1日目からリスタートされます。*
`獣の足跡 X 1
呼符 X 1
7月交換券(2023) X 1
`*日替りログインボーナス*
*開催期間中、1日1回 2週間日替りでログインボーナスをプレゼント！*
`巡霊の葉 X 30
`_2023-07-07 19:30:50_
--------
*e08d200d6cae66745a424b7aab92e6b7*
`登陆天数: 42天 / 459天
等级: 1
石头: 704
呼符: 8
体力: 757545.0233333333 / 20
友情点: 0 / 71400`
*連続ログイン7日間到達おめでとうございます！
明日は1日目からリスタートされます。*
`獣の足跡 X 1
呼符 X 1
7月交換券(2023) X 1
`_2023-07-07 19:30:58_
--------
*c695a2ada964bb4064c0b3ade64f21e6*
`登陆天数: 42天 / 1286天
等级: 125
石头: 2257
呼符: 146
体力: 60224.806666666664 / 137
友情点: 0 / 502305`
*連続ログイン7日間到達おめでとうございます！
明日は1日目からリスタートされます。*
`獣の足跡 X 1
呼符 X 1
7月交換券(2023) X 1
`*日替りログインボーナス*
*開催期間中、1日1回 2週間日替りでログインボーナスをプレゼント！*
`巡霊の葉 X 30
`_2023-07-07 19:31:06_
--------
*89b7fa638329cf0a6f11a58783a25de4*
`登陆天数: 42天 / 1562天
等级: 153
石头: 0
呼符: 0
体力: 6779.83 / 143
友情点: 870 / 6422060`
*連続ログイン7日間到達おめでとうございます！
明日は1日目からリスタートされます。*
`獣の足跡 X 1
呼符 X 1
7月交換券(2023) X 1
`*日替りログインボーナス*
*開催期間中、1日1回 2週間日替りでログインボーナスをプレゼント！*
`巡霊の葉 X 30
`_2023-07-07 19:31:14_
--------
