【登录信息】
*62d99e37f10ca3c3a468162e341dc34a*
`登陆天数: 45天 / 344天
等级: 102
石头: 0
呼符: 3
体力: 79121.06333333334 / 126
友情点: 1445 / 2608040`
*連続ログイン3日目
※ログインが途切れるか、7日到達すると
1日目から再開されます*
`叡智の業火 X 1
7月交換券(2023) X 1
`*日替りログインボーナス*
*開催期間中、1日1回 2週間日替りでログインボーナスをプレゼント！*
`巡霊の葉 X 30
`_2023-07-10 19:30:49_
--------
*e08d200d6cae66745a424b7aab92e6b7*
`登陆天数: 45天 / 462天
等级: 1
石头: 704
呼符: 8
体力: 758409.02 / 20
友情点: 0 / 71400`
*連続ログイン3日目
※ログインが途切れるか、7日到達すると
1日目から再開されます*
`叡智の業火 X 1
7月交換券(2023) X 1
`_2023-07-10 19:30:57_
--------
*c695a2ada964bb4064c0b3ade64f21e6*
`登陆天数: 45天 / 1289天
等级: 125
石头: 2257
呼符: 146
体力: 61088.80333333334 / 137
友情点: 0 / 502305`
*連続ログイン3日目
※ログインが途切れるか、7日到達すると
1日目から再開されます*
`叡智の業火 X 1
7月交換券(2023) X 1
`*日替りログインボーナス*
*開催期間中、1日1回 2週間日替りでログインボーナスをプレゼント！*
`巡霊の葉 X 30
`_2023-07-10 19:31:05_
--------
*89b7fa638329cf0a6f11a58783a25de4*
`登陆天数: 45天 / 1565天
等级: 153
石头: 141
呼符: 4
体力: 600.2833333333333 / 143
友情点: 1310 / 6437680`
*連続ログイン3日目
※ログインが途切れるか、7日到達すると
1日目から再開されます*
`叡智の業火 X 1
7月交換券(2023) X 1
`*日替りログインボーナス*
*開催期間中、1日1回 2週間日替りでログインボーナスをプレゼント！*
`巡霊の葉 X 30
`_2023-07-10 19:31:13_
--------
