【登录信息】
*62d99e37f10ca3c3a468162e341dc34a*
`登陆天数: 46天 / 345天
等级: 102
石头: 0
呼符: 3
体力: 79409.09 / 126
友情点: 2550 / 2610590`
*連続ログイン4日目
※ログインが途切れるか、7日到達すると
1日目から再開されます*
`聖晶石 X 1
7月交換券(2023) X 1
`*日替りログインボーナス*
*開催期間中、1日1回 2週間日替りでログインボーナスをプレゼント！*
`巡霊の葉 X 30
`_2023-07-11 19:30:58_
--------
*e08d200d6cae66745a424b7aab92e6b7*
`登陆天数: 46天 / 463天
等级: 1
石头: 704
呼符: 8
体力: 758697.05 / 20
友情点: 0 / 71400`
*連続ログイン4日目
※ログインが途切れるか、7日到達すると
1日目から再開されます*
`聖晶石 X 1
7月交換券(2023) X 1
`_2023-07-11 19:31:06_
--------
*c695a2ada964bb4064c0b3ade64f21e6*
`登陆天数: 46天 / 1290天
等级: 125
石头: 2257
呼符: 146
体力: 61376.833333333336 / 137
友情点: 0 / 502305`
*連続ログイン4日目
※ログインが途切れるか、7日到達すると
1日目から再開されます*
`聖晶石 X 1
7月交換券(2023) X 1
`*日替りログインボーナス*
*開催期間中、1日1回 2週間日替りでログインボーナスをプレゼント！*
`巡霊の葉 X 30
`_2023-07-11 19:31:13_
--------
*89b7fa638329cf0a6f11a58783a25de4*
`登陆天数: 46天 / 1566天
等级: 153
石头: 141
呼符: 4
体力: 888.3066666666666 / 143
友情点: 635 / 6438315`
*連続ログイン4日目
※ログインが途切れるか、7日到達すると
1日目から再開されます*
`聖晶石 X 1
7月交換券(2023) X 1
`*日替りログインボーナス*
*開催期間中、1日1回 2週間日替りでログインボーナスをプレゼント！*
`巡霊の葉 X 30
`_2023-07-11 19:31:21_
--------
