【登录信息】
*62d99e37f10ca3c3a468162e341dc34a*
`登陆天数: 49天 / 348天
等级: 102
石头: 0
呼符: 3
体力: 80273.1 / 126
友情点: 85 / 2616285`
*連続ログイン7日間到達おめでとうございます！
明日は1日目からリスタートされます。*
`獣の足跡 X 1
呼符 X 1
7月交換券(2023) X 1
`*日替りログインボーナス*
*開催期間中、1日1回 2週間日替りでログインボーナスをプレゼント！*
`巡霊の葉 X 30
`_2023-07-14 19:31:00_
--------
*e08d200d6cae66745a424b7aab92e6b7*
`登陆天数: 49天 / 466天
等级: 1
石头: 704
呼符: 8
体力: 759561.06 / 20
友情点: 0 / 71400`
*連続ログイン7日間到達おめでとうございます！
明日は1日目からリスタートされます。*
`獣の足跡 X 1
呼符 X 1
7月交換券(2023) X 1
`_2023-07-14 19:31:08_
--------
*c695a2ada964bb4064c0b3ade64f21e6*
`登陆天数: 49天 / 1293天
等级: 125
石头: 2257
呼符: 146
体力: 62240.84 / 137
友情点: 0 / 502305`
*連続ログイン7日間到達おめでとうございます！
明日は1日目からリスタートされます。*
`獣の足跡 X 1
呼符 X 1
7月交換券(2023) X 1
`*日替りログインボーナス*
*開催期間中、1日1回 2週間日替りでログインボーナスをプレゼント！*
`巡霊の葉 X 30
`_2023-07-14 19:31:16_
--------
*89b7fa638329cf0a6f11a58783a25de4*
`登陆天数: 49天 / 1569天
等级: 153
石头: 141
呼符: 4
体力: 1752.3133333333333 / 143
友情点: 40 / 6439325`
*連続ログイン7日間到達おめでとうございます！
明日は1日目からリスタートされます。*
`獣の足跡 X 1
呼符 X 1
7月交換券(2023) X 1
`*日替りログインボーナス*
*開催期間中、1日1回 2週間日替りでログインボーナスをプレゼント！*
`巡霊の葉 X 30
`_2023-07-14 19:31:24_
--------
