【登录信息】
*62d99e37f10ca3c3a468162e341dc34a*
`登陆天数: 50天 / 349天
等级: 102
石头: 0
呼符: 3
体力: 80561.08 / 126
友情点: 1615 / 2617900`
*連続ログイン1日目
※ログインが途切れるか、7日到達すると
1日目から再開されます*
`フレンドポイント X 2000
7月交換券(2023) X 1
`*日替りログインボーナス*
*開催期間中、1日1回 2週間日替りでログインボーナスをプレゼント！*
`巡霊の葉 X 30
`_2023-07-15 19:30:54_
--------
*e08d200d6cae66745a424b7aab92e6b7*
`登陆天数: 50天 / 467天
等级: 1
石头: 704
呼符: 8
体力: 759849.04 / 20
友情点: 0 / 71400`
*連続ログイン1日目
※ログインが途切れるか、7日到達すると
1日目から再開されます*
`フレンドポイント X 2000
7月交換券(2023) X 1
`_2023-07-15 19:31:03_
--------
*c695a2ada964bb4064c0b3ade64f21e6*
`登陆天数: 50天 / 1294天
等级: 125
石头: 2257
呼符: 146
体力: 62528.823333333334 / 137
友情点: 0 / 502305`
*連続ログイン1日目
※ログインが途切れるか、7日到達すると
1日目から再開されます*
`フレンドポイント X 2000
7月交換券(2023) X 1
`*日替りログインボーナス*
*開催期間中、1日1回 2週間日替りでログインボーナスをプレゼント！*
`巡霊の葉 X 30
`_2023-07-15 19:31:10_
--------
*89b7fa638329cf0a6f11a58783a25de4*
`登陆天数: 50天 / 1570天
等级: 153
石头: 141
呼符: 4
体力: 2040.2966666666666 / 143
友情点: 170 / 6439495`
*連続ログイン1日目
※ログインが途切れるか、7日到達すると
1日目から再開されます*
`フレンドポイント X 2000
7月交換券(2023) X 1
`*日替りログインボーナス*
*開催期間中、1日1回 2週間日替りでログインボーナスをプレゼント！*
`巡霊の葉 X 30
`_2023-07-15 19:31:18_
--------
