【登录信息】
*62d99e37f10ca3c3a468162e341dc34a*
`登陆天数: 51天 / 350天
等级: 102
石头: 0
呼符: 3
体力: 80849.07 / 126
友情点: 1445 / 2619345`
*連続ログイン2日目
※ログインが途切れるか、7日到達すると
1日目から再開されます*
`聖晶石 X 1
7月交換券(2023) X 1
`*日替りログインボーナス*
*開催期間中、1日1回 2週間日替りでログインボーナスをプレゼント！*
`聖晶石 X 3
巡霊の葉 X 50
`_2023-07-16 19:30:51_
--------
*e08d200d6cae66745a424b7aab92e6b7*
`登陆天数: 51天 / 468天
等级: 1
石头: 704
呼符: 8
体力: 760137.03 / 20
友情点: 0 / 71400`
*連続ログイン2日目
※ログインが途切れるか、7日到達すると
1日目から再開されます*
`聖晶石 X 1
7月交換券(2023) X 1
`_2023-07-16 19:30:59_
--------
*c695a2ada964bb4064c0b3ade64f21e6*
`登陆天数: 51天 / 1295天
等级: 125
石头: 2257
呼符: 146
体力: 62816.81 / 137
友情点: 0 / 502305`
*連続ログイン2日目
※ログインが途切れるか、7日到達すると
1日目から再開されます*
`聖晶石 X 1
7月交換券(2023) X 1
`*日替りログインボーナス*
*開催期間中、1日1回 2週間日替りでログインボーナスをプレゼント！*
`聖晶石 X 3
巡霊の葉 X 50
`_2023-07-16 19:31:07_
--------
*89b7fa638329cf0a6f11a58783a25de4*
`登陆天数: 51天 / 1571天
等级: 153
石头: 141
呼符: 4
体力: 2328.2833333333333 / 143
友情点: 100 / 6439595`
*連続ログイン2日目
※ログインが途切れるか、7日到達すると
1日目から再開されます*
`聖晶石 X 1
7月交換券(2023) X 1
`*日替りログインボーナス*
*開催期間中、1日1回 2週間日替りでログインボーナスをプレゼント！*
`聖晶石 X 3
巡霊の葉 X 50
`_2023-07-16 19:31:15_
--------
