【登录信息】
*62d99e37f10ca3c3a468162e341dc34a*
`登陆天数: 54天 / 353天
等级: 102
石头: 0
呼符: 3
体力: 81713.15333333334 / 126
友情点: 2295 / 2626230`
*連続ログイン5日目
※ログインが途切れるか、7日到達すると
1日目から再開されます*
`叡智の業火 X 2
7月交換券(2023) X 1
`*ミスティックアイズ・シンフォニー開幕記念 ログインボーナス*
*開催期間中、1日1回 最大21回ログインボーナスをプレゼント！*
`白銀の果実 X 1
`_2023-07-19 19:31:16_
--------
*e08d200d6cae66745a424b7aab92e6b7*
`登陆天数: 54天 / 471天
等级: 1
石头: 704
呼符: 8
体力: 761001.11 / 20
友情点: 0 / 71400`
*連続ログイン5日目
※ログインが途切れるか、7日到達すると
1日目から再開されます*
`叡智の業火 X 2
7月交換券(2023) X 1
`_2023-07-19 19:31:24_
--------
*c695a2ada964bb4064c0b3ade64f21e6*
`登陆天数: 54天 / 1298天
等级: 125
石头: 2257
呼符: 146
体力: 63680.89333333333 / 137
友情点: 0 / 502305`
*連続ログイン5日目
※ログインが途切れるか、7日到達すると
1日目から再開されます*
`叡智の業火 X 2
7月交換券(2023) X 1
`*ミスティックアイズ・シンフォニー開幕記念 ログインボーナス*
*開催期間中、1日1回 最大21回ログインボーナスをプレゼント！*
`白銀の果実 X 1
`_2023-07-19 19:31:32_
--------
*89b7fa638329cf0a6f11a58783a25de4*
`登陆天数: 54天 / 1574天
等级: 153
石头: 141
呼符: 4
体力: 3192.366666666667 / 143
友情点: 390 / 6440750`
*連続ログイン5日目
※ログインが途切れるか、7日到達すると
1日目から再開されます*
`叡智の業火 X 2
7月交換券(2023) X 1
`*ミスティックアイズ・シンフォニー開幕記念 ログインボーナス*
*開催期間中、1日1回 最大21回ログインボーナスをプレゼント！*
`白銀の果実 X 1
`_2023-07-19 19:31:39_
--------
