【登录信息】
*62d99e37f10ca3c3a468162e341dc34a*
`登陆天数: 55天 / 354天
等级: 102
石头: 0
呼符: 3
体力: 82001.05333333333 / 126
友情点: 11305 / 2637535`
*連続ログイン6日目
※ログインが途切れるか、7日到達すると
1日目から再開されます*
`聖晶石 X 2
7月交換券(2023) X 1
`*ミスティックアイズ・シンフォニー開幕記念 ログインボーナス*
*開催期間中、1日1回 最大21回ログインボーナスをプレゼント！*
`白銀の果実 X 1
`_2023-07-20 19:30:46_
--------
*e08d200d6cae66745a424b7aab92e6b7*
`登陆天数: 55天 / 472天
等级: 1
石头: 704
呼符: 8
体力: 761289.0133333333 / 20
友情点: 0 / 71400`
*連続ログイン6日目
※ログインが途切れるか、7日到達すると
1日目から再開されます*
`聖晶石 X 2
7月交換券(2023) X 1
`_2023-07-20 19:30:55_
--------
*c695a2ada964bb4064c0b3ade64f21e6*
`登陆天数: 55天 / 1299天
等级: 125
石头: 2257
呼符: 146
体力: 63968.79666666667 / 137
友情点: 0 / 502305`
*連続ログイン6日目
※ログインが途切れるか、7日到達すると
1日目から再開されます*
`聖晶石 X 2
7月交換券(2023) X 1
`*ミスティックアイズ・シンフォニー開幕記念 ログインボーナス*
*開催期間中、1日1回 最大21回ログインボーナスをプレゼント！*
`白銀の果実 X 1
`_2023-07-20 19:31:02_
--------
*89b7fa638329cf0a6f11a58783a25de4*
`登陆天数: 55天 / 1575天
等级: 153
石头: 141
呼符: 4
体力: 3480.27 / 143
友情点: 3225 / 6443975`
*連続ログイン6日目
※ログインが途切れるか、7日到達すると
1日目から再開されます*
`聖晶石 X 2
7月交換券(2023) X 1
`*ミスティックアイズ・シンフォニー開幕記念 ログインボーナス*
*開催期間中、1日1回 最大21回ログインボーナスをプレゼント！*
`白銀の果実 X 1
`_2023-07-20 19:31:11_
--------
