【登录信息】
*62d99e37f10ca3c3a468162e341dc34a*
`登陆天数: 56天 / 355天
等级: 102
石头: 0
呼符: 3
体力: 82289.15333333334 / 126
友情点: 2380 / 2639915`
*連続ログイン7日間到達おめでとうございます！
明日は1日目からリスタートされます。*
`獣の足跡 X 1
呼符 X 1
7月交換券(2023) X 1
`*「Fate/Grand Order Fes. 2023 夏祭り ～8th Anniversary～」開催直前カウントダウンログインボーナス*
*開催期間中、1日1回 8日間日替りでログインボーナスをプレゼント！*
`叡智の業火 X 5
`_2023-07-21 19:31:16_
--------
*e08d200d6cae66745a424b7aab92e6b7*
`登陆天数: 56天 / 473天
等级: 1
石头: 704
呼符: 8
体力: 761577.1133333333 / 20
友情点: 0 / 71400`
*連続ログイン7日間到達おめでとうございます！
明日は1日目からリスタートされます。*
`獣の足跡 X 1
呼符 X 1
7月交換券(2023) X 1
`_2023-07-21 19:31:24_
--------
*c695a2ada964bb4064c0b3ade64f21e6*
`登陆天数: 56天 / 1300天
等级: 125
石头: 2257
呼符: 146
体力: 64256.89333333333 / 137
友情点: 0 / 502305`
*連続ログイン7日間到達おめでとうございます！
明日は1日目からリスタートされます。*
`獣の足跡 X 1
呼符 X 1
7月交換券(2023) X 1
`*「Fate/Grand Order Fes. 2023 夏祭り ～8th Anniversary～」開催直前カウントダウンログインボーナス*
*開催期間中、1日1回 8日間日替りでログインボーナスをプレゼント！*
`叡智の業火 X 5
`_2023-07-21 19:31:32_
--------
*89b7fa638329cf0a6f11a58783a25de4*
`登陆天数: 56天 / 1576天
等级: 153
石头: 141
呼符: 4
体力: 3768.366666666667 / 143
友情点: 470 / 6444445`
*連続ログイン7日間到達おめでとうございます！
明日は1日目からリスタートされます。*
`獣の足跡 X 1
呼符 X 1
7月交換券(2023) X 1
`*「Fate/Grand Order Fes. 2023 夏祭り ～8th Anniversary～」開催直前カウントダウンログインボーナス*
*開催期間中、1日1回 8日間日替りでログインボーナスをプレゼント！*
`叡智の業火 X 5
`_2023-07-21 19:31:39_
--------
