【登录信息】
*62d99e37f10ca3c3a468162e341dc34a*
`登陆天数: 57天 / 356天
等级: 102
石头: 0
呼符: 3
体力: 82577.08333333333 / 126
友情点: 1275 / 2641190`
*連続ログイン1日目
※ログインが途切れるか、7日到達すると
1日目から再開されます*
`フレンドポイント X 2000
7月交換券(2023) X 1
`*「Fate/Grand Order Fes. 2023 夏祭り ～8th Anniversary～」開催直前カウントダウンログインボーナス*
*開催期間中、1日1回 8日間日替りでログインボーナスをプレゼント！*
`QP X 2000000
`_2023-07-22 19:30:55_
--------
*e08d200d6cae66745a424b7aab92e6b7*
`登陆天数: 57天 / 474天
等级: 1
石头: 704
呼符: 8
体力: 761865.04 / 20
友情点: 0 / 71400`
*連続ログイン1日目
※ログインが途切れるか、7日到達すると
1日目から再開されます*
`フレンドポイント X 2000
7月交換券(2023) X 1
`_2023-07-22 19:31:03_
--------
*c695a2ada964bb4064c0b3ade64f21e6*
`登陆天数: 57天 / 1301天
等级: 125
石头: 2257
呼符: 146
体力: 64544.82666666667 / 137
友情点: 0 / 502305`
*連続ログイン1日目
※ログインが途切れるか、7日到達すると
1日目から再開されます*
`フレンドポイント X 2000
7月交換券(2023) X 1
`*「Fate/Grand Order Fes. 2023 夏祭り ～8th Anniversary～」開催直前カウントダウンログインボーナス*
*開催期間中、1日1回 8日間日替りでログインボーナスをプレゼント！*
`QP X 2000000
`_2023-07-22 19:31:11_
--------
*89b7fa638329cf0a6f11a58783a25de4*
`登陆天数: 57天 / 1577天
等级: 153
石头: 141
呼符: 4
体力: 4056.2966666666666 / 143
友情点: 355 / 6444800`
*連続ログイン1日目
※ログインが途切れるか、7日到達すると
1日目から再開されます*
`フレンドポイント X 2000
7月交換券(2023) X 1
`*「Fate/Grand Order Fes. 2023 夏祭り ～8th Anniversary～」開催直前カウントダウンログインボーナス*
*開催期間中、1日1回 8日間日替りでログインボーナスをプレゼント！*
`QP X 2000000
`_2023-07-22 19:31:19_
--------
