【登录信息】
*62d99e37f10ca3c3a468162e341dc34a*
`登陆天数: 6天 / 254天
等级: 102
石头: 0
呼符: 3
体力: 52337.44666666666 / 126
友情点: 170 / 2064865`
*連続ログイン6日目
※ログインが途切れるか、7日到達すると
1日目から再開されます*
`聖晶石 X 2
4月交換券(2023) X 1
`*日替りログインボーナス*
*開催期間中、1日1回 4週間日替りでログインボーナスをプレゼント！*
`聖晶石 X 6
巡霊の葉 X 50
`_2023-04-08 19:32:44_
--------
*e08d200d6cae66745a424b7aab92e6b7*
`登陆天数: 6天 / 372天
等级: 1
石头: 704
呼符: 8
体力: 731625.4066666666 / 20
友情点: 0 / 71400`
*連続ログイン6日目
※ログインが途切れるか、7日到達すると
1日目から再開されます*
`聖晶石 X 2
4月交換券(2023) X 1
`_2023-04-08 19:32:52_
--------
*c695a2ada964bb4064c0b3ade64f21e6*
`登陆天数: 6天 / 1199天
等级: 125
石头: 2257
呼符: 146
体力: 34305.19 / 137
友情点: 0 / 502305`
*連続ログイン6日目
※ログインが途切れるか、7日到達すると
1日目から再開されます*
`聖晶石 X 2
4月交換券(2023) X 1
`*日替りログインボーナス*
*開催期間中、1日1回 4週間日替りでログインボーナスをプレゼント！*
`聖晶石 X 6
巡霊の葉 X 50
`_2023-04-08 19:33:00_
--------
