【登录信息】
*62d99e37f10ca3c3a468162e341dc34a*
`登陆天数: 8天 / 256天
等级: 102
石头: 0
呼符: 3
体力: 52913.426666666666 / 126
友情点: 2720 / 2074305`
*連続ログイン1日目
※ログインが途切れるか、7日到達すると
1日目から再開されます*
`フレンドポイント X 2000
4月交換券(2023) X 1
`*日替りログインボーナス*
*開催期間中、1日1回 4週間日替りでログインボーナスをプレゼント！*
`巡霊の葉 X 30
`_2023-04-10 19:32:38_
--------
*e08d200d6cae66745a424b7aab92e6b7*
`登陆天数: 8天 / 374天
等级: 1
石头: 704
呼符: 8
体力: 732201.3866666667 / 20
友情点: 0 / 71400`
*連続ログイン1日目
※ログインが途切れるか、7日到達すると
1日目から再開されます*
`フレンドポイント X 2000
4月交換券(2023) X 1
`_2023-04-10 19:32:47_
--------
*c695a2ada964bb4064c0b3ade64f21e6*
`登陆天数: 8天 / 1201天
等级: 125
石头: 2257
呼符: 146
体力: 34881.17 / 137
友情点: 0 / 502305`
*連続ログイン1日目
※ログインが途切れるか、7日到達すると
1日目から再開されます*
`フレンドポイント X 2000
4月交換券(2023) X 1
`*日替りログインボーナス*
*開催期間中、1日1回 4週間日替りでログインボーナスをプレゼント！*
`巡霊の葉 X 30
`_2023-04-10 19:32:54_
--------
