【登录信息】
*62d99e37f10ca3c3a468162e341dc34a*
`登陆天数: 9天 / 257天
等级: 102
石头: 0
呼符: 3
体力: 53201.42333333333 / 126
友情点: 2210 / 2076715`
*連続ログイン2日目
※ログインが途切れるか、7日到達すると
1日目から再開されます*
`聖晶石 X 1
4月交換券(2023) X 1
`*日替りログインボーナス*
*開催期間中、1日1回 4週間日替りでログインボーナスをプレゼント！*
`巡霊の葉 X 100
`_2023-04-11 19:32:38_
--------
*e08d200d6cae66745a424b7aab92e6b7*
`登陆天数: 9天 / 375天
等级: 1
石头: 704
呼符: 8
体力: 732489.3833333333 / 20
友情点: 0 / 71400`
*連続ログイン2日目
※ログインが途切れるか、7日到達すると
1日目から再開されます*
`聖晶石 X 1
4月交換券(2023) X 1
`_2023-04-11 19:32:46_
--------
*c695a2ada964bb4064c0b3ade64f21e6*
`登陆天数: 9天 / 1202天
等级: 125
石头: 2257
呼符: 146
体力: 35169.166666666664 / 137
友情点: 0 / 502305`
*連続ログイン2日目
※ログインが途切れるか、7日到達すると
1日目から再開されます*
`聖晶石 X 1
4月交換券(2023) X 1
`*日替りログインボーナス*
*開催期間中、1日1回 4週間日替りでログインボーナスをプレゼント！*
`巡霊の葉 X 100
`_2023-04-11 19:32:53_
--------
