【登录信息】
*62d99e37f10ca3c3a468162e341dc34a*
`登陆天数: 12天 / 260天
等级: 102
石头: 0
呼符: 3
体力: 54065.48333333333 / 126
友情点: 2550 / 2100185`
*連続ログイン5日目
※ログインが途切れるか、7日到達すると
1日目から再開されます*
`叡智の業火 X 2
4月交換券(2023) X 1
`*日替りログインボーナス*
*開催期間中、1日1回 4週間日替りでログインボーナスをプレゼント！*
`巡霊の葉 X 30
`_2023-04-14 19:32:56_
--------
*e08d200d6cae66745a424b7aab92e6b7*
`登陆天数: 12天 / 378天
等级: 1
石头: 704
呼符: 8
体力: 733353.4433333334 / 20
友情点: 0 / 71400`
*連続ログイン5日目
※ログインが途切れるか、7日到達すると
1日目から再開されます*
`叡智の業火 X 2
4月交換券(2023) X 1
`_2023-04-14 19:33:04_
--------
*c695a2ada964bb4064c0b3ade64f21e6*
`登陆天数: 12天 / 1205天
等级: 125
石头: 2257
呼符: 146
体力: 36033.22666666667 / 137
友情点: 0 / 502305`
*連続ログイン5日目
※ログインが途切れるか、7日到達すると
1日目から再開されます*
`叡智の業火 X 2
4月交換券(2023) X 1
`*日替りログインボーナス*
*開催期間中、1日1回 4週間日替りでログインボーナスをプレゼント！*
`巡霊の葉 X 30
`_2023-04-14 19:33:11_
--------
