【登录信息】
*62d99e37f10ca3c3a468162e341dc34a*
`登陆天数: 14天 / 262天
等级: 102
石头: 0
呼符: 3
体力: 54641.416666666664 / 126
友情点: 10540 / 2118405`
*連続ログイン7日間到達おめでとうございます！
明日は1日目からリスタートされます。*
`獣の足跡 X 1
呼符 X 1
4月交換券(2023) X 1
`*日替りログインボーナス*
*開催期間中、1日1回 4週間日替りでログインボーナスをプレゼント！*
`巡霊の葉 X 30
`_2023-04-16 19:32:35_
--------
*e08d200d6cae66745a424b7aab92e6b7*
`登陆天数: 14天 / 380天
等级: 1
石头: 704
呼符: 8
体力: 733929.3766666667 / 20
友情点: 0 / 71400`
*連続ログイン7日間到達おめでとうございます！
明日は1日目からリスタートされます。*
`獣の足跡 X 1
呼符 X 1
4月交換券(2023) X 1
`_2023-04-16 19:32:44_
--------
*c695a2ada964bb4064c0b3ade64f21e6*
`登陆天数: 14天 / 1207天
等级: 125
石头: 2257
呼符: 146
体力: 36609.16 / 137
友情点: 0 / 502305`
*連続ログイン7日間到達おめでとうございます！
明日は1日目からリスタートされます。*
`獣の足跡 X 1
呼符 X 1
4月交換券(2023) X 1
`*日替りログインボーナス*
*開催期間中、1日1回 4週間日替りでログインボーナスをプレゼント！*
`巡霊の葉 X 30
`_2023-04-16 19:32:51_
--------
