【登录信息】
*62d99e37f10ca3c3a468162e341dc34a*
`登陆天数: 18天 / 266天
等级: 102
石头: 0
呼符: 3
体力: 55793.43666666667 / 126
友情点: 0 / 2160990`
*連続ログイン4日目
※ログインが途切れるか、7日到達すると
1日目から再開されます*
`聖晶石 X 1
4月交換券(2023) X 1
`*日替りログインボーナス*
*開催期間中、1日1回 4週間日替りでログインボーナスをプレゼント！*
`巡霊の葉 X 30
`_2023-04-20 19:32:41_
--------
*e08d200d6cae66745a424b7aab92e6b7*
`登陆天数: 18天 / 384天
等级: 1
石头: 704
呼符: 8
体力: 735081.3966666666 / 20
友情点: 0 / 71400`
*連続ログイン4日目
※ログインが途切れるか、7日到達すると
1日目から再開されます*
`聖晶石 X 1
4月交換券(2023) X 1
`_2023-04-20 19:32:50_
--------
*c695a2ada964bb4064c0b3ade64f21e6*
`登陆天数: 18天 / 1211天
等级: 125
石头: 2257
呼符: 146
体力: 37761.18 / 137
友情点: 0 / 502305`
*連続ログイン4日目
※ログインが途切れるか、7日到達すると
1日目から再開されます*
`聖晶石 X 1
4月交換券(2023) X 1
`*日替りログインボーナス*
*開催期間中、1日1回 4週間日替りでログインボーナスをプレゼント！*
`巡霊の葉 X 30
`_2023-04-20 19:32:57_
--------
