【登录信息】
*62d99e37f10ca3c3a468162e341dc34a*
`登陆天数: 24天 / 272天
等级: 102
石头: 0
呼符: 3
体力: 57521.49 / 126
友情点: 6460 / 2210035`
*連続ログイン3日目
※ログインが途切れるか、7日到達すると
1日目から再開されます*
`叡智の業火 X 1
4月交換券(2023) X 1
`*日替りログインボーナス*
*開催期間中、1日1回 4週間日替りでログインボーナスをプレゼント！*
`巡霊の葉 X 30
`_2023-04-26 19:32:57_
--------
*e08d200d6cae66745a424b7aab92e6b7*
`登陆天数: 24天 / 390天
等级: 1
石头: 704
呼符: 8
体力: 736809.4466666667 / 20
友情点: 0 / 71400`
*連続ログイン3日目
※ログインが途切れるか、7日到達すると
1日目から再開されます*
`叡智の業火 X 1
4月交換券(2023) X 1
`*Fate/Grand Order 春の新米マスター応援キャンペーン2023！10万リツイート達成プレゼント*
*開催期間中、初回ログインで10万リツイート達成報酬をプレゼント！*
`QP X 5000000
聖晶石 X 12
マナプリズム X 100
レアプリズム X 1
黄金の果実 X 5
白銀の果実 X 5
呼符 X 5
`_2023-04-26 19:33:05_
--------
*c695a2ada964bb4064c0b3ade64f21e6*
`登陆天数: 24天 / 1217天
等级: 125
石头: 2257
呼符: 146
体力: 39489.23 / 137
友情点: 0 / 502305`
*連続ログイン3日目
※ログインが途切れるか、7日到達すると
1日目から再開されます*
`叡智の業火 X 1
4月交換券(2023) X 1
`*日替りログインボーナス*
*開催期間中、1日1回 4週間日替りでログインボーナスをプレゼント！*
`巡霊の葉 X 30
`_2023-04-26 19:33:13_
--------
