【登录信息】
*62d99e37f10ca3c3a468162e341dc34a*
`登陆天数: 1天 / 422天
等级: 102
石头: 0
呼符: 3
体力: 116561.94666666667 / 126
友情点: 0 / 2833240`
*連続ログイン1日目
※ログインが途切れるか、7日到達すると
1日目から再開されます*
`フレンドポイント X 2000
11月交換券(2023) X 1
`*使用期限付コンティニューアイテムプレゼント！*
*開催期間中、初回ログインでコンティニューアイテム「霊脈石×3」をプレゼント！*
`霊脈石 X 3
`_2023-11-17 19:35:14_
--------
*e08d200d6cae66745a424b7aab92e6b7*
`登陆天数: 1天 / 540天
等级: 1
石头: 704
呼符: 8
体力: 795849.9033333333 / 20
友情点: 0 / 71400`
*連続ログイン1日目
※ログインが途切れるか、7日到達すると
1日目から再開されます*
`フレンドポイント X 2000
11月交換券(2023) X 1
`*使用期限付コンティニューアイテムプレゼント！*
*開催期間中、初回ログインでコンティニューアイテム「霊脈石×3」をプレゼント！*
`霊脈石 X 3
`_2023-11-17 19:35:22_
--------
*c695a2ada964bb4064c0b3ade64f21e6*
`登陆天数: 1天 / 1367天
等级: 125
石头: 2257
呼符: 146
体力: 98529.69 / 137
友情点: 0 / 502305`
*連続ログイン1日目
※ログインが途切れるか、7日到達すると
1日目から再開されます*
`フレンドポイント X 2000
11月交換券(2023) X 1
`*使用期限付コンティニューアイテムプレゼント！*
*開催期間中、初回ログインでコンティニューアイテム「霊脈石×3」をプレゼント！*
`霊脈石 X 3
`_2023-11-17 19:35:30_
--------
*89b7fa638329cf0a6f11a58783a25de4*
`登陆天数: 1天 / 1643天
等级: 153
石头: 1
呼符: 0
体力: 28098.14 / 143
友情点: 0 / 6429630`
*連続ログイン1日目
※ログインが途切れるか、7日到達すると
1日目から再開されます*
`フレンドポイント X 2000
11月交換券(2023) X 1
`*使用期限付コンティニューアイテムプレゼント！*
*開催期間中、初回ログインでコンティニューアイテム「霊脈石×3」をプレゼント！*
`霊脈石 X 3
`_2023-11-17 19:35:38_
--------
