【登录信息】
*62d99e37f10ca3c3a468162e341dc34a*
`登陆天数: 2天 / 423天
等级: 102
石头: 0
呼符: 3
体力: 116849.88666666667 / 126
友情点: 6630 / 2841270`
*連続ログイン2日目
※ログインが途切れるか、7日到達すると
1日目から再開されます*
`聖晶石 X 1
11月交換券(2023) X 1
`*2900万DL突破記念 特別回数ログインボーナス*
*開催期間中、1日1回 最大10回 回数ログインボーナスをプレゼント！*
`マナプリズム X 100
黄金の果実 X 10
`_2023-11-18 19:34:56_
--------
*e08d200d6cae66745a424b7aab92e6b7*
`登陆天数: 2天 / 541天
等级: 1
石头: 704
呼符: 8
体力: 796137.8433333334 / 20
友情点: 0 / 71400`
*連続ログイン2日目
※ログインが途切れるか、7日到達すると
1日目から再開されます*
`聖晶石 X 1
11月交換券(2023) X 1
`_2023-11-18 19:35:04_
--------
*c695a2ada964bb4064c0b3ade64f21e6*
`登陆天数: 2天 / 1368天
等级: 125
石头: 2257
呼符: 146
体力: 98817.63 / 137
友情点: 0 / 502305`
*連続ログイン2日目
※ログインが途切れるか、7日到達すると
1日目から再開されます*
`聖晶石 X 1
11月交換券(2023) X 1
`*2900万DL突破記念 特別回数ログインボーナス*
*開催期間中、1日1回 最大10回 回数ログインボーナスをプレゼント！*
`マナプリズム X 100
黄金の果実 X 10
`_2023-11-18 19:35:12_
--------
*89b7fa638329cf0a6f11a58783a25de4*
`登陆天数: 2天 / 1644天
等级: 153
石头: 1
呼符: 0
体力: 28386.08 / 143
友情点: 405 / 6430035`
*連続ログイン2日目
※ログインが途切れるか、7日到達すると
1日目から再開されます*
`聖晶石 X 1
11月交換券(2023) X 1
`*2900万DL突破記念 特別回数ログインボーナス*
*開催期間中、1日1回 最大10回 回数ログインボーナスをプレゼント！*
`マナプリズム X 100
黄金の果実 X 10
`_2023-11-18 19:35:20_
--------
