【登录信息】
*62d99e37f10ca3c3a468162e341dc34a*
`登陆天数: 4天 / 425天
等级: 102
石头: 0
呼符: 3
体力: 117426.0 / 126
友情点: 2245 / 2845840`
*連続ログイン4日目
※ログインが途切れるか、7日到達すると
1日目から再開されます*
`聖晶石 X 1
11月交換券(2023) X 1
`*2900万DL突破記念 特別回数ログインボーナス*
*開催期間中、1日1回 最大10回 回数ログインボーナスをプレゼント！*
`叡智の業火 X 10
`_2023-11-20 19:35:30_
--------
*e08d200d6cae66745a424b7aab92e6b7*
`登陆天数: 4天 / 543天
等级: 1
石头: 704
呼符: 8
体力: 796713.96 / 20
友情点: 0 / 71400`
*連続ログイン4日目
※ログインが途切れるか、7日到達すると
1日目から再開されます*
`聖晶石 X 1
11月交換券(2023) X 1
`_2023-11-20 19:35:38_
--------
*c695a2ada964bb4064c0b3ade64f21e6*
`登陆天数: 4天 / 1370天
等级: 125
石头: 2257
呼符: 146
体力: 99393.74333333333 / 137
友情点: 0 / 502305`
*連続ログイン4日目
※ログインが途切れるか、7日到達すると
1日目から再開されます*
`聖晶石 X 1
11月交換券(2023) X 1
`*2900万DL突破記念 特別回数ログインボーナス*
*開催期間中、1日1回 最大10回 回数ログインボーナスをプレゼント！*
`叡智の業火 X 10
`_2023-11-20 19:35:46_
--------
*89b7fa638329cf0a6f11a58783a25de4*
`登陆天数: 4天 / 1646天
等级: 153
石头: 1
呼符: 0
体力: 28962.203333333335 / 143
友情点: 350 / 6430960`
*連続ログイン4日目
※ログインが途切れるか、7日到達すると
1日目から再開されます*
`聖晶石 X 1
11月交換券(2023) X 1
`*2900万DL突破記念 特別回数ログインボーナス*
*開催期間中、1日1回 最大10回 回数ログインボーナスをプレゼント！*
`叡智の業火 X 10
`_2023-11-20 19:35:55_
--------
