【登录信息】
*62d99e37f10ca3c3a468162e341dc34a*
`登陆天数: 5天 / 426天
等级: 102
石头: 0
呼符: 3
体力: 117713.93333333333 / 126
友情点: 2210 / 2848050`
*連続ログイン5日目
※ログインが途切れるか、7日到達すると
1日目から再開されます*
`叡智の業火 X 2
11月交換券(2023) X 1
`*2900万DL突破記念 特別回数ログインボーナス*
*開催期間中、1日1回 最大10回 回数ログインボーナスをプレゼント！*
`英霊結晶・星のフォウくん X 10
英霊結晶・太陽のフォウくん X 10
`_2023-11-21 19:35:10_
--------
*e08d200d6cae66745a424b7aab92e6b7*
`登陆天数: 5天 / 544天
等级: 1
石头: 704
呼符: 8
体力: 797001.8933333333 / 20
友情点: 0 / 71400`
*連続ログイン5日目
※ログインが途切れるか、7日到達すると
1日目から再開されます*
`叡智の業火 X 2
11月交換券(2023) X 1
`_2023-11-21 19:35:19_
--------
*c695a2ada964bb4064c0b3ade64f21e6*
`登陆天数: 5天 / 1371天
等级: 125
石头: 2257
呼符: 146
体力: 99681.68 / 137
友情点: 0 / 502305`
*連続ログイン5日目
※ログインが途切れるか、7日到達すると
1日目から再開されます*
`叡智の業火 X 2
11月交換券(2023) X 1
`*2900万DL突破記念 特別回数ログインボーナス*
*開催期間中、1日1回 最大10回 回数ログインボーナスをプレゼント！*
`英霊結晶・星のフォウくん X 10
英霊結晶・太陽のフォウくん X 10
`_2023-11-21 19:35:27_
--------
*89b7fa638329cf0a6f11a58783a25de4*
`登陆天数: 5天 / 1647天
等级: 153
石头: 1
呼符: 0
体力: 29250.133333333335 / 143
友情点: 290 / 6431250`
*連続ログイン5日目
※ログインが途切れるか、7日到達すると
1日目から再開されます*
`叡智の業火 X 2
11月交換券(2023) X 1
`*2900万DL突破記念 特別回数ログインボーナス*
*開催期間中、1日1回 最大10回 回数ログインボーナスをプレゼント！*
`英霊結晶・星のフォウくん X 10
英霊結晶・太陽のフォウくん X 10
`_2023-11-21 19:35:35_
--------
