【登录信息】
*62d99e37f10ca3c3a468162e341dc34a*
`登陆天数: 8天 / 429天
等级: 102
石头: 0
呼符: 3
体力: 118577.94 / 126
友情点: 3230 / 2857175`
*連続ログイン1日目
※ログインが途切れるか、7日到達すると
1日目から再開されます*
`フレンドポイント X 2000
11月交換券(2023) X 1
`*日替りログインボーナス*
*開催期間中、1日1回 2週間日替りでログインボーナスをプレゼント！*
`聖晶石 X 2
巡霊の葉 X 100
`_2023-11-24 19:35:12_
--------
*e08d200d6cae66745a424b7aab92e6b7*
`登陆天数: 8天 / 547天
等级: 1
石头: 704
呼符: 8
体力: 797865.9 / 20
友情点: 0 / 71400`
*連続ログイン1日目
※ログインが途切れるか、7日到達すると
1日目から再開されます*
`フレンドポイント X 2000
11月交換券(2023) X 1
`_2023-11-24 19:35:21_
--------
*c695a2ada964bb4064c0b3ade64f21e6*
`登陆天数: 8天 / 1374天
等级: 125
石头: 2257
呼符: 146
体力: 100545.68333333333 / 137
友情点: 0 / 502305`
*連続ログイン1日目
※ログインが途切れるか、7日到達すると
1日目から再開されます*
`フレンドポイント X 2000
11月交換券(2023) X 1
`*日替りログインボーナス*
*開催期間中、1日1回 2週間日替りでログインボーナスをプレゼント！*
`聖晶石 X 2
巡霊の葉 X 100
`_2023-11-24 19:35:29_
--------
*89b7fa638329cf0a6f11a58783a25de4*
`登陆天数: 8天 / 1650天
等级: 153
石头: 1
呼符: 0
体力: 30114.136666666665 / 143
友情点: 305 / 6432735`
*連続ログイン1日目
※ログインが途切れるか、7日到達すると
1日目から再開されます*
`フレンドポイント X 2000
11月交換券(2023) X 1
`*日替りログインボーナス*
*開催期間中、1日1回 2週間日替りでログインボーナスをプレゼント！*
`聖晶石 X 2
巡霊の葉 X 100
`_2023-11-24 19:35:37_
--------
