【登录信息】
*62d99e37f10ca3c3a468162e341dc34a*
`登陆天数: 9天 / 430天
等级: 102
石头: 0
呼符: 3
体力: 118865.94666666667 / 126
友情点: 2295 / 2859470`
*連続ログイン2日目
※ログインが途切れるか、7日到達すると
1日目から再開されます*
`聖晶石 X 1
11月交換券(2023) X 1
`*日替りログインボーナス*
*開催期間中、1日1回 2週間日替りでログインボーナスをプレゼント！*
`巡霊の葉 X 30
`_2023-11-25 19:35:15_
--------
*e08d200d6cae66745a424b7aab92e6b7*
`登陆天数: 9天 / 548天
等级: 1
石头: 704
呼符: 8
体力: 798153.9066666666 / 20
友情点: 0 / 71400`
*連続ログイン2日目
※ログインが途切れるか、7日到達すると
1日目から再開されます*
`聖晶石 X 1
11月交換券(2023) X 1
`_2023-11-25 19:35:23_
--------
*c695a2ada964bb4064c0b3ade64f21e6*
`登陆天数: 9天 / 1375天
等级: 125
石头: 2257
呼符: 146
体力: 100833.69 / 137
友情点: 0 / 502305`
*連続ログイン2日目
※ログインが途切れるか、7日到達すると
1日目から再開されます*
`聖晶石 X 1
11月交換券(2023) X 1
`*日替りログインボーナス*
*開催期間中、1日1回 2週間日替りでログインボーナスをプレゼント！*
`巡霊の葉 X 30
`_2023-11-25 19:35:31_
--------
*89b7fa638329cf0a6f11a58783a25de4*
`登陆天数: 9天 / 1651天
等级: 153
石头: 1
呼符: 0
体力: 30402.143333333333 / 143
友情点: 290 / 6433025`
*連続ログイン2日目
※ログインが途切れるか、7日到達すると
1日目から再開されます*
`聖晶石 X 1
11月交換券(2023) X 1
`*日替りログインボーナス*
*開催期間中、1日1回 2週間日替りでログインボーナスをプレゼント！*
`巡霊の葉 X 30
`_2023-11-25 19:35:39_
--------
