【登录信息】
*62d99e37f10ca3c3a468162e341dc34a*
`登陆天数: 12天 / 433天
等级: 102
石头: 0
呼符: 3
体力: 119730.00333333333 / 126
友情点: 1615 / 2865375`
*連続ログイン5日目
※ログインが途切れるか、7日到達すると
1日目から再開されます*
`叡智の業火 X 2
11月交換券(2023) X 1
`*日替りログインボーナス*
*開催期間中、1日1回 2週間日替りでログインボーナスをプレゼント！*
`聖晶石 X 3
巡霊の葉 X 50
`_2023-11-28 19:35:31_
--------
*e08d200d6cae66745a424b7aab92e6b7*
`登陆天数: 12天 / 551天
等级: 1
石头: 704
呼符: 8
体力: 799017.9633333334 / 20
友情点: 0 / 71400`
*連続ログイン5日目
※ログインが途切れるか、7日到達すると
1日目から再開されます*
`叡智の業火 X 2
11月交換券(2023) X 1
`_2023-11-28 19:35:39_
--------
*c695a2ada964bb4064c0b3ade64f21e6*
`登陆天数: 12天 / 1378天
等级: 125
石头: 2257
呼符: 146
体力: 101697.74666666667 / 137
友情点: 0 / 502305`
*連続ログイン5日目
※ログインが途切れるか、7日到達すると
1日目から再開されます*
`叡智の業火 X 2
11月交換券(2023) X 1
`*日替りログインボーナス*
*開催期間中、1日1回 2週間日替りでログインボーナスをプレゼント！*
`聖晶石 X 3
巡霊の葉 X 50
`_2023-11-28 19:35:47_
--------
*89b7fa638329cf0a6f11a58783a25de4*
`登陆天数: 12天 / 1654天
等级: 153
石头: 1
呼符: 0
体力: 31266.2 / 143
友情点: 245 / 6433770`
*連続ログイン5日目
※ログインが途切れるか、7日到達すると
1日目から再開されます*
`叡智の業火 X 2
11月交換券(2023) X 1
`*日替りログインボーナス*
*開催期間中、1日1回 2週間日替りでログインボーナスをプレゼント！*
`聖晶石 X 3
巡霊の葉 X 50
`_2023-11-28 19:35:55_
--------
