【登录信息】
*62d99e37f10ca3c3a468162e341dc34a*
`登陆天数: 13天 / 434天
等级: 102
石头: 0
呼符: 3
体力: 120017.99666666667 / 126
友情点: 1870 / 2867245`
*連続ログイン6日目
※ログインが途切れるか、7日到達すると
1日目から再開されます*
`聖晶石 X 2
11月交換券(2023) X 1
`*日替りログインボーナス*
*開催期間中、1日1回 2週間日替りでログインボーナスをプレゼント！*
`巡霊の葉 X 30
`_2023-11-29 19:35:29_
--------
*e08d200d6cae66745a424b7aab92e6b7*
`登陆天数: 13天 / 552天
等级: 1
石头: 704
呼符: 8
体力: 799305.9566666667 / 20
友情点: 0 / 71400`
*連続ログイン6日目
※ログインが途切れるか、7日到達すると
1日目から再開されます*
`聖晶石 X 2
11月交換券(2023) X 1
`_2023-11-29 19:35:37_
--------
*c695a2ada964bb4064c0b3ade64f21e6*
`登陆天数: 13天 / 1379天
等级: 125
石头: 2257
呼符: 146
体力: 101985.74 / 137
友情点: 0 / 502305`
*連続ログイン6日目
※ログインが途切れるか、7日到達すると
1日目から再開されます*
`聖晶石 X 2
11月交換券(2023) X 1
`*日替りログインボーナス*
*開催期間中、1日1回 2週間日替りでログインボーナスをプレゼント！*
`巡霊の葉 X 30
`_2023-11-29 19:35:45_
--------
*89b7fa638329cf0a6f11a58783a25de4*
`登陆天数: 13天 / 1655天
等级: 153
石头: 1
呼符: 0
体力: 31554.193333333333 / 143
友情点: 140 / 6433920`
*連続ログイン6日目
※ログインが途切れるか、7日到達すると
1日目から再開されます*
`聖晶石 X 2
11月交換券(2023) X 1
`*日替りログインボーナス*
*開催期間中、1日1回 2週間日替りでログインボーナスをプレゼント！*
`巡霊の葉 X 30
`_2023-11-29 19:35:53_
--------
