【登录信息】
*62d99e37f10ca3c3a468162e341dc34a*
`登陆天数: 31天 / 279天
等级: 102
石头: 0
呼符: 3
体力: 59537.403333333335 / 126
友情点: 2125 / 2221060`
*連続ログイン3日目
※ログインが途切れるか、7日到達すると
1日目から再開されます*
`叡智の業火 X 1
5月交換券(2023) X 1
`_2023-05-03 19:32:32_
--------
*e08d200d6cae66745a424b7aab92e6b7*
`登陆天数: 31天 / 397天
等级: 1
石头: 704
呼符: 8
体力: 738825.3633333333 / 20
友情点: 0 / 71400`
*連続ログイン3日目
※ログインが途切れるか、7日到達すると
1日目から再開されます*
`叡智の業火 X 1
5月交換券(2023) X 1
`_2023-05-03 19:32:40_
--------
*c695a2ada964bb4064c0b3ade64f21e6*
`登陆天数: 31天 / 1224天
等级: 125
石头: 2257
呼符: 146
体力: 41505.14666666667 / 137
友情点: 0 / 502305`
*連続ログイン3日目
※ログインが途切れるか、7日到達すると
1日目から再開されます*
`叡智の業火 X 1
5月交換券(2023) X 1
`_2023-05-03 19:32:48_
--------
