【登录信息】
*62d99e37f10ca3c3a468162e341dc34a*
`登陆天数: 32天 / 280天
等级: 102
石头: 0
呼符: 3
体力: 59825.41333333333 / 126
友情点: 1615 / 2222675`
*連続ログイン4日目
※ログインが途切れるか、7日到達すると
1日目から再開されます*
`聖晶石 X 1
5月交換券(2023) X 1
`_2023-05-04 19:32:34_
--------
*e08d200d6cae66745a424b7aab92e6b7*
`登陆天数: 32天 / 398天
等级: 1
石头: 704
呼符: 8
体力: 739113.3733333333 / 20
友情点: 0 / 71400`
*連続ログイン4日目
※ログインが途切れるか、7日到達すると
1日目から再開されます*
`聖晶石 X 1
5月交換券(2023) X 1
`_2023-05-04 19:32:42_
--------
*c695a2ada964bb4064c0b3ade64f21e6*
`登陆天数: 32天 / 1225天
等级: 125
石头: 2257
呼符: 146
体力: 41793.153333333335 / 137
友情点: 0 / 502305`
*連続ログイン4日目
※ログインが途切れるか、7日到達すると
1日目から再開されます*
`聖晶石 X 1
5月交換券(2023) X 1
`_2023-05-04 19:32:50_
--------
