【登录信息】
*62d99e37f10ca3c3a468162e341dc34a*
`登陆天数: 33天 / 281天
等级: 102
石头: 0
呼符: 3
体力: 60113.43666666667 / 126
友情点: 6630 / 2229305`
*連続ログイン5日目
※ログインが途切れるか、7日到達すると
1日目から再開されます*
`叡智の業火 X 2
5月交換券(2023) X 1
`_2023-05-05 19:32:41_
--------
*e08d200d6cae66745a424b7aab92e6b7*
`登陆天数: 33天 / 399天
等级: 1
石头: 704
呼符: 8
体力: 739401.3933333333 / 20
友情点: 0 / 71400`
*連続ログイン5日目
※ログインが途切れるか、7日到達すると
1日目から再開されます*
`叡智の業火 X 2
5月交換券(2023) X 1
`_2023-05-05 19:32:49_
--------
*c695a2ada964bb4064c0b3ade64f21e6*
`登陆天数: 33天 / 1226天
等级: 125
石头: 2257
呼符: 146
体力: 42081.176666666666 / 137
友情点: 0 / 502305`
*連続ログイン5日目
※ログインが途切れるか、7日到達すると
1日目から再開されます*
`叡智の業火 X 2
5月交換券(2023) X 1
`_2023-05-05 19:32:57_
--------
