【登录信息】
*62d99e37f10ca3c3a468162e341dc34a*
`登陆天数: 34天 / 282天
等级: 102
石头: 0
呼符: 3
体力: 60401.43666666667 / 126
友情点: 8160 / 2237465`
*連続ログイン6日目
※ログインが途切れるか、7日到達すると
1日目から再開されます*
`聖晶石 X 2
5月交換券(2023) X 1
`_2023-05-06 19:32:41_
--------
*e08d200d6cae66745a424b7aab92e6b7*
`登陆天数: 34天 / 400天
等级: 1
石头: 704
呼符: 8
体力: 739689.3933333333 / 20
友情点: 0 / 71400`
*連続ログイン6日目
※ログインが途切れるか、7日到達すると
1日目から再開されます*
`聖晶石 X 2
5月交換券(2023) X 1
`_2023-05-06 19:32:49_
--------
*c695a2ada964bb4064c0b3ade64f21e6*
`登陆天数: 34天 / 1227天
等级: 125
石头: 2257
呼符: 146
体力: 42369.176666666666 / 137
友情点: 0 / 502305`
*連続ログイン6日目
※ログインが途切れるか、7日到達すると
1日目から再開されます*
`聖晶石 X 2
5月交換券(2023) X 1
`_2023-05-06 19:32:57_
--------
