【登录信息】
*62d99e37f10ca3c3a468162e341dc34a*
`登陆天数: 35天 / 283天
等级: 102
石头: 0
呼符: 3
体力: 60689.40666666667 / 126
友情点: 7140 / 2244605`
*連続ログイン7日間到達おめでとうございます！
明日は1日目からリスタートされます。*
`獣の足跡 X 1
呼符 X 1
5月交換券(2023) X 1
`*「Fate/Grand Order キャストトーク in マチ★アソビvol.26」開催記念プレゼント*
*開催期間中、初回ログインで「聖晶石×10」をプレゼント！*
`聖晶石 X 10
`_2023-05-07 19:32:33_
--------
*e08d200d6cae66745a424b7aab92e6b7*
`登陆天数: 35天 / 401天
等级: 1
石头: 704
呼符: 8
体力: 739977.3666666667 / 20
友情点: 0 / 71400`
*連続ログイン7日間到達おめでとうございます！
明日は1日目からリスタートされます。*
`獣の足跡 X 1
呼符 X 1
5月交換券(2023) X 1
`_2023-05-07 19:32:41_
--------
*c695a2ada964bb4064c0b3ade64f21e6*
`登陆天数: 35天 / 1228天
等级: 125
石头: 2257
呼符: 146
体力: 42657.15 / 137
友情点: 0 / 502305`
*連続ログイン7日間到達おめでとうございます！
明日は1日目からリスタートされます。*
`獣の足跡 X 1
呼符 X 1
5月交換券(2023) X 1
`*「Fate/Grand Order キャストトーク in マチ★アソビvol.26」開催記念プレゼント*
*開催期間中、初回ログインで「聖晶石×10」をプレゼント！*
`聖晶石 X 10
`_2023-05-07 19:32:48_
--------
