【登录信息】
*62d99e37f10ca3c3a468162e341dc34a*
`登陆天数: 37天 / 285天
等级: 102
石头: 0
呼符: 3
体力: 61265.44666666666 / 126
友情点: 9265 / 2261975`
*連続ログイン2日目
※ログインが途切れるか、7日到達すると
1日目から再開されます*
`聖晶石 X 1
5月交換券(2023) X 1
`_2023-05-09 19:32:44_
--------
*e08d200d6cae66745a424b7aab92e6b7*
`登陆天数: 37天 / 403天
等级: 1
石头: 704
呼符: 8
体力: 740553.4033333333 / 20
友情点: 0 / 71400`
*連続ログイン2日目
※ログインが途切れるか、7日到達すると
1日目から再開されます*
`聖晶石 X 1
5月交換券(2023) X 1
`_2023-05-09 19:32:52_
--------
*c695a2ada964bb4064c0b3ade64f21e6*
`登陆天数: 37天 / 1230天
等级: 125
石头: 2257
呼符: 146
体力: 43233.18666666667 / 137
友情点: 0 / 502305`
*連続ログイン2日目
※ログインが途切れるか、7日到達すると
1日目から再開されます*
`聖晶石 X 1
5月交換券(2023) X 1
`_2023-05-09 19:33:00_
--------
