【登录信息】
*62d99e37f10ca3c3a468162e341dc34a*
`登陆天数: 38天 / 286天
等级: 102
石头: 0
呼符: 3
体力: 61553.85 / 126
友情点: 7565 / 2269540`
*連続ログイン3日目
※ログインが途切れるか、7日到達すると
1日目から再開されます*
`叡智の業火 X 1
5月交換券(2023) X 1
`*日替りログインボーナス*
*開催期間中、1日1回 2週間日替りでログインボーナスをプレゼント！*
`巡霊の葉 X 30
`_2023-05-10 19:34:46_
--------
*e08d200d6cae66745a424b7aab92e6b7*
`登陆天数: 38天 / 404天
等级: 1
石头: 704
呼符: 8
体力: 740841.81 / 20
友情点: 0 / 71400`
*連続ログイン3日目
※ログインが途切れるか、7日到達すると
1日目から再開されます*
`叡智の業火 X 1
5月交換券(2023) X 1
`_2023-05-10 19:34:54_
--------
*c695a2ada964bb4064c0b3ade64f21e6*
`登陆天数: 38天 / 1231天
等级: 125
石头: 2257
呼符: 146
体力: 43521.59333333333 / 137
友情点: 0 / 502305`
*連続ログイン3日目
※ログインが途切れるか、7日到達すると
1日目から再開されます*
`叡智の業火 X 1
5月交換券(2023) X 1
`*日替りログインボーナス*
*開催期間中、1日1回 2週間日替りでログインボーナスをプレゼント！*
`巡霊の葉 X 30
`_2023-05-10 19:35:02_
--------
*89b7fa638329cf0a6f11a58783a25de4*
`登陆天数: 2天 / 1507天
等级: 153
石头: 12
呼符: 0
体力: 168.52666666666667 / 143
友情点: 865 / 6315115`
*連続ログイン2日目
※ログインが途切れるか、7日到達すると
1日目から再開されます*
`聖晶石 X 1
5月交換券(2023) X 1
`*日替りログインボーナス*
*開催期間中、1日1回 2週間日替りでログインボーナスをプレゼント！*
`巡霊の葉 X 30
`_2023-05-10 19:35:10_
--------
