【登录信息】
*62d99e37f10ca3c3a468162e341dc34a*
`登陆天数: 39天 / 287天
等级: 102
石头: 0
呼符: 3
体力: 61841.44 / 126
友情点: 11900 / 2281440`
*連続ログイン4日目
※ログインが途切れるか、7日到達すると
1日目から再開されます*
`聖晶石 X 1
5月交換券(2023) X 1
`*日替りログインボーナス*
*開催期間中、1日1回 2週間日替りでログインボーナスをプレゼント！*
`巡霊の葉 X 30
`_2023-05-11 19:32:43_
--------
*e08d200d6cae66745a424b7aab92e6b7*
`登陆天数: 39天 / 405天
等级: 1
石头: 704
呼符: 8
体力: 741129.4 / 20
友情点: 0 / 71400`
*連続ログイン4日目
※ログインが途切れるか、7日到達すると
1日目から再開されます*
`聖晶石 X 1
5月交換券(2023) X 1
`_2023-05-11 19:32:51_
--------
*c695a2ada964bb4064c0b3ade64f21e6*
`登陆天数: 39天 / 1232天
等级: 125
石头: 2257
呼符: 146
体力: 43809.183333333334 / 137
友情点: 0 / 502305`
*連続ログイン4日目
※ログインが途切れるか、7日到達すると
1日目から再開されます*
`聖晶石 X 1
5月交換券(2023) X 1
`*日替りログインボーナス*
*開催期間中、1日1回 2週間日替りでログインボーナスをプレゼント！*
`巡霊の葉 X 30
`_2023-05-11 19:32:58_
--------
*89b7fa638329cf0a6f11a58783a25de4*
`登陆天数: 3天 / 1508天
等级: 153
石头: 15
呼符: 0
体力: 172.90333333333334 / 143
友情点: 775 / 6319705`
*連続ログイン3日目
※ログインが途切れるか、7日到達すると
1日目から再開されます*
`叡智の業火 X 1
5月交換券(2023) X 1
`*日替りログインボーナス*
*開催期間中、1日1回 2週間日替りでログインボーナスをプレゼント！*
`巡霊の葉 X 30
`_2023-05-11 19:33:06_
--------
