【登录信息】
*62d99e37f10ca3c3a468162e341dc34a*
`登陆天数: 40天 / 288天
等级: 102
石头: 0
呼符: 3
体力: 62129.42 / 126
友情点: 3740 / 2285180`
*連続ログイン5日目
※ログインが途切れるか、7日到達すると
1日目から再開されます*
`叡智の業火 X 2
5月交換券(2023) X 1
`*日替りログインボーナス*
*開催期間中、1日1回 2週間日替りでログインボーナスをプレゼント！*
`聖晶石 X 2
巡霊の葉 X 100
`_2023-05-12 19:32:36_
--------
*e08d200d6cae66745a424b7aab92e6b7*
`登陆天数: 40天 / 406天
等级: 1
石头: 704
呼符: 8
体力: 741417.38 / 20
友情点: 0 / 71400`
*連続ログイン5日目
※ログインが途切れるか、7日到達すると
1日目から再開されます*
`叡智の業火 X 2
5月交換券(2023) X 1
`_2023-05-12 19:32:44_
--------
*c695a2ada964bb4064c0b3ade64f21e6*
`登陆天数: 40天 / 1233天
等级: 125
石头: 2257
呼符: 146
体力: 44097.16333333333 / 137
友情点: 0 / 502305`
*連続ログイン5日目
※ログインが途切れるか、7日到達すると
1日目から再開されます*
`叡智の業火 X 2
5月交換券(2023) X 1
`*日替りログインボーナス*
*開催期間中、1日1回 2週間日替りでログインボーナスをプレゼント！*
`聖晶石 X 2
巡霊の葉 X 100
`_2023-05-12 19:32:52_
--------
*89b7fa638329cf0a6f11a58783a25de4*
`登陆天数: 4天 / 1509天
等级: 153
石头: 15
呼符: 0
体力: 201.54333333333335 / 143
友情点: 150 / 6320520`
*連続ログイン4日目
※ログインが途切れるか、7日到達すると
1日目から再開されます*
`聖晶石 X 1
5月交換券(2023) X 1
`*日替りログインボーナス*
*開催期間中、1日1回 2週間日替りでログインボーナスをプレゼント！*
`聖晶石 X 2
巡霊の葉 X 100
`_2023-05-12 19:33:00_
--------
