【登录信息】
*62d99e37f10ca3c3a468162e341dc34a*
`登陆天数: 41天 / 289天
等级: 102
石头: 0
呼符: 3
体力: 62417.39666666667 / 126
友情点: 6630 / 2291810`
*連続ログイン6日目
※ログインが途切れるか、7日到達すると
1日目から再開されます*
`聖晶石 X 2
5月交換券(2023) X 1
`*日替りログインボーナス*
*開催期間中、1日1回 2週間日替りでログインボーナスをプレゼント！*
`巡霊の葉 X 30
`_2023-05-13 19:32:29_
--------
*e08d200d6cae66745a424b7aab92e6b7*
`登陆天数: 41天 / 407天
等级: 1
石头: 704
呼符: 8
体力: 741705.3566666667 / 20
友情点: 0 / 71400`
*連続ログイン6日目
※ログインが途切れるか、7日到達すると
1日目から再開されます*
`聖晶石 X 2
5月交換券(2023) X 1
`_2023-05-13 19:32:38_
--------
*c695a2ada964bb4064c0b3ade64f21e6*
`登陆天数: 41天 / 1234天
等级: 125
石头: 2257
呼符: 146
体力: 44385.14 / 137
友情点: 0 / 502305`
*連続ログイン6日目
※ログインが途切れるか、7日到達すると
1日目から再開されます*
`聖晶石 X 2
5月交換券(2023) X 1
`*日替りログインボーナス*
*開催期間中、1日1回 2週間日替りでログインボーナスをプレゼント！*
`巡霊の葉 X 30
`_2023-05-13 19:32:45_
--------
*89b7fa638329cf0a6f11a58783a25de4*
`登陆天数: 5天 / 1510天
等级: 153
石头: 15
呼符: 0
体力: 489.5233333333333 / 143
友情点: 2150 / 6322670`
*連続ログイン5日目
※ログインが途切れるか、7日到達すると
1日目から再開されます*
`叡智の業火 X 2
5月交換券(2023) X 1
`*日替りログインボーナス*
*開催期間中、1日1回 2週間日替りでログインボーナスをプレゼント！*
`巡霊の葉 X 30
`_2023-05-13 19:32:54_
--------
