【登录信息】
*62d99e37f10ca3c3a468162e341dc34a*
`登陆天数: 42天 / 290天
等级: 102
石头: 0
呼符: 3
体力: 62705.44 / 126
友情点: 7395 / 2299405`
*連続ログイン7日間到達おめでとうございます！
明日は1日目からリスタートされます。*
`獣の足跡 X 1
呼符 X 1
5月交換券(2023) X 1
`*日替りログインボーナス*
*開催期間中、1日1回 2週間日替りでログインボーナスをプレゼント！*
`巡霊の葉 X 30
`_2023-05-14 19:32:42_
--------
*e08d200d6cae66745a424b7aab92e6b7*
`登陆天数: 42天 / 408天
等级: 1
石头: 704
呼符: 8
体力: 741993.3966666666 / 20
友情点: 0 / 71400`
*連続ログイン7日間到達おめでとうございます！
明日は1日目からリスタートされます。*
`獣の足跡 X 1
呼符 X 1
5月交換券(2023) X 1
`_2023-05-14 19:32:50_
--------
*c695a2ada964bb4064c0b3ade64f21e6*
`登陆天数: 42天 / 1235天
等级: 125
石头: 2257
呼符: 146
体力: 44673.183333333334 / 137
友情点: 0 / 502305`
*連続ログイン7日間到達おめでとうございます！
明日は1日目からリスタートされます。*
`獣の足跡 X 1
呼符 X 1
5月交換券(2023) X 1
`*日替りログインボーナス*
*開催期間中、1日1回 2週間日替りでログインボーナスをプレゼント！*
`巡霊の葉 X 30
`_2023-05-14 19:32:58_
--------
*89b7fa638329cf0a6f11a58783a25de4*
`登陆天数: 6天 / 1511天
等级: 153
石头: 15
呼符: 0
体力: 777.5666666666667 / 143
友情点: 1230 / 6327850`
*連続ログイン6日目
※ログインが途切れるか、7日到達すると
1日目から再開されます*
`聖晶石 X 2
5月交換券(2023) X 1
`*日替りログインボーナス*
*開催期間中、1日1回 2週間日替りでログインボーナスをプレゼント！*
`巡霊の葉 X 30
`_2023-05-14 19:33:06_
--------
