【登录信息】
*62d99e37f10ca3c3a468162e341dc34a*
`登陆天数: 43天 / 291天
等级: 102
石头: 0
呼符: 3
体力: 62993.37666666666 / 126
友情点: 6800 / 2306205`
*連続ログイン1日目
※ログインが途切れるか、7日到達すると
1日目から再開されます*
`フレンドポイント X 2000
5月交換券(2023) X 1
`*日替りログインボーナス*
*開催期間中、1日1回 2週間日替りでログインボーナスをプレゼント！*
`巡霊の葉 X 30
`_2023-05-15 19:32:23_
--------
*e08d200d6cae66745a424b7aab92e6b7*
`登陆天数: 43天 / 409天
等级: 1
石头: 704
呼符: 8
体力: 742281.3366666667 / 20
友情点: 0 / 71400`
*連続ログイン1日目
※ログインが途切れるか、7日到達すると
1日目から再開されます*
`フレンドポイント X 2000
5月交換券(2023) X 1
`_2023-05-15 19:32:32_
--------
*c695a2ada964bb4064c0b3ade64f21e6*
`登陆天数: 43天 / 1236天
等级: 125
石头: 2257
呼符: 146
体力: 44961.12 / 137
友情点: 0 / 502305`
*連続ログイン1日目
※ログインが途切れるか、7日到達すると
1日目から再開されます*
`フレンドポイント X 2000
5月交換券(2023) X 1
`*日替りログインボーナス*
*開催期間中、1日1回 2週間日替りでログインボーナスをプレゼント！*
`巡霊の葉 X 30
`_2023-05-15 19:32:39_
--------
*89b7fa638329cf0a6f11a58783a25de4*
`登陆天数: 7天 / 1512天
等级: 153
石头: 22
呼符: 1
体力: 129.72333333333333 / 143
友情点: 490 / 6332125`
_2023-05-15 19:32:48_
--------
