【登录信息】
*62d99e37f10ca3c3a468162e341dc34a*
`登陆天数: 44天 / 292天
等级: 102
石头: 0
呼符: 3
体力: 63281.403333333335 / 126
友情点: 3655 / 2310060`
*連続ログイン2日目
※ログインが途切れるか、7日到達すると
1日目から再開されます*
`聖晶石 X 1
5月交換券(2023) X 1
`*日替りログインボーナス*
*開催期間中、1日1回 2週間日替りでログインボーナスをプレゼント！*
`聖晶石 X 3
巡霊の葉 X 50
`_2023-05-16 19:32:32_
--------
*e08d200d6cae66745a424b7aab92e6b7*
`登陆天数: 44天 / 410天
等级: 1
石头: 704
呼符: 8
体力: 742569.3633333333 / 20
友情点: 0 / 71400`
*連続ログイン2日目
※ログインが途切れるか、7日到達すると
1日目から再開されます*
`聖晶石 X 1
5月交換券(2023) X 1
`_2023-05-16 19:32:40_
--------
*c695a2ada964bb4064c0b3ade64f21e6*
`登陆天数: 44天 / 1237天
等级: 125
石头: 2257
呼符: 146
体力: 45249.14666666667 / 137
友情点: 0 / 502305`
*連続ログイン2日目
※ログインが途切れるか、7日到達すると
1日目から再開されます*
`聖晶石 X 1
5月交換券(2023) X 1
`*日替りログインボーナス*
*開催期間中、1日1回 2週間日替りでログインボーナスをプレゼント！*
`聖晶石 X 3
巡霊の葉 X 50
`_2023-05-16 19:32:47_
--------
*89b7fa638329cf0a6f11a58783a25de4*
`登陆天数: 8天 / 1513天
等级: 153
石头: 22
呼符: 1
体力: 417.75 / 143
友情点: 1965 / 6334785`
*連続ログイン1日目
※ログインが途切れるか、7日到達すると
1日目から再開されます*
`フレンドポイント X 2000
5月交換券(2023) X 1
`*日替りログインボーナス*
*開催期間中、1日1回 2週間日替りでログインボーナスをプレゼント！*
`聖晶石 X 3
巡霊の葉 X 50
`_2023-05-16 19:32:56_
--------
