【登录信息】
*62d99e37f10ca3c3a468162e341dc34a*
`登陆天数: 48天 / 296天
等级: 102
石头: 0
呼符: 3
体力: 64433.49333333333 / 126
友情点: 18020 / 2346130`
*連続ログイン6日目
※ログインが途切れるか、7日到達すると
1日目から再開されます*
`聖晶石 X 2
5月交換券(2023) X 1
`*日替りログインボーナス*
*開催期間中、1日1回 2週間日替りでログインボーナスをプレゼント！*
`巡霊の葉 X 30
`_2023-05-20 19:32:58_
--------
*e08d200d6cae66745a424b7aab92e6b7*
`登陆天数: 48天 / 414天
等级: 1
石头: 704
呼符: 8
体力: 743721.4533333334 / 20
友情点: 0 / 71400`
*連続ログイン6日目
※ログインが途切れるか、7日到達すると
1日目から再開されます*
`聖晶石 X 2
5月交換券(2023) X 1
`_2023-05-20 19:33:06_
--------
*c695a2ada964bb4064c0b3ade64f21e6*
`登陆天数: 48天 / 1241天
等级: 125
石头: 2257
呼符: 146
体力: 46401.23333333333 / 137
友情点: 0 / 502305`
*連続ログイン6日目
※ログインが途切れるか、7日到達すると
1日目から再開されます*
`聖晶石 X 2
5月交換券(2023) X 1
`*日替りログインボーナス*
*開催期間中、1日1回 2週間日替りでログインボーナスをプレゼント！*
`巡霊の葉 X 30
`_2023-05-20 19:33:14_
--------
*89b7fa638329cf0a6f11a58783a25de4*
`登陆天数: 12天 / 1517天
等级: 153
石头: 22
呼符: 1
体力: 1569.8366666666666 / 143
友情点: 5475 / 6344560`
*連続ログイン5日目
※ログインが途切れるか、7日到達すると
1日目から再開されます*
`叡智の業火 X 2
5月交換券(2023) X 1
`*日替りログインボーナス*
*開催期間中、1日1回 2週間日替りでログインボーナスをプレゼント！*
`巡霊の葉 X 30
`_2023-05-20 19:33:21_
--------
