【登录信息】
*62d99e37f10ca3c3a468162e341dc34a*
`登陆天数: 49天 / 297天
等级: 102
石头: 0
呼符: 3
体力: 64721.42 / 126
友情点: 16235 / 2362365`
*連続ログイン7日間到達おめでとうございます！
明日は1日目からリスタートされます。*
`獣の足跡 X 1
呼符 X 1
5月交換券(2023) X 1
`*日替りログインボーナス*
*開催期間中、1日1回 2週間日替りでログインボーナスをプレゼント！*
`巡霊の葉 X 30
`_2023-05-21 19:32:37_
--------
*e08d200d6cae66745a424b7aab92e6b7*
`登陆天数: 49天 / 415天
等级: 1
石头: 704
呼符: 8
体力: 744009.38 / 20
友情点: 0 / 71400`
*連続ログイン7日間到達おめでとうございます！
明日は1日目からリスタートされます。*
`獣の足跡 X 1
呼符 X 1
5月交換券(2023) X 1
`_2023-05-21 19:32:45_
--------
*c695a2ada964bb4064c0b3ade64f21e6*
`登陆天数: 49天 / 1242天
等级: 125
石头: 2257
呼符: 146
体力: 46689.16333333333 / 137
友情点: 0 / 502305`
*連続ログイン7日間到達おめでとうございます！
明日は1日目からリスタートされます。*
`獣の足跡 X 1
呼符 X 1
5月交換券(2023) X 1
`*日替りログインボーナス*
*開催期間中、1日1回 2週間日替りでログインボーナスをプレゼント！*
`巡霊の葉 X 30
`_2023-05-21 19:32:53_
--------
*89b7fa638329cf0a6f11a58783a25de4*
`登陆天数: 13天 / 1518天
等级: 153
石头: 22
呼符: 1
体力: 1857.77 / 143
友情点: 4255 / 6349065`
*連続ログイン6日目
※ログインが途切れるか、7日到達すると
1日目から再開されます*
`聖晶石 X 2
5月交換券(2023) X 1
`*日替りログインボーナス*
*開催期間中、1日1回 2週間日替りでログインボーナスをプレゼント！*
`巡霊の葉 X 30
`_2023-05-21 19:33:01_
--------
