【登录信息】
*62d99e37f10ca3c3a468162e341dc34a*
`登陆天数: 50天 / 298天
等级: 102
石头: 0
呼符: 3
体力: 65009.416666666664 / 126
友情点: 4505 / 2366870`
*連続ログイン1日目
※ログインが途切れるか、7日到達すると
1日目から再開されます*
`フレンドポイント X 2000
5月交換券(2023) X 1
`*日替りログインボーナス*
*開催期間中、1日1回 2週間日替りでログインボーナスをプレゼント！*
`巡霊の葉 X 30
`_2023-05-22 19:32:35_
--------
*e08d200d6cae66745a424b7aab92e6b7*
`登陆天数: 50天 / 416天
等级: 1
石头: 704
呼符: 8
体力: 744297.3766666667 / 20
友情点: 0 / 71400`
*連続ログイン1日目
※ログインが途切れるか、7日到達すると
1日目から再開されます*
`フレンドポイント X 2000
5月交換券(2023) X 1
`_2023-05-22 19:32:43_
--------
*c695a2ada964bb4064c0b3ade64f21e6*
`登陆天数: 50天 / 1243天
等级: 125
石头: 2257
呼符: 146
体力: 46977.16 / 137
友情点: 0 / 502305`
*連続ログイン1日目
※ログインが途切れるか、7日到達すると
1日目から再開されます*
`フレンドポイント X 2000
5月交換券(2023) X 1
`*日替りログインボーナス*
*開催期間中、1日1回 2週間日替りでログインボーナスをプレゼント！*
`巡霊の葉 X 30
`_2023-05-22 19:32:51_
--------
*89b7fa638329cf0a6f11a58783a25de4*
`登陆天数: 14天 / 1519天
等级: 153
石头: 22
呼符: 1
体力: 2145.7633333333333 / 143
友情点: 480 / 6349745`
*連続ログイン7日間到達おめでとうございます！
明日は1日目からリスタートされます。*
`獣の足跡 X 1
呼符 X 1
5月交換券(2023) X 1
`*日替りログインボーナス*
*開催期間中、1日1回 2週間日替りでログインボーナスをプレゼント！*
`巡霊の葉 X 30
`_2023-05-22 19:32:59_
--------
