【登录信息】
*62d99e37f10ca3c3a468162e341dc34a*
`登陆天数: 1天 / 300天
等级: 102
石头: 0
呼符: 3
体力: 66449.12666666666 / 126
友情点: 11135 / 2389565`
*連続ログイン1日目
※ログインが途切れるか、7日到達すると
1日目から再開されます*
`フレンドポイント X 2000
5月交換券(2023) X 1
`*FGO カルデア放送局 ライト版 FGO Fes. 2023＆ゲーム最新情報 放送記念 初回ログインボーナス*
*開催期間中、初回ログインで「聖晶石×14」をプレゼント！*
`聖晶石 X 14
`_2023-05-27 19:31:08_
--------
*e08d200d6cae66745a424b7aab92e6b7*
`登陆天数: 1天 / 418天
等级: 1
石头: 704
呼符: 8
体力: 745737.0866666667 / 20
友情点: 0 / 71400`
*連続ログイン1日目
※ログインが途切れるか、7日到達すると
1日目から再開されます*
`フレンドポイント X 2000
5月交換券(2023) X 1
`_2023-05-27 19:31:16_
--------
*c695a2ada964bb4064c0b3ade64f21e6*
`登陆天数: 1天 / 1245天
等级: 125
石头: 2257
呼符: 146
体力: 48416.87 / 137
友情点: 0 / 502305`
*連続ログイン1日目
※ログインが途切れるか、7日到達すると
1日目から再開されます*
`フレンドポイント X 2000
5月交換券(2023) X 1
`*FGO カルデア放送局 ライト版 FGO Fes. 2023＆ゲーム最新情報 放送記念 初回ログインボーナス*
*開催期間中、初回ログインで「聖晶石×14」をプレゼント！*
`聖晶石 X 14
`_2023-05-27 19:31:24_
--------
*89b7fa638329cf0a6f11a58783a25de4*
`登陆天数: 1天 / 1521天
等级: 153
石头: 22
呼符: 1
体力: 3585.4733333333334 / 143
友情点: 4535 / 6361050`
*連続ログイン1日目
※ログインが途切れるか、7日到達すると
1日目から再開されます*
`フレンドポイント X 2000
5月交換券(2023) X 1
`*FGO カルデア放送局 ライト版 FGO Fes. 2023＆ゲーム最新情報 放送記念 初回ログインボーナス*
*開催期間中、初回ログインで「聖晶石×14」をプレゼント！*
`聖晶石 X 14
`_2023-05-27 19:31:32_
--------
