【登录信息】
*62d99e37f10ca3c3a468162e341dc34a*
`登陆天数: 2天 / 301天
等级: 102
石头: 0
呼符: 3
体力: 66737.13 / 126
友情点: 4335 / 2393900`
*連続ログイン2日目
※ログインが途切れるか、7日到達すると
1日目から再開されます*
`聖晶石 X 1
5月交換券(2023) X 1
`_2023-05-28 19:31:09_
--------
*e08d200d6cae66745a424b7aab92e6b7*
`登陆天数: 2天 / 419天
等级: 1
石头: 704
呼符: 8
体力: 746025.0866666667 / 20
友情点: 0 / 71400`
*連続ログイン2日目
※ログインが途切れるか、7日到達すると
1日目から再開されます*
`聖晶石 X 1
5月交換券(2023) X 1
`_2023-05-28 19:31:17_
--------
*c695a2ada964bb4064c0b3ade64f21e6*
`登陆天数: 2天 / 1246天
等级: 125
石头: 2257
呼符: 146
体力: 48704.87 / 137
友情点: 0 / 502305`
*連続ログイン2日目
※ログインが途切れるか、7日到達すると
1日目から再開されます*
`聖晶石 X 1
5月交換券(2023) X 1
`_2023-05-28 19:31:25_
--------
*89b7fa638329cf0a6f11a58783a25de4*
`登陆天数: 2天 / 1522天
等级: 153
石头: 22
呼符: 1
体力: 3873.4733333333334 / 143
友情点: 1930 / 6362980`
*連続ログイン2日目
※ログインが途切れるか、7日到達すると
1日目から再開されます*
`聖晶石 X 1
5月交換券(2023) X 1
`_2023-05-28 19:31:33_
--------
