【登录信息】
*62d99e37f10ca3c3a468162e341dc34a*
`登陆天数: 4天 / 303天
等级: 102
石头: 0
呼符: 3
体力: 67313.10666666667 / 126
友情点: 10795 / 2406735`
*連続ログイン4日目
※ログインが途切れるか、7日到達すると
1日目から再開されます*
`聖晶石 X 1
5月交換券(2023) X 1
`_2023-05-30 19:31:02_
--------
*e08d200d6cae66745a424b7aab92e6b7*
`登陆天数: 4天 / 421天
等级: 1
石头: 704
呼符: 8
体力: 746601.0633333334 / 20
友情点: 0 / 71400`
*連続ログイン4日目
※ログインが途切れるか、7日到達すると
1日目から再開されます*
`聖晶石 X 1
5月交換券(2023) X 1
`_2023-05-30 19:31:10_
--------
*c695a2ada964bb4064c0b3ade64f21e6*
`登陆天数: 4天 / 1248天
等级: 125
石头: 2257
呼符: 146
体力: 49280.85 / 137
友情点: 0 / 502305`
*連続ログイン4日目
※ログインが途切れるか、7日到達すると
1日目から再開されます*
`聖晶石 X 1
5月交換券(2023) X 1
`_2023-05-30 19:31:18_
--------
*89b7fa638329cf0a6f11a58783a25de4*
`登陆天数: 4天 / 1524天
等级: 153
石头: 22
呼符: 1
体力: 4449.453333333333 / 143
友情点: 2530 / 6367210`
*連続ログイン4日目
※ログインが途切れるか、7日到達すると
1日目から再開されます*
`聖晶石 X 1
5月交換券(2023) X 1
`_2023-05-30 19:31:26_
--------
