【登录信息】
*62d99e37f10ca3c3a468162e341dc34a*
`登陆天数: 5天 / 304天
等级: 102
石头: 0
呼符: 3
体力: 67601.09333333334 / 126
友情点: 7480 / 2414215`
*連続ログイン5日目
※ログインが途切れるか、7日到達すると
1日目から再開されます*
`叡智の業火 X 2
6月交換券(2023) X 1
`_2023-05-31 19:30:58_
--------
*e08d200d6cae66745a424b7aab92e6b7*
`登陆天数: 5天 / 422天
等级: 1
石头: 704
呼符: 8
体力: 746889.05 / 20
友情点: 0 / 71400`
*連続ログイン5日目
※ログインが途切れるか、7日到達すると
1日目から再開されます*
`叡智の業火 X 2
6月交換券(2023) X 1
`_2023-05-31 19:31:06_
--------
*c695a2ada964bb4064c0b3ade64f21e6*
`登陆天数: 5天 / 1249天
等级: 125
石头: 2257
呼符: 146
体力: 49568.83666666667 / 137
友情点: 0 / 502305`
*連続ログイン5日目
※ログインが途切れるか、7日到達すると
1日目から再開されます*
`叡智の業火 X 2
6月交換券(2023) X 1
`_2023-05-31 19:31:14_
--------
*89b7fa638329cf0a6f11a58783a25de4*
`登陆天数: 5天 / 1525天
等级: 153
石头: 22
呼符: 1
体力: 4737.44 / 143
友情点: 3340 / 6370550`
*連続ログイン5日目
※ログインが途切れるか、7日到達すると
1日目から再開されます*
`叡智の業火 X 2
6月交換券(2023) X 1
`_2023-05-31 19:31:22_
--------
