【登录信息】
*62d99e37f10ca3c3a468162e341dc34a*
`登陆天数: 6天 / 305天
等级: 102
石头: 0
呼符: 3
体力: 67889.06333333334 / 126
友情点: 7055 / 2421270`
*連続ログイン6日目
※ログインが途切れるか、7日到達すると
1日目から再開されます*
`聖晶石 X 2
6月交換券(2023) X 1
`_2023-06-01 19:30:49_
--------
*e08d200d6cae66745a424b7aab92e6b7*
`登陆天数: 6天 / 423天
等级: 1
石头: 704
呼符: 8
体力: 747177.0233333333 / 20
友情点: 0 / 71400`
*連続ログイン6日目
※ログインが途切れるか、7日到達すると
1日目から再開されます*
`聖晶石 X 2
6月交換券(2023) X 1
`_2023-06-01 19:30:57_
--------
*c695a2ada964bb4064c0b3ade64f21e6*
`登陆天数: 6天 / 1250天
等级: 125
石头: 2257
呼符: 146
体力: 49856.80333333334 / 137
友情点: 0 / 502305`
*連続ログイン6日目
※ログインが途切れるか、7日到達すると
1日目から再開されます*
`聖晶石 X 2
6月交換券(2023) X 1
`_2023-06-01 19:31:05_
--------
*89b7fa638329cf0a6f11a58783a25de4*
`登陆天数: 6天 / 1526天
等级: 153
石头: 22
呼符: 1
体力: 5025.406666666667 / 143
友情点: 2320 / 6372870`
*連続ログイン6日目
※ログインが途切れるか、7日到達すると
1日目から再開されます*
`聖晶石 X 2
6月交換券(2023) X 1
`_2023-06-01 19:31:13_
--------
