【登录信息】
*62d99e37f10ca3c3a468162e341dc34a*
`登陆天数: 7天 / 306天
等级: 102
石头: 0
呼符: 3
体力: 68177.09666666666 / 126
友情点: 5015 / 2426285`
*連続ログイン7日間到達おめでとうございます！
明日は1日目からリスタートされます。*
`獣の足跡 X 1
呼符 X 1
6月交換券(2023) X 1
`_2023-06-02 19:31:00_
--------
*e08d200d6cae66745a424b7aab92e6b7*
`登陆天数: 7天 / 424天
等级: 1
石头: 704
呼符: 8
体力: 747465.0566666666 / 20
友情点: 0 / 71400`
*連続ログイン7日間到達おめでとうございます！
明日は1日目からリスタートされます。*
`獣の足跡 X 1
呼符 X 1
6月交換券(2023) X 1
`_2023-06-02 19:31:07_
--------
*c695a2ada964bb4064c0b3ade64f21e6*
`登陆天数: 7天 / 1251天
等级: 125
石头: 2257
呼符: 146
体力: 50144.84 / 137
友情点: 0 / 502305`
*連続ログイン7日間到達おめでとうございます！
明日は1日目からリスタートされます。*
`獣の足跡 X 1
呼符 X 1
6月交換券(2023) X 1
`_2023-06-02 19:31:15_
--------
*89b7fa638329cf0a6f11a58783a25de4*
`登陆天数: 7天 / 1527天
等级: 153
石头: 22
呼符: 1
体力: 5313.44 / 143
友情点: 950 / 6374420`
*連続ログイン7日間到達おめでとうございます！
明日は1日目からリスタートされます。*
`獣の足跡 X 1
呼符 X 1
6月交換券(2023) X 1
`_2023-06-02 19:31:23_
--------
