【登录信息】
*62d99e37f10ca3c3a468162e341dc34a*
`登陆天数: 8天 / 307天
等级: 102
石头: 0
呼符: 3
体力: 68465.09666666666 / 126
友情点: 5610 / 2431895`
*連続ログイン1日目
※ログインが途切れるか、7日到達すると
1日目から再開されます*
`フレンドポイント X 2000
6月交換券(2023) X 1
`_2023-06-03 19:31:00_
--------
*e08d200d6cae66745a424b7aab92e6b7*
`登陆天数: 8天 / 425天
等级: 1
石头: 704
呼符: 8
体力: 747753.0566666666 / 20
友情点: 0 / 71400`
*連続ログイン1日目
※ログインが途切れるか、7日到達すると
1日目から再開されます*
`フレンドポイント X 2000
6月交換券(2023) X 1
`_2023-06-03 19:31:08_
--------
*c695a2ada964bb4064c0b3ade64f21e6*
`登陆天数: 8天 / 1252天
等级: 125
石头: 2257
呼符: 146
体力: 50432.84 / 137
友情点: 0 / 502305`
*連続ログイン1日目
※ログインが途切れるか、7日到達すると
1日目から再開されます*
`フレンドポイント X 2000
6月交換券(2023) X 1
`_2023-06-03 19:31:16_
--------
*89b7fa638329cf0a6f11a58783a25de4*
`登陆天数: 8天 / 1528天
等级: 153
石头: 22
呼符: 1
体力: 5601.446666666667 / 143
友情点: 1840 / 6376260`
*連続ログイン1日目
※ログインが途切れるか、7日到達すると
1日目から再開されます*
`フレンドポイント X 2000
6月交換券(2023) X 1
`_2023-06-03 19:31:24_
--------
