【登录信息】
*62d99e37f10ca3c3a468162e341dc34a*
`登陆天数: 9天 / 308天
等级: 102
石头: 0
呼符: 3
体力: 68753.06666666667 / 126
友情点: 3570 / 2435465`
*連続ログイン2日目
※ログインが途切れるか、7日到達すると
1日目から再開されます*
`聖晶石 X 1
6月交換券(2023) X 1
`_2023-06-04 19:30:50_
--------
*e08d200d6cae66745a424b7aab92e6b7*
`登陆天数: 9天 / 426天
等级: 1
石头: 704
呼符: 8
体力: 748041.0233333333 / 20
友情点: 0 / 71400`
*連続ログイン2日目
※ログインが途切れるか、7日到達すると
1日目から再開されます*
`聖晶石 X 1
6月交換券(2023) X 1
`_2023-06-04 19:30:58_
--------
*c695a2ada964bb4064c0b3ade64f21e6*
`登陆天数: 9天 / 1253天
等级: 125
石头: 2257
呼符: 146
体力: 50720.806666666664 / 137
友情点: 0 / 502305`
*連続ログイン2日目
※ログインが途切れるか、7日到達すると
1日目から再開されます*
`聖晶石 X 1
6月交換券(2023) X 1
`_2023-06-04 19:31:06_
--------
*89b7fa638329cf0a6f11a58783a25de4*
`登陆天数: 9天 / 1529天
等级: 153
石头: 22
呼符: 1
体力: 5889.41 / 143
友情点: 1450 / 6377710`
*連続ログイン2日目
※ログインが途切れるか、7日到達すると
1日目から再開されます*
`聖晶石 X 1
6月交換券(2023) X 1
`_2023-06-04 19:31:14_
--------
