【登录信息】
*62d99e37f10ca3c3a468162e341dc34a*
`登陆天数: 10天 / 309天
等级: 102
石头: 0
呼符: 3
体力: 69041.05666666667 / 126
友情点: 2465 / 2437930`
*連続ログイン3日目
※ログインが途切れるか、7日到達すると
1日目から再開されます*
`叡智の業火 X 1
6月交換券(2023) X 1
`_2023-06-05 19:30:47_
--------
*e08d200d6cae66745a424b7aab92e6b7*
`登陆天数: 10天 / 427天
等级: 1
石头: 704
呼符: 8
体力: 748329.0166666667 / 20
友情点: 0 / 71400`
*連続ログイン3日目
※ログインが途切れるか、7日到達すると
1日目から再開されます*
`叡智の業火 X 1
6月交換券(2023) X 1
`_2023-06-05 19:30:55_
--------
*c695a2ada964bb4064c0b3ade64f21e6*
`登陆天数: 10天 / 1254天
等级: 125
石头: 2257
呼符: 146
体力: 51008.79666666667 / 137
友情点: 0 / 502305`
*連続ログイン3日目
※ログインが途切れるか、7日到達すると
1日目から再開されます*
`叡智の業火 X 1
6月交換券(2023) X 1
`_2023-06-05 19:31:03_
--------
*89b7fa638329cf0a6f11a58783a25de4*
`登陆天数: 10天 / 1530天
等级: 153
石头: 22
呼符: 1
体力: 6177.4 / 143
友情点: 880 / 6378590`
*連続ログイン3日目
※ログインが途切れるか、7日到達すると
1日目から再開されます*
`叡智の業火 X 1
6月交換券(2023) X 1
`_2023-06-05 19:31:11_
--------
