【登录信息】
*62d99e37f10ca3c3a468162e341dc34a*
`登陆天数: 12天 / 311天
等级: 102
石头: 0
呼符: 3
体力: 69617.07333333333 / 126
友情点: 2635 / 2442945`
*連続ログイン5日目
※ログインが途切れるか、7日到達すると
1日目から再開されます*
`叡智の業火 X 2
6月交換券(2023) X 1
`*奏章Ⅰ 
虚数羅針内界 ペーパームーン
開幕直前ログインボーナス*
*開催期間中、1日1回 7日間日替りでログインボーナスをプレゼント！*
`QP X 3000000
白銀の果実 X 1
`_2023-06-07 19:30:52_
--------
*e08d200d6cae66745a424b7aab92e6b7*
`登陆天数: 12天 / 429天
等级: 1
石头: 704
呼符: 8
体力: 748905.03 / 20
友情点: 0 / 71400`
*連続ログイン5日目
※ログインが途切れるか、7日到達すると
1日目から再開されます*
`叡智の業火 X 2
6月交換券(2023) X 1
`_2023-06-07 19:31:00_
--------
*c695a2ada964bb4064c0b3ade64f21e6*
`登陆天数: 12天 / 1256天
等级: 125
石头: 2257
呼符: 146
体力: 51584.816666666666 / 137
友情点: 0 / 502305`
*連続ログイン5日目
※ログインが途切れるか、7日到達すると
1日目から再開されます*
`叡智の業火 X 2
6月交換券(2023) X 1
`*奏章Ⅰ 
虚数羅針内界 ペーパームーン
開幕直前ログインボーナス*
*開催期間中、1日1回 7日間日替りでログインボーナスをプレゼント！*
`QP X 3000000
白銀の果実 X 1
`_2023-06-07 19:31:08_
--------
*89b7fa638329cf0a6f11a58783a25de4*
`登陆天数: 12天 / 1532天
等级: 153
石头: 0
呼符: 0
体力: 219.46333333333334 / 143
友情点: 440 / 6375770`
*連続ログイン5日目
※ログインが途切れるか、7日到達すると
1日目から再開されます*
`叡智の業火 X 2
6月交換券(2023) X 1
`*奏章Ⅰ 
虚数羅針内界 ペーパームーン
開幕直前ログインボーナス*
*開催期間中、1日1回 7日間日替りでログインボーナスをプレゼント！*
`QP X 3000000
白銀の果実 X 1
`_2023-06-07 19:31:16_
--------
