【登录信息】
*62d99e37f10ca3c3a468162e341dc34a*
`登陆天数: 13天 / 312天
等级: 102
石头: 0
呼符: 3
体力: 69905.09333333334 / 126
友情点: 1020 / 2443965`
*連続ログイン6日目
※ログインが途切れるか、7日到達すると
1日目から再開されます*
`聖晶石 X 2
6月交換券(2023) X 1
`*奏章Ⅰ 
虚数羅針内界 ペーパームーン
開幕直前ログインボーナス*
*開催期間中、1日1回 7日間日替りでログインボーナスをプレゼント！*
`英霊結晶・星のフォウくん X 2
白銀の果実 X 1
`_2023-06-08 19:30:58_
--------
*e08d200d6cae66745a424b7aab92e6b7*
`登陆天数: 13天 / 430天
等级: 1
石头: 704
呼符: 8
体力: 749193.0533333333 / 20
友情点: 0 / 71400`
*連続ログイン6日目
※ログインが途切れるか、7日到達すると
1日目から再開されます*
`聖晶石 X 2
6月交換券(2023) X 1
`_2023-06-08 19:31:07_
--------
*c695a2ada964bb4064c0b3ade64f21e6*
`登陆天数: 13天 / 1257天
等级: 125
石头: 2257
呼符: 146
体力: 51872.83666666667 / 137
友情点: 0 / 502305`
*連続ログイン6日目
※ログインが途切れるか、7日到達すると
1日目から再開されます*
`聖晶石 X 2
6月交換券(2023) X 1
`*奏章Ⅰ 
虚数羅針内界 ペーパームーン
開幕直前ログインボーナス*
*開催期間中、1日1回 7日間日替りでログインボーナスをプレゼント！*
`英霊結晶・星のフォウくん X 2
白銀の果実 X 1
`_2023-06-08 19:31:14_
--------
*89b7fa638329cf0a6f11a58783a25de4*
`登陆天数: 13天 / 1533天
等级: 153
石头: 0
呼符: 0
体力: 507.48333333333335 / 143
友情点: 225 / 6375995`
*連続ログイン6日目
※ログインが途切れるか、7日到達すると
1日目から再開されます*
`聖晶石 X 2
6月交換券(2023) X 1
`*奏章Ⅰ 
虚数羅針内界 ペーパームーン
開幕直前ログインボーナス*
*開催期間中、1日1回 7日間日替りでログインボーナスをプレゼント！*
`英霊結晶・星のフォウくん X 2
白銀の果実 X 1
`_2023-06-08 19:31:23_
--------
