【登录信息】
*62d99e37f10ca3c3a468162e341dc34a*
`登陆天数: 14天 / 313天
等级: 102
石头: 0
呼符: 3
体力: 70193.10333333333 / 126
友情点: 8500 / 2452465`
*連続ログイン7日間到達おめでとうございます！
明日は1日目からリスタートされます。*
`獣の足跡 X 1
呼符 X 1
6月交換券(2023) X 1
`*奏章Ⅰ 
虚数羅針内界 ペーパームーン
開幕直前ログインボーナス*
*開催期間中、1日1回 7日間日替りでログインボーナスをプレゼント！*
`英霊結晶・太陽のフォウくん X 2
白銀の果実 X 1
`_2023-06-09 19:31:02_
--------
*e08d200d6cae66745a424b7aab92e6b7*
`登陆天数: 14天 / 431天
等级: 1
石头: 704
呼符: 8
体力: 749481.0633333334 / 20
友情点: 0 / 71400`
*連続ログイン7日間到達おめでとうございます！
明日は1日目からリスタートされます。*
`獣の足跡 X 1
呼符 X 1
6月交換券(2023) X 1
`_2023-06-09 19:31:10_
--------
*c695a2ada964bb4064c0b3ade64f21e6*
`登陆天数: 14天 / 1258天
等级: 125
石头: 2257
呼符: 146
体力: 52160.846666666665 / 137
友情点: 0 / 502305`
*連続ログイン7日間到達おめでとうございます！
明日は1日目からリスタートされます。*
`獣の足跡 X 1
呼符 X 1
6月交換券(2023) X 1
`*奏章Ⅰ 
虚数羅針内界 ペーパームーン
開幕直前ログインボーナス*
*開催期間中、1日1回 7日間日替りでログインボーナスをプレゼント！*
`英霊結晶・太陽のフォウくん X 2
白銀の果実 X 1
`_2023-06-09 19:31:17_
--------
*89b7fa638329cf0a6f11a58783a25de4*
`登陆天数: 14天 / 1534天
等级: 153
石头: 0
呼符: 0
体力: 795.49 / 143
友情点: 1940 / 6377935`
*連続ログイン7日間到達おめでとうございます！
明日は1日目からリスタートされます。*
`獣の足跡 X 1
呼符 X 1
6月交換券(2023) X 1
`*奏章Ⅰ 
虚数羅針内界 ペーパームーン
開幕直前ログインボーナス*
*開催期間中、1日1回 7日間日替りでログインボーナスをプレゼント！*
`英霊結晶・太陽のフォウくん X 2
白銀の果実 X 1
`_2023-06-09 19:31:25_
--------
