【登录信息】
*62d99e37f10ca3c3a468162e341dc34a*
`登陆天数: 15天 / 314天
等级: 102
石头: 0
呼符: 3
体力: 70481.06 / 126
友情点: 1275 / 2453740`
*連続ログイン1日目
※ログインが途切れるか、7日到達すると
1日目から再開されます*
`フレンドポイント X 2000
6月交換券(2023) X 1
`*奏章Ⅰ 
虚数羅針内界 ペーパームーン
開幕直前ログインボーナス*
*開催期間中、1日1回 7日間日替りでログインボーナスをプレゼント！*
`マナプリズム X 50
黄金の果実 X 1
`_2023-06-10 19:30:48_
--------
*e08d200d6cae66745a424b7aab92e6b7*
`登陆天数: 15天 / 432天
等级: 1
石头: 704
呼符: 8
体力: 749769.0166666667 / 20
友情点: 0 / 71400`
*連続ログイン1日目
※ログインが途切れるか、7日到達すると
1日目から再開されます*
`フレンドポイント X 2000
6月交換券(2023) X 1
`_2023-06-10 19:30:56_
--------
*c695a2ada964bb4064c0b3ade64f21e6*
`登陆天数: 15天 / 1259天
等级: 125
石头: 2257
呼符: 146
体力: 52448.80333333334 / 137
友情点: 0 / 502305`
*連続ログイン1日目
※ログインが途切れるか、7日到達すると
1日目から再開されます*
`フレンドポイント X 2000
6月交換券(2023) X 1
`*奏章Ⅰ 
虚数羅針内界 ペーパームーン
開幕直前ログインボーナス*
*開催期間中、1日1回 7日間日替りでログインボーナスをプレゼント！*
`マナプリズム X 50
黄金の果実 X 1
`_2023-06-10 19:31:04_
--------
*89b7fa638329cf0a6f11a58783a25de4*
`登陆天数: 15天 / 1535天
等级: 153
石头: 0
呼符: 1
体力: 153.82333333333332 / 143
友情点: 350 / 6379215`
*連続ログイン1日目
※ログインが途切れるか、7日到達すると
1日目から再開されます*
`フレンドポイント X 2000
6月交換券(2023) X 1
`*奏章Ⅰ 
虚数羅針内界 ペーパームーン
開幕直前ログインボーナス*
*開催期間中、1日1回 7日間日替りでログインボーナスをプレゼント！*
`マナプリズム X 50
黄金の果実 X 1
`_2023-06-10 19:31:12_
--------
