【登录信息】
*62d99e37f10ca3c3a468162e341dc34a*
`登陆天数: 16天 / 315天
等级: 102
石头: 0
呼符: 3
体力: 70769.14 / 126
友情点: 8415 / 2462155`
*連続ログイン2日目
※ログインが途切れるか、7日到達すると
1日目から再開されます*
`聖晶石 X 1
6月交換券(2023) X 1
`*奏章Ⅰ 
虚数羅針内界 ペーパームーン
開幕直前ログインボーナス*
*開催期間中、1日1回 7日間日替りでログインボーナスをプレゼント！*
`英霊結晶・星のフォウくん X 3
黄金の果実 X 1
`_2023-06-11 19:31:12_
--------
*e08d200d6cae66745a424b7aab92e6b7*
`登陆天数: 16天 / 433天
等级: 1
石头: 704
呼符: 8
体力: 750057.0966666667 / 20
友情点: 0 / 71400`
*連続ログイン2日目
※ログインが途切れるか、7日到達すると
1日目から再開されます*
`聖晶石 X 1
6月交換券(2023) X 1
`_2023-06-11 19:31:20_
--------
*c695a2ada964bb4064c0b3ade64f21e6*
`登陆天数: 16天 / 1260天
等级: 125
石头: 2257
呼符: 146
体力: 52736.88333333333 / 137
友情点: 0 / 502305`
*連続ログイン2日目
※ログインが途切れるか、7日到達すると
1日目から再開されます*
`聖晶石 X 1
6月交換券(2023) X 1
`*奏章Ⅰ 
虚数羅針内界 ペーパームーン
開幕直前ログインボーナス*
*開催期間中、1日1回 7日間日替りでログインボーナスをプレゼント！*
`英霊結晶・星のフォウくん X 3
黄金の果実 X 1
`_2023-06-11 19:31:28_
--------
*89b7fa638329cf0a6f11a58783a25de4*
`登陆天数: 16天 / 1536天
等级: 153
石头: 0
呼符: 1
体力: 441.9066666666667 / 143
友情点: 3050 / 6382265`
*連続ログイン2日目
※ログインが途切れるか、7日到達すると
1日目から再開されます*
`聖晶石 X 1
6月交換券(2023) X 1
`*奏章Ⅰ 
虚数羅針内界 ペーパームーン
開幕直前ログインボーナス*
*開催期間中、1日1回 7日間日替りでログインボーナスをプレゼント！*
`英霊結晶・星のフォウくん X 3
黄金の果実 X 1
`_2023-06-11 19:31:36_
--------
