【登录信息】
*62d99e37f10ca3c3a468162e341dc34a*
`登陆天数: 17天 / 316天
等级: 102
石头: 0
呼符: 3
体力: 71057.1 / 126
友情点: 12325 / 2474480`
*連続ログイン3日目
※ログインが途切れるか、7日到達すると
1日目から再開されます*
`叡智の業火 X 1
6月交換券(2023) X 1
`*奏章Ⅰ 
虚数羅針内界 ペーパームーン
開幕直前ログインボーナス*
*開催期間中、1日1回 7日間日替りでログインボーナスをプレゼント！*
`英霊結晶・太陽のフォウくん X 3
黄金の果実 X 1
`_2023-06-12 19:31:01_
--------
*e08d200d6cae66745a424b7aab92e6b7*
`登陆天数: 17天 / 434天
等级: 1
石头: 704
呼符: 8
体力: 750345.06 / 20
友情点: 0 / 71400`
*連続ログイン3日目
※ログインが途切れるか、7日到達すると
1日目から再開されます*
`叡智の業火 X 1
6月交換券(2023) X 1
`_2023-06-12 19:31:08_
--------
*c695a2ada964bb4064c0b3ade64f21e6*
`登陆天数: 17天 / 1261天
等级: 125
石头: 2257
呼符: 146
体力: 53024.84333333333 / 137
友情点: 0 / 502305`
*連続ログイン3日目
※ログインが途切れるか、7日到達すると
1日目から再開されます*
`叡智の業火 X 1
6月交換券(2023) X 1
`*奏章Ⅰ 
虚数羅針内界 ペーパームーン
開幕直前ログインボーナス*
*開催期間中、1日1回 7日間日替りでログインボーナスをプレゼント！*
`英霊結晶・太陽のフォウくん X 3
黄金の果実 X 1
`_2023-06-12 19:31:16_
--------
*89b7fa638329cf0a6f11a58783a25de4*
`登陆天数: 17天 / 1537天
等级: 153
石头: 0
呼符: 1
体力: 729.8666666666667 / 143
友情点: 4350 / 6386615`
*連続ログイン3日目
※ログインが途切れるか、7日到達すると
1日目から再開されます*
`叡智の業火 X 1
6月交換券(2023) X 1
`*奏章Ⅰ 
虚数羅針内界 ペーパームーン
開幕直前ログインボーナス*
*開催期間中、1日1回 7日間日替りでログインボーナスをプレゼント！*
`英霊結晶・太陽のフォウくん X 3
黄金の果実 X 1
`_2023-06-12 19:31:24_
--------
