【登录信息】
*62d99e37f10ca3c3a468162e341dc34a*
`登陆天数: 18天 / 317天
等级: 102
石头: 0
呼符: 3
体力: 71345.06 / 126
友情点: 10965 / 2485445`
*連続ログイン4日目
※ログインが途切れるか、7日到達すると
1日目から再開されます*
`聖晶石 X 1
6月交換券(2023) X 1
`*奏章Ⅰ 
虚数羅針内界 ペーパームーン
開幕直前ログインボーナス*
*開催期間中、1日1回 7日間日替りでログインボーナスをプレゼント！*
`マナプリズム X 100
黄金の果実 X 2
`_2023-06-13 19:30:49_
--------
*e08d200d6cae66745a424b7aab92e6b7*
`登陆天数: 18天 / 435天
等级: 1
石头: 704
呼符: 8
体力: 750633.02 / 20
友情点: 0 / 71400`
*連続ログイン4日目
※ログインが途切れるか、7日到達すると
1日目から再開されます*
`聖晶石 X 1
6月交換券(2023) X 1
`_2023-06-13 19:30:57_
--------
*c695a2ada964bb4064c0b3ade64f21e6*
`登陆天数: 18天 / 1262天
等级: 125
石头: 2257
呼符: 146
体力: 53312.80333333334 / 137
友情点: 0 / 502305`
*連続ログイン4日目
※ログインが途切れるか、7日到達すると
1日目から再開されます*
`聖晶石 X 1
6月交換券(2023) X 1
`*奏章Ⅰ 
虚数羅針内界 ペーパームーン
開幕直前ログインボーナス*
*開催期間中、1日1回 7日間日替りでログインボーナスをプレゼント！*
`マナプリズム X 100
黄金の果実 X 2
`_2023-06-13 19:31:04_
--------
*89b7fa638329cf0a6f11a58783a25de4*
`登陆天数: 18天 / 1538天
等级: 153
石头: 0
呼符: 0
体力: 119.79666666666667 / 143
友情点: 960 / 6393120`
*連続ログイン4日目
※ログインが途切れるか、7日到達すると
1日目から再開されます*
`聖晶石 X 1
6月交換券(2023) X 1
`*奏章Ⅰ 
虚数羅針内界 ペーパームーン
開幕直前ログインボーナス*
*開催期間中、1日1回 7日間日替りでログインボーナスをプレゼント！*
`マナプリズム X 100
黄金の果実 X 2
`_2023-06-13 19:31:12_
--------
