【登录信息】
*62d99e37f10ca3c3a468162e341dc34a*
`登陆天数: 21天 / 320天
等级: 102
石头: 0
呼符: 3
体力: 72209.05666666667 / 126
友情点: 9350 / 2511965`
*連続ログイン7日間到達おめでとうございます！
明日は1日目からリスタートされます。*
`獣の足跡 X 1
呼符 X 1
6月交換券(2023) X 1
`_2023-06-16 19:30:47_
--------
*e08d200d6cae66745a424b7aab92e6b7*
`登陆天数: 21天 / 438天
等级: 1
石头: 704
呼符: 8
体力: 751497.0133333333 / 20
友情点: 0 / 71400`
*連続ログイン7日間到達おめでとうございます！
明日は1日目からリスタートされます。*
`獣の足跡 X 1
呼符 X 1
6月交換券(2023) X 1
`_2023-06-16 19:30:55_
--------
*c695a2ada964bb4064c0b3ade64f21e6*
`登陆天数: 21天 / 1265天
等级: 125
石头: 2257
呼符: 146
体力: 54176.8 / 137
友情点: 0 / 502305`
*連続ログイン7日間到達おめでとうございます！
明日は1日目からリスタートされます。*
`獣の足跡 X 1
呼符 X 1
6月交換券(2023) X 1
`_2023-06-16 19:31:03_
--------
*89b7fa638329cf0a6f11a58783a25de4*
`登陆天数: 21天 / 1541天
等级: 153
石头: 0
呼符: 0
体力: 731.82 / 143
友情点: 1065 / 6403590`
*連続ログイン7日間到達おめでとうございます！
明日は1日目からリスタートされます。*
`獣の足跡 X 1
呼符 X 1
6月交換券(2023) X 1
`_2023-06-16 19:31:11_
--------
