【登录信息】
*62d99e37f10ca3c3a468162e341dc34a*
`登陆天数: 22天 / 321天
等级: 102
石头: 0
呼符: 3
体力: 72497.10333333333 / 126
友情点: 2805 / 2515580`
*連続ログイン1日目
※ログインが途切れるか、7日到達すると
1日目から再開されます*
`フレンドポイント X 2000
6月交換券(2023) X 1
`_2023-06-17 19:31:01_
--------
*e08d200d6cae66745a424b7aab92e6b7*
`登陆天数: 22天 / 439天
等级: 1
石头: 704
呼符: 8
体力: 751785.0633333334 / 20
友情点: 0 / 71400`
*連続ログイン1日目
※ログインが途切れるか、7日到達すると
1日目から再開されます*
`フレンドポイント X 2000
6月交換券(2023) X 1
`_2023-06-17 19:31:09_
--------
*c695a2ada964bb4064c0b3ade64f21e6*
`登陆天数: 22天 / 1266天
等级: 125
石头: 2257
呼符: 146
体力: 54464.846666666665 / 137
友情点: 0 / 502305`
*連続ログイン1日目
※ログインが途切れるか、7日到達すると
1日目から再開されます*
`フレンドポイント X 2000
6月交換券(2023) X 1
`_2023-06-17 19:31:17_
--------
*89b7fa638329cf0a6f11a58783a25de4*
`登陆天数: 22天 / 1542天
等级: 153
石头: 0
呼符: 0
体力: 1019.8666666666667 / 143
友情点: 440 / 6404030`
*連続ログイン1日目
※ログインが途切れるか、7日到達すると
1日目から再開されます*
`フレンドポイント X 2000
6月交換券(2023) X 1
`_2023-06-17 19:31:25_
--------
