【登录信息】
*62d99e37f10ca3c3a468162e341dc34a*
`登陆天数: 23天 / 322天
等级: 102
石头: 0
呼符: 3
体力: 72785.09666666666 / 126
友情点: 3825 / 2519605`
*連続ログイン2日目
※ログインが途切れるか、7日到達すると
1日目から再開されます*
`聖晶石 X 1
6月交換券(2023) X 1
`_2023-06-18 19:30:59_
--------
*e08d200d6cae66745a424b7aab92e6b7*
`登陆天数: 23天 / 440天
等级: 1
石头: 704
呼符: 8
体力: 752073.0566666666 / 20
友情点: 0 / 71400`
*連続ログイン2日目
※ログインが途切れるか、7日到達すると
1日目から再開されます*
`聖晶石 X 1
6月交換券(2023) X 1
`_2023-06-18 19:31:08_
--------
*c695a2ada964bb4064c0b3ade64f21e6*
`登陆天数: 23天 / 1267天
等级: 125
石头: 2257
呼符: 146
体力: 54752.84 / 137
友情点: 0 / 502305`
*連続ログイン2日目
※ログインが途切れるか、7日到達すると
1日目から再開されます*
`聖晶石 X 1
6月交換券(2023) X 1
`_2023-06-18 19:31:15_
--------
*89b7fa638329cf0a6f11a58783a25de4*
`登陆天数: 23天 / 1543天
等级: 153
石头: 0
呼符: 0
体力: 1307.86 / 143
友情点: 690 / 6404720`
*連続ログイン2日目
※ログインが途切れるか、7日到達すると
1日目から再開されます*
`聖晶石 X 1
6月交換券(2023) X 1
`_2023-06-18 19:31:24_
--------
