【登录信息】
*62d99e37f10ca3c3a468162e341dc34a*
`登陆天数: 24天 / 323天
等级: 102
石头: 0
呼符: 3
体力: 73073.08333333333 / 126
友情点: 2040 / 2521645`
*連続ログイン3日目
※ログインが途切れるか、7日到達すると
1日目から再開されます*
`叡智の業火 X 1
6月交換券(2023) X 1
`_2023-06-19 19:30:55_
--------
*e08d200d6cae66745a424b7aab92e6b7*
`登陆天数: 24天 / 441天
等级: 1
石头: 704
呼符: 8
体力: 752361.04 / 20
友情点: 0 / 71400`
*連続ログイン3日目
※ログインが途切れるか、7日到達すると
1日目から再開されます*
`叡智の業火 X 1
6月交換券(2023) X 1
`_2023-06-19 19:31:03_
--------
*c695a2ada964bb4064c0b3ade64f21e6*
`登陆天数: 24天 / 1268天
等级: 125
石头: 2257
呼符: 146
体力: 55040.823333333334 / 137
友情点: 0 / 502305`
*連続ログイン3日目
※ログインが途切れるか、7日到達すると
1日目から再開されます*
`叡智の業火 X 1
6月交換券(2023) X 1
`_2023-06-19 19:31:10_
--------
*89b7fa638329cf0a6f11a58783a25de4*
`登陆天数: 24天 / 1544天
等级: 153
石头: 0
呼符: 0
体力: 1595.8433333333332 / 143
友情点: 285 / 6405005`
*連続ログイン3日目
※ログインが途切れるか、7日到達すると
1日目から再開されます*
`叡智の業火 X 1
6月交換券(2023) X 1
`_2023-06-19 19:31:19_
--------
