【登录信息】
*62d99e37f10ca3c3a468162e341dc34a*
`登陆天数: 25天 / 324天
等级: 102
石头: 0
呼符: 3
体力: 73361.11333333333 / 126
友情点: 5015 / 2526660`
*連続ログイン4日目
※ログインが途切れるか、7日到達すると
1日目から再開されます*
`聖晶石 X 1
6月交換券(2023) X 1
`_2023-06-20 19:31:05_
--------
*e08d200d6cae66745a424b7aab92e6b7*
`登陆天数: 25天 / 442天
等级: 1
石头: 704
呼符: 8
体力: 752649.0733333334 / 20
友情点: 0 / 71400`
*連続ログイン4日目
※ログインが途切れるか、7日到達すると
1日目から再開されます*
`聖晶石 X 1
6月交換券(2023) X 1
`_2023-06-20 19:31:13_
--------
*c695a2ada964bb4064c0b3ade64f21e6*
`登陆天数: 25天 / 1269天
等级: 125
石头: 2257
呼符: 146
体力: 55328.85666666667 / 137
友情点: 0 / 502305`
*連続ログイン4日目
※ログインが途切れるか、7日到達すると
1日目から再開されます*
`聖晶石 X 1
6月交換券(2023) X 1
`_2023-06-20 19:31:21_
--------
*89b7fa638329cf0a6f11a58783a25de4*
`登陆天数: 25天 / 1545天
等级: 153
石头: 0
呼符: 0
体力: 1883.8766666666668 / 143
友情点: 1950 / 6407205`
*連続ログイン4日目
※ログインが途切れるか、7日到達すると
1日目から再開されます*
`聖晶石 X 1
6月交換券(2023) X 1
`_2023-06-20 19:31:29_
--------
