【登录信息】
*62d99e37f10ca3c3a468162e341dc34a*
`登陆天数: 27天 / 326天
等级: 102
石头: 0
呼符: 3
体力: 73937.07333333333 / 126
友情点: 5355 / 2535160`
*連続ログイン6日目
※ログインが途切れるか、7日到達すると
1日目から再開されます*
`聖晶石 X 2
6月交換券(2023) X 1
`_2023-06-22 19:30:53_
--------
*e08d200d6cae66745a424b7aab92e6b7*
`登陆天数: 27天 / 444天
等级: 1
石头: 704
呼符: 8
体力: 753225.0333333333 / 20
友情点: 0 / 71400`
*連続ログイン6日目
※ログインが途切れるか、7日到達すると
1日目から再開されます*
`聖晶石 X 2
6月交換券(2023) X 1
`_2023-06-22 19:31:01_
--------
*c695a2ada964bb4064c0b3ade64f21e6*
`登陆天数: 27天 / 1271天
等级: 125
石头: 2257
呼符: 146
体力: 55904.816666666666 / 137
友情点: 0 / 502305`
*連続ログイン6日目
※ログインが途切れるか、7日到達すると
1日目から再開されます*
`聖晶石 X 2
6月交換券(2023) X 1
`_2023-06-22 19:31:09_
--------
*89b7fa638329cf0a6f11a58783a25de4*
`登陆天数: 27天 / 1547天
等级: 153
石头: 0
呼符: 0
体力: 2459.84 / 143
友情点: 1200 / 6410710`
*連続ログイン6日目
※ログインが途切れるか、7日到達すると
1日目から再開されます*
`聖晶石 X 2
6月交換券(2023) X 1
`_2023-06-22 19:31:17_
--------
