【登录信息】
*62d99e37f10ca3c3a468162e341dc34a*
`登陆天数: 28天 / 327天
等级: 102
石头: 0
呼符: 3
体力: 74225.09333333334 / 126
友情点: 3995 / 2539185`
*連続ログイン7日間到達おめでとうございます！
明日は1日目からリスタートされます。*
`獣の足跡 X 1
呼符 X 1
6月交換券(2023) X 1
`_2023-06-23 19:30:58_
--------
*e08d200d6cae66745a424b7aab92e6b7*
`登陆天数: 28天 / 445天
等级: 1
石头: 704
呼符: 8
体力: 753513.0533333333 / 20
友情点: 0 / 71400`
*連続ログイン7日間到達おめでとうございます！
明日は1日目からリスタートされます。*
`獣の足跡 X 1
呼符 X 1
6月交換券(2023) X 1
`_2023-06-23 19:31:07_
--------
*c695a2ada964bb4064c0b3ade64f21e6*
`登陆天数: 28天 / 1272天
等级: 125
石头: 2257
呼符: 146
体力: 56192.83666666667 / 137
友情点: 0 / 502305`
*連続ログイン7日間到達おめでとうございます！
明日は1日目からリスタートされます。*
`獣の足跡 X 1
呼符 X 1
6月交換券(2023) X 1
`_2023-06-23 19:31:15_
--------
*89b7fa638329cf0a6f11a58783a25de4*
`登陆天数: 28天 / 1548天
等级: 153
石头: 0
呼符: 0
体力: 2747.86 / 143
友情点: 1015 / 6411725`
*連続ログイン7日間到達おめでとうございます！
明日は1日目からリスタートされます。*
`獣の足跡 X 1
呼符 X 1
6月交換券(2023) X 1
`_2023-06-23 19:31:23_
--------
