【登录信息】
*62d99e37f10ca3c3a468162e341dc34a*
`登陆天数: 32天 / 331天
等级: 102
石头: 0
呼符: 3
体力: 75377.05666666667 / 126
友情点: 9095 / 2560295`
*連続ログイン4日目
※ログインが途切れるか、7日到達すると
1日目から再開されます*
`聖晶石 X 1
6月交換券(2023) X 1
`_2023-06-27 19:30:47_
--------
*e08d200d6cae66745a424b7aab92e6b7*
`登陆天数: 32天 / 449天
等级: 1
石头: 704
呼符: 8
体力: 754665.0166666667 / 20
友情点: 0 / 71400`
*連続ログイン4日目
※ログインが途切れるか、7日到達すると
1日目から再開されます*
`聖晶石 X 1
6月交換券(2023) X 1
`_2023-06-27 19:30:55_
--------
*c695a2ada964bb4064c0b3ade64f21e6*
`登陆天数: 32天 / 1276天
等级: 125
石头: 2257
呼符: 146
体力: 57344.8 / 137
友情点: 0 / 502305`
*連続ログイン4日目
※ログインが途切れるか、7日到達すると
1日目から再開されます*
`聖晶石 X 1
6月交換券(2023) X 1
`_2023-06-27 19:31:03_
--------
*89b7fa638329cf0a6f11a58783a25de4*
`登陆天数: 32天 / 1552天
等级: 153
石头: 0
呼符: 0
体力: 3899.82 / 143
友情点: 1630 / 6416600`
*連続ログイン4日目
※ログインが途切れるか、7日到達すると
1日目から再開されます*
`聖晶石 X 1
6月交換券(2023) X 1
`_2023-06-27 19:31:11_
--------
