【登录信息】
*62d99e37f10ca3c3a468162e341dc34a*
`登陆天数: 34天 / 333天
等级: 102
石头: 0
呼符: 3
体力: 75953.11666666667 / 126
友情点: 1275 / 2566160`
*連続ログイン6日目
※ログインが途切れるか、7日到達すると
1日目から再開されます*
`聖晶石 X 2
6月交換券(2023) X 1
`*2800万DL突破記念 特別回数ログインボーナス*
*開催期間中、1日1回 最大10回 回数ログインボーナスをプレゼント！*
`マナプリズム X 100
黄金の果実 X 10
`_2023-06-29 19:31:05_
--------
*e08d200d6cae66745a424b7aab92e6b7*
`登陆天数: 34天 / 451天
等级: 1
石头: 704
呼符: 8
体力: 755241.0766666667 / 20
友情点: 0 / 71400`
*連続ログイン6日目
※ログインが途切れるか、7日到達すると
1日目から再開されます*
`聖晶石 X 2
6月交換券(2023) X 1
`_2023-06-29 19:31:13_
--------
*c695a2ada964bb4064c0b3ade64f21e6*
`登陆天数: 34天 / 1278天
等级: 125
石头: 2257
呼符: 146
体力: 57920.86 / 137
友情点: 0 / 502305`
*連続ログイン6日目
※ログインが途切れるか、7日到達すると
1日目から再開されます*
`聖晶石 X 2
6月交換券(2023) X 1
`*2800万DL突破記念 特別回数ログインボーナス*
*開催期間中、1日1回 最大10回 回数ログインボーナスをプレゼント！*
`マナプリズム X 100
黄金の果実 X 10
`_2023-06-29 19:31:21_
--------
*89b7fa638329cf0a6f11a58783a25de4*
`登陆天数: 34天 / 1554天
等级: 153
石头: 0
呼符: 0
体力: 4475.876666666667 / 143
友情点: 140 / 6417220`
*連続ログイン6日目
※ログインが途切れるか、7日到達すると
1日目から再開されます*
`聖晶石 X 2
6月交換券(2023) X 1
`*2800万DL突破記念 特別回数ログインボーナス*
*開催期間中、1日1回 最大10回 回数ログインボーナスをプレゼント！*
`マナプリズム X 100
黄金の果実 X 10
`_2023-06-29 19:31:29_
--------
