【登录信息】
*62d99e37f10ca3c3a468162e341dc34a*
`登陆天数: 14天 / 435天
等级: 102
石头: 0
呼符: 3
体力: 120305.94 / 126
友情点: 2125 / 2869370`
*連続ログイン7日間到達おめでとうございます！
明日は1日目からリスタートされます。*
`獣の足跡 X 1
呼符 X 1
12月交換券(2023) X 1
`*日替りログインボーナス*
*開催期間中、1日1回 2週間日替りでログインボーナスをプレゼント！*
`巡霊の葉 X 30
`_2023-11-30 19:35:12_
--------
*e08d200d6cae66745a424b7aab92e6b7*
`登陆天数: 14天 / 553天
等级: 1
石头: 704
呼符: 8
体力: 799593.9 / 20
友情点: 0 / 71400`
*連続ログイン7日間到達おめでとうございます！
明日は1日目からリスタートされます。*
`獣の足跡 X 1
呼符 X 1
12月交換券(2023) X 1
`_2023-11-30 19:35:20_
--------
*c695a2ada964bb4064c0b3ade64f21e6*
`登陆天数: 14天 / 1380天
等级: 125
石头: 2257
呼符: 146
体力: 102273.68333333333 / 137
友情点: 0 / 502305`
*連続ログイン7日間到達おめでとうございます！
明日は1日目からリスタートされます。*
`獣の足跡 X 1
呼符 X 1
12月交換券(2023) X 1
`*日替りログインボーナス*
*開催期間中、1日1回 2週間日替りでログインボーナスをプレゼント！*
`巡霊の葉 X 30
`_2023-11-30 19:35:28_
--------
*89b7fa638329cf0a6f11a58783a25de4*
`登陆天数: 14天 / 1656天
等级: 153
石头: 1
呼符: 0
体力: 31842.133333333335 / 143
友情点: 460 / 6434380`
*連続ログイン7日間到達おめでとうございます！
明日は1日目からリスタートされます。*
`獣の足跡 X 1
呼符 X 1
12月交換券(2023) X 1
`*日替りログインボーナス*
*開催期間中、1日1回 2週間日替りでログインボーナスをプレゼント！*
`巡霊の葉 X 30
`_2023-11-30 19:35:36_
--------
