【登录信息】
*62d99e37f10ca3c3a468162e341dc34a*
`登陆天数: 17天 / 438天
等级: 102
石头: 0
呼符: 3
体力: 121169.86 / 126
友情点: 1530 / 2874765`
*連続ログイン3日目
※ログインが途切れるか、7日到達すると
1日目から再開されます*
`叡智の業火 X 1
12月交換券(2023) X 1
`*日替りログインボーナス*
*開催期間中、1日1回 2週間日替りでログインボーナスをプレゼント！*
`巡霊の葉 X 30
`_2023-12-03 19:34:48_
--------
*e08d200d6cae66745a424b7aab92e6b7*
`登陆天数: 17天 / 556天
等级: 1
石头: 704
呼符: 8
体力: 800457.82 / 20
友情点: 0 / 71400`
*連続ログイン3日目
※ログインが途切れるか、7日到達すると
1日目から再開されます*
`叡智の業火 X 1
12月交換券(2023) X 1
`_2023-12-03 19:34:56_
--------
*c695a2ada964bb4064c0b3ade64f21e6*
`登陆天数: 17天 / 1383天
等级: 125
石头: 2257
呼符: 146
体力: 103137.60333333333 / 137
友情点: 0 / 502305`
*連続ログイン3日目
※ログインが途切れるか、7日到達すると
1日目から再開されます*
`叡智の業火 X 1
12月交換券(2023) X 1
`*日替りログインボーナス*
*開催期間中、1日1回 2週間日替りでログインボーナスをプレゼント！*
`巡霊の葉 X 30
`_2023-12-03 19:35:04_
--------
*89b7fa638329cf0a6f11a58783a25de4*
`登陆天数: 17天 / 1659天
等级: 153
石头: 1
呼符: 0
体力: 32706.056666666667 / 143
友情点: 295 / 6436120`
*連続ログイン3日目
※ログインが途切れるか、7日到達すると
1日目から再開されます*
`叡智の業火 X 1
12月交換券(2023) X 1
`*日替りログインボーナス*
*開催期間中、1日1回 2週間日替りでログインボーナスをプレゼント！*
`巡霊の葉 X 30
`_2023-12-03 19:35:12_
--------
