【登录信息】
*62d99e37f10ca3c3a468162e341dc34a*
`登陆天数: 21天 / 442天
等级: 102
石头: 0
呼符: 3
体力: 122321.99333333333 / 126
友情点: 2890 / 2883060`
*連続ログイン7日間到達おめでとうございます！
明日は1日目からリスタートされます。*
`獣の足跡 X 1
呼符 X 1
12月交換券(2023) X 1
`*激走！川中島24時 ぐだぐだ超五稜郭 殺しのサインはM51
開幕記念 ログインボーナス*
*開催期間中、1日1回 最大21回ログインボーナスをプレゼント！*
`白銀の果実 X 1
`_2023-12-07 19:35:28_
--------
*e08d200d6cae66745a424b7aab92e6b7*
`登陆天数: 21天 / 560天
等级: 1
石头: 704
呼符: 8
体力: 801609.95 / 20
友情点: 0 / 71400`
*連続ログイン7日間到達おめでとうございます！
明日は1日目からリスタートされます。*
`獣の足跡 X 1
呼符 X 1
12月交換券(2023) X 1
`_2023-12-07 19:35:36_
--------
*c695a2ada964bb4064c0b3ade64f21e6*
`登陆天数: 21天 / 1387天
等级: 125
石头: 2257
呼符: 146
体力: 104289.73333333334 / 137
友情点: 0 / 502305`
*連続ログイン7日間到達おめでとうございます！
明日は1日目からリスタートされます。*
`獣の足跡 X 1
呼符 X 1
12月交換券(2023) X 1
`*激走！川中島24時 ぐだぐだ超五稜郭 殺しのサインはM51
開幕記念 ログインボーナス*
*開催期間中、1日1回 最大21回ログインボーナスをプレゼント！*
`白銀の果実 X 1
`_2023-12-07 19:35:44_
--------
*89b7fa638329cf0a6f11a58783a25de4*
`登陆天数: 21天 / 1663天
等级: 153
石头: 1
呼符: 0
体力: 33858.18666666667 / 143
友情点: 310 / 6437670`
*連続ログイン7日間到達おめでとうございます！
明日は1日目からリスタートされます。*
`獣の足跡 X 1
呼符 X 1
12月交換券(2023) X 1
`*激走！川中島24時 ぐだぐだ超五稜郭 殺しのサインはM51
開幕記念 ログインボーナス*
*開催期間中、1日1回 最大21回ログインボーナスをプレゼント！*
`白銀の果実 X 1
`_2023-12-07 19:35:52_
--------
