【登录信息】
*62d99e37f10ca3c3a468162e341dc34a*
`登陆天数: 22天 / 443天
等级: 102
石头: 0
呼符: 3
体力: 122609.96666666666 / 126
友情点: 1190 / 2884260`
*連続ログイン1日目
※ログインが途切れるか、7日到達すると
1日目から再開されます*
`フレンドポイント X 2000
12月交換券(2023) X 1
`*激走！川中島24時 ぐだぐだ超五稜郭 殺しのサインはM51
開幕記念 ログインボーナス*
*開催期間中、1日1回 最大21回ログインボーナスをプレゼント！*
`白銀の果実 X 1
`_2023-12-08 19:35:20_
--------
*e08d200d6cae66745a424b7aab92e6b7*
`登陆天数: 22天 / 561天
等级: 1
石头: 704
呼符: 8
体力: 801897.9266666666 / 20
友情点: 0 / 71400`
*連続ログイン1日目
※ログインが途切れるか、7日到達すると
1日目から再開されます*
`フレンドポイント X 2000
12月交換券(2023) X 1
`_2023-12-08 19:35:29_
--------
*c695a2ada964bb4064c0b3ade64f21e6*
`登陆天数: 22天 / 1388天
等级: 125
石头: 2257
呼符: 146
体力: 104577.71 / 137
友情点: 0 / 502305`
*連続ログイン1日目
※ログインが途切れるか、7日到達すると
1日目から再開されます*
`フレンドポイント X 2000
12月交換券(2023) X 1
`*激走！川中島24時 ぐだぐだ超五稜郭 殺しのサインはM51
開幕記念 ログインボーナス*
*開催期間中、1日1回 最大21回ログインボーナスをプレゼント！*
`白銀の果実 X 1
`_2023-12-08 19:35:37_
--------
*89b7fa638329cf0a6f11a58783a25de4*
`登陆天数: 22天 / 1664天
等级: 153
石头: 1
呼符: 0
体力: 34146.16333333333 / 143
友情点: 270 / 6437950`
*連続ログイン1日目
※ログインが途切れるか、7日到達すると
1日目から再開されます*
`フレンドポイント X 2000
12月交換券(2023) X 1
`*激走！川中島24時 ぐだぐだ超五稜郭 殺しのサインはM51
開幕記念 ログインボーナス*
*開催期間中、1日1回 最大21回ログインボーナスをプレゼント！*
`白銀の果実 X 1
`_2023-12-08 19:35:45_
--------
