【登录信息】
*62d99e37f10ca3c3a468162e341dc34a*
`登陆天数: 28天 / 449天
等级: 102
石头: 0
呼符: 3
体力: 124337.97666666667 / 126
友情点: 3315 / 2900035`
*連続ログイン7日間到達おめでとうございます！
明日は1日目からリスタートされます。*
`獣の足跡 X 1
呼符 X 1
12月交換券(2023) X 1
`*激走！川中島24時 ぐだぐだ超五稜郭 殺しのサインはM51
開幕記念 ログインボーナス*
*開催期間中、1日1回 最大21回ログインボーナスをプレゼント！*
`白銀の果実 X 1
`_2023-12-14 19:35:23_
--------
*e08d200d6cae66745a424b7aab92e6b7*
`登陆天数: 28天 / 567天
等级: 1
石头: 704
呼符: 8
体力: 803625.9333333333 / 20
友情点: 0 / 71400`
*連続ログイン7日間到達おめでとうございます！
明日は1日目からリスタートされます。*
`獣の足跡 X 1
呼符 X 1
12月交換券(2023) X 1
`_2023-12-14 19:35:31_
--------
*c695a2ada964bb4064c0b3ade64f21e6*
`登陆天数: 28天 / 1394天
等级: 125
石头: 2257
呼符: 146
体力: 106305.71666666666 / 137
友情点: 0 / 502305`
*連続ログイン7日間到達おめでとうございます！
明日は1日目からリスタートされます。*
`獣の足跡 X 1
呼符 X 1
12月交換券(2023) X 1
`*激走！川中島24時 ぐだぐだ超五稜郭 殺しのサインはM51
開幕記念 ログインボーナス*
*開催期間中、1日1回 最大21回ログインボーナスをプレゼント！*
`白銀の果実 X 1
`_2023-12-14 19:35:38_
--------
*89b7fa638329cf0a6f11a58783a25de4*
`登陆天数: 28天 / 1670天
等级: 153
石头: 1
呼符: 0
体力: 35874.17 / 143
友情点: 370 / 6440395`
*連続ログイン7日間到達おめでとうございます！
明日は1日目からリスタートされます。*
`獣の足跡 X 1
呼符 X 1
12月交換券(2023) X 1
`*激走！川中島24時 ぐだぐだ超五稜郭 殺しのサインはM51
開幕記念 ログインボーナス*
*開催期間中、1日1回 最大21回ログインボーナスをプレゼント！*
`白銀の果実 X 1
`_2023-12-14 19:35:46_
--------
