【登录信息】
*62d99e37f10ca3c3a468162e341dc34a*
`登陆天数: 29天 / 450天
等级: 102
石头: 0
呼符: 3
体力: 124625.97333333333 / 126
友情点: 1615 / 2901850`
*連続ログイン1日目
※ログインが途切れるか、7日到達すると
1日目から再開されます*
`フレンドポイント X 2000
12月交換券(2023) X 1
`*激走！川中島24時 ぐだぐだ超五稜郭 殺しのサインはM51
開幕記念 ログインボーナス*
*開催期間中、1日1回 最大21回ログインボーナスをプレゼント！*
`白銀の果実 X 1
`_2023-12-15 19:35:22_
--------
*e08d200d6cae66745a424b7aab92e6b7*
`登陆天数: 29天 / 568天
等级: 1
石头: 704
呼符: 8
体力: 803913.9333333333 / 20
友情点: 0 / 71400`
*連続ログイン1日目
※ログインが途切れるか、7日到達すると
1日目から再開されます*
`フレンドポイント X 2000
12月交換券(2023) X 1
`_2023-12-15 19:35:30_
--------
*c695a2ada964bb4064c0b3ade64f21e6*
`登陆天数: 29天 / 1395天
等级: 125
石头: 2257
呼符: 146
体力: 106593.71666666666 / 137
友情点: 0 / 502305`
*連続ログイン1日目
※ログインが途切れるか、7日到達すると
1日目から再開されます*
`フレンドポイント X 2000
12月交換券(2023) X 1
`*激走！川中島24時 ぐだぐだ超五稜郭 殺しのサインはM51
開幕記念 ログインボーナス*
*開催期間中、1日1回 最大21回ログインボーナスをプレゼント！*
`白銀の果実 X 1
`_2023-12-15 19:35:38_
--------
*89b7fa638329cf0a6f11a58783a25de4*
`登陆天数: 29天 / 1671天
等级: 153
石头: 1
呼符: 0
体力: 36162.166666666664 / 143
友情点: 270 / 6440665`
*連続ログイン1日目
※ログインが途切れるか、7日到達すると
1日目から再開されます*
`フレンドポイント X 2000
12月交換券(2023) X 1
`*激走！川中島24時 ぐだぐだ超五稜郭 殺しのサインはM51
開幕記念 ログインボーナス*
*開催期間中、1日1回 最大21回ログインボーナスをプレゼント！*
`白銀の果実 X 1
`_2023-12-15 19:35:46_
--------
