【登录信息】
*62d99e37f10ca3c3a468162e341dc34a*
`登陆天数: 34天 / 455天
等级: 102
石头: 0
呼符: 3
体力: 126065.94666666667 / 126
友情点: 1105 / 2916385`
*連続ログイン6日目
※ログインが途切れるか、7日到達すると
1日目から再開されます*
`聖晶石 X 2
12月交換券(2023) X 1
`*雪原のメリー・クリスマス2023 ～7days / 8years Snow Carol～開幕記念 ログインボーナス*
*開催期間中、1日1回 最大10回ログインボーナスをプレゼント！*
`黄金の果実 X 1
`_2023-12-20 19:35:15_
--------
*e08d200d6cae66745a424b7aab92e6b7*
`登陆天数: 34天 / 573天
等级: 1
石头: 704
呼符: 8
体力: 805353.9066666666 / 20
友情点: 0 / 71400`
*連続ログイン6日目
※ログインが途切れるか、7日到達すると
1日目から再開されます*
`聖晶石 X 2
12月交換券(2023) X 1
`_2023-12-20 19:35:22_
--------
*c695a2ada964bb4064c0b3ade64f21e6*
`登陆天数: 34天 / 1400天
等级: 125
石头: 2257
呼符: 146
体力: 108033.69 / 137
友情点: 0 / 502305`
*連続ログイン6日目
※ログインが途切れるか、7日到達すると
1日目から再開されます*
`聖晶石 X 2
12月交換券(2023) X 1
`*雪原のメリー・クリスマス2023 ～7days / 8years Snow Carol～開幕記念 ログインボーナス*
*開催期間中、1日1回 最大10回ログインボーナスをプレゼント！*
`黄金の果実 X 1
`_2023-12-20 19:35:30_
--------
*89b7fa638329cf0a6f11a58783a25de4*
`登陆天数: 34天 / 1676天
等级: 153
石头: 1
呼符: 0
体力: 37602.136666666665 / 143
友情点: 210 / 6442900`
*連続ログイン6日目
※ログインが途切れるか、7日到達すると
1日目から再開されます*
`聖晶石 X 2
12月交換券(2023) X 1
`*雪原のメリー・クリスマス2023 ～7days / 8years Snow Carol～開幕記念 ログインボーナス*
*開催期間中、1日1回 最大10回ログインボーナスをプレゼント！*
`黄金の果実 X 1
`_2023-12-20 19:35:38_
--------
