【登录信息】
*62d99e37f10ca3c3a468162e341dc34a*
`登陆天数: 35天 / 456天
等级: 102
石头: 0
呼符: 3
体力: 126353.95333333334 / 126
友情点: 3315 / 2919700`
*連続ログイン7日間到達おめでとうございます！
明日は1日目からリスタートされます。*
`獣の足跡 X 1
呼符 X 1
12月交換券(2023) X 1
`*雪原のメリー・クリスマス2023 ～7days / 8years Snow Carol～開幕記念 ログインボーナス*
*開催期間中、1日1回 最大10回ログインボーナスをプレゼント！*
`白銀の果実 X 1
`_2023-12-21 19:35:16_
--------
*e08d200d6cae66745a424b7aab92e6b7*
`登陆天数: 35天 / 574天
等级: 1
石头: 704
呼符: 8
体力: 805641.91 / 20
友情点: 0 / 71400`
*連続ログイン7日間到達おめでとうございます！
明日は1日目からリスタートされます。*
`獣の足跡 X 1
呼符 X 1
12月交換券(2023) X 1
`_2023-12-21 19:35:24_
--------
*c695a2ada964bb4064c0b3ade64f21e6*
`登陆天数: 35天 / 1401天
等级: 125
石头: 2257
呼符: 146
体力: 108321.69333333333 / 137
友情点: 0 / 502305`
*連続ログイン7日間到達おめでとうございます！
明日は1日目からリスタートされます。*
`獣の足跡 X 1
呼符 X 1
12月交換券(2023) X 1
`*雪原のメリー・クリスマス2023 ～7days / 8years Snow Carol～開幕記念 ログインボーナス*
*開催期間中、1日1回 最大10回ログインボーナスをプレゼント！*
`白銀の果実 X 1
`_2023-12-21 19:35:31_
--------
*89b7fa638329cf0a6f11a58783a25de4*
`登陆天数: 35天 / 1677天
等级: 153
石头: 1
呼符: 0
体力: 37890.14333333333 / 143
友情点: 460 / 6443360`
*連続ログイン7日間到達おめでとうございます！
明日は1日目からリスタートされます。*
`獣の足跡 X 1
呼符 X 1
12月交換券(2023) X 1
`*雪原のメリー・クリスマス2023 ～7days / 8years Snow Carol～開幕記念 ログインボーナス*
*開催期間中、1日1回 最大10回ログインボーナスをプレゼント！*
`白銀の果実 X 1
`_2023-12-21 19:35:39_
--------
