【登录信息】
*62d99e37f10ca3c3a468162e341dc34a*
`登陆天数: 36天 / 457天
等级: 102
石头: 0
呼符: 3
体力: 126641.87666666666 / 126
友情点: 2890 / 2922590`
*連続ログイン1日目
※ログインが途切れるか、7日到達すると
1日目から再開されます*
`フレンドポイント X 2000
12月交換券(2023) X 1
`*雪原のメリー・クリスマス2023 ～7days / 8years Snow Carol～開幕記念 ログインボーナス*
*開催期間中、1日1回 最大10回ログインボーナスをプレゼント！*
`白銀の果実 X 1
`_2023-12-22 19:34:53_
--------
*e08d200d6cae66745a424b7aab92e6b7*
`登陆天数: 36天 / 575天
等级: 1
石头: 704
呼符: 8
体力: 805929.8333333334 / 20
友情点: 0 / 71400`
*連続ログイン1日目
※ログインが途切れるか、7日到達すると
1日目から再開されます*
`フレンドポイント X 2000
12月交換券(2023) X 1
`_2023-12-22 19:35:01_
--------
*c695a2ada964bb4064c0b3ade64f21e6*
`登陆天数: 36天 / 1402天
等级: 125
石头: 2257
呼符: 146
体力: 108609.61666666667 / 137
友情点: 0 / 502305`
*連続ログイン1日目
※ログインが途切れるか、7日到達すると
1日目から再開されます*
`フレンドポイント X 2000
12月交換券(2023) X 1
`*雪原のメリー・クリスマス2023 ～7days / 8years Snow Carol～開幕記念 ログインボーナス*
*開催期間中、1日1回 最大10回ログインボーナスをプレゼント！*
`白銀の果実 X 1
`_2023-12-22 19:35:08_
--------
*89b7fa638329cf0a6f11a58783a25de4*
`登陆天数: 36天 / 1678天
等级: 153
石头: 1
呼符: 0
体力: 38178.066666666666 / 143
友情点: 485 / 6443845`
*連続ログイン1日目
※ログインが途切れるか、7日到達すると
1日目から再開されます*
`フレンドポイント X 2000
12月交換券(2023) X 1
`*雪原のメリー・クリスマス2023 ～7days / 8years Snow Carol～開幕記念 ログインボーナス*
*開催期間中、1日1回 最大10回ログインボーナスをプレゼント！*
`白銀の果実 X 1
`_2023-12-22 19:35:17_
--------
