【登录信息】
*62d99e37f10ca3c3a468162e341dc34a*
`登陆天数: 38天 / 459天
等级: 102
石头: 0
呼符: 3
体力: 127217.91666666667 / 126
友情点: 2805 / 2927360`
*連続ログイン3日目
※ログインが途切れるか、7日到達すると
1日目から再開されます*
`叡智の業火 X 1
12月交換券(2023) X 1
`*ネモ〔サンタ〕からのクリスマスプレゼント*
*開催期間中、初回ログインで「聖晶石×10」をプレゼント！*
`聖晶石 X 10
`_2023-12-24 19:35:05_
--------
*e08d200d6cae66745a424b7aab92e6b7*
`登陆天数: 38天 / 577天
等级: 1
石头: 704
呼符: 8
体力: 806505.8733333333 / 20
友情点: 0 / 71400`
*連続ログイン3日目
※ログインが途切れるか、7日到達すると
1日目から再開されます*
`叡智の業火 X 1
12月交換券(2023) X 1
`*ネモ〔サンタ〕からのクリスマスプレゼント*
*開催期間中、初回ログインで「聖晶石×10」をプレゼント！*
`聖晶石 X 10
`_2023-12-24 19:35:13_
--------
*c695a2ada964bb4064c0b3ade64f21e6*
`登陆天数: 38天 / 1404天
等级: 125
石头: 2257
呼符: 146
体力: 109185.65666666666 / 137
友情点: 0 / 502305`
*連続ログイン3日目
※ログインが途切れるか、7日到達すると
1日目から再開されます*
`叡智の業火 X 1
12月交換券(2023) X 1
`*ネモ〔サンタ〕からのクリスマスプレゼント*
*開催期間中、初回ログインで「聖晶石×10」をプレゼント！*
`聖晶石 X 10
`_2023-12-24 19:35:21_
--------
*89b7fa638329cf0a6f11a58783a25de4*
`登陆天数: 38天 / 1680天
等级: 153
石头: 1
呼符: 0
体力: 38754.10666666667 / 143
友情点: 290 / 6444335`
*連続ログイン3日目
※ログインが途切れるか、7日到達すると
1日目から再開されます*
`叡智の業火 X 1
12月交換券(2023) X 1
`*ネモ〔サンタ〕からのクリスマスプレゼント*
*開催期間中、初回ログインで「聖晶石×10」をプレゼント！*
`聖晶石 X 10
`_2023-12-24 19:35:29_
--------
