【登录信息】
*62d99e37f10ca3c3a468162e341dc34a*
`登陆天数: 40天 / 461天
等级: 102
石头: 0
呼符: 3
体力: 127793.93 / 126
友情点: 1105 / 2931215`
*連続ログイン5日目
※ログインが途切れるか、7日到達すると
1日目から再開されます*
`叡智の業火 X 2
12月交換券(2023) X 1
`*「FGO カルデア・サテライトステーション 2023-2024」京都会場開催直前 ログインボーナス*
*開催期間中、1日1回 最大3回 ログインボーナスをプレゼント！*
`サテライトステーション23-24 X 1
黄金の果実 X 1
`_2023-12-26 19:35:10_
--------
*e08d200d6cae66745a424b7aab92e6b7*
`登陆天数: 40天 / 579天
等级: 1
石头: 704
呼符: 8
体力: 807081.89 / 20
友情点: 0 / 71400`
*連続ログイン5日目
※ログインが途切れるか、7日到達すると
1日目から再開されます*
`叡智の業火 X 2
12月交換券(2023) X 1
`_2023-12-26 19:35:17_
--------
*c695a2ada964bb4064c0b3ade64f21e6*
`登陆天数: 40天 / 1406天
等级: 125
石头: 2257
呼符: 146
体力: 109761.67 / 137
友情点: 0 / 502305`
*連続ログイン5日目
※ログインが途切れるか、7日到達すると
1日目から再開されます*
`叡智の業火 X 2
12月交換券(2023) X 1
`*「FGO カルデア・サテライトステーション 2023-2024」京都会場開催直前 ログインボーナス*
*開催期間中、1日1回 最大3回 ログインボーナスをプレゼント！*
`サテライトステーション23-24 X 1
黄金の果実 X 1
`_2023-12-26 19:35:25_
--------
*89b7fa638329cf0a6f11a58783a25de4*
`登陆天数: 40天 / 1682天
等级: 153
石头: 1
呼符: 0
体力: 39330.12 / 143
友情点: 240 / 6444845`
*連続ログイン5日目
※ログインが途切れるか、7日到達すると
1日目から再開されます*
`叡智の業火 X 2
12月交換券(2023) X 1
`*「FGO カルデア・サテライトステーション 2023-2024」京都会場開催直前 ログインボーナス*
*開催期間中、1日1回 最大3回 ログインボーナスをプレゼント！*
`サテライトステーション23-24 X 1
黄金の果実 X 1
`_2023-12-26 19:35:33_
--------
