【登录信息】
*62d99e37f10ca3c3a468162e341dc34a*
`登陆天数: 41天 / 462天
等级: 102
石头: 0
呼符: 3
体力: 128081.93666666666 / 126
友情点: 2125 / 2933340`
*連続ログイン6日目
※ログインが途切れるか、7日到達すると
1日目から再開されます*
`聖晶石 X 2
12月交換券(2023) X 1
`*「FGO カルデア・サテライトステーション 2023-2024」京都会場開催直前 ログインボーナス*
*開催期間中、1日1回 最大3回 ログインボーナスをプレゼント！*
`黄金の果実 X 1
`_2023-12-27 19:35:11_
--------
*e08d200d6cae66745a424b7aab92e6b7*
`登陆天数: 41天 / 580天
等级: 1
石头: 704
呼符: 8
体力: 807369.8933333333 / 20
友情点: 0 / 71400`
*連続ログイン6日目
※ログインが途切れるか、7日到達すると
1日目から再開されます*
`聖晶石 X 2
12月交換券(2023) X 1
`_2023-12-27 19:35:19_
--------
*c695a2ada964bb4064c0b3ade64f21e6*
`登陆天数: 41天 / 1407天
等级: 125
石头: 2257
呼符: 146
体力: 110049.67666666667 / 137
友情点: 0 / 502305`
*連続ログイン6日目
※ログインが途切れるか、7日到達すると
1日目から再開されます*
`聖晶石 X 2
12月交換券(2023) X 1
`*「FGO カルデア・サテライトステーション 2023-2024」京都会場開催直前 ログインボーナス*
*開催期間中、1日1回 最大3回 ログインボーナスをプレゼント！*
`黄金の果実 X 1
`_2023-12-27 19:35:27_
--------
*89b7fa638329cf0a6f11a58783a25de4*
`登陆天数: 41天 / 1683天
等级: 153
石头: 1
呼符: 0
体力: 39618.12666666666 / 143
友情点: 330 / 6445575`
*連続ログイン6日目
※ログインが途切れるか、7日到達すると
1日目から再開されます*
`聖晶石 X 2
12月交換券(2023) X 1
`*「FGO カルデア・サテライトステーション 2023-2024」京都会場開催直前 ログインボーナス*
*開催期間中、1日1回 最大3回 ログインボーナスをプレゼント！*
`黄金の果実 X 1
`_2023-12-27 19:35:34_
--------
