【登录信息】
*62d99e37f10ca3c3a468162e341dc34a*
`登陆天数: 42天 / 463天
等级: 102
石头: 0
呼符: 3
体力: 128369.92333333334 / 126
友情点: 2380 / 2935920`
*連続ログイン7日間到達おめでとうございます！
明日は1日目からリスタートされます。*
`獣の足跡 X 1
呼符 X 1
12月交換券(2023) X 1
`*「FGO カルデア・サテライトステーション 2023-2024」京都会場開催直前 ログインボーナス*
*開催期間中、1日1回 最大3回 ログインボーナスをプレゼント！*
`黄金の果実 X 1
`_2023-12-28 19:35:07_
--------
*e08d200d6cae66745a424b7aab92e6b7*
`登陆天数: 42天 / 581天
等级: 1
石头: 704
呼符: 8
体力: 807657.88 / 20
友情点: 0 / 71400`
*連続ログイン7日間到達おめでとうございます！
明日は1日目からリスタートされます。*
`獣の足跡 X 1
呼符 X 1
12月交換券(2023) X 1
`_2023-12-28 19:35:15_
--------
*c695a2ada964bb4064c0b3ade64f21e6*
`登陆天数: 42天 / 1408天
等级: 125
石头: 2257
呼符: 146
体力: 110337.66333333333 / 137
友情点: 0 / 502305`
*連続ログイン7日間到達おめでとうございます！
明日は1日目からリスタートされます。*
`獣の足跡 X 1
呼符 X 1
12月交換券(2023) X 1
`*「FGO カルデア・サテライトステーション 2023-2024」京都会場開催直前 ログインボーナス*
*開催期間中、1日1回 最大3回 ログインボーナスをプレゼント！*
`黄金の果実 X 1
`_2023-12-28 19:35:22_
--------
*89b7fa638329cf0a6f11a58783a25de4*
`登陆天数: 42天 / 1684天
等级: 153
石头: 1
呼符: 0
体力: 39906.11 / 143
友情点: 325 / 6445900`
*連続ログイン7日間到達おめでとうございます！
明日は1日目からリスタートされます。*
`獣の足跡 X 1
呼符 X 1
12月交換券(2023) X 1
`*「FGO カルデア・サテライトステーション 2023-2024」京都会場開催直前 ログインボーナス*
*開催期間中、1日1回 最大3回 ログインボーナスをプレゼント！*
`黄金の果実 X 1
`_2023-12-28 19:35:30_
--------
