【登录信息】
*62d99e37f10ca3c3a468162e341dc34a*
`登陆天数: 43天 / 464天
等级: 102
石头: 0
呼符: 3
体力: 128657.94 / 126
友情点: 1955 / 2937875`
*連続ログイン1日目
※ログインが途切れるか、7日到達すると
1日目から再開されます*
`フレンドポイント X 2000
12月交換券(2023) X 1
`*「FGO カルデア・サテライトステーション 2023-2024」京都会場開催記念 3万リポスト達成プレゼント*
*開催期間中、初回ログインで「聖晶石×6」をプレゼント！*
`聖晶石 X 6
`_2023-12-29 19:35:12_
--------
*e08d200d6cae66745a424b7aab92e6b7*
`登陆天数: 43天 / 582天
等级: 1
石头: 704
呼符: 8
体力: 807945.8966666666 / 20
友情点: 0 / 71400`
*連続ログイン1日目
※ログインが途切れるか、7日到達すると
1日目から再開されます*
`フレンドポイント X 2000
12月交換券(2023) X 1
`_2023-12-29 19:35:20_
--------
*c695a2ada964bb4064c0b3ade64f21e6*
`登陆天数: 43天 / 1409天
等级: 125
石头: 2257
呼符: 146
体力: 110625.68 / 137
友情点: 0 / 502305`
*連続ログイン1日目
※ログインが途切れるか、7日到達すると
1日目から再開されます*
`フレンドポイント X 2000
12月交換券(2023) X 1
`*「FGO カルデア・サテライトステーション 2023-2024」京都会場開催記念 3万リポスト達成プレゼント*
*開催期間中、初回ログインで「聖晶石×6」をプレゼント！*
`聖晶石 X 6
`_2023-12-29 19:35:28_
--------
*89b7fa638329cf0a6f11a58783a25de4*
`登陆天数: 43天 / 1685天
等级: 153
石头: 1
呼符: 0
体力: 40194.13 / 143
友情点: 220 / 6446120`
*連続ログイン1日目
※ログインが途切れるか、7日到達すると
1日目から再開されます*
`フレンドポイント X 2000
12月交換券(2023) X 1
`*「FGO カルデア・サテライトステーション 2023-2024」京都会場開催記念 3万リポスト達成プレゼント*
*開催期間中、初回ログインで「聖晶石×6」をプレゼント！*
`聖晶石 X 6
`_2023-12-29 19:35:36_
--------
