【登录信息】
*62d99e37f10ca3c3a468162e341dc34a*
`登陆天数: 44天 / 465天
等级: 102
石头: 0
呼符: 3
体力: 128945.88666666667 / 126
友情点: 1190 / 2939265`
*連続ログイン2日目
※ログインが途切れるか、7日到達すると
1日目から再開されます*
`聖晶石 X 1
12月交換券(2023) X 1
`*Fate Project 大晦日TVスペシャル2023 放送カウントダウンログインボーナス*
*開催期間中、1日1回 3日間日替りでログインボーナスをプレゼント！*
`黄金の果実 X 1
呼符 X 1
`_2023-12-30 19:34:57_
--------
*e08d200d6cae66745a424b7aab92e6b7*
`登陆天数: 44天 / 583天
等级: 1
石头: 704
呼符: 8
体力: 808233.8466666667 / 20
友情点: 0 / 71400`
*連続ログイン2日目
※ログインが途切れるか、7日到達すると
1日目から再開されます*
`聖晶石 X 1
12月交換券(2023) X 1
`_2023-12-30 19:35:04_
--------
*c695a2ada964bb4064c0b3ade64f21e6*
`登陆天数: 44天 / 1410天
等级: 125
石头: 2257
呼符: 146
体力: 110913.62666666666 / 137
友情点: 0 / 502305`
*連続ログイン2日目
※ログインが途切れるか、7日到達すると
1日目から再開されます*
`聖晶石 X 1
12月交換券(2023) X 1
`*Fate Project 大晦日TVスペシャル2023 放送カウントダウンログインボーナス*
*開催期間中、1日1回 3日間日替りでログインボーナスをプレゼント！*
`黄金の果実 X 1
呼符 X 1
`_2023-12-30 19:35:12_
--------
*89b7fa638329cf0a6f11a58783a25de4*
`登陆天数: 44天 / 1686天
等级: 153
石头: 1
呼符: 0
体力: 40482.07666666667 / 143
友情点: 260 / 6446380`
*連続ログイン2日目
※ログインが途切れるか、7日到達すると
1日目から再開されます*
`聖晶石 X 1
12月交換券(2023) X 1
`*Fate Project 大晦日TVスペシャル2023 放送カウントダウンログインボーナス*
*開催期間中、1日1回 3日間日替りでログインボーナスをプレゼント！*
`黄金の果実 X 1
呼符 X 1
`_2023-12-30 19:35:19_
--------
