【登录信息】
*62d99e37f10ca3c3a468162e341dc34a*
`登陆天数: 2天 / 119天
等级: 102
石头: 0
呼符: 3
体力: 8273.796666666667 / 126
友情点: 85 / 1963915`
*連続ログイン2日目
※ログインが途切れるか、7日到達すると
1日目から再開されます*
`聖晶石 X 1
11月交換券(2022) X 1
`*特異点修復応援キャンペーン 特別回数ログインボーナス*
*開催期間中、1日1回 最大7回 ログインボーナスをプレゼント！*
`フレンドポイント X 2000
`_2022-11-06 19:34:30_
--------
*e08d200d6cae66745a424b7aab92e6b7*
`登陆天数: 2天 / 238天
等级: 1
石头: 704
呼符: 8
体力: 687561.7566666667 / 20
友情点: 0 / 71400`
*連続ログイン2日目
※ログインが途切れるか、7日到達すると
1日目から再開されます*
`聖晶石 X 1
11月交換券(2022) X 1
`_2022-11-06 19:34:38_
--------
*c695a2ada964bb4064c0b3ade64f21e6*
`登陆天数: 3天 / 1065天
等级: 125
石头: 2082
呼符: 139
体力: 7432.056666666666 / 137
友情点: 0 / 306185`
*連続ログイン3日目
※ログインが途切れるか、7日到達すると
1日目から再開されます*
`叡智の業火 X 1
11月交換券(2022) X 1
`*特異点修復応援キャンペーン 特別回数ログインボーナス*
*開催期間中、1日1回 最大7回 ログインボーナスをプレゼント！*
`聖晶石 X 3
`_2022-11-06 19:34:46_
--------
