【登录信息】
*62d99e37f10ca3c3a468162e341dc34a*
`登陆天数: 3天 / 120天
等级: 102
石头: 0
呼符: 3
体力: 8561.846666666666 / 126
友情点: 1785 / 1965700`
*連続ログイン3日目
※ログインが途切れるか、7日到達すると
1日目から再開されます*
`叡智の業火 X 1
11月交換券(2022) X 1
`*特異点修復応援キャンペーン 特別回数ログインボーナス*
*開催期間中、1日1回 最大7回 ログインボーナスをプレゼント！*
`聖晶石 X 3
`_2022-11-07 19:34:44_
--------
*e08d200d6cae66745a424b7aab92e6b7*
`登陆天数: 3天 / 239天
等级: 1
石头: 704
呼符: 8
体力: 687849.8033333333 / 20
友情点: 0 / 71400`
*連続ログイン3日目
※ログインが途切れるか、7日到達すると
1日目から再開されます*
`叡智の業火 X 1
11月交換券(2022) X 1
`_2022-11-07 19:34:52_
--------
*c695a2ada964bb4064c0b3ade64f21e6*
`登陆天数: 4天 / 1066天
等级: 125
石头: 2082
呼符: 139
体力: 7720.106666666667 / 137
友情点: 0 / 306185`
*連続ログイン4日目
※ログインが途切れるか、7日到達すると
1日目から再開されます*
`聖晶石 X 1
11月交換券(2022) X 1
`*カルデア妖精騎士杯　開幕直前特別ログインボーナス*
*開催期間中、1日1回 最大7回 ログインボーナスをプレゼント！*
`黄金の果実 X 1
`_2022-11-07 19:35:00_
--------
