【登录信息】
*62d99e37f10ca3c3a468162e341dc34a*
`登陆天数: 4天 / 121天
等级: 102
石头: 0
呼符: 3
体力: 8850.946666666667 / 126
友情点: 85 / 1965785`
*連続ログイン4日目
※ログインが途切れるか、7日到達すると
1日目から再開されます*
`聖晶石 X 1
11月交換券(2022) X 1
`*カルデア妖精騎士杯　開幕直前特別ログインボーナス*
*開催期間中、1日1回 最大7回 ログインボーナスをプレゼント！*
`黄金の果実 X 1
`_2022-11-08 19:40:15_
--------
*e08d200d6cae66745a424b7aab92e6b7*
`登陆天数: 4天 / 240天
等级: 1
石头: 704
呼符: 8
体力: 688138.9066666666 / 20
友情点: 0 / 71400`
*連続ログイン4日目
※ログインが途切れるか、7日到達すると
1日目から再開されます*
`聖晶石 X 1
11月交換券(2022) X 1
`_2022-11-08 19:40:23_
--------
*c695a2ada964bb4064c0b3ade64f21e6*
`登陆天数: 5天 / 1067天
等级: 125
石头: 2082
呼符: 139
体力: 8009.206666666667 / 137
友情点: 0 / 306185`
*連続ログイン5日目
※ログインが途切れるか、7日到達すると
1日目から再開されます*
`叡智の業火 X 2
11月交換券(2022) X 1
`*カルデア妖精騎士杯　開幕直前特別ログインボーナス*
*開催期間中、1日1回 最大7回 ログインボーナスをプレゼント！*
`黄金の果実 X 1
`_2022-11-08 19:40:30_
--------
