【登录信息】
*62d99e37f10ca3c3a468162e341dc34a*
`登陆天数: 5天 / 122天
等级: 102
石头: 0
呼符: 3
体力: 9137.803333333333 / 126
友情点: 1615 / 1967400`
*連続ログイン5日目
※ログインが途切れるか、7日到達すると
1日目から再開されます*
`叡智の業火 X 2
11月交換券(2022) X 1
`*FGO カルデア放送局 ライト版 ～カルデア妖精騎士杯～ 放送記念 初回ログインボーナス*
*開催期間中、初回ログインで「聖晶石×14」をプレゼント！*
`聖晶石 X 14
`_2022-11-09 19:34:32_
--------
*e08d200d6cae66745a424b7aab92e6b7*
`登陆天数: 5天 / 241天
等级: 1
石头: 704
呼符: 8
体力: 688425.76 / 20
友情点: 0 / 71400`
*連続ログイン5日目
※ログインが途切れるか、7日到達すると
1日目から再開されます*
`叡智の業火 X 2
11月交換券(2022) X 1
`_2022-11-09 19:34:39_
--------
*c695a2ada964bb4064c0b3ade64f21e6*
`登陆天数: 6天 / 1068天
等级: 125
石头: 2082
呼符: 139
体力: 8296.063333333334 / 137
友情点: 0 / 306185`
*連続ログイン6日目
※ログインが途切れるか、7日到達すると
1日目から再開されます*
`聖晶石 X 2
11月交換券(2022) X 1
`*FGO カルデア放送局 ライト版 ～カルデア妖精騎士杯～ 放送記念 初回ログインボーナス*
*開催期間中、初回ログインで「聖晶石×14」をプレゼント！*
`聖晶石 X 14
`_2022-11-09 19:34:47_
--------
