【登录信息】
*62d99e37f10ca3c3a468162e341dc34a*
`登陆天数: 7天 / 124天
等级: 102
石头: 0
呼符: 3
体力: 9713.8 / 126
友情点: 170 / 1967570`
*連続ログイン7日間到達おめでとうございます！
明日は1日目からリスタートされます。*
`獣の足跡 X 1
呼符 X 1
11月交換券(2022) X 1
`_2022-11-11 19:34:30_
--------
*e08d200d6cae66745a424b7aab92e6b7*
`登陆天数: 7天 / 243天
等级: 1
石头: 704
呼符: 8
体力: 689001.76 / 20
友情点: 0 / 71400`
*連続ログイン7日間到達おめでとうございます！
明日は1日目からリスタートされます。*
`獣の足跡 X 1
呼符 X 1
11月交換券(2022) X 1
`_2022-11-11 19:34:38_
--------
*c695a2ada964bb4064c0b3ade64f21e6*
`登陆天数: 8天 / 1070天
等级: 125
石头: 2082
呼符: 139
体力: 8872.06 / 137
友情点: 0 / 306185`
*連続ログイン1日目
※ログインが途切れるか、7日到達すると
1日目から再開されます*
`フレンドポイント X 2000
11月交換券(2022) X 1
`_2022-11-11 19:34:46_
--------
