【登录信息】
*62d99e37f10ca3c3a468162e341dc34a*
`登陆天数: 12天 / 129天
等级: 102
石头: 0
呼符: 3
体力: 11153.82 / 126
友情点: 1360 / 1976240`
*連続ログイン5日目
※ログインが途切れるか、7日到達すると
1日目から再開されます*
`叡智の業火 X 2
11月交換券(2022) X 1
`_2022-11-16 19:34:37_
--------
*e08d200d6cae66745a424b7aab92e6b7*
`登陆天数: 12天 / 248天
等级: 1
石头: 704
呼符: 8
体力: 690441.78 / 20
友情点: 0 / 71400`
*連続ログイン5日目
※ログインが途切れるか、7日到達すると
1日目から再開されます*
`叡智の業火 X 2
11月交換券(2022) X 1
`_2022-11-16 19:34:45_
--------
*c695a2ada964bb4064c0b3ade64f21e6*
`登陆天数: 13天 / 1075天
等级: 125
石头: 2085
呼符: 134
体力: 1046.2266666666667 / 137
友情点: 0 / 243105`
*連続ログイン6日目
※ログインが途切れるか、7日到達すると
1日目から再開されます*
`聖晶石 X 2
11月交換券(2022) X 1
`_2022-11-16 19:34:52_
--------
