【登录信息】
*62d99e37f10ca3c3a468162e341dc34a*
`登陆天数: 19天 / 136天
等级: 102
石头: 0
呼符: 3
体力: 13169.816666666668 / 126
友情点: 765 / 1978395`
*連続ログイン5日目
※ログインが途切れるか、7日到達すると
1日目から再開されます*
`叡智の業火 X 2
11月交換券(2022) X 1
`_2022-11-23 19:34:35_
--------
*e08d200d6cae66745a424b7aab92e6b7*
`登陆天数: 19天 / 255天
等级: 1
石头: 704
呼符: 8
体力: 692457.7733333333 / 20
友情点: 0 / 71400`
*連続ログイン5日目
※ログインが途切れるか、7日到達すると
1日目から再開されます*
`叡智の業火 X 2
11月交換券(2022) X 1
`_2022-11-23 19:34:43_
--------
*c695a2ada964bb4064c0b3ade64f21e6*
`登陆天数: 20天 / 1082天
等级: 125
石头: 2085
呼符: 134
体力: 3062.22 / 137
友情点: 0 / 243105`
*連続ログイン6日目
※ログインが途切れるか、7日到達すると
1日目から再開されます*
`聖晶石 X 2
11月交換券(2022) X 1
`_2022-11-23 19:34:51_
--------
