【登录信息】
*62d99e37f10ca3c3a468162e341dc34a*
`登陆天数: 20天 / 137天
等级: 102
石头: 0
呼符: 3
体力: 13457.793333333333 / 126
友情点: 595 / 1978990`
*連続ログイン6日目
※ログインが途切れるか、7日到達すると
1日目から再開されます*
`聖晶石 X 2
11月交換券(2022) X 1
`_2022-11-24 19:34:29_
--------
*e08d200d6cae66745a424b7aab92e6b7*
`登陆天数: 20天 / 256天
等级: 1
石头: 704
呼符: 8
体力: 692745.7533333333 / 20
友情点: 0 / 71400`
*連続ログイン6日目
※ログインが途切れるか、7日到達すると
1日目から再開されます*
`聖晶石 X 2
11月交換券(2022) X 1
`_2022-11-24 19:34:36_
--------
*c695a2ada964bb4064c0b3ade64f21e6*
`登陆天数: 21天 / 1083天
等级: 125
石头: 2085
呼符: 134
体力: 3350.2 / 137
友情点: 0 / 243105`
*連続ログイン7日間到達おめでとうございます！
明日は1日目からリスタートされます。*
`獣の足跡 X 1
呼符 X 1
11月交換券(2022) X 1
`_2022-11-24 19:34:44_
--------
