【登录信息】
*62d99e37f10ca3c3a468162e341dc34a*
`登陆天数: 21天 / 138天
等级: 102
石头: 0
呼符: 3
体力: 13745.73 / 126
友情点: 850 / 1979840`
*連続ログイン7日間到達おめでとうございます！
明日は1日目からリスタートされます。*
`獣の足跡 X 1
呼符 X 1
11月交換券(2022) X 1
`_2022-11-25 19:34:10_
--------
*e08d200d6cae66745a424b7aab92e6b7*
`登陆天数: 21天 / 257天
等级: 1
石头: 704
呼符: 8
体力: 693033.69 / 20
友情点: 0 / 71400`
*連続ログイン7日間到達おめでとうございます！
明日は1日目からリスタートされます。*
`獣の足跡 X 1
呼符 X 1
11月交換券(2022) X 1
`_2022-11-25 19:34:18_
--------
*c695a2ada964bb4064c0b3ade64f21e6*
`登陆天数: 22天 / 1084天
等级: 125
石头: 2085
呼符: 134
体力: 3638.1366666666668 / 137
友情点: 0 / 243105`
*連続ログイン1日目
※ログインが途切れるか、7日到達すると
1日目から再開されます*
`フレンドポイント X 2000
11月交換券(2022) X 1
`_2022-11-25 19:34:26_
--------
