【登录信息】
*62d99e37f10ca3c3a468162e341dc34a*
`登陆天数: 22天 / 139天
等级: 102
石头: 0
呼符: 3
体力: 14033.7 / 126
友情点: 850 / 1980690`
*連続ログイン1日目
※ログインが途切れるか、7日到達すると
1日目から再開されます*
`フレンドポイント X 2000
11月交換券(2022) X 1
`_2022-11-26 19:34:00_
--------
*e08d200d6cae66745a424b7aab92e6b7*
`登陆天数: 22天 / 258天
等级: 1
石头: 704
呼符: 8
体力: 693321.66 / 20
友情点: 0 / 71400`
*連続ログイン1日目
※ログインが途切れるか、7日到達すると
1日目から再開されます*
`フレンドポイント X 2000
11月交換券(2022) X 1
`_2022-11-26 19:34:08_
--------
*c695a2ada964bb4064c0b3ade64f21e6*
`登陆天数: 23天 / 1085天
等级: 125
石头: 2085
呼符: 134
体力: 3926.1033333333335 / 137
友情点: 0 / 243105`
*連続ログイン2日目
※ログインが途切れるか、7日到達すると
1日目から再開されます*
`聖晶石 X 1
11月交換券(2022) X 1
`_2022-11-26 19:34:16_
--------
