【登录信息】
*62d99e37f10ca3c3a468162e341dc34a*
`登陆天数: 24天 / 141天
等级: 102
石头: 0
呼符: 3
体力: 14609.776666666667 / 126
友情点: 1105 / 1982220`
*連続ログイン3日目
※ログインが途切れるか、7日到達すると
1日目から再開されます*
`叡智の業火 X 1
11月交換券(2022) X 1
`_2022-11-28 19:34:23_
--------
*e08d200d6cae66745a424b7aab92e6b7*
`登陆天数: 24天 / 260天
等级: 1
石头: 704
呼符: 8
体力: 693897.7333333333 / 20
友情点: 0 / 71400`
*連続ログイン3日目
※ログインが途切れるか、7日到達すると
1日目から再開されます*
`叡智の業火 X 1
11月交換券(2022) X 1
`_2022-11-28 19:34:31_
--------
*c695a2ada964bb4064c0b3ade64f21e6*
`登陆天数: 25天 / 1087天
等级: 125
石头: 2085
呼符: 134
体力: 4502.183333333333 / 137
友情点: 0 / 243105`
*連続ログイン4日目
※ログインが途切れるか、7日到達すると
1日目から再開されます*
`聖晶石 X 1
11月交換券(2022) X 1
`_2022-11-28 19:34:39_
--------
