【登录信息】
*62d99e37f10ca3c3a468162e341dc34a*
`登陆天数: 25天 / 142天
等级: 102
石头: 0
呼符: 3
体力: 14897.783333333333 / 126
友情点: 1870 / 1984090`
*連続ログイン4日目
※ログインが途切れるか、7日到達すると
1日目から再開されます*
`聖晶石 X 1
11月交換券(2022) X 1
`_2022-11-29 19:34:25_
--------
*e08d200d6cae66745a424b7aab92e6b7*
`登陆天数: 25天 / 261天
等级: 1
石头: 704
呼符: 8
体力: 694185.74 / 20
友情点: 0 / 71400`
*連続ログイン4日目
※ログインが途切れるか、7日到達すると
1日目から再開されます*
`聖晶石 X 1
11月交換券(2022) X 1
`_2022-11-29 19:34:33_
--------
*c695a2ada964bb4064c0b3ade64f21e6*
`登陆天数: 26天 / 1088天
等级: 125
石头: 2085
呼符: 134
体力: 4790.1866666666665 / 137
友情点: 0 / 243105`
*連続ログイン5日目
※ログインが途切れるか、7日到達すると
1日目から再開されます*
`叡智の業火 X 2
11月交換券(2022) X 1
`_2022-11-29 19:34:41_
--------
