【登录信息】
*62d99e37f10ca3c3a468162e341dc34a*
`登陆天数: 37天 / 92天
等级: 101
石头: 29
呼符: 3
体力: 30.183333333333337 / 126
友情点: 10 / 3256410`
*連続ログイン2日目
※ログインが途切れるか、7日到達すると
1日目から再開されます*
`聖晶石 X 1
10月交換券(2022) X 1
`_2022-10-05 19:47:07_
--------
*e08d200d6cae66745a424b7aab92e6b7*
`登陆天数: 36天 / 211天
等级: 1
石头: 704
呼符: 8
体力: 678348.28 / 20
友情点: 0 / 71400`
*連続ログイン1日目
※ログインが途切れるか、7日到達すると
1日目から再開されます*
`フレンドポイント X 2000
10月交換券(2022) X 1
`*Road to 7 [Lostbelt No.5 オリュンポス]開催！*
*Road to 7 [Lostbelt No.5 オリュンポス]開催！*
``_2022-10-05 19:47:15_
--------
