【登录信息】
*62d99e37f10ca3c3a468162e341dc34a*
`登陆天数: 39天 / 94天
等级: 102
石头: 13
呼符: 3
体力: 21.826666666666668 / 126
友情点: 0 / 1694425`
*連続ログイン4日目
※ログインが途切れるか、7日到達すると
1日目から再開されます*
`聖晶石 X 1
10月交換券(2022) X 1
`*FGO カルデア・ラジオ局 300回放送記念 初回ログインボーナス*
*開催期間中、初回ログインボーナスをプレゼント！*
`聖晶石 X 10
`_2022-10-07 19:41:40_
--------
*e08d200d6cae66745a424b7aab92e6b7*
`登陆天数: 38天 / 213天
等级: 1
石头: 704
呼符: 8
体力: 678923.19 / 20
友情点: 0 / 71400`
*連続ログイン3日目
※ログインが途切れるか、7日到達すると
1日目から再開されます*
`叡智の業火 X 1
10月交換券(2022) X 1
`_2022-10-07 19:41:47_
--------
