【登录信息】
*62d99e37f10ca3c3a468162e341dc34a*
`登陆天数: 41天 / 96天
等级: 102
石头: 0
呼符: 3
体力: 210.86 / 126
友情点: 170 / 1961045`
*連続ログイン6日目
※ログインが途切れるか、7日到達すると
1日目から再開されます*
`聖晶石 X 2
10月交換券(2022) X 1
`_2022-10-09 19:39:49_
--------
*e08d200d6cae66745a424b7aab92e6b7*
`登陆天数: 40天 / 215天
等级: 1
石头: 704
呼符: 8
体力: 679498.82 / 20
友情点: 0 / 71400`
*連続ログイン5日目
※ログインが途切れるか、7日到達すると
1日目から再開されます*
`叡智の業火 X 2
10月交換券(2022) X 1
`_2022-10-09 19:39:57_
--------
*c695a2ada964bb4064c0b3ade64f21e6*
`登陆天数: 165天 / 1041天
等级: 125
石头: 4032
呼符: 148
体力: 33.31666666666666 / 137
友情点: 0 / 175765`
*連続ログイン4日目
※ログインが途切れるか、7日到達すると
1日目から再開されます*
`聖晶石 X 1
10月交換券(2022) X 1
`_2022-10-09 19:40:04_
--------
