【登录信息】
*62d99e37f10ca3c3a468162e341dc34a*
`登陆天数: 42天 / 97天
等级: 102
石头: 0
呼符: 3
体力: 500.06666666666666 / 126
友情点: 85 / 1961130`
*連続ログイン7日間到達おめでとうございます！
明日は1日目からリスタートされます。*
`獣の足跡 X 1
呼符 X 1
10月交換券(2022) X 1
`_2022-10-10 19:45:51_
--------
*e08d200d6cae66745a424b7aab92e6b7*
`登陆天数: 41天 / 216天
等级: 1
石头: 704
呼符: 8
体力: 679788.0266666666 / 20
友情点: 0 / 71400`
*連続ログイン6日目
※ログインが途切れるか、7日到達すると
1日目から再開されます*
`聖晶石 X 2
10月交換券(2022) X 1
`_2022-10-10 19:45:59_
--------
*c695a2ada964bb4064c0b3ade64f21e6*
`登陆天数: 166天 / 1042天
等级: 125
石头: 4032
呼符: 148
体力: 32.209999999999994 / 137
友情点: 0 / 436405`
*連続ログイン5日目
※ログインが途切れるか、7日到達すると
1日目から再開されます*
`叡智の業火 X 2
10月交換券(2022) X 1
`_2022-10-10 19:46:07_
--------
