【登录信息】
*62d99e37f10ca3c3a468162e341dc34a*
`登陆天数: 43天 / 98天
等级: 102
石头: 0
呼符: 3
体力: 787.4866666666667 / 126
友情点: 170 / 1961300`
*連続ログイン1日目
※ログインが途切れるか、7日到達すると
1日目から再開されます*
`フレンドポイント X 2000
10月交換券(2022) X 1
`_2022-10-11 19:42:57_
--------
*e08d200d6cae66745a424b7aab92e6b7*
`登陆天数: 42天 / 217天
等级: 1
石头: 704
呼符: 8
体力: 680075.4466666667 / 20
友情点: 0 / 71400`
*連続ログイン7日間到達おめでとうございます！
明日は1日目からリスタートされます。*
`獣の足跡 X 1
呼符 X 1
10月交換券(2022) X 1
`_2022-10-11 19:43:05_
--------
*c695a2ada964bb4064c0b3ade64f21e6*
`登陆天数: 167天 / 1043天
等级: 125
石头: 4032
呼符: 148
体力: 92.28333333333333 / 137
友情点: 0 / 615185`
*連続ログイン6日目
※ログインが途切れるか、7日到達すると
1日目から再開されます*
`聖晶石 X 2
10月交換券(2022) X 1
`_2022-10-11 19:43:13_
--------
