【登录信息】
*62d99e37f10ca3c3a468162e341dc34a*
`登陆天数: 45天 / 100天
等级: 102
石头: 0
呼符: 3
体力: 1363.6366666666668 / 126
友情点: 0 / 1961470`
*連続ログイン3日目
※ログインが途切れるか、7日到達すると
1日目から再開されます*
`叡智の業火 X 1
10月交換券(2022) X 1
`_2022-10-13 19:43:42_
--------
*e08d200d6cae66745a424b7aab92e6b7*
`登陆天数: 44天 / 219天
等级: 1
石头: 704
呼符: 8
体力: 680651.5966666667 / 20
友情点: 0 / 71400`
*連続ログイン2日目
※ログインが途切れるか、7日到達すると
1日目から再開されます*
`聖晶石 X 1
10月交換券(2022) X 1
`_2022-10-13 19:43:50_
--------
*c695a2ada964bb4064c0b3ade64f21e6*
`登陆天数: 169天 / 1045天
等级: 125
石头: 4032
呼符: 148
体力: 521.8966666666666 / 137
友情点: 0 / 678185`
*連続ログイン1日目
※ログインが途切れるか、7日到達すると
1日目から再開されます*
`フレンドポイント X 2000
10月交換券(2022) X 1
`_2022-10-13 19:43:58_
--------
