【登录信息】
*62d99e37f10ca3c3a468162e341dc34a*
`登陆天数: 47天 / 102天
等级: 102
石头: 0
呼符: 3
体力: 1938.9533333333334 / 126
友情点: 340 / 1961895`
*連続ログイン5日目
※ログインが途切れるか、7日到達すると
1日目から再開されます*
`叡智の業火 X 2
10月交換券(2022) X 1
`_2022-10-15 19:40:17_
--------
*e08d200d6cae66745a424b7aab92e6b7*
`登陆天数: 46天 / 221天
等级: 1
石头: 704
呼符: 8
体力: 681226.9133333333 / 20
友情点: 0 / 71400`
*連続ログイン4日目
※ログインが途切れるか、7日到達すると
1日目から再開されます*
`聖晶石 X 1
10月交換券(2022) X 1
`_2022-10-15 19:40:24_
--------
*c695a2ada964bb4064c0b3ade64f21e6*
`登陆天数: 171天 / 1047天
等级: 125
石头: 4032
呼符: 148
体力: 1097.2133333333334 / 137
友情点: 0 / 678185`
*連続ログイン3日目
※ログインが途切れるか、7日到達すると
1日目から再開されます*
`叡智の業火 X 1
10月交換券(2022) X 1
`_2022-10-15 19:40:32_
--------
