【登录信息】
*62d99e37f10ca3c3a468162e341dc34a*
`登陆天数: 48天 / 103天
等级: 102
石头: 0
呼符: 3
体力: 2226.96 / 126
友情点: 0 / 1961895`
*連続ログイン6日目
※ログインが途切れるか、7日到達すると
1日目から再開されます*
`聖晶石 X 2
10月交換券(2022) X 1
`*「FGO キャスト＆スタッフトーク in マチ★アソビvol.25」
開催記念 初回ログインボーナス*
*開催期間中、初回ログインで「聖晶石×10」をプレゼント！*
`聖晶石 X 10
`_2022-10-16 19:40:19_
--------
*e08d200d6cae66745a424b7aab92e6b7*
`登陆天数: 47天 / 222天
等级: 1
石头: 704
呼符: 8
体力: 681514.92 / 20
友情点: 0 / 71400`
*連続ログイン5日目
※ログインが途切れるか、7日到達すると
1日目から再開されます*
`叡智の業火 X 2
10月交換券(2022) X 1
`_2022-10-16 19:40:27_
--------
*c695a2ada964bb4064c0b3ade64f21e6*
`登陆天数: 172天 / 1048天
等级: 125
石头: 4032
呼符: 148
体力: 1385.22 / 137
友情点: 0 / 678185`
*連続ログイン4日目
※ログインが途切れるか、7日到達すると
1日目から再開されます*
`聖晶石 X 1
10月交換券(2022) X 1
`*「FGO キャスト＆スタッフトーク in マチ★アソビvol.25」
開催記念 初回ログインボーナス*
*開催期間中、初回ログインで「聖晶石×10」をプレゼント！*
`聖晶石 X 10
`_2022-10-16 19:40:35_
--------
