【登录信息】
*62d99e37f10ca3c3a468162e341dc34a*
`登陆天数: 49天 / 104天
等级: 102
石头: 0
呼符: 3
体力: 2516.733333333333 / 126
友情点: 255 / 1962150`
*連続ログイン7日間到達おめでとうございます！
明日は1日目からリスタートされます。*
`獣の足跡 X 1
呼符 X 1
10月交換券(2022) X 1
`_2022-10-17 19:49:11_
--------
*e08d200d6cae66745a424b7aab92e6b7*
`登陆天数: 48天 / 223天
等级: 1
石头: 704
呼符: 8
体力: 681804.6933333334 / 20
友情点: 0 / 71400`
*連続ログイン6日目
※ログインが途切れるか、7日到達すると
1日目から再開されます*
`聖晶石 X 2
10月交換券(2022) X 1
`_2022-10-17 19:49:19_
--------
*c695a2ada964bb4064c0b3ade64f21e6*
`登陆天数: 173天 / 1049天
等级: 125
石头: 4032
呼符: 148
体力: 1674.9933333333333 / 137
友情点: 0 / 678185`
*連続ログイン5日目
※ログインが途切れるか、7日到達すると
1日目から再開されます*
`叡智の業火 X 2
10月交換券(2022) X 1
`_2022-10-17 19:49:27_
--------
