【登录信息】
*62d99e37f10ca3c3a468162e341dc34a*
`登陆天数: 56天 / 111天
等级: 102
石头: 0
呼符: 3
体力: 4532.236666666667 / 126
友情点: 475 / 1963270`
*連続ログイン7日間到達おめでとうございます！
明日は1日目からリスタートされます。*
`獣の足跡 X 1
呼符 X 1
10月交換券(2022) X 1
`_2022-10-24 19:46:42_
--------
*e08d200d6cae66745a424b7aab92e6b7*
`登陆天数: 55天 / 230天
等级: 1
石头: 704
呼符: 8
体力: 683820.1966666667 / 20
友情点: 0 / 71400`
*連続ログイン6日目
※ログインが途切れるか、7日到達すると
1日目から再開されます*
`聖晶石 X 2
10月交換券(2022) X 1
`_2022-10-24 19:46:50_
--------
*c695a2ada964bb4064c0b3ade64f21e6*
`登陆天数: 180天 / 1056天
等级: 125
石头: 4032
呼符: 148
体力: 3690.4966666666664 / 137
友情点: 0 / 678185`
*連続ログイン5日目
※ログインが途切れるか、7日到達すると
1日目から再開されます*
`叡智の業火 X 2
10月交換券(2022) X 1
`_2022-10-24 19:46:58_
--------
