【登录信息】
*62d99e37f10ca3c3a468162e341dc34a*
`登陆天数: 59天 / 114天
等级: 102
石头: 0
呼符: 3
体力: 5394.45 / 126
友情点: 135 / 1963405`
*連続ログイン3日目
※ログインが途切れるか、7日到達すると
1日目から再開されます*
`叡智の業火 X 1
10月交換券(2022) X 1
`*特異点修復応援キャンペーン 特別回数ログインボーナス*
*開催期間中、1日1回 最大7回 ログインボーナスをプレゼント！*
`聖晶石 X 1
`_2022-10-27 19:37:46_
--------
*e08d200d6cae66745a424b7aab92e6b7*
`登陆天数: 58天 / 233天
等级: 1
石头: 704
呼符: 8
体力: 684682.41 / 20
友情点: 0 / 71400`
*連続ログイン2日目
※ログインが途切れるか、7日到達すると
1日目から再開されます*
`聖晶石 X 1
10月交換券(2022) X 1
`*特異点修復応援キャンペーン限定　使用期限付コンティニューアイテムプレゼント！*
*開催期間中、初回ログインでコンティニューアイテム「霊脈石×3」をプレゼント！*
`霊脈石 X 3
`_2022-10-27 19:37:54_
--------
*c695a2ada964bb4064c0b3ade64f21e6*
`登陆天数: 183天 / 1059天
等级: 125
石头: 4032
呼符: 148
体力: 4552.71 / 137
友情点: 0 / 678185`
*連続ログイン1日目
※ログインが途切れるか、7日到達すると
1日目から再開されます*
`フレンドポイント X 2000
10月交換券(2022) X 1
`*特異点修復応援キャンペーン 特別回数ログインボーナス*
*開催期間中、1日1回 最大7回 ログインボーナスをプレゼント！*
`聖晶石 X 1
`_2022-10-27 19:38:01_
--------
