【登录信息】
*62d99e37f10ca3c3a468162e341dc34a*
`登陆天数: 60天 / 115天
等级: 102
石头: 0
呼符: 3
体力: 5682.316666666667 / 126
友情点: 85 / 1963490`
*連続ログイン4日目
※ログインが途切れるか、7日到達すると
1日目から再開されます*
`聖晶石 X 1
10月交換券(2022) X 1
`*特異点修復応援キャンペーン 特別回数ログインボーナス*
*開催期間中、1日1回 最大7回 ログインボーナスをプレゼント！*
`叡智の業火 X 5
`_2022-10-28 19:37:05_
--------
*e08d200d6cae66745a424b7aab92e6b7*
`登陆天数: 59天 / 234天
等级: 1
石头: 704
呼符: 8
体力: 684970.2733333333 / 20
友情点: 0 / 71400`
*連続ログイン3日目
※ログインが途切れるか、7日到達すると
1日目から再開されます*
`叡智の業火 X 1
10月交換券(2022) X 1
`_2022-10-28 19:37:13_
--------
*c695a2ada964bb4064c0b3ade64f21e6*
`登陆天数: 184天 / 1060天
等级: 125
石头: 4032
呼符: 148
体力: 4840.576666666667 / 137
友情点: 0 / 678185`
*連続ログイン2日目
※ログインが途切れるか、7日到達すると
1日目から再開されます*
`聖晶石 X 1
10月交換券(2022) X 1
`*特異点修復応援キャンペーン 特別回数ログインボーナス*
*開催期間中、1日1回 最大7回 ログインボーナスをプレゼント！*
`叡智の業火 X 5
`_2022-10-28 19:37:21_
--------
