【登录信息】
*62d99e37f10ca3c3a468162e341dc34a*
`登陆天数: 61天 / 116天
等级: 102
石头: 0
呼符: 3
体力: 5970.28 / 126
友情点: 85 / 1963575`
*連続ログイン5日目
※ログインが途切れるか、7日到達すると
1日目から再開されます*
`叡智の業火 X 2
10月交換券(2022) X 1
`*特異点修復応援キャンペーン 特別回数ログインボーナス*
*開催期間中、1日1回 最大7回 ログインボーナスをプレゼント！*
`フレンドポイント X 2000
`_2022-10-29 19:36:54_
--------
*e08d200d6cae66745a424b7aab92e6b7*
`登陆天数: 60天 / 235天
等级: 1
石头: 704
呼符: 8
体力: 685258.2366666667 / 20
友情点: 0 / 71400`
*連続ログイン4日目
※ログインが途切れるか、7日到達すると
1日目から再開されます*
`聖晶石 X 1
10月交換券(2022) X 1
`_2022-10-29 19:37:02_
--------
*c695a2ada964bb4064c0b3ade64f21e6*
`登陆天数: 185天 / 1061天
等级: 125
石头: 4032
呼符: 148
体力: 5128.536666666667 / 137
友情点: 0 / 678185`
*連続ログイン3日目
※ログインが途切れるか、7日到達すると
1日目から再開されます*
`叡智の業火 X 1
10月交換券(2022) X 1
`*特異点修復応援キャンペーン 特別回数ログインボーナス*
*開催期間中、1日1回 最大7回 ログインボーナスをプレゼント！*
`フレンドポイント X 2000
`_2022-10-29 19:37:10_
--------
