【登录信息】
*62d99e37f10ca3c3a468162e341dc34a*
`登陆天数: 62天 / 117天
等级: 102
石头: 0
呼符: 3
体力: 6258.173333333333 / 126
友情点: 255 / 1963830`
*連続ログイン6日目
※ログインが途切れるか、7日到達すると
1日目から再開されます*
`聖晶石 X 2
10月交換券(2022) X 1
`*特異点修復応援キャンペーン 特別回数ログインボーナス*
*開催期間中、1日1回 最大7回 ログインボーナスをプレゼント！*
`聖晶石 X 2
`_2022-10-30 19:36:23_
--------
*e08d200d6cae66745a424b7aab92e6b7*
`登陆天数: 61天 / 236天
等级: 1
石头: 704
呼符: 8
体力: 685546.1333333333 / 20
友情点: 0 / 71400`
*連続ログイン5日目
※ログインが途切れるか、7日到達すると
1日目から再開されます*
`叡智の業火 X 2
10月交換券(2022) X 1
`_2022-10-30 19:36:31_
--------
*c695a2ada964bb4064c0b3ade64f21e6*
`登陆天数: 186天 / 1062天
等级: 125
石头: 4032
呼符: 148
体力: 5416.433333333333 / 137
友情点: 0 / 678185`
*連続ログイン4日目
※ログインが途切れるか、7日到達すると
1日目から再開されます*
`聖晶石 X 1
10月交換券(2022) X 1
`*特異点修復応援キャンペーン 特別回数ログインボーナス*
*開催期間中、1日1回 最大7回 ログインボーナスをプレゼント！*
`聖晶石 X 2
`_2022-10-30 19:36:39_
--------
