【登录信息】
*62d99e37f10ca3c3a468162e341dc34a*
`登陆天数: 57天 / 174天
等级: 102
石头: 0
呼符: 3
体力: 24113.576666666668 / 126
友情点: 1135 / 1995840`
*連続ログイン1日目
※ログインが途切れるか、7日到達すると
1日目から再開されます*
`フレンドポイント X 2000
1月交換券(2023) X 1
`*2023年お正月キャンペーン　三が日限定ログインボーナス*
*開催期間中、三が日限定のログインボーナスをプレゼント！*
`伝承結晶 X 1
`_2022-12-31 19:33:24_
--------
*e08d200d6cae66745a424b7aab92e6b7*
`登陆天数: 57天 / 293天
等级: 1
石头: 704
呼符: 8
体力: 703401.5366666666 / 20
友情点: 0 / 71400`
*連続ログイン1日目
※ログインが途切れるか、7日到達すると
1日目から再開されます*
`フレンドポイント X 2000
1月交換券(2023) X 1
`*2023年お正月キャンペーン　三が日限定ログインボーナス*
*開催期間中、三が日限定のログインボーナスをプレゼント！*
`伝承結晶 X 1
`_2022-12-31 19:33:32_
--------
*c695a2ada964bb4064c0b3ade64f21e6*
`登陆天数: 58天 / 1120天
等级: 125
石头: 2257
呼符: 146
体力: 6081.32 / 137
友情点: 0 / 502305`
*連続ログイン2日目
※ログインが途切れるか、7日到達すると
1日目から再開されます*
`聖晶石 X 1
1月交換券(2023) X 1
`*2023年お正月キャンペーン　三が日限定ログインボーナス*
*開催期間中、三が日限定のログインボーナスをプレゼント！*
`伝承結晶 X 1
`_2022-12-31 19:33:40_
--------
