【登录信息】
*62d99e37f10ca3c3a468162e341dc34a*
`登陆天数: 60天 / 177天
等级: 102
石头: 0
呼符: 3
体力: 24977.673333333332 / 126
友情点: 1170 / 1998365`
*連続ログイン4日目
※ログインが途切れるか、7日到達すると
1日目から再開されます*
`聖晶石 X 1
1月交換券(2023) X 1
`*2023年お正月キャンペーン 10万リツイート達成プレゼント*
*開催期間中、初回ログインでお正月限定概念礼装&2023万QPをプレゼント！*
`ラヴ・イット X 1
QP X 20230000
`_2023-01-03 19:33:53_
--------
*e08d200d6cae66745a424b7aab92e6b7*
`登陆天数: 60天 / 296天
等级: 1
石头: 704
呼符: 8
体力: 704265.6333333333 / 20
友情点: 0 / 71400`
*連続ログイン4日目
※ログインが途切れるか、7日到達すると
1日目から再開されます*
`聖晶石 X 1
1月交換券(2023) X 1
`*2023年お正月キャンペーン 10万リツイート達成プレゼント*
*開催期間中、初回ログインでお正月限定概念礼装&2023万QPをプレゼント！*
`ラヴ・イット X 1
QP X 20230000
`_2023-01-03 19:34:01_
--------
*c695a2ada964bb4064c0b3ade64f21e6*
`登陆天数: 61天 / 1123天
等级: 125
石头: 2257
呼符: 146
体力: 6945.416666666667 / 137
友情点: 0 / 502305`
*連続ログイン5日目
※ログインが途切れるか、7日到達すると
1日目から再開されます*
`叡智の業火 X 2
1月交換券(2023) X 1
`*2023年お正月キャンペーン 10万リツイート達成プレゼント*
*開催期間中、初回ログインでお正月限定概念礼装&2023万QPをプレゼント！*
`ラヴ・イット X 1
QP X 20230000
`_2023-01-03 19:34:08_
--------
