【登录信息】
*62d99e37f10ca3c3a468162e341dc34a*
`登陆天数: 5天 / 183天
等级: 102
石头: 0
呼符: 3
体力: 30737.453333333335 / 126
友情点: 0 / 2001430`
*連続ログイン5日目
※ログインが途切れるか、7日到達すると
1日目から再開されます*
`叡智の業火 X 2
1月交換券(2023) X 1
`*「Lostbelt No.7 黄金樹海紀行 ナウイ・ミクトラン 惑星を統べるもの」(後編)開幕直前連続ログインボーナス*
*開催期間中、1日1回 最大7回 連続ログインボーナスをプレゼント！*
`黄金の果実 X 1
`_2023-01-23 19:32:46_
--------
*e08d200d6cae66745a424b7aab92e6b7*
`登陆天数: 5天 / 302天
等级: 1
石头: 704
呼符: 8
体力: 710025.4133333333 / 20
友情点: 0 / 71400`
*連続ログイン5日目
※ログインが途切れるか、7日到達すると
1日目から再開されます*
`叡智の業火 X 2
1月交換券(2023) X 1
`_2023-01-23 19:32:54_
--------
*c695a2ada964bb4064c0b3ade64f21e6*
`登陆天数: 5天 / 1129天
等级: 125
石头: 2257
呼符: 146
体力: 12705.196666666667 / 137
友情点: 0 / 502305`
*連続ログイン5日目
※ログインが途切れるか、7日到達すると
1日目から再開されます*
`叡智の業火 X 2
1月交換券(2023) X 1
`*「Lostbelt No.7 黄金樹海紀行 ナウイ・ミクトラン 惑星を統べるもの」(後編)開幕直前連続ログインボーナス*
*開催期間中、1日1回 最大7回 連続ログインボーナスをプレゼント！*
`黄金の果実 X 1
`_2023-01-23 19:33:02_
--------
