【登录信息】
*62d99e37f10ca3c3a468162e341dc34a*
`登陆天数: 8天 / 186天
等级: 102
石头: 0
呼符: 3
体力: 31601.416666666668 / 126
友情点: 85 / 2002195`
*連続ログイン1日目
※ログインが途切れるか、7日到達すると
1日目から再開されます*
`フレンドポイント X 2000
1月交換券(2023) X 1
`_2023-01-26 19:32:36_
--------
*e08d200d6cae66745a424b7aab92e6b7*
`登陆天数: 8天 / 305天
等级: 1
石头: 704
呼符: 8
体力: 710889.3766666667 / 20
友情点: 0 / 71400`
*連続ログイン1日目
※ログインが途切れるか、7日到達すると
1日目から再開されます*
`フレンドポイント X 2000
1月交換券(2023) X 1
`_2023-01-26 19:32:44_
--------
*c695a2ada964bb4064c0b3ade64f21e6*
`登陆天数: 8天 / 1132天
等级: 125
石头: 2257
呼符: 146
体力: 13569.16 / 137
友情点: 0 / 502305`
*連続ログイン1日目
※ログインが途切れるか、7日到達すると
1日目から再開されます*
`フレンドポイント X 2000
1月交換券(2023) X 1
`_2023-01-26 19:32:51_
--------
