【登录信息】
*62d99e37f10ca3c3a468162e341dc34a*
`登陆天数: 9天 / 187天
等级: 102
石头: 0
呼符: 3
体力: 31889.413333333334 / 126
友情点: 340 / 2002535`
*連続ログイン2日目
※ログインが途切れるか、7日到達すると
1日目から再開されます*
`聖晶石 X 1
1月交換券(2023) X 1
`_2023-01-27 19:32:34_
--------
*e08d200d6cae66745a424b7aab92e6b7*
`登陆天数: 9天 / 306天
等级: 1
石头: 704
呼符: 8
体力: 711177.3733333333 / 20
友情点: 0 / 71400`
*連続ログイン2日目
※ログインが途切れるか、7日到達すると
1日目から再開されます*
`聖晶石 X 1
1月交換券(2023) X 1
`_2023-01-27 19:32:42_
--------
*c695a2ada964bb4064c0b3ade64f21e6*
`登陆天数: 9天 / 1133天
等级: 125
石头: 2257
呼符: 146
体力: 13857.153333333334 / 137
友情点: 0 / 502305`
*連続ログイン2日目
※ログインが途切れるか、7日到達すると
1日目から再開されます*
`聖晶石 X 1
1月交換券(2023) X 1
`_2023-01-27 19:32:50_
--------
