【登录信息】
*62d99e37f10ca3c3a468162e341dc34a*
`登陆天数: 10天 / 188天
等级: 102
石头: 0
呼符: 3
体力: 32177.48 / 126
友情点: 510 / 2003045`
*連続ログイン3日目
※ログインが途切れるか、7日到達すると
1日目から再開されます*
`叡智の業火 X 1
1月交換券(2023) X 1
`_2023-01-28 19:32:54_
--------
*e08d200d6cae66745a424b7aab92e6b7*
`登陆天数: 10天 / 307天
等级: 1
石头: 704
呼符: 8
体力: 711465.4366666666 / 20
友情点: 0 / 71400`
*連続ログイン3日目
※ログインが途切れるか、7日到達すると
1日目から再開されます*
`叡智の業火 X 1
1月交換券(2023) X 1
`_2023-01-28 19:33:02_
--------
*c695a2ada964bb4064c0b3ade64f21e6*
`登陆天数: 10天 / 1134天
等级: 125
石头: 2257
呼符: 146
体力: 14145.22 / 137
友情点: 0 / 502305`
*連続ログイン3日目
※ログインが途切れるか、7日到達すると
1日目から再開されます*
`叡智の業火 X 1
1月交換券(2023) X 1
`_2023-01-28 19:33:10_
--------
