【登录信息】
*62d99e37f10ca3c3a468162e341dc34a*
`登陆天数: 42天 / 220天
等级: 102
石头: 0
呼符: 3
体力: 41393.503333333334 / 126
友情点: 3145 / 2032955`
*連続ログイン7日間到達おめでとうございます！
明日は1日目からリスタートされます。*
`獣の足跡 X 1
呼符 X 1
3月交換券(2023) X 1
`_2023-03-01 19:33:02_
--------
*e08d200d6cae66745a424b7aab92e6b7*
`登陆天数: 42天 / 339天
等级: 1
石头: 704
呼符: 8
体力: 720681.4633333334 / 20
友情点: 0 / 71400`
*連続ログイン7日間到達おめでとうございます！
明日は1日目からリスタートされます。*
`獣の足跡 X 1
呼符 X 1
3月交換券(2023) X 1
`_2023-03-01 19:33:10_
--------
*c695a2ada964bb4064c0b3ade64f21e6*
`登陆天数: 42天 / 1166天
等级: 125
石头: 2257
呼符: 146
体力: 23361.246666666666 / 137
友情点: 0 / 502305`
*連続ログイン7日間到達おめでとうございます！
明日は1日目からリスタートされます。*
`獣の足跡 X 1
呼符 X 1
3月交換券(2023) X 1
`_2023-03-01 19:33:17_
--------
