【登录信息】
*62d99e37f10ca3c3a468162e341dc34a*
`登陆天数: 44天 / 222天
等级: 102
石头: 0
呼符: 3
体力: 41969.473333333335 / 126
友情点: 3060 / 2039245`
*連続ログイン2日目
※ログインが途切れるか、7日到達すると
1日目から再開されます*
`聖晶石 X 1
3月交換券(2023) X 1
`_2023-03-03 19:32:52_
--------
*e08d200d6cae66745a424b7aab92e6b7*
`登陆天数: 44天 / 341天
等级: 1
石头: 704
呼符: 8
体力: 721257.43 / 20
友情点: 0 / 71400`
*連続ログイン2日目
※ログインが途切れるか、7日到達すると
1日目から再開されます*
`聖晶石 X 1
3月交換券(2023) X 1
`_2023-03-03 19:33:00_
--------
*c695a2ada964bb4064c0b3ade64f21e6*
`登陆天数: 44天 / 1168天
等级: 125
石头: 2257
呼符: 146
体力: 23937.216666666667 / 137
友情点: 0 / 502305`
*連続ログイン2日目
※ログインが途切れるか、7日到達すると
1日目から再開されます*
`聖晶石 X 1
3月交換券(2023) X 1
`_2023-03-03 19:33:08_
--------
