【登录信息】
*62d99e37f10ca3c3a468162e341dc34a*
`登陆天数: 48天 / 226天
等级: 102
石头: 0
呼符: 3
体力: 43121.503333333334 / 126
友情点: 340 / 2040860`
*連続ログイン6日目
※ログインが途切れるか、7日到達すると
1日目から再開されます*
`聖晶石 X 2
3月交換券(2023) X 1
`_2023-03-07 19:33:02_
--------
*e08d200d6cae66745a424b7aab92e6b7*
`登陆天数: 48天 / 345天
等级: 1
石头: 704
呼符: 8
体力: 722409.4633333334 / 20
友情点: 0 / 71400`
*連続ログイン6日目
※ログインが途切れるか、7日到達すると
1日目から再開されます*
`聖晶石 X 2
3月交換券(2023) X 1
`_2023-03-07 19:33:10_
--------
*c695a2ada964bb4064c0b3ade64f21e6*
`登陆天数: 48天 / 1172天
等级: 125
石头: 2257
呼符: 146
体力: 25089.246666666666 / 137
友情点: 0 / 502305`
*連続ログイン6日目
※ログインが途切れるか、7日到達すると
1日目から再開されます*
`聖晶石 X 2
3月交換券(2023) X 1
`_2023-03-07 19:33:18_
--------
