【登录信息】
*62d99e37f10ca3c3a468162e341dc34a*
`登陆天数: 50天 / 228天
等级: 102
石头: 0
呼符: 3
体力: 43697.53333333333 / 126
友情点: 0 / 2041030`
*連続ログイン1日目
※ログインが途切れるか、7日到達すると
1日目から再開されます*
`フレンドポイント X 2000
3月交換券(2023) X 1
`*「FGO ウィンターパーティー 2022-2023」大阪会場開催直前 ログインボーナス*
*開催期間中、1日1回 最大3回 ログインボーナスをプレゼント！*
`黄金の果実 X 1
`_2023-03-09 19:33:11_
--------
*e08d200d6cae66745a424b7aab92e6b7*
`登陆天数: 50天 / 347天
等级: 1
石头: 704
呼符: 8
体力: 722985.4933333333 / 20
友情点: 0 / 71400`
*連続ログイン1日目
※ログインが途切れるか、7日到達すると
1日目から再開されます*
`フレンドポイント X 2000
3月交換券(2023) X 1
`*CBC2023開催直前特別連続ログインボーナス*
*開催期間中、1日1回 最大7回 連続ログインボーナスをプレゼント！*
`白銀の果実 X 2
`_2023-03-09 19:33:18_
--------
*c695a2ada964bb4064c0b3ade64f21e6*
`登陆天数: 50天 / 1174天
等级: 125
石头: 2257
呼符: 146
体力: 25665.27666666667 / 137
友情点: 0 / 502305`
*連続ログイン1日目
※ログインが途切れるか、7日到達すると
1日目から再開されます*
`フレンドポイント X 2000
3月交換券(2023) X 1
`*「FGO ウィンターパーティー 2022-2023」大阪会場開催直前 ログインボーナス*
*開催期間中、1日1回 最大3回 ログインボーナスをプレゼント！*
`黄金の果実 X 1
`_2023-03-09 19:33:26_
--------
