【登录信息】
*62d99e37f10ca3c3a468162e341dc34a*
`登陆天数: 51天 / 229天
等级: 102
石头: 0
呼符: 3
体力: 43985.44666666666 / 126
友情点: 170 / 2041200`
*連続ログイン2日目
※ログインが途切れるか、7日到達すると
1日目から再開されます*
`聖晶石 X 1
3月交換券(2023) X 1
`*「FGO ウィンターパーティー 2022-2023」大阪会場開催直前 ログインボーナス*
*開催期間中、1日1回 最大3回 ログインボーナスをプレゼント！*
`黄金の果実 X 1
`_2023-03-10 19:32:45_
--------
*e08d200d6cae66745a424b7aab92e6b7*
`登陆天数: 51天 / 348天
等级: 1
石头: 704
呼符: 8
体力: 723273.4066666666 / 20
友情点: 0 / 71400`
*連続ログイン2日目
※ログインが途切れるか、7日到達すると
1日目から再開されます*
`聖晶石 X 1
3月交換券(2023) X 1
`*CBC2023開催直前特別連続ログインボーナス*
*開催期間中、1日1回 最大7回 連続ログインボーナスをプレゼント！*
`英霊結晶・星のフォウくん X 3
`_2023-03-10 19:32:53_
--------
*c695a2ada964bb4064c0b3ade64f21e6*
`登陆天数: 51天 / 1175天
等级: 125
石头: 2257
呼符: 146
体力: 25953.19 / 137
友情点: 0 / 502305`
*連続ログイン2日目
※ログインが途切れるか、7日到達すると
1日目から再開されます*
`聖晶石 X 1
3月交換券(2023) X 1
`*「FGO ウィンターパーティー 2022-2023」大阪会場開催直前 ログインボーナス*
*開催期間中、1日1回 最大3回 ログインボーナスをプレゼント！*
`黄金の果実 X 1
`_2023-03-10 19:33:00_
--------
