【登录信息】
*62d99e37f10ca3c3a468162e341dc34a*
`登陆天数: 53天 / 231天
等级: 102
石头: 0
呼符: 3
体力: 44561.42333333333 / 126
友情点: 0 / 2041795`
*連続ログイン4日目
※ログインが途切れるか、7日到達すると
1日目から再開されます*
`聖晶石 X 1
3月交換券(2023) X 1
`*CBC2023開催直前特別連続ログインボーナス*
*開催期間中、1日1回 最大7回 連続ログインボーナスをプレゼント！*
`英霊結晶・太陽のフォウくん X 3
`_2023-03-12 19:32:38_
--------
*e08d200d6cae66745a424b7aab92e6b7*
`登陆天数: 53天 / 350天
等级: 1
石头: 704
呼符: 8
体力: 723849.3833333333 / 20
友情点: 0 / 71400`
*連続ログイン4日目
※ログインが途切れるか、7日到達すると
1日目から再開されます*
`聖晶石 X 1
3月交換券(2023) X 1
`*CBC2023開催直前特別連続ログインボーナス*
*開催期間中、1日1回 最大7回 連続ログインボーナスをプレゼント！*
`英霊結晶・太陽のフォウくん X 3
`_2023-03-12 19:32:46_
--------
*c695a2ada964bb4064c0b3ade64f21e6*
`登陆天数: 53天 / 1177天
等级: 125
石头: 2257
呼符: 146
体力: 26529.166666666668 / 137
友情点: 0 / 502305`
*連続ログイン4日目
※ログインが途切れるか、7日到達すると
1日目から再開されます*
`聖晶石 X 1
3月交換券(2023) X 1
`*CBC2023開催直前特別連続ログインボーナス*
*開催期間中、1日1回 最大7回 連続ログインボーナスをプレゼント！*
`英霊結晶・太陽のフォウくん X 3
`_2023-03-12 19:32:54_
--------
