【登录信息】
*62d99e37f10ca3c3a468162e341dc34a*
`登陆天数: 55天 / 233天
等级: 102
石头: 0
呼符: 3
体力: 45137.68 / 126
友情点: 680 / 2042560`
*連続ログイン6日目
※ログインが途切れるか、7日到達すると
1日目から再開されます*
`聖晶石 X 2
3月交換券(2023) X 1
`*CBC2023開催直前特別連続ログインボーナス*
*開催期間中、1日1回 最大7回 連続ログインボーナスをプレゼント！*
`聖晶石 X 3
`_2023-03-14 19:33:54_
--------
*e08d200d6cae66745a424b7aab92e6b7*
`登陆天数: 55天 / 352天
等级: 1
石头: 704
呼符: 8
体力: 724425.6366666667 / 20
友情点: 0 / 71400`
*連続ログイン6日目
※ログインが途切れるか、7日到達すると
1日目から再開されます*
`聖晶石 X 2
3月交換券(2023) X 1
`*CBC2023開催直前特別連続ログインボーナス*
*開催期間中、1日1回 最大7回 連続ログインボーナスをプレゼント！*
`聖晶石 X 3
`_2023-03-14 19:34:02_
--------
*c695a2ada964bb4064c0b3ade64f21e6*
`登陆天数: 55天 / 1179天
等级: 125
石头: 2257
呼符: 146
体力: 27105.423333333332 / 137
友情点: 0 / 502305`
*連続ログイン6日目
※ログインが途切れるか、7日到達すると
1日目から再開されます*
`聖晶石 X 2
3月交換券(2023) X 1
`*CBC2023開催直前特別連続ログインボーナス*
*開催期間中、1日1回 最大7回 連続ログインボーナスをプレゼント！*
`聖晶石 X 3
`_2023-03-14 19:34:10_
--------
