【登录信息】
*62d99e37f10ca3c3a468162e341dc34a*
`登陆天数: 56天 / 234天
等级: 102
石头: 0
呼符: 3
体力: 45425.45 / 126
友情点: 170 / 2042730`
*連続ログイン7日間到達おめでとうございます！
明日は1日目からリスタートされます。*
`獣の足跡 X 1
呼符 X 1
3月交換券(2023) X 1
`_2023-03-15 19:32:45_
--------
*e08d200d6cae66745a424b7aab92e6b7*
`登陆天数: 56天 / 353天
等级: 1
石头: 704
呼符: 8
体力: 724713.4066666666 / 20
友情点: 0 / 71400`
*連続ログイン7日間到達おめでとうございます！
明日は1日目からリスタートされます。*
`獣の足跡 X 1
呼符 X 1
3月交換券(2023) X 1
`_2023-03-15 19:32:53_
--------
*c695a2ada964bb4064c0b3ade64f21e6*
`登陆天数: 56天 / 1180天
等级: 125
石头: 2257
呼符: 146
体力: 27393.193333333333 / 137
友情点: 0 / 502305`
*連続ログイン7日間到達おめでとうございます！
明日は1日目からリスタートされます。*
`獣の足跡 X 1
呼符 X 1
3月交換券(2023) X 1
`_2023-03-15 19:33:01_
--------
