【登录信息】
*62d99e37f10ca3c3a468162e341dc34a*
`登陆天数: 58天 / 236天
等级: 102
石头: 0
呼符: 3
体力: 46001.48 / 126
友情点: 85 / 2042815`
*連続ログイン2日目
※ログインが途切れるか、7日到達すると
1日目から再開されます*
`聖晶石 X 1
3月交換券(2023) X 1
`*「カルデアボーイズコレクション2023」開催記念初回ログインボーナス*
*開催期間中、初回ログインで「CBC2023特別優待券」をプレゼント！*
`CBC2023特別優待券 X 1
`_2023-03-17 19:32:54_
--------
*e08d200d6cae66745a424b7aab92e6b7*
`登陆天数: 1天 / 354天
等级: 1
石头: 704
呼符: 8
体力: 725289.44 / 20
友情点: 0 / 71400`
*連続ログイン1日目
※ログインが途切れるか、7日到達すると
1日目から再開されます*
`フレンドポイント X 2000
3月交換券(2023) X 1
`_2023-03-17 19:33:02_
--------
*c695a2ada964bb4064c0b3ade64f21e6*
`登陆天数: 1天 / 1181天
等级: 125
石头: 2257
呼符: 146
体力: 27969.22333333333 / 137
友情点: 0 / 502305`
*連続ログイン1日目
※ログインが途切れるか、7日到達すると
1日目から再開されます*
`フレンドポイント X 2000
3月交換券(2023) X 1
`*「カルデアボーイズコレクション2023」開催記念初回ログインボーナス*
*開催期間中、初回ログインで「CBC2023特別優待券」をプレゼント！*
`CBC2023特別優待券 X 1
`_2023-03-17 19:33:10_
--------
