【登录信息】
*62d99e37f10ca3c3a468162e341dc34a*
`登陆天数: 60天 / 238天
等级: 102
石头: 0
呼符: 3
体力: 46577.42333333333 / 126
友情点: 0 / 2042815`
*連続ログイン4日目
※ログインが途切れるか、7日到達すると
1日目から再開されます*
`聖晶石 X 1
3月交換券(2023) X 1
`_2023-03-19 19:32:37_
--------
*e08d200d6cae66745a424b7aab92e6b7*
`登陆天数: 3天 / 356天
等级: 1
石头: 704
呼符: 8
体力: 725865.3833333333 / 20
友情点: 0 / 71400`
*連続ログイン3日目
※ログインが途切れるか、7日到達すると
1日目から再開されます*
`叡智の業火 X 1
3月交換券(2023) X 1
`_2023-03-19 19:32:45_
--------
*c695a2ada964bb4064c0b3ade64f21e6*
`登陆天数: 3天 / 1183天
等级: 125
石头: 2257
呼符: 146
体力: 28545.166666666668 / 137
友情点: 0 / 502305`
*連続ログイン3日目
※ログインが途切れるか、7日到達すると
1日目から再開されます*
`叡智の業火 X 1
3月交換券(2023) X 1
`_2023-03-19 19:32:53_
--------
