【登录信息】
*62d99e37f10ca3c3a468162e341dc34a*
`登陆天数: 1天 / 240天
等级: 102
石头: 0
呼符: 3
体力: 48017.473333333335 / 126
友情点: 1020 / 2044515`
*連続ログイン1日目
※ログインが途切れるか、7日到達すると
1日目から再開されます*
`フレンドポイント X 2000
3月交換券(2023) X 1
`_2023-03-24 19:32:52_
--------
*e08d200d6cae66745a424b7aab92e6b7*
`登陆天数: 1天 / 358天
等级: 1
石头: 704
呼符: 8
体力: 727305.4333333333 / 20
友情点: 0 / 71400`
*連続ログイン1日目
※ログインが途切れるか、7日到達すると
1日目から再開されます*
`フレンドポイント X 2000
3月交換券(2023) X 1
`_2023-03-24 19:33:01_
--------
*c695a2ada964bb4064c0b3ade64f21e6*
`登陆天数: 1天 / 1185天
等级: 125
石头: 2257
呼符: 146
体力: 29985.216666666667 / 137
友情点: 0 / 502305`
*連続ログイン1日目
※ログインが途切れるか、7日到達すると
1日目から再開されます*
`フレンドポイント X 2000
3月交換券(2023) X 1
`_2023-03-24 19:33:08_
--------
