【登录信息】
*62d99e37f10ca3c3a468162e341dc34a*
`登陆天数: 2天 / 241天
等级: 102
石头: 0
呼符: 3
体力: 48305.41333333333 / 126
友情点: 850 / 2045565`
*連続ログイン2日目
※ログインが途切れるか、7日到達すると
1日目から再開されます*
`聖晶石 X 1
3月交換券(2023) X 1
`_2023-03-25 19:32:35_
--------
*e08d200d6cae66745a424b7aab92e6b7*
`登陆天数: 2天 / 359天
等级: 1
石头: 704
呼符: 8
体力: 727593.3733333333 / 20
友情点: 0 / 71400`
*連続ログイン2日目
※ログインが途切れるか、7日到達すると
1日目から再開されます*
`聖晶石 X 1
3月交換券(2023) X 1
`_2023-03-25 19:32:43_
--------
*c695a2ada964bb4064c0b3ade64f21e6*
`登陆天数: 2天 / 1186天
等级: 125
石头: 2257
呼符: 146
体力: 30273.156666666666 / 137
友情点: 0 / 502305`
*連続ログイン2日目
※ログインが途切れるか、7日到達すると
1日目から再開されます*
`聖晶石 X 1
3月交換券(2023) X 1
`_2023-03-25 19:32:51_
--------
