【登录信息】
*62d99e37f10ca3c3a468162e341dc34a*
`登陆天数: 3天 / 242天
等级: 102
石头: 0
呼符: 3
体力: 48593.416666666664 / 126
友情点: 255 / 2045820`
*連続ログイン3日目
※ログインが途切れるか、7日到達すると
1日目から再開されます*
`叡智の業火 X 1
3月交換券(2023) X 1
`*「AnimeJapan 2023」出展記念 初回ログインボーナス*
*開催期間中、初回ログインで「聖晶石×10」をプレゼント！*
`聖晶石 X 10
`_2023-03-26 19:32:35_
--------
*e08d200d6cae66745a424b7aab92e6b7*
`登陆天数: 3天 / 360天
等级: 1
石头: 704
呼符: 8
体力: 727881.3766666667 / 20
友情点: 0 / 71400`
*連続ログイン3日目
※ログインが途切れるか、7日到達すると
1日目から再開されます*
`叡智の業火 X 1
3月交換券(2023) X 1
`_2023-03-26 19:32:43_
--------
*c695a2ada964bb4064c0b3ade64f21e6*
`登陆天数: 3天 / 1187天
等级: 125
石头: 2257
呼符: 146
体力: 30561.16 / 137
友情点: 0 / 502305`
*連続ログイン3日目
※ログインが途切れるか、7日到達すると
1日目から再開されます*
`叡智の業火 X 1
3月交換券(2023) X 1
`*「AnimeJapan 2023」出展記念 初回ログインボーナス*
*開催期間中、初回ログインで「聖晶石×10」をプレゼント！*
`聖晶石 X 10
`_2023-03-26 19:32:51_
--------
