【登录信息】
*62d99e37f10ca3c3a468162e341dc34a*
`登陆天数: 4天 / 243天
等级: 102
石头: 0
呼符: 3
体力: 48881.39333333333 / 126
友情点: 255 / 2046075`
*連続ログイン4日目
※ログインが途切れるか、7日到達すると
1日目から再開されます*
`聖晶石 X 1
3月交換券(2023) X 1
`*Fate/Grand Order 春の新米マスター応援キャンペーン2023！
日替りログインボーナス*
*開催期間中、1日1回 6日間日替りでログインボーナスをプレゼント！*
`呼符 X 1
`_2023-03-27 19:32:28_
--------
*e08d200d6cae66745a424b7aab92e6b7*
`登陆天数: 4天 / 361天
等级: 1
石头: 704
呼符: 8
体力: 728169.3533333334 / 20
友情点: 0 / 71400`
*連続ログイン4日目
※ログインが途切れるか、7日到達すると
1日目から再開されます*
`聖晶石 X 1
3月交換券(2023) X 1
`_2023-03-27 19:32:37_
--------
*c695a2ada964bb4064c0b3ade64f21e6*
`登陆天数: 4天 / 1188天
等级: 125
石头: 2257
呼符: 146
体力: 30849.136666666665 / 137
友情点: 0 / 502305`
*連続ログイン4日目
※ログインが途切れるか、7日到達すると
1日目から再開されます*
`聖晶石 X 1
3月交換券(2023) X 1
`*Fate/Grand Order 春の新米マスター応援キャンペーン2023！
日替りログインボーナス*
*開催期間中、1日1回 6日間日替りでログインボーナスをプレゼント！*
`呼符 X 1
`_2023-03-27 19:32:45_
--------
