【登录信息】
*62d99e37f10ca3c3a468162e341dc34a*
`登陆天数: 5天 / 244天
等级: 102
石头: 0
呼符: 3
体力: 49169.44666666666 / 126
友情点: 170 / 2046245`
*連続ログイン5日目
※ログインが途切れるか、7日到達すると
1日目から再開されます*
`叡智の業火 X 2
3月交換券(2023) X 1
`*リリース2800日突破キャンペーン 初回ログインボーナス*
*開催期間中、初回ログインで「聖晶石×10」をプレゼント！*
`聖晶石 X 10
`_2023-03-28 19:32:44_
--------
*e08d200d6cae66745a424b7aab92e6b7*
`登陆天数: 5天 / 362天
等级: 1
石头: 704
呼符: 8
体力: 728457.4066666666 / 20
友情点: 0 / 71400`
*連続ログイン5日目
※ログインが途切れるか、7日到達すると
1日目から再開されます*
`叡智の業火 X 2
3月交換券(2023) X 1
`_2023-03-28 19:32:52_
--------
*c695a2ada964bb4064c0b3ade64f21e6*
`登陆天数: 5天 / 1189天
等级: 125
石头: 2257
呼符: 146
体力: 31137.19 / 137
友情点: 0 / 502305`
*連続ログイン5日目
※ログインが途切れるか、7日到達すると
1日目から再開されます*
`叡智の業火 X 2
3月交換券(2023) X 1
`*リリース2800日突破キャンペーン 初回ログインボーナス*
*開催期間中、初回ログインで「聖晶石×10」をプレゼント！*
`聖晶石 X 10
`_2023-03-28 19:33:00_
--------
