【登录信息】
*62d99e37f10ca3c3a468162e341dc34a*
`登陆天数: 6天 / 245天
等级: 102
石头: 0
呼符: 3
体力: 49457.47 / 126
友情点: 170 / 2046415`
*連続ログイン6日目
※ログインが途切れるか、7日到達すると
1日目から再開されます*
`聖晶石 X 2
3月交換券(2023) X 1
`*Fate/Grand Order 春の新米マスター応援キャンペーン2023！
日替りログインボーナス*
*開催期間中、1日1回 6日間日替りでログインボーナスをプレゼント！*
`聖晶石 X 2
`_2023-03-29 19:32:51_
--------
*e08d200d6cae66745a424b7aab92e6b7*
`登陆天数: 6天 / 363天
等级: 1
石头: 704
呼符: 8
体力: 728745.43 / 20
友情点: 0 / 71400`
*連続ログイン6日目
※ログインが途切れるか、7日到達すると
1日目から再開されます*
`聖晶石 X 2
3月交換券(2023) X 1
`_2023-03-29 19:33:00_
--------
*c695a2ada964bb4064c0b3ade64f21e6*
`登陆天数: 6天 / 1190天
等级: 125
石头: 2257
呼符: 146
体力: 31425.213333333333 / 137
友情点: 0 / 502305`
*連続ログイン6日目
※ログインが途切れるか、7日到達すると
1日目から再開されます*
`聖晶石 X 2
3月交換券(2023) X 1
`*Fate/Grand Order 春の新米マスター応援キャンペーン2023！
日替りログインボーナス*
*開催期間中、1日1回 6日間日替りでログインボーナスをプレゼント！*
`聖晶石 X 2
`_2023-03-29 19:33:07_
--------
