【登录信息】
*62d99e37f10ca3c3a468162e341dc34a*
`登陆天数: 26天 / 143天
等级: 102
石头: 0
呼符: 3
体力: 15185.626666666667 / 126
友情点: 1445 / 1985535`
*連続ログイン5日目
※ログインが途切れるか、7日到達すると
1日目から再開されます*
`叡智の業火 X 2
12月交換券(2022) X 1
`_2022-11-30 19:33:39_
--------
*e08d200d6cae66745a424b7aab92e6b7*
`登陆天数: 26天 / 262天
等级: 1
石头: 704
呼符: 8
体力: 694473.5866666667 / 20
友情点: 0 / 71400`
*連続ログイン5日目
※ログインが途切れるか、7日到達すると
1日目から再開されます*
`叡智の業火 X 2
12月交換券(2022) X 1
`_2022-11-30 19:33:47_
--------
*c695a2ada964bb4064c0b3ade64f21e6*
`登陆天数: 27天 / 1089天
等级: 125
石头: 2085
呼符: 134
体力: 5078.033333333334 / 137
友情点: 0 / 243105`
*連続ログイン6日目
※ログインが途切れるか、7日到達すると
1日目から再開されます*
`聖晶石 X 2
12月交換券(2022) X 1
`_2022-11-30 19:33:54_
--------
