【登录信息】
*62d99e37f10ca3c3a468162e341dc34a*
`登陆天数: 28天 / 145天
等级: 102
石头: 0
呼符: 3
体力: 15761.66 / 126
友情点: 1020 / 1986810`
*連続ログイン7日間到達おめでとうございます！
明日は1日目からリスタートされます。*
`獣の足跡 X 1
呼符 X 1
12月交換券(2022) X 1
`_2022-12-02 19:33:49_
--------
*e08d200d6cae66745a424b7aab92e6b7*
`登陆天数: 28天 / 264天
等级: 1
石头: 704
呼符: 8
体力: 695049.62 / 20
友情点: 0 / 71400`
*連続ログイン7日間到達おめでとうございます！
明日は1日目からリスタートされます。*
`獣の足跡 X 1
呼符 X 1
12月交換券(2022) X 1
`_2022-12-02 19:33:56_
--------
*c695a2ada964bb4064c0b3ade64f21e6*
`登陆天数: 29天 / 1091天
等级: 125
石头: 2085
呼符: 134
体力: 5654.066666666667 / 137
友情点: 0 / 243105`
*連続ログイン1日目
※ログインが途切れるか、7日到達すると
1日目から再開されます*
`フレンドポイント X 2000
12月交換券(2022) X 1
`_2022-12-02 19:34:04_
--------
