【登录信息】
*62d99e37f10ca3c3a468162e341dc34a*
`登陆天数: 29天 / 146天
等级: 102
石头: 0
呼符: 3
体力: 16049.676666666666 / 126
友情点: 1190 / 1988000`
*連続ログイン1日目
※ログインが途切れるか、7日到達すると
1日目から再開されます*
`フレンドポイント X 2000
12月交換券(2022) X 1
`_2022-12-03 19:33:53_
--------
*e08d200d6cae66745a424b7aab92e6b7*
`登陆天数: 29天 / 265天
等级: 1
石头: 704
呼符: 8
体力: 695337.6366666667 / 20
友情点: 0 / 71400`
*連続ログイン1日目
※ログインが途切れるか、7日到達すると
1日目から再開されます*
`フレンドポイント X 2000
12月交換券(2022) X 1
`_2022-12-03 19:34:02_
--------
*c695a2ada964bb4064c0b3ade64f21e6*
`登陆天数: 30天 / 1092天
等级: 125
石头: 2085
呼符: 134
体力: 5942.083333333333 / 137
友情点: 0 / 243105`
*連続ログイン2日目
※ログインが途切れるか、7日到達すると
1日目から再開されます*
`聖晶石 X 1
12月交換券(2022) X 1
`_2022-12-03 19:34:09_
--------
