【登录信息】
*62d99e37f10ca3c3a468162e341dc34a*
`登陆天数: 30天 / 147天
等级: 102
石头: 0
呼符: 3
体力: 16337.603333333333 / 126
友情点: 595 / 1988595`
*連続ログイン2日目
※ログインが途切れるか、7日到達すると
1日目から再開されます*
`聖晶石 X 1
12月交換券(2022) X 1
`_2022-12-04 19:33:31_
--------
*e08d200d6cae66745a424b7aab92e6b7*
`登陆天数: 30天 / 266天
等级: 1
石头: 704
呼符: 8
体力: 695625.5633333334 / 20
友情点: 0 / 71400`
*連続ログイン2日目
※ログインが途切れるか、7日到達すると
1日目から再開されます*
`聖晶石 X 1
12月交換券(2022) X 1
`_2022-12-04 19:33:39_
--------
*c695a2ada964bb4064c0b3ade64f21e6*
`登陆天数: 31天 / 1093天
等级: 125
石头: 2085
呼符: 134
体力: 6230.01 / 137
友情点: 0 / 243105`
*連続ログイン3日目
※ログインが途切れるか、7日到達すると
1日目から再開されます*
`叡智の業火 X 1
12月交換券(2022) X 1
`_2022-12-04 19:33:47_
--------
