【登录信息】
*62d99e37f10ca3c3a468162e341dc34a*
`登陆天数: 31天 / 148天
等级: 102
石头: 0
呼符: 3
体力: 16625.69 / 126
友情点: 85 / 1988680`
*連続ログイン3日目
※ログインが途切れるか、7日到達すると
1日目から再開されます*
`叡智の業火 X 1
12月交換券(2022) X 1
`_2022-12-05 19:33:57_
--------
*e08d200d6cae66745a424b7aab92e6b7*
`登陆天数: 31天 / 267天
等级: 1
石头: 704
呼符: 8
体力: 695913.6466666666 / 20
友情点: 0 / 71400`
*連続ログイン3日目
※ログインが途切れるか、7日到達すると
1日目から再開されます*
`叡智の業火 X 1
12月交換券(2022) X 1
`_2022-12-05 19:34:05_
--------
*c695a2ada964bb4064c0b3ade64f21e6*
`登陆天数: 32天 / 1094天
等级: 125
石头: 2085
呼符: 134
体力: 6518.093333333333 / 137
友情点: 0 / 243105`
*連続ログイン4日目
※ログインが途切れるか、7日到達すると
1日目から再開されます*
`聖晶石 X 1
12月交換券(2022) X 1
`_2022-12-05 19:34:13_
--------
