【登录信息】
*62d99e37f10ca3c3a468162e341dc34a*
`登陆天数: 33天 / 150天
等级: 102
石头: 0
呼符: 3
体力: 17201.7 / 126
友情点: 850 / 1989615`
*連続ログイン5日目
※ログインが途切れるか、7日到達すると
1日目から再開されます*
`叡智の業火 X 2
12月交換券(2022) X 1
`_2022-12-07 19:34:01_
--------
*e08d200d6cae66745a424b7aab92e6b7*
`登陆天数: 33天 / 269天
等级: 1
石头: 704
呼符: 8
体力: 696489.6566666666 / 20
友情点: 0 / 71400`
*連続ログイン5日目
※ログインが途切れるか、7日到達すると
1日目から再開されます*
`叡智の業火 X 2
12月交換券(2022) X 1
`_2022-12-07 19:34:08_
--------
*c695a2ada964bb4064c0b3ade64f21e6*
`登陆天数: 34天 / 1096天
等级: 125
石头: 2250
呼符: 145
体力: 181.09666666666666 / 137
友情点: 0 / 255505`
*連続ログイン6日目
※ログインが途切れるか、7日到達すると
1日目から再開されます*
`聖晶石 X 2
12月交換券(2022) X 1
`_2022-12-07 19:34:16_
--------
