【登录信息】
*62d99e37f10ca3c3a468162e341dc34a*
`登陆天数: 34天 / 151天
等级: 102
石头: 0
呼符: 3
体力: 17489.676666666666 / 126
友情点: 255 / 1989870`
*連続ログイン6日目
※ログインが途切れるか、7日到達すると
1日目から再開されます*
`聖晶石 X 2
12月交換券(2022) X 1
`_2022-12-08 19:33:54_
--------
*e08d200d6cae66745a424b7aab92e6b7*
`登陆天数: 34天 / 270天
等级: 1
石头: 704
呼符: 8
体力: 696777.6366666667 / 20
友情点: 0 / 71400`
*連続ログイン6日目
※ログインが途切れるか、7日到達すると
1日目から再開されます*
`聖晶石 X 2
12月交換券(2022) X 1
`_2022-12-08 19:34:02_
--------
*c695a2ada964bb4064c0b3ade64f21e6*
`登陆天数: 35天 / 1097天
等级: 125
石头: 2250
呼符: 145
体力: 469.07666666666665 / 137
友情点: 0 / 255505`
*連続ログイン7日間到達おめでとうございます！
明日は1日目からリスタートされます。*
`獣の足跡 X 1
呼符 X 1
12月交換券(2022) X 1
`_2022-12-08 19:34:09_
--------
