【登录信息】
*62d99e37f10ca3c3a468162e341dc34a*
`登陆天数: 35天 / 152天
等级: 102
石头: 0
呼符: 3
体力: 17777.663333333334 / 126
友情点: 170 / 1990040`
*連続ログイン7日間到達おめでとうございます！
明日は1日目からリスタートされます。*
`獣の足跡 X 1
呼符 X 1
12月交換券(2022) X 1
`_2022-12-09 19:33:50_
--------
*e08d200d6cae66745a424b7aab92e6b7*
`登陆天数: 35天 / 271天
等级: 1
石头: 704
呼符: 8
体力: 697065.6233333333 / 20
友情点: 0 / 71400`
*連続ログイン7日間到達おめでとうございます！
明日は1日目からリスタートされます。*
`獣の足跡 X 1
呼符 X 1
12月交換券(2022) X 1
`_2022-12-09 19:33:58_
--------
*c695a2ada964bb4064c0b3ade64f21e6*
`登陆天数: 36天 / 1098天
等级: 125
石头: 2250
呼符: 145
体力: 149.96666666666667 / 137
友情点: 0 / 373105`
*連続ログイン1日目
※ログインが途切れるか、7日到達すると
1日目から再開されます*
`フレンドポイント X 2000
12月交換券(2022) X 1
`_2022-12-09 19:34:05_
--------
