【登录信息】
*62d99e37f10ca3c3a468162e341dc34a*
`登陆天数: 36天 / 153天
等级: 102
石头: 0
呼符: 3
体力: 18065.62 / 126
友情点: 170 / 1990210`
*連続ログイン1日目
※ログインが途切れるか、7日到達すると
1日目から再開されます*
`フレンドポイント X 2000
12月交換券(2022) X 1
`_2022-12-10 19:33:37_
--------
*e08d200d6cae66745a424b7aab92e6b7*
`登陆天数: 36天 / 272天
等级: 1
石头: 704
呼符: 8
体力: 697353.58 / 20
友情点: 0 / 71400`
*連続ログイン1日目
※ログインが途切れるか、7日到達すると
1日目から再開されます*
`フレンドポイント X 2000
12月交換券(2022) X 1
`_2022-12-10 19:33:45_
--------
*c695a2ada964bb4064c0b3ade64f21e6*
`登陆天数: 37天 / 1099天
等级: 125
石头: 2257
呼符: 146
体力: 33.36333333333333 / 137
友情点: 0 / 502305`
*連続ログイン2日目
※ログインが途切れるか、7日到達すると
1日目から再開されます*
`聖晶石 X 1
12月交換券(2022) X 1
`_2022-12-10 19:33:53_
--------
