【登录信息】
*62d99e37f10ca3c3a468162e341dc34a*
`登陆天数: 39天 / 156天
等级: 102
石头: 0
呼符: 3
体力: 18929.67 / 126
友情点: 170 / 1990550`
*連続ログイン4日目
※ログインが途切れるか、7日到達すると
1日目から再開されます*
`聖晶石 X 1
12月交換券(2022) X 1
`*「MELTY BLOOD: TYPE LUMINA」牛若丸＆巌窟王参戦記念特別ログインボーナス*
*開催期間中、1日1回 最大3回 ログインボーナスをプレゼント！*
`天衣無縫の武者 X 1
星見のティーポット X 2
`_2022-12-13 19:33:52_
--------
*e08d200d6cae66745a424b7aab92e6b7*
`登陆天数: 39天 / 275天
等级: 1
石头: 704
呼符: 8
体力: 698217.63 / 20
友情点: 0 / 71400`
*連続ログイン4日目
※ログインが途切れるか、7日到達すると
1日目から再開されます*
`聖晶石 X 1
12月交換券(2022) X 1
`_2022-12-13 19:34:00_
--------
*c695a2ada964bb4064c0b3ade64f21e6*
`登陆天数: 40天 / 1102天
等级: 125
石头: 2257
呼符: 146
体力: 897.4133333333333 / 137
友情点: 0 / 502305`
*連続ログイン5日目
※ログインが途切れるか、7日到達すると
1日目から再開されます*
`叡智の業火 X 2
12月交換券(2022) X 1
`*「MELTY BLOOD: TYPE LUMINA」牛若丸＆巌窟王参戦記念特別ログインボーナス*
*開催期間中、1日1回 最大3回 ログインボーナスをプレゼント！*
`天衣無縫の武者 X 1
星見のティーポット X 2
`_2022-12-13 19:34:07_
--------
