【登录信息】
*62d99e37f10ca3c3a468162e341dc34a*
`登陆天数: 40天 / 157天
等级: 102
石头: 0
呼符: 3
体力: 19217.693333333333 / 126
友情点: 170 / 1990720`
*連続ログイン5日目
※ログインが途切れるか、7日到達すると
1日目から再開されます*
`叡智の業火 X 2
12月交換券(2022) X 1
`*TVアニメ「Fate/EXTRA Last Encore」Blu-ray Disc Box Standard Edition & Original Soundtrackリリース記念 特別ログインボーナス*
*開催期間中、初回ログインで「限定概念礼装×2」をプレゼント！*
`輝かしき薔薇の花束 X 1
月の断片 X 1
`_2022-12-14 19:33:58_
--------
*e08d200d6cae66745a424b7aab92e6b7*
`登陆天数: 40天 / 276天
等级: 1
石头: 704
呼符: 8
体力: 698505.65 / 20
友情点: 0 / 71400`
*連続ログイン5日目
※ログインが途切れるか、7日到達すると
1日目から再開されます*
`叡智の業火 X 2
12月交換券(2022) X 1
`_2022-12-14 19:34:06_
--------
*c695a2ada964bb4064c0b3ade64f21e6*
`登陆天数: 41天 / 1103天
等级: 125
石头: 2257
呼符: 146
体力: 1185.4333333333334 / 137
友情点: 0 / 502305`
*連続ログイン6日目
※ログインが途切れるか、7日到達すると
1日目から再開されます*
`聖晶石 X 2
12月交換券(2022) X 1
`*TVアニメ「Fate/EXTRA Last Encore」Blu-ray Disc Box Standard Edition & Original Soundtrackリリース記念 特別ログインボーナス*
*開催期間中、初回ログインで「限定概念礼装×2」をプレゼント！*
`輝かしき薔薇の花束 X 1
月の断片 X 1
`_2022-12-14 19:34:14_
--------
