【登录信息】
*62d99e37f10ca3c3a468162e341dc34a*
`登陆天数: 44天 / 161天
等级: 102
石头: 0
呼符: 3
体力: 20369.613333333335 / 126
友情点: 255 / 1991280`
*連続ログイン2日目
※ログインが途切れるか、7日到達すると
1日目から再開されます*
`聖晶石 X 1
12月交換券(2022) X 1
`*リリース2700日突破キャンペーン 初回ログインボーナス*
*開催期間中、初回ログインで「聖晶石×10」をプレゼント！*
`聖晶石 X 10
`_2022-12-18 19:33:34_
--------
*e08d200d6cae66745a424b7aab92e6b7*
`登陆天数: 44天 / 280天
等级: 1
石头: 704
呼符: 8
体力: 699657.5733333334 / 20
友情点: 0 / 71400`
*連続ログイン2日目
※ログインが途切れるか、7日到達すると
1日目から再開されます*
`聖晶石 X 1
12月交換券(2022) X 1
`_2022-12-18 19:33:43_
--------
*c695a2ada964bb4064c0b3ade64f21e6*
`登陆天数: 45天 / 1107天
等级: 125
石头: 2257
呼符: 146
体力: 2337.3566666666666 / 137
友情点: 0 / 502305`
*連続ログイン3日目
※ログインが途切れるか、7日到達すると
1日目から再開されます*
`叡智の業火 X 1
12月交換券(2022) X 1
`*リリース2700日突破キャンペーン 初回ログインボーナス*
*開催期間中、初回ログインで「聖晶石×10」をプレゼント！*
`聖晶石 X 10
`_2022-12-18 19:33:51_
--------
