【登录信息】
*62d99e37f10ca3c3a468162e341dc34a*
`登陆天数: 45天 / 162天
等级: 102
石头: 0
呼符: 3
体力: 20657.733333333334 / 126
友情点: 0 / 1991280`
*連続ログイン3日目
※ログインが途切れるか、7日到達すると
1日目から再開されます*
`叡智の業火 X 1
12月交換券(2022) X 1
`*「Lostbelt No.7」開幕直前
カウントダウンログインボーナス*
*開催期間中、1日1回 6日間日替りでログインボーナスをプレゼント！*
`叡智の業火 X 7
`_2022-12-19 19:34:11_
--------
*e08d200d6cae66745a424b7aab92e6b7*
`登陆天数: 45天 / 281天
等级: 1
石头: 704
呼符: 8
体力: 699945.6933333334 / 20
友情点: 0 / 71400`
*連続ログイン3日目
※ログインが途切れるか、7日到達すると
1日目から再開されます*
`叡智の業火 X 1
12月交換券(2022) X 1
`_2022-12-19 19:34:19_
--------
*c695a2ada964bb4064c0b3ade64f21e6*
`登陆天数: 46天 / 1108天
等级: 125
石头: 2257
呼符: 146
体力: 2625.4766666666665 / 137
友情点: 0 / 502305`
*連続ログイン4日目
※ログインが途切れるか、7日到達すると
1日目から再開されます*
`聖晶石 X 1
12月交換券(2022) X 1
`*「Lostbelt No.7」開幕直前
カウントダウンログインボーナス*
*開催期間中、1日1回 6日間日替りでログインボーナスをプレゼント！*
`叡智の業火 X 7
`_2022-12-19 19:34:27_
--------
