【登录信息】
*62d99e37f10ca3c3a468162e341dc34a*
`登陆天数: 48天 / 165天
等级: 102
石头: 0
呼符: 3
体力: 21521.66 / 126
友情点: 0 / 1991280`
*連続ログイン6日目
※ログインが途切れるか、7日到達すると
1日目から再開されます*
`聖晶石 X 2
12月交換券(2022) X 1
`*「Lostbelt No.7」開幕直前
カウントダウンログインボーナス*
*開催期間中、1日1回 6日間日替りでログインボーナスをプレゼント！*
`フレンドポイント X 70000
`_2022-12-22 19:33:49_
--------
*e08d200d6cae66745a424b7aab92e6b7*
`登陆天数: 48天 / 284天
等级: 1
石头: 704
呼符: 8
体力: 700809.62 / 20
友情点: 0 / 71400`
*連続ログイン6日目
※ログインが途切れるか、7日到達すると
1日目から再開されます*
`聖晶石 X 2
12月交換券(2022) X 1
`_2022-12-22 19:33:57_
--------
*c695a2ada964bb4064c0b3ade64f21e6*
`登陆天数: 49天 / 1111天
等级: 125
石头: 2257
呼符: 146
体力: 3489.403333333333 / 137
友情点: 0 / 502305`
*連続ログイン7日間到達おめでとうございます！
明日は1日目からリスタートされます。*
`獣の足跡 X 1
呼符 X 1
12月交換券(2022) X 1
`*「Lostbelt No.7」開幕直前
カウントダウンログインボーナス*
*開催期間中、1日1回 6日間日替りでログインボーナスをプレゼント！*
`フレンドポイント X 70000
`_2022-12-22 19:34:04_
--------
