【登录信息】
*62d99e37f10ca3c3a468162e341dc34a*
`登陆天数: 49天 / 166天
等级: 102
石头: 0
呼符: 3
体力: 21809.62 / 126
友情点: 305 / 1991585`
*連続ログイン7日間到達おめでとうございます！
明日は1日目からリスタートされます。*
`獣の足跡 X 1
呼符 X 1
12月交換券(2022) X 1
`*「FGO ウィンターパーティー 2022-2023」北海道会場開催直前 ログインボーナス*
*開催期間中、1日1回 最大3回 ログインボーナスをプレゼント！*
`黄金の果実 X 1
`_2022-12-23 19:33:36_
--------
*e08d200d6cae66745a424b7aab92e6b7*
`登陆天数: 49天 / 285天
等级: 1
石头: 704
呼符: 8
体力: 701097.5766666667 / 20
友情点: 0 / 71400`
*連続ログイン7日間到達おめでとうございます！
明日は1日目からリスタートされます。*
`獣の足跡 X 1
呼符 X 1
12月交換券(2022) X 1
`_2022-12-23 19:33:44_
--------
*c695a2ada964bb4064c0b3ade64f21e6*
`登陆天数: 50天 / 1112天
等级: 125
石头: 2257
呼符: 146
体力: 3777.36 / 137
友情点: 0 / 502305`
*連続ログイン1日目
※ログインが途切れるか、7日到達すると
1日目から再開されます*
`フレンドポイント X 2000
12月交換券(2022) X 1
`*「FGO ウィンターパーティー 2022-2023」北海道会場開催直前 ログインボーナス*
*開催期間中、1日1回 最大3回 ログインボーナスをプレゼント！*
`黄金の果実 X 1
`_2022-12-23 19:33:51_
--------
