【登录信息】
*62d99e37f10ca3c3a468162e341dc34a*
`登陆天数: 51天 / 168天
等级: 102
石头: 0
呼符: 3
体力: 22385.603333333333 / 126
友情点: 255 / 1992095`
*連続ログイン2日目
※ログインが途切れるか、7日到達すると
1日目から再開されます*
`聖晶石 X 1
12月交換券(2022) X 1
`_2022-12-25 19:33:32_
--------
*e08d200d6cae66745a424b7aab92e6b7*
`登陆天数: 51天 / 287天
等级: 1
石头: 704
呼符: 8
体力: 701673.56 / 20
友情点: 0 / 71400`
*連続ログイン2日目
※ログインが途切れるか、7日到達すると
1日目から再開されます*
`聖晶石 X 1
12月交換券(2022) X 1
`_2022-12-25 19:33:39_
--------
*c695a2ada964bb4064c0b3ade64f21e6*
`登陆天数: 52天 / 1114天
等级: 125
石头: 2257
呼符: 146
体力: 4353.343333333333 / 137
友情点: 0 / 502305`
*連続ログイン3日目
※ログインが途切れるか、7日到達すると
1日目から再開されます*
`叡智の業火 X 1
12月交換券(2022) X 1
`_2022-12-25 19:33:47_
--------
