【登录信息】
*62d99e37f10ca3c3a468162e341dc34a*
`登陆天数: 52天 / 169天
等级: 102
石头: 0
呼符: 3
体力: 22673.65 / 126
友情点: 390 / 1992485`
*連続ログイン3日目
※ログインが途切れるか、7日到達すると
1日目から再開されます*
`叡智の業火 X 1
12月交換券(2022) X 1
`_2022-12-26 19:33:45_
--------
*e08d200d6cae66745a424b7aab92e6b7*
`登陆天数: 52天 / 288天
等级: 1
石头: 704
呼符: 8
体力: 701961.6066666667 / 20
友情点: 0 / 71400`
*連続ログイン3日目
※ログインが途切れるか、7日到達すると
1日目から再開されます*
`叡智の業火 X 1
12月交換券(2022) X 1
`_2022-12-26 19:33:53_
--------
*c695a2ada964bb4064c0b3ade64f21e6*
`登陆天数: 53天 / 1115天
等级: 125
石头: 2257
呼符: 146
体力: 4641.39 / 137
友情点: 0 / 502305`
*連続ログイン4日目
※ログインが途切れるか、7日到達すると
1日目から再開されます*
`聖晶石 X 1
12月交換券(2022) X 1
`_2022-12-26 19:34:01_
--------
