【登录信息】
*62d99e37f10ca3c3a468162e341dc34a*
`登陆天数: 55天 / 172天
等级: 102
石头: 0
呼符: 3
体力: 23537.603333333333 / 126
友情点: 795 / 1993890`
*連続ログイン6日目
※ログインが途切れるか、7日到達すると
1日目から再開されます*
`聖晶石 X 2
12月交換券(2022) X 1
`*Fate Project 大晦日TVスペシャル2022 放送カウントダウンログインボーナス*
*開催期間中、1日1回 3日間日替りでログインボーナスをプレゼント！*
`黄金の果実 X 1
`_2022-12-29 19:33:31_
--------
*e08d200d6cae66745a424b7aab92e6b7*
`登陆天数: 55天 / 291天
等级: 1
石头: 704
呼符: 8
体力: 702825.56 / 20
友情点: 0 / 71400`
*連続ログイン6日目
※ログインが途切れるか、7日到達すると
1日目から再開されます*
`聖晶石 X 2
12月交換券(2022) X 1
`_2022-12-29 19:33:39_
--------
*c695a2ada964bb4064c0b3ade64f21e6*
`登陆天数: 56天 / 1118天
等级: 125
石头: 2257
呼符: 146
体力: 5505.343333333333 / 137
友情点: 0 / 502305`
*連続ログイン7日間到達おめでとうございます！
明日は1日目からリスタートされます。*
`獣の足跡 X 1
呼符 X 1
12月交換券(2022) X 1
`*Fate Project 大晦日TVスペシャル2022 放送カウントダウンログインボーナス*
*開催期間中、1日1回 3日間日替りでログインボーナスをプレゼント！*
`黄金の果実 X 1
`_2022-12-29 19:33:47_
--------
