【登录信息】
*62d99e37f10ca3c3a468162e341dc34a*
`登陆天数: 56天 / 173天
等级: 102
石头: 0
呼符: 3
体力: 23825.64 / 126
友情点: 815 / 1994705`
*連続ログイン7日間到達おめでとうございます！
明日は1日目からリスタートされます。*
`獣の足跡 X 1
呼符 X 1
12月交換券(2022) X 1
`*Fate Project 大晦日TVスペシャル2022 放送カウントダウンログインボーナス*
*開催期間中、1日1回 3日間日替りでログインボーナスをプレゼント！*
`黄金の果実 X 1
呼符 X 1
`_2022-12-30 19:33:43_
--------
*e08d200d6cae66745a424b7aab92e6b7*
`登陆天数: 56天 / 292天
等级: 1
石头: 704
呼符: 8
体力: 703113.6 / 20
友情点: 0 / 71400`
*連続ログイン7日間到達おめでとうございます！
明日は1日目からリスタートされます。*
`獣の足跡 X 1
呼符 X 1
12月交換券(2022) X 1
`_2022-12-30 19:33:51_
--------
*c695a2ada964bb4064c0b3ade64f21e6*
`登陆天数: 57天 / 1119天
等级: 125
石头: 2257
呼符: 146
体力: 5793.383333333333 / 137
友情点: 0 / 502305`
*連続ログイン1日目
※ログインが途切れるか、7日到達すると
1日目から再開されます*
`フレンドポイント X 2000
12月交換券(2022) X 1
`*Fate Project 大晦日TVスペシャル2022 放送カウントダウンログインボーナス*
*開催期間中、1日1回 3日間日替りでログインボーナスをプレゼント！*
`黄金の果実 X 1
呼符 X 1
`_2022-12-30 19:33:59_
--------
