【登录信息】
*62d99e37f10ca3c3a468162e341dc34a*
`登陆天数: 34天 / 394天
等级: 102
石头: 0
呼符: 3
体力: 94673.30666666667 / 126
友情点: 4080 / 2743030`
*連続ログイン6日目
※ログインが途切れるか、7日到達すると
1日目から再開されます*
`聖晶石 X 2
9月交換券(2023) X 1
`*ハンティングクエスト 第13弾
特別ログインボーナス*
*開催期間中、1日1回 最大7回ログインボーナスをプレゼント！*
`黄金の果実 X 1
`_2023-09-02 19:32:02_
--------
*e08d200d6cae66745a424b7aab92e6b7*
`登陆天数: 34天 / 512天
等级: 1
石头: 704
呼符: 8
体力: 773961.2666666667 / 20
友情点: 0 / 71400`
*連続ログイン6日目
※ログインが途切れるか、7日到達すると
1日目から再開されます*
`聖晶石 X 2
9月交換券(2023) X 1
`_2023-09-02 19:32:10_
--------
*c695a2ada964bb4064c0b3ade64f21e6*
`登陆天数: 34天 / 1339天
等级: 125
石头: 2257
呼符: 146
体力: 76641.05 / 137
友情点: 0 / 502305`
*連続ログイン6日目
※ログインが途切れるか、7日到達すると
1日目から再開されます*
`聖晶石 X 2
9月交換券(2023) X 1
`*ハンティングクエスト 第13弾
特別ログインボーナス*
*開催期間中、1日1回 最大7回ログインボーナスをプレゼント！*
`黄金の果実 X 1
`_2023-09-02 19:32:19_
--------
*89b7fa638329cf0a6f11a58783a25de4*
`登陆天数: 34天 / 1615天
等级: 153
石头: 1
呼符: 0
体力: 6209.503333333333 / 143
友情点: 755 / 6412800`
*連続ログイン6日目
※ログインが途切れるか、7日到達すると
1日目から再開されます*
`聖晶石 X 2
9月交換券(2023) X 1
`*ハンティングクエスト 第13弾
特別ログインボーナス*
*開催期間中、1日1回 最大7回ログインボーナスをプレゼント！*
`黄金の果実 X 1
`_2023-09-02 19:32:27_
--------
