【登录信息】
*62d99e37f10ca3c3a468162e341dc34a*
`登陆天数: 36天 / 396天
等级: 102
石头: 0
呼符: 3
体力: 95249.33666666667 / 126
友情点: 2210 / 2748330`
*連続ログイン1日目
※ログインが途切れるか、7日到達すると
1日目から再開されます*
`フレンドポイント X 2000
9月交換券(2023) X 1
`*ハンティングクエスト 第13弾
特別ログインボーナス*
*開催期間中、1日1回 最大7回ログインボーナスをプレゼント！*
`黄金の果実 X 1
`_2023-09-04 19:32:11_
--------
*e08d200d6cae66745a424b7aab92e6b7*
`登陆天数: 36天 / 514天
等级: 1
石头: 704
呼符: 8
体力: 774537.2966666666 / 20
友情点: 0 / 71400`
*連続ログイン1日目
※ログインが途切れるか、7日到達すると
1日目から再開されます*
`フレンドポイント X 2000
9月交換券(2023) X 1
`_2023-09-04 19:32:20_
--------
*c695a2ada964bb4064c0b3ade64f21e6*
`登陆天数: 36天 / 1341天
等级: 125
石头: 2257
呼符: 146
体力: 77217.08 / 137
友情点: 0 / 502305`
*連続ログイン1日目
※ログインが途切れるか、7日到達すると
1日目から再開されます*
`フレンドポイント X 2000
9月交換券(2023) X 1
`*ハンティングクエスト 第13弾
特別ログインボーナス*
*開催期間中、1日1回 最大7回ログインボーナスをプレゼント！*
`黄金の果実 X 1
`_2023-09-04 19:32:27_
--------
*89b7fa638329cf0a6f11a58783a25de4*
`登陆天数: 36天 / 1617天
等级: 153
石头: 1
呼符: 0
体力: 6785.533333333334 / 143
友情点: 380 / 6413760`
*連続ログイン1日目
※ログインが途切れるか、7日到達すると
1日目から再開されます*
`フレンドポイント X 2000
9月交換券(2023) X 1
`*ハンティングクエスト 第13弾
特別ログインボーナス*
*開催期間中、1日1回 最大7回ログインボーナスをプレゼント！*
`黄金の果実 X 1
`_2023-09-04 19:32:36_
--------
