【登录信息】
*62d99e37f10ca3c3a468162e341dc34a*
`登陆天数: 39天 / 399天
等级: 102
石头: 0
呼符: 3
体力: 96113.34 / 126
友情点: 2210 / 2760530`
*連続ログイン4日目
※ログインが途切れるか、7日到達すると
1日目から再開されます*
`聖晶石 X 1
9月交換券(2023) X 1
`*ハンティングクエスト 第13弾
特別ログインボーナス*
*開催期間中、1日1回 最大7回ログインボーナスをプレゼント！*
`黄金の果実 X 1
`_2023-09-07 19:32:12_
--------
*e08d200d6cae66745a424b7aab92e6b7*
`登陆天数: 39天 / 517天
等级: 1
石头: 704
呼符: 8
体力: 775401.3 / 20
友情点: 0 / 71400`
*連続ログイン4日目
※ログインが途切れるか、7日到達すると
1日目から再開されます*
`聖晶石 X 1
9月交換券(2023) X 1
`_2023-09-07 19:32:21_
--------
*c695a2ada964bb4064c0b3ade64f21e6*
`登陆天数: 39天 / 1344天
等级: 125
石头: 2257
呼符: 146
体力: 78081.08666666667 / 137
友情点: 0 / 502305`
*連続ログイン4日目
※ログインが途切れるか、7日到達すると
1日目から再開されます*
`聖晶石 X 1
9月交換券(2023) X 1
`*ハンティングクエスト 第13弾
特別ログインボーナス*
*開催期間中、1日1回 最大7回ログインボーナスをプレゼント！*
`黄金の果実 X 1
`_2023-09-07 19:32:29_
--------
*89b7fa638329cf0a6f11a58783a25de4*
`登陆天数: 39天 / 1620天
等级: 153
石头: 1
呼符: 0
体力: 7649.54 / 143
友情点: 390 / 6415570`
*連続ログイン4日目
※ログインが途切れるか、7日到達すると
1日目から再開されます*
`聖晶石 X 1
9月交換券(2023) X 1
`*ハンティングクエスト 第13弾
特別ログインボーナス*
*開催期間中、1日1回 最大7回ログインボーナスをプレゼント！*
`黄金の果実 X 1
`_2023-09-07 19:32:37_
--------
