【登录信息】
*62d99e37f10ca3c3a468162e341dc34a*
`登陆天数: 40天 / 400天
等级: 102
石头: 0
呼符: 3
体力: 96401.32333333333 / 126
友情点: 2295 / 2762825`
*連続ログイン5日目
※ログインが途切れるか、7日到達すると
1日目から再開されます*
`叡智の業火 X 2
9月交換券(2023) X 1
`_2023-09-08 19:32:07_
--------
*e08d200d6cae66745a424b7aab92e6b7*
`登陆天数: 40天 / 518天
等级: 1
石头: 704
呼符: 8
体力: 775689.2833333333 / 20
友情点: 0 / 71400`
*連続ログイン5日目
※ログインが途切れるか、7日到達すると
1日目から再開されます*
`叡智の業火 X 2
9月交換券(2023) X 1
`_2023-09-08 19:32:15_
--------
*c695a2ada964bb4064c0b3ade64f21e6*
`登陆天数: 40天 / 1345天
等级: 125
石头: 2257
呼符: 146
体力: 78369.06666666667 / 137
友情点: 0 / 502305`
*連続ログイン5日目
※ログインが途切れるか、7日到達すると
1日目から再開されます*
`叡智の業火 X 2
9月交換券(2023) X 1
`_2023-09-08 19:32:24_
--------
*89b7fa638329cf0a6f11a58783a25de4*
`登陆天数: 40天 / 1621天
等级: 153
石头: 1
呼符: 0
体力: 7937.52 / 143
友情点: 240 / 6415810`
*連続ログイン5日目
※ログインが途切れるか、7日到達すると
1日目から再開されます*
`叡智の業火 X 2
9月交換券(2023) X 1
`_2023-09-08 19:32:32_
--------
