【登录信息】
*62d99e37f10ca3c3a468162e341dc34a*
`登陆天数: 41天 / 401天
等级: 102
石头: 0
呼符: 3
体力: 96689.28 / 126
友情点: 1870 / 2764695`
*連続ログイン6日目
※ログインが途切れるか、7日到達すると
1日目から再開されます*
`聖晶石 X 2
9月交換券(2023) X 1
`_2023-09-09 19:31:54_
--------
*e08d200d6cae66745a424b7aab92e6b7*
`登陆天数: 41天 / 519天
等级: 1
石头: 704
呼符: 8
体力: 775977.24 / 20
友情点: 0 / 71400`
*連続ログイン6日目
※ログインが途切れるか、7日到達すると
1日目から再開されます*
`聖晶石 X 2
9月交換券(2023) X 1
`_2023-09-09 19:32:02_
--------
*c695a2ada964bb4064c0b3ade64f21e6*
`登陆天数: 41天 / 1346天
等级: 125
石头: 2257
呼符: 146
体力: 78657.02333333333 / 137
友情点: 0 / 502305`
*連続ログイン6日目
※ログインが途切れるか、7日到達すると
1日目から再開されます*
`聖晶石 X 2
9月交換券(2023) X 1
`_2023-09-09 19:32:10_
--------
*89b7fa638329cf0a6f11a58783a25de4*
`登陆天数: 41天 / 1622天
等级: 153
石头: 1
呼符: 0
体力: 8225.473333333333 / 143
友情点: 300 / 6416110`
*連続ログイン6日目
※ログインが途切れるか、7日到達すると
1日目から再開されます*
`聖晶石 X 2
9月交換券(2023) X 1
`_2023-09-09 19:32:18_
--------
