【登录信息】
*62d99e37f10ca3c3a468162e341dc34a*
`登陆天数: 42天 / 402天
等级: 102
石头: 0
呼符: 3
体力: 96977.29666666666 / 126
友情点: 1020 / 2766115`
*連続ログイン7日間到達おめでとうございます！
明日は1日目からリスタートされます。*
`獣の足跡 X 1
呼符 X 1
9月交換券(2023) X 1
`_2023-09-10 19:31:59_
--------
*e08d200d6cae66745a424b7aab92e6b7*
`登陆天数: 42天 / 520天
等级: 1
石头: 704
呼符: 8
体力: 776265.2566666667 / 20
友情点: 0 / 71400`
*連続ログイン7日間到達おめでとうございます！
明日は1日目からリスタートされます。*
`獣の足跡 X 1
呼符 X 1
9月交換券(2023) X 1
`_2023-09-10 19:32:08_
--------
*c695a2ada964bb4064c0b3ade64f21e6*
`登陆天数: 42天 / 1347天
等级: 125
石头: 2257
呼符: 146
体力: 78945.04 / 137
友情点: 0 / 502305`
*連続ログイン7日間到達おめでとうございます！
明日は1日目からリスタートされます。*
`獣の足跡 X 1
呼符 X 1
9月交換券(2023) X 1
`_2023-09-10 19:32:15_
--------
*89b7fa638329cf0a6f11a58783a25de4*
`登陆天数: 42天 / 1623天
等级: 153
石头: 1
呼符: 0
体力: 8513.49 / 143
友情点: 230 / 6416340`
*連続ログイン7日間到達おめでとうございます！
明日は1日目からリスタートされます。*
`獣の足跡 X 1
呼符 X 1
9月交換券(2023) X 1
`_2023-09-10 19:32:23_
--------
