【登录信息】
*62d99e37f10ca3c3a468162e341dc34a*
`登陆天数: 43天 / 403天
等级: 102
石头: 0
呼符: 3
体力: 97265.29333333333 / 126
友情点: 2635 / 2768750`
*連続ログイン1日目
※ログインが途切れるか、7日到達すると
1日目から再開されます*
`フレンドポイント X 2000
9月交換券(2023) X 1
`_2023-09-11 19:31:58_
--------
*e08d200d6cae66745a424b7aab92e6b7*
`登陆天数: 43天 / 521天
等级: 1
石头: 704
呼符: 8
体力: 776553.2533333333 / 20
友情点: 0 / 71400`
*連続ログイン1日目
※ログインが途切れるか、7日到達すると
1日目から再開されます*
`フレンドポイント X 2000
9月交換券(2023) X 1
`_2023-09-11 19:32:06_
--------
*c695a2ada964bb4064c0b3ade64f21e6*
`登陆天数: 43天 / 1348天
等级: 125
石头: 2257
呼符: 146
体力: 79233.03666666667 / 137
友情点: 0 / 502305`
*連続ログイン1日目
※ログインが途切れるか、7日到達すると
1日目から再開されます*
`フレンドポイント X 2000
9月交換券(2023) X 1
`_2023-09-11 19:32:14_
--------
*89b7fa638329cf0a6f11a58783a25de4*
`登陆天数: 43天 / 1624天
等级: 153
石头: 1
呼符: 0
体力: 8801.49 / 143
友情点: 230 / 6416580`
*連続ログイン1日目
※ログインが途切れるか、7日到達すると
1日目から再開されます*
`フレンドポイント X 2000
9月交換券(2023) X 1
`_2023-09-11 19:32:23_
--------
