【登录信息】
*62d99e37f10ca3c3a468162e341dc34a*
`登陆天数: 46天 / 406天
等级: 102
石头: 0
呼符: 3
体力: 98129.33 / 126
友情点: 5780 / 2781105`
*連続ログイン4日目
※ログインが途切れるか、7日到達すると
1日目から再開されます*
`聖晶石 X 1
9月交換券(2023) X 1
`*日替りログインボーナス*
*開催期間中、1日1回 2週間日替りでログインボーナスをプレゼント！*
`巡霊の葉 X 30
`_2023-09-14 19:32:09_
--------
*e08d200d6cae66745a424b7aab92e6b7*
`登陆天数: 46天 / 524天
等级: 1
石头: 704
呼符: 8
体力: 777417.29 / 20
友情点: 0 / 71400`
*連続ログイン4日目
※ログインが途切れるか、7日到達すると
1日目から再開されます*
`聖晶石 X 1
9月交換券(2023) X 1
`_2023-09-14 19:32:17_
--------
*c695a2ada964bb4064c0b3ade64f21e6*
`登陆天数: 46天 / 1351天
等级: 125
石头: 2257
呼符: 146
体力: 80097.07333333333 / 137
友情点: 0 / 502305`
*連続ログイン4日目
※ログインが途切れるか、7日到達すると
1日目から再開されます*
`聖晶石 X 1
9月交換券(2023) X 1
`*日替りログインボーナス*
*開催期間中、1日1回 2週間日替りでログインボーナスをプレゼント！*
`巡霊の葉 X 30
`_2023-09-14 19:32:25_
--------
*89b7fa638329cf0a6f11a58783a25de4*
`登陆天数: 46天 / 1627天
等级: 153
石头: 1
呼符: 0
体力: 9665.526666666667 / 143
友情点: 950 / 6418525`
*連続ログイン4日目
※ログインが途切れるか、7日到達すると
1日目から再開されます*
`聖晶石 X 1
9月交換券(2023) X 1
`*日替りログインボーナス*
*開催期間中、1日1回 2週間日替りでログインボーナスをプレゼント！*
`巡霊の葉 X 30
`_2023-09-14 19:32:34_
--------
