【登录信息】
*62d99e37f10ca3c3a468162e341dc34a*
`登陆天数: 48天 / 408天
等级: 102
石头: 0
呼符: 3
体力: 98705.26666666666 / 126
友情点: 1360 / 2784590`
*連続ログイン6日目
※ログインが途切れるか、7日到達すると
1日目から再開されます*
`聖晶石 X 2
9月交換券(2023) X 1
`*日替りログインボーナス*
*開催期間中、1日1回 2週間日替りでログインボーナスをプレゼント！*
`巡霊の葉 X 30
`_2023-09-16 19:31:50_
--------
*e08d200d6cae66745a424b7aab92e6b7*
`登陆天数: 48天 / 526天
等级: 1
石头: 704
呼符: 8
体力: 777993.2266666667 / 20
友情点: 0 / 71400`
*連続ログイン6日目
※ログインが途切れるか、7日到達すると
1日目から再開されます*
`聖晶石 X 2
9月交換券(2023) X 1
`_2023-09-16 19:31:58_
--------
*c695a2ada964bb4064c0b3ade64f21e6*
`登陆天数: 48天 / 1353天
等级: 125
石头: 2257
呼符: 146
体力: 80673.01 / 137
友情点: 0 / 502305`
*連続ログイン6日目
※ログインが途切れるか、7日到達すると
1日目から再開されます*
`聖晶石 X 2
9月交換券(2023) X 1
`*日替りログインボーナス*
*開催期間中、1日1回 2週間日替りでログインボーナスをプレゼント！*
`巡霊の葉 X 30
`_2023-09-16 19:32:06_
--------
*89b7fa638329cf0a6f11a58783a25de4*
`登陆天数: 48天 / 1629天
等级: 153
石头: 1
呼符: 0
体力: 10241.463333333333 / 143
友情点: 240 / 6419020`
*連続ログイン6日目
※ログインが途切れるか、7日到達すると
1日目から再開されます*
`聖晶石 X 2
9月交換券(2023) X 1
`*日替りログインボーナス*
*開催期間中、1日1回 2週間日替りでログインボーナスをプレゼント！*
`巡霊の葉 X 30
`_2023-09-16 19:32:15_
--------
