【登录信息】
*62d99e37f10ca3c3a468162e341dc34a*
`登陆天数: 49天 / 409天
等级: 102
石头: 0
呼符: 3
体力: 98993.28333333334 / 126
友情点: 1870 / 2786470`
*連続ログイン7日間到達おめでとうございます！
明日は1日目からリスタートされます。*
`獣の足跡 X 1
呼符 X 1
9月交換券(2023) X 1
`*日替りログインボーナス*
*開催期間中、1日1回 2週間日替りでログインボーナスをプレゼント！*
`巡霊の葉 X 30
`_2023-09-17 19:31:55_
--------
*e08d200d6cae66745a424b7aab92e6b7*
`登陆天数: 49天 / 527天
等级: 1
石头: 704
呼符: 8
体力: 778281.2433333333 / 20
友情点: 0 / 71400`
*連続ログイン7日間到達おめでとうございます！
明日は1日目からリスタートされます。*
`獣の足跡 X 1
呼符 X 1
9月交換券(2023) X 1
`_2023-09-17 19:32:04_
--------
*c695a2ada964bb4064c0b3ade64f21e6*
`登陆天数: 49天 / 1354天
等级: 125
石头: 2257
呼符: 146
体力: 80961.03 / 137
友情点: 0 / 502305`
*連続ログイン7日間到達おめでとうございます！
明日は1日目からリスタートされます。*
`獣の足跡 X 1
呼符 X 1
9月交換券(2023) X 1
`*日替りログインボーナス*
*開催期間中、1日1回 2週間日替りでログインボーナスをプレゼント！*
`巡霊の葉 X 30
`_2023-09-17 19:32:12_
--------
*89b7fa638329cf0a6f11a58783a25de4*
`登陆天数: 49天 / 1630天
等级: 153
石头: 1
呼符: 0
体力: 10529.48 / 143
友情点: 285 / 6420125`
*連続ログイン7日間到達おめでとうございます！
明日は1日目からリスタートされます。*
`獣の足跡 X 1
呼符 X 1
9月交換券(2023) X 1
`*日替りログインボーナス*
*開催期間中、1日1回 2週間日替りでログインボーナスをプレゼント！*
`巡霊の葉 X 30
`_2023-09-17 19:32:20_
--------
