【登录信息】
*62d99e37f10ca3c3a468162e341dc34a*
`登陆天数: 51天 / 411天
等级: 102
石头: 0
呼符: 3
体力: 99569.29333333333 / 126
友情点: 2975 / 2792440`
*連続ログイン2日目
※ログインが途切れるか、7日到達すると
1日目から再開されます*
`聖晶石 X 1
9月交換券(2023) X 1
`*日替りログインボーナス*
*開催期間中、1日1回 2週間日替りでログインボーナスをプレゼント！*
`聖晶石 X 3
巡霊の葉 X 50
`_2023-09-19 19:31:58_
--------
*e08d200d6cae66745a424b7aab92e6b7*
`登陆天数: 51天 / 529天
等级: 1
石头: 704
呼符: 8
体力: 778857.2533333333 / 20
友情点: 0 / 71400`
*連続ログイン2日目
※ログインが途切れるか、7日到達すると
1日目から再開されます*
`聖晶石 X 1
9月交換券(2023) X 1
`_2023-09-19 19:32:07_
--------
*c695a2ada964bb4064c0b3ade64f21e6*
`登陆天数: 51天 / 1356天
等级: 125
石头: 2257
呼符: 146
体力: 81537.03666666667 / 137
友情点: 0 / 502305`
*連続ログイン2日目
※ログインが途切れるか、7日到達すると
1日目から再開されます*
`聖晶石 X 1
9月交換券(2023) X 1
`*日替りログインボーナス*
*開催期間中、1日1回 2週間日替りでログインボーナスをプレゼント！*
`聖晶石 X 3
巡霊の葉 X 50
`_2023-09-19 19:32:14_
--------
*89b7fa638329cf0a6f11a58783a25de4*
`登陆天数: 51天 / 1632天
等级: 153
石头: 1
呼符: 0
体力: 11105.49 / 143
友情点: 375 / 6421735`
*連続ログイン2日目
※ログインが途切れるか、7日到達すると
1日目から再開されます*
`聖晶石 X 1
9月交換券(2023) X 1
`*日替りログインボーナス*
*開催期間中、1日1回 2週間日替りでログインボーナスをプレゼント！*
`聖晶石 X 3
巡霊の葉 X 50
`_2023-09-19 19:32:23_
--------
