【登录信息】
*62d99e37f10ca3c3a468162e341dc34a*
`登陆天数: 53天 / 413天
等级: 102
石头: 0
呼符: 3
体力: 100145.33 / 126
友情点: 4250 / 2798230`
*連続ログイン4日目
※ログインが途切れるか、7日到達すると
1日目から再開されます*
`聖晶石 X 1
9月交換券(2023) X 1
`*日替りログインボーナス*
*開催期間中、1日1回 2週間日替りでログインボーナスをプレゼント！*
`巡霊の葉 X 30
`_2023-09-21 19:32:10_
--------
*e08d200d6cae66745a424b7aab92e6b7*
`登陆天数: 53天 / 531天
等级: 1
石头: 704
呼符: 8
体力: 779433.29 / 20
友情点: 0 / 71400`
*連続ログイン4日目
※ログインが途切れるか、7日到達すると
1日目から再開されます*
`聖晶石 X 1
9月交換券(2023) X 1
`_2023-09-21 19:32:18_
--------
*c695a2ada964bb4064c0b3ade64f21e6*
`登陆天数: 53天 / 1358天
等级: 125
石头: 2257
呼符: 146
体力: 82113.07333333333 / 137
友情点: 0 / 502305`
*連続ログイン4日目
※ログインが途切れるか、7日到達すると
1日目から再開されます*
`聖晶石 X 1
9月交換券(2023) X 1
`*日替りログインボーナス*
*開催期間中、1日1回 2週間日替りでログインボーナスをプレゼント！*
`巡霊の葉 X 30
`_2023-09-21 19:32:25_
--------
*89b7fa638329cf0a6f11a58783a25de4*
`登陆天数: 53天 / 1634天
等级: 153
石头: 1
呼符: 0
体力: 11681.523333333333 / 143
友情点: 370 / 6422460`
*連続ログイン4日目
※ログインが途切れるか、7日到達すると
1日目から再開されます*
`聖晶石 X 1
9月交換券(2023) X 1
`*日替りログインボーナス*
*開催期間中、1日1回 2週間日替りでログインボーナスをプレゼント！*
`巡霊の葉 X 30
`_2023-09-21 19:32:33_
--------
