【登录信息】
*62d99e37f10ca3c3a468162e341dc34a*
`登陆天数: 54天 / 414天
等级: 102
石头: 0
呼符: 3
体力: 100433.31333333334 / 126
友情点: 8075 / 2806935`
*連続ログイン5日目
※ログインが途切れるか、7日到達すると
1日目から再開されます*
`叡智の業火 X 2
9月交換券(2023) X 1
`*日替りログインボーナス*
*開催期間中、1日1回 2週間日替りでログインボーナスをプレゼント！*
`聖晶石 X 2
巡霊の葉 X 100
`_2023-09-22 19:32:04_
--------
*e08d200d6cae66745a424b7aab92e6b7*
`登陆天数: 54天 / 532天
等级: 1
石头: 704
呼符: 8
体力: 779721.27 / 20
友情点: 0 / 71400`
*連続ログイン5日目
※ログインが途切れるか、7日到達すると
1日目から再開されます*
`叡智の業火 X 2
9月交換券(2023) X 1
`_2023-09-22 19:32:12_
--------
*c695a2ada964bb4064c0b3ade64f21e6*
`登陆天数: 54天 / 1359天
等级: 125
石头: 2257
呼符: 146
体力: 82401.05333333333 / 137
友情点: 0 / 502305`
*連続ログイン5日目
※ログインが途切れるか、7日到達すると
1日目から再開されます*
`叡智の業火 X 2
9月交換券(2023) X 1
`*日替りログインボーナス*
*開催期間中、1日1回 2週間日替りでログインボーナスをプレゼント！*
`聖晶石 X 2
巡霊の葉 X 100
`_2023-09-22 19:32:20_
--------
*89b7fa638329cf0a6f11a58783a25de4*
`登陆天数: 54天 / 1635天
等级: 153
石头: 1
呼符: 0
体力: 11969.503333333334 / 143
友情点: 1030 / 6423510`
*連続ログイン5日目
※ログインが途切れるか、7日到達すると
1日目から再開されます*
`叡智の業火 X 2
9月交換券(2023) X 1
`*日替りログインボーナス*
*開催期間中、1日1回 2週間日替りでログインボーナスをプレゼント！*
`聖晶石 X 2
巡霊の葉 X 100
`_2023-09-22 19:32:27_
--------
