【登录信息】
*62d99e37f10ca3c3a468162e341dc34a*
`登陆天数: 58天 / 418天
等级: 102
石头: 0
呼符: 3
体力: 101585.29 / 126
友情点: 3315 / 2819605`
*連続ログイン2日目
※ログインが途切れるか、7日到達すると
1日目から再開されます*
`聖晶石 X 1
9月交換券(2023) X 1
`*日替りログインボーナス*
*開催期間中、1日1回 2週間日替りでログインボーナスをプレゼント！*
`聖晶石 X 3
巡霊の葉 X 50
`_2023-09-26 19:31:57_
--------
*e08d200d6cae66745a424b7aab92e6b7*
`登陆天数: 58天 / 536天
等级: 1
石头: 704
呼符: 8
体力: 780873.2466666667 / 20
友情点: 0 / 71400`
*連続ログイン2日目
※ログインが途切れるか、7日到達すると
1日目から再開されます*
`聖晶石 X 1
9月交換券(2023) X 1
`_2023-09-26 19:32:05_
--------
*c695a2ada964bb4064c0b3ade64f21e6*
`登陆天数: 58天 / 1363天
等级: 125
石头: 2257
呼符: 146
体力: 83553.03 / 137
友情点: 0 / 502305`
*連続ログイン2日目
※ログインが途切れるか、7日到達すると
1日目から再開されます*
`聖晶石 X 1
9月交換券(2023) X 1
`*日替りログインボーナス*
*開催期間中、1日1回 2週間日替りでログインボーナスをプレゼント！*
`聖晶石 X 3
巡霊の葉 X 50
`_2023-09-26 19:32:12_
--------
*89b7fa638329cf0a6f11a58783a25de4*
`登陆天数: 58天 / 1639天
等级: 153
石头: 1
呼符: 0
体力: 13121.48 / 143
友情点: 330 / 6425520`
*連続ログイン2日目
※ログインが途切れるか、7日到達すると
1日目から再開されます*
`聖晶石 X 1
9月交換券(2023) X 1
`*日替りログインボーナス*
*開催期間中、1日1回 2週間日替りでログインボーナスをプレゼント！*
`聖晶石 X 3
巡霊の葉 X 50
`_2023-09-26 19:32:20_
--------
