【登录信息】
*62d99e37f10ca3c3a468162e341dc34a*
`登陆天数: 60天 / 420天
等级: 102
石头: 0
呼符: 3
体力: 102161.34333333334 / 126
友情点: 4250 / 2826125`
*連続ログイン4日目
※ログインが途切れるか、7日到達すると
1日目から再開されます*
`聖晶石 X 1
9月交換券(2023) X 1
`*「Fate/Samurai Remnant」発売記念 特別ログインボーナス*
*開催期間中、初回ログインで「限定概念礼装」をプレゼント！*
`Samurai Remnant X 1
`_2023-09-28 19:32:13_
--------
*e08d200d6cae66745a424b7aab92e6b7*
`登陆天数: 60天 / 538天
等级: 1
石头: 704
呼符: 8
体力: 781449.3033333333 / 20
友情点: 0 / 71400`
*連続ログイン4日目
※ログインが途切れるか、7日到達すると
1日目から再開されます*
`聖晶石 X 1
9月交換券(2023) X 1
`_2023-09-28 19:32:21_
--------
*c695a2ada964bb4064c0b3ade64f21e6*
`登陆天数: 60天 / 1365天
等级: 125
石头: 2257
呼符: 146
体力: 84129.08666666667 / 137
友情点: 0 / 502305`
*連続ログイン4日目
※ログインが途切れるか、7日到達すると
1日目から再開されます*
`聖晶石 X 1
9月交換券(2023) X 1
`*「Fate/Samurai Remnant」発売記念 特別ログインボーナス*
*開催期間中、初回ログインで「限定概念礼装」をプレゼント！*
`Samurai Remnant X 1
`_2023-09-28 19:32:29_
--------
*89b7fa638329cf0a6f11a58783a25de4*
`登陆天数: 60天 / 1641天
等级: 153
石头: 1
呼符: 0
体力: 13697.54 / 143
友情点: 610 / 6427960`
*連続ログイン4日目
※ログインが途切れるか、7日到達すると
1日目から再開されます*
`聖晶石 X 1
9月交換券(2023) X 1
`*「Fate/Samurai Remnant」発売記念 特別ログインボーナス*
*開催期間中、初回ログインで「限定概念礼装」をプレゼント！*
`Samurai Remnant X 1
`_2023-09-28 19:32:37_
--------
