【登录信息】
*62d99e37f10ca3c3a468162e341dc34a*
`登陆天数: 61天 / 421天
等级: 102
石头: 0
呼符: 3
体力: 102449.28333333334 / 126
友情点: 2720 / 2828845`
*連続ログイン5日目
※ログインが途切れるか、7日到達すると
1日目から再開されます*
`叡智の業火 X 2
9月交換券(2023) X 1
`*ワンジナ・ワールドツアー！ ～大精霊と巡る世界一周～開幕記念 ログインボーナス*
*開催期間中、1日1回 最大21回ログインボーナスをプレゼント！*
`白銀の果実 X 1
`_2023-09-29 19:31:55_
--------
*e08d200d6cae66745a424b7aab92e6b7*
`登陆天数: 61天 / 539天
等级: 1
石头: 704
呼符: 8
体力: 781737.2433333333 / 20
友情点: 0 / 71400`
*連続ログイン5日目
※ログインが途切れるか、7日到達すると
1日目から再開されます*
`叡智の業火 X 2
9月交換券(2023) X 1
`_2023-09-29 19:32:03_
--------
*c695a2ada964bb4064c0b3ade64f21e6*
`登陆天数: 61天 / 1366天
等级: 125
石头: 2257
呼符: 146
体力: 84417.02666666667 / 137
友情点: 0 / 502305`
*連続ログイン5日目
※ログインが途切れるか、7日到達すると
1日目から再開されます*
`叡智の業火 X 2
9月交換券(2023) X 1
`*ワンジナ・ワールドツアー！ ～大精霊と巡る世界一周～開幕記念 ログインボーナス*
*開催期間中、1日1回 最大21回ログインボーナスをプレゼント！*
`白銀の果実 X 1
`_2023-09-29 19:32:11_
--------
*89b7fa638329cf0a6f11a58783a25de4*
`登陆天数: 61天 / 1642天
等级: 153
石头: 1
呼符: 0
体力: 13985.48 / 143
友情点: 505 / 6428465`
*連続ログイン5日目
※ログインが途切れるか、7日到達すると
1日目から再開されます*
`叡智の業火 X 2
9月交換券(2023) X 1
`*ワンジナ・ワールドツアー！ ～大精霊と巡る世界一周～開幕記念 ログインボーナス*
*開催期間中、1日1回 最大21回ログインボーナスをプレゼント！*
`白銀の果実 X 1
`_2023-09-29 19:32:19_
--------
