【登录信息】
*62d99e37f10ca3c3a468162e341dc34a*
`登陆天数: 1天 / 510天
等级: 102
石头: 0
呼符: 3
体力: 150258.08333333334 / 126
友情点: 0 / 3012870`
*連続ログイン1日目
※ログインが途切れるか、7日到達すると
1日目から再開されます*
`フレンドポイント X 2000
3月交換券(2024) X 1
`*CBC2024 シャルルマーニュのモンジョワ・騎士道！開幕記念 ログインボーナス*
*開催期間中、1日1回 最大21回 ログインボーナスをプレゼント！*
`黄金の果実 X 1
`_2024-03-13 19:35:56_
--------
*e08d200d6cae66745a424b7aab92e6b7*
`登陆天数: 1天 / 628天
等级: 1
石头: 704
呼符: 8
体力: 829546.0433333333 / 20
友情点: 0 / 71400`
*連続ログイン1日目
※ログインが途切れるか、7日到達すると
1日目から再開されます*
`フレンドポイント X 2000
3月交換券(2024) X 1
`*「カルデアボーイズコレクション2024」開催記念初回ログインボーナス*
*開催期間中、初回ログインで
「CBC2024特別交換券」をプレゼント！*
`CBC2024特別交換券 X 1
`_2024-03-13 19:36:04_
--------
*c695a2ada964bb4064c0b3ade64f21e6*
`登陆天数: 1天 / 1455天
等级: 125
石头: 2257
呼符: 146
体力: 132225.82666666666 / 137
友情点: 0 / 502305`
*連続ログイン1日目
※ログインが途切れるか、7日到達すると
1日目から再開されます*
`フレンドポイント X 2000
3月交換券(2024) X 1
`*CBC2024 シャルルマーニュのモンジョワ・騎士道！開幕記念 ログインボーナス*
*開催期間中、1日1回 最大21回 ログインボーナスをプレゼント！*
`黄金の果実 X 1
`_2024-03-13 19:36:11_
--------
*89b7fa638329cf0a6f11a58783a25de4*
`登陆天数: 1天 / 1733天
等级: 153
石头: 249
呼符: 15
体力: 3222.806666666667 / 143
友情点: 0 / 6497075`
*連続ログイン1日目
※ログインが途切れるか、7日到達すると
1日目から再開されます*
`フレンドポイント X 2000
3月交換券(2024) X 1
`*CBC2024 シャルルマーニュのモンジョワ・騎士道！開幕記念 ログインボーナス*
*開催期間中、1日1回 最大21回 ログインボーナスをプレゼント！*
`黄金の果実 X 1
`_2024-03-13 19:36:19_
--------
