【登录信息】
*62d99e37f10ca3c3a468162e341dc34a*
`登陆天数: 3天 / 512天
等级: 102
石头: 0
呼符: 3
体力: 150834.02333333335 / 126
友情点: 5695 / 3025010`
*連続ログイン3日目
※ログインが途切れるか、7日到達すると
1日目から再開されます*
`叡智の業火 X 1
3月交換券(2024) X 1
`*「奏章Ⅱ」開幕直前特別回数ログインボーナス*
*開催期間中、1日1回 最大5回 回数ログインボーナスをプレゼント！*
`叡智の業火 X 10
聖晶石 X 1
`_2024-03-15 19:35:37_
--------
*e08d200d6cae66745a424b7aab92e6b7*
`登陆天数: 3天 / 630天
等级: 1
石头: 704
呼符: 8
体力: 830121.9833333333 / 20
友情点: 0 / 71400`
*連続ログイン3日目
※ログインが途切れるか、7日到達すると
1日目から再開されます*
`叡智の業火 X 1
3月交換券(2024) X 1
`_2024-03-15 19:35:46_
--------
*c695a2ada964bb4064c0b3ade64f21e6*
`登陆天数: 3天 / 1457天
等级: 125
石头: 2257
呼符: 146
体力: 132801.76666666666 / 137
友情点: 0 / 502305`
*連続ログイン3日目
※ログインが途切れるか、7日到達すると
1日目から再開されます*
`叡智の業火 X 1
3月交換券(2024) X 1
`*「奏章Ⅱ」開幕直前特別回数ログインボーナス*
*開催期間中、1日1回 最大5回 回数ログインボーナスをプレゼント！*
`叡智の業火 X 10
聖晶石 X 1
`_2024-03-15 19:35:53_
--------
*89b7fa638329cf0a6f11a58783a25de4*
`登陆天数: 3天 / 1735天
等级: 153
石头: 249
呼符: 15
体力: 3798.7466666666664 / 143
友情点: 950 / 6498735`
*連続ログイン3日目
※ログインが途切れるか、7日到達すると
1日目から再開されます*
`叡智の業火 X 1
3月交換券(2024) X 1
`*「奏章Ⅱ」開幕直前特別回数ログインボーナス*
*開催期間中、1日1回 最大5回 回数ログインボーナスをプレゼント！*
`叡智の業火 X 10
聖晶石 X 1
`_2024-03-15 19:36:01_
--------
