【登录信息】
*62d99e37f10ca3c3a468162e341dc34a*
`登陆天数: 4天 / 513天
等级: 102
石头: 0
呼符: 3
体力: 151122.00333333333 / 126
友情点: 3400 / 3028420`
*連続ログイン4日目
※ログインが途切れるか、7日到達すると
1日目から再開されます*
`聖晶石 X 1
3月交換券(2024) X 1
`*「奏章Ⅱ」開幕直前特別回数ログインボーナス*
*開催期間中、1日1回 最大5回 回数ログインボーナスをプレゼント！*
`英霊結晶・星のフォウくん X 5
英霊結晶・太陽のフォウくん X 5
`_2024-03-16 19:35:31_
--------
*e08d200d6cae66745a424b7aab92e6b7*
`登陆天数: 4天 / 631天
等级: 1
石头: 704
呼符: 8
体力: 830409.9633333334 / 20
友情点: 0 / 71400`
*連続ログイン4日目
※ログインが途切れるか、7日到達すると
1日目から再開されます*
`聖晶石 X 1
3月交換券(2024) X 1
`_2024-03-16 19:35:40_
--------
*c695a2ada964bb4064c0b3ade64f21e6*
`登陆天数: 4天 / 1458天
等级: 125
石头: 2257
呼符: 146
体力: 133089.75 / 137
友情点: 0 / 502305`
*連続ログイン4日目
※ログインが途切れるか、7日到達すると
1日目から再開されます*
`聖晶石 X 1
3月交換券(2024) X 1
`*「奏章Ⅱ」開幕直前特別回数ログインボーナス*
*開催期間中、1日1回 最大5回 回数ログインボーナスをプレゼント！*
`英霊結晶・星のフォウくん X 5
英霊結晶・太陽のフォウくん X 5
`_2024-03-16 19:35:48_
--------
*89b7fa638329cf0a6f11a58783a25de4*
`登陆天数: 4天 / 1736天
等级: 153
石头: 249
呼符: 15
体力: 4086.73 / 143
友情点: 400 / 6499145`
*連続ログイン4日目
※ログインが途切れるか、7日到達すると
1日目から再開されます*
`聖晶石 X 1
3月交換券(2024) X 1
`*「奏章Ⅱ」開幕直前特別回数ログインボーナス*
*開催期間中、1日1回 最大5回 回数ログインボーナスをプレゼント！*
`英霊結晶・星のフォウくん X 5
英霊結晶・太陽のフォウくん X 5
`_2024-03-16 19:35:56_
--------
