【登录信息】
*62d99e37f10ca3c3a468162e341dc34a*
`登陆天数: 5天 / 514天
等级: 102
石头: 0
呼符: 3
体力: 151409.86333333334 / 126
友情点: 3315 / 3031735`
*連続ログイン5日目
※ログインが途切れるか、7日到達すると
1日目から再開されます*
`叡智の業火 X 2
3月交換券(2024) X 1
`*「奏章Ⅱ」開幕直前特別回数ログインボーナス*
*開催期間中、1日1回 最大5回 回数ログインボーナスをプレゼント！*
`聖晶石 X 1
黄金の果実 X 3
`_2024-03-17 19:34:49_
--------
*e08d200d6cae66745a424b7aab92e6b7*
`登陆天数: 5天 / 632天
等级: 1
石头: 704
呼符: 8
体力: 830697.82 / 20
友情点: 0 / 71400`
*連続ログイン5日目
※ログインが途切れるか、7日到達すると
1日目から再開されます*
`叡智の業火 X 2
3月交換券(2024) X 1
`_2024-03-17 19:34:57_
--------
*c695a2ada964bb4064c0b3ade64f21e6*
`登陆天数: 5天 / 1459天
等级: 125
石头: 2257
呼符: 146
体力: 133377.60333333333 / 137
友情点: 0 / 502305`
*連続ログイン5日目
※ログインが途切れるか、7日到達すると
1日目から再開されます*
`叡智の業火 X 2
3月交換券(2024) X 1
`*「奏章Ⅱ」開幕直前特別回数ログインボーナス*
*開催期間中、1日1回 最大5回 回数ログインボーナスをプレゼント！*
`聖晶石 X 1
黄金の果実 X 3
`_2024-03-17 19:35:05_
--------
*89b7fa638329cf0a6f11a58783a25de4*
`登陆天数: 5天 / 1737天
等级: 153
石头: 249
呼符: 15
体力: 4374.583333333333 / 143
友情点: 375 / 6499520`
*連続ログイン5日目
※ログインが途切れるか、7日到達すると
1日目から再開されます*
`叡智の業火 X 2
3月交換券(2024) X 1
`*「奏章Ⅱ」開幕直前特別回数ログインボーナス*
*開催期間中、1日1回 最大5回 回数ログインボーナスをプレゼント！*
`聖晶石 X 1
黄金の果実 X 3
`_2024-03-17 19:35:13_
--------
