【登录信息】
*62d99e37f10ca3c3a468162e341dc34a*
`登陆天数: 7天 / 516天
等级: 102
石头: 0
呼符: 3
体力: 151985.91 / 126
友情点: 4335 / 3037345`
*連続ログイン7日間到達おめでとうございます！
明日は1日目からリスタートされます。*
`獣の足跡 X 1
呼符 X 1
3月交換券(2024) X 1
`*「奏章Ⅱ」開幕直前特別回数ログインボーナス*
*開催期間中、1日1回 最大5回 回数ログインボーナスをプレゼント！*
`聖晶石 X 3
`_2024-03-19 19:35:03_
--------
*e08d200d6cae66745a424b7aab92e6b7*
`登陆天数: 7天 / 634天
等级: 1
石头: 704
呼符: 8
体力: 831273.87 / 20
友情点: 0 / 71400`
*連続ログイン7日間到達おめでとうございます！
明日は1日目からリスタートされます。*
`獣の足跡 X 1
呼符 X 1
3月交換券(2024) X 1
`_2024-03-19 19:35:11_
--------
*c695a2ada964bb4064c0b3ade64f21e6*
`登陆天数: 7天 / 1461天
等级: 125
石头: 2257
呼符: 146
体力: 133953.65333333332 / 137
友情点: 0 / 502305`
*連続ログイン7日間到達おめでとうございます！
明日は1日目からリスタートされます。*
`獣の足跡 X 1
呼符 X 1
3月交換券(2024) X 1
`*「奏章Ⅱ」開幕直前特別回数ログインボーナス*
*開催期間中、1日1回 最大5回 回数ログインボーナスをプレゼント！*
`聖晶石 X 3
`_2024-03-19 19:35:19_
--------
*89b7fa638329cf0a6f11a58783a25de4*
`登陆天数: 7天 / 1739天
等级: 153
石头: 249
呼符: 15
体力: 4950.63 / 143
友情点: 570 / 6500260`
*連続ログイン7日間到達おめでとうございます！
明日は1日目からリスタートされます。*
`獣の足跡 X 1
呼符 X 1
3月交換券(2024) X 1
`*「奏章Ⅱ」開幕直前特別回数ログインボーナス*
*開催期間中、1日1回 最大5回 回数ログインボーナスをプレゼント！*
`聖晶石 X 3
`_2024-03-19 19:35:27_
--------
