【登录信息】
*62d99e37f10ca3c3a468162e341dc34a*
`登陆天数: 9天 / 518天
等级: 102
石头: 0
呼符: 3
体力: 152562.03 / 126
友情点: 3230 / 3043370`
*連続ログイン2日目
※ログインが途切れるか、7日到達すると
1日目から再開されます*
`聖晶石 X 1
3月交換券(2024) X 1
`*CBC2024 シャルルマーニュのモンジョワ・騎士道！開幕記念 ログインボーナス*
*開催期間中、1日1回 最大21回 ログインボーナスをプレゼント！*
`白銀の果実 X 1
`_2024-03-21 19:35:39_
--------
*e08d200d6cae66745a424b7aab92e6b7*
`登陆天数: 9天 / 636天
等级: 1
石头: 704
呼符: 8
体力: 831849.99 / 20
友情点: 0 / 71400`
*連続ログイン2日目
※ログインが途切れるか、7日到達すると
1日目から再開されます*
`聖晶石 X 1
3月交換券(2024) X 1
`_2024-03-21 19:35:47_
--------
*c695a2ada964bb4064c0b3ade64f21e6*
`登陆天数: 9天 / 1463天
等级: 125
石头: 2257
呼符: 146
体力: 134529.77333333335 / 137
友情点: 0 / 502305`
*連続ログイン2日目
※ログインが途切れるか、7日到達すると
1日目から再開されます*
`聖晶石 X 1
3月交換券(2024) X 1
`*CBC2024 シャルルマーニュのモンジョワ・騎士道！開幕記念 ログインボーナス*
*開催期間中、1日1回 最大21回 ログインボーナスをプレゼント！*
`白銀の果実 X 1
`_2024-03-21 19:35:55_
--------
*89b7fa638329cf0a6f11a58783a25de4*
`登陆天数: 9天 / 1741天
等级: 153
石头: 249
呼符: 15
体力: 5526.75 / 143
友情点: 280 / 6500800`
*連続ログイン2日目
※ログインが途切れるか、7日到達すると
1日目から再開されます*
`聖晶石 X 1
3月交換券(2024) X 1
`*CBC2024 シャルルマーニュのモンジョワ・騎士道！開幕記念 ログインボーナス*
*開催期間中、1日1回 最大21回 ログインボーナスをプレゼント！*
`白銀の果実 X 1
`_2024-03-21 19:36:03_
--------
