【登录信息】
*62d99e37f10ca3c3a468162e341dc34a*
`登陆天数: 10天 / 519天
等级: 102
石头: 0
呼符: 3
体力: 152849.97666666665 / 126
友情点: 2210 / 3045590`
*連続ログイン3日目
※ログインが途切れるか、7日到達すると
1日目から再開されます*
`叡智の業火 X 1
3月交換券(2024) X 1
`*CBC2024 シャルルマーニュのモンジョワ・騎士道！開幕記念 ログインボーナス*
*開催期間中、1日1回 最大21回 ログインボーナスをプレゼント！*
`白銀の果実 X 1
`_2024-03-22 19:35:23_
--------
*e08d200d6cae66745a424b7aab92e6b7*
`登陆天数: 10天 / 637天
等级: 1
石头: 704
呼符: 8
体力: 832137.9366666666 / 20
友情点: 0 / 71400`
*連続ログイン3日目
※ログインが途切れるか、7日到達すると
1日目から再開されます*
`叡智の業火 X 1
3月交換券(2024) X 1
`_2024-03-22 19:35:31_
--------
*c695a2ada964bb4064c0b3ade64f21e6*
`登陆天数: 10天 / 1464天
等级: 125
石头: 2257
呼符: 146
体力: 134817.71666666667 / 137
友情点: 0 / 502305`
*連続ログイン3日目
※ログインが途切れるか、7日到達すると
1日目から再開されます*
`叡智の業火 X 1
3月交換券(2024) X 1
`*CBC2024 シャルルマーニュのモンジョワ・騎士道！開幕記念 ログインボーナス*
*開催期間中、1日1回 最大21回 ログインボーナスをプレゼント！*
`白銀の果実 X 1
`_2024-03-22 19:35:39_
--------
*89b7fa638329cf0a6f11a58783a25de4*
`登陆天数: 10天 / 1742天
等级: 153
石头: 249
呼符: 15
体力: 5814.696666666667 / 143
友情点: 400 / 6501220`
*連続ログイン3日目
※ログインが途切れるか、7日到達すると
1日目から再開されます*
`叡智の業火 X 1
3月交換券(2024) X 1
`*CBC2024 シャルルマーニュのモンジョワ・騎士道！開幕記念 ログインボーナス*
*開催期間中、1日1回 最大21回 ログインボーナスをプレゼント！*
`白銀の果実 X 1
`_2024-03-22 19:35:47_
--------
