【登录信息】
*62d99e37f10ca3c3a468162e341dc34a*
`登陆天数: 12天 / 521天
等级: 102
石头: 0
呼符: 3
体力: 153425.92333333334 / 126
友情点: 425 / 3049415`
*連続ログイン5日目
※ログインが途切れるか、7日到達すると
1日目から再開されます*
`叡智の業火 X 2
3月交換券(2024) X 1
`*「AnimeJapan 2024」出展記念 初回ログインボーナス*
*開催期間中、初回ログインで「聖晶石×10」をプレゼント！*
`聖晶石 X 10
`_2024-03-24 19:35:08_
--------
*e08d200d6cae66745a424b7aab92e6b7*
`登陆天数: 12天 / 639天
等级: 1
石头: 704
呼符: 8
体力: 832713.8833333333 / 20
友情点: 0 / 71400`
*連続ログイン5日目
※ログインが途切れるか、7日到達すると
1日目から再開されます*
`叡智の業火 X 2
3月交換券(2024) X 1
`_2024-03-24 19:35:16_
--------
*c695a2ada964bb4064c0b3ade64f21e6*
`登陆天数: 12天 / 1466天
等级: 125
石头: 2257
呼符: 146
体力: 135393.66666666666 / 137
友情点: 0 / 502305`
*連続ログイン5日目
※ログインが途切れるか、7日到達すると
1日目から再開されます*
`叡智の業火 X 2
3月交換券(2024) X 1
`*「AnimeJapan 2024」出展記念 初回ログインボーナス*
*開催期間中、初回ログインで「聖晶石×10」をプレゼント！*
`聖晶石 X 10
`_2024-03-24 19:35:23_
--------
*89b7fa638329cf0a6f11a58783a25de4*
`登陆天数: 12天 / 1744天
等级: 153
石头: 249
呼符: 15
体力: 6390.6466666666665 / 143
友情点: 50 / 6501630`
*連続ログイン5日目
※ログインが途切れるか、7日到達すると
1日目から再開されます*
`叡智の業火 X 2
3月交換券(2024) X 1
`*「AnimeJapan 2024」出展記念 初回ログインボーナス*
*開催期間中、初回ログインで「聖晶石×10」をプレゼント！*
`聖晶石 X 10
`_2024-03-24 19:35:31_
--------
