【登录信息】
*62d99e37f10ca3c3a468162e341dc34a*
`登陆天数: 14天 / 523天
等级: 102
石头: 0
呼符: 3
体力: 154002.29 / 126
友情点: 510 / 3050105`
*連続ログイン7日間到達おめでとうございます！
明日は1日目からリスタートされます。*
`獣の足跡 X 1
呼符 X 1
3月交換券(2024) X 1
`*CBC2024 シャルルマーニュのモンジョワ・騎士道！開幕記念 ログインボーナス*
*開催期間中、1日1回 最大21回 ログインボーナスをプレゼント！*
`白銀の果実 X 1
`_2024-03-26 19:36:58_
--------
*e08d200d6cae66745a424b7aab92e6b7*
`登陆天数: 14天 / 641天
等级: 1
石头: 704
呼符: 8
体力: 833290.25 / 20
友情点: 0 / 71400`
*連続ログイン7日間到達おめでとうございます！
明日は1日目からリスタートされます。*
`獣の足跡 X 1
呼符 X 1
3月交換券(2024) X 1
`_2024-03-26 19:37:05_
--------
*c695a2ada964bb4064c0b3ade64f21e6*
`登陆天数: 14天 / 1468天
等级: 125
石头: 2257
呼符: 146
体力: 135970.03 / 137
友情点: 0 / 502305`
*連続ログイン7日間到達おめでとうございます！
明日は1日目からリスタートされます。*
`獣の足跡 X 1
呼符 X 1
3月交換券(2024) X 1
`*CBC2024 シャルルマーニュのモンジョワ・騎士道！開幕記念 ログインボーナス*
*開催期間中、1日1回 最大21回 ログインボーナスをプレゼント！*
`白銀の果実 X 1
`_2024-03-26 19:37:13_
--------
*89b7fa638329cf0a6f11a58783a25de4*
`登陆天数: 14天 / 1746天
等级: 153
石头: 249
呼符: 15
体力: 6967.01 / 143
友情点: 25 / 6501715`
*連続ログイン7日間到達おめでとうございます！
明日は1日目からリスタートされます。*
`獣の足跡 X 1
呼符 X 1
3月交換券(2024) X 1
`*CBC2024 シャルルマーニュのモンジョワ・騎士道！開幕記念 ログインボーナス*
*開催期間中、1日1回 最大21回 ログインボーナスをプレゼント！*
`白銀の果実 X 1
`_2024-03-26 19:37:21_
--------
