【登录信息】
*62d99e37f10ca3c3a468162e341dc34a*
`登陆天数: 15天 / 524天
等级: 102
石头: 0
呼符: 3
体力: 154290.11 / 126
友情点: 170 / 3050275`
*連続ログイン1日目
※ログインが途切れるか、7日到達すると
1日目から再開されます*
`フレンドポイント X 2000
3月交換券(2024) X 1
`_2024-03-27 19:36:03_
--------
*e08d200d6cae66745a424b7aab92e6b7*
`登陆天数: 15天 / 642天
等级: 1
石头: 704
呼符: 8
体力: 833578.0666666667 / 20
友情点: 0 / 71400`
*連続ログイン1日目
※ログインが途切れるか、7日到達すると
1日目から再開されます*
`フレンドポイント X 2000
3月交換券(2024) X 1
`_2024-03-27 19:36:11_
--------
*c695a2ada964bb4064c0b3ade64f21e6*
`登陆天数: 15天 / 1469天
等级: 125
石头: 2257
呼符: 146
体力: 136257.85333333333 / 137
友情点: 0 / 502305`
*連続ログイン1日目
※ログインが途切れるか、7日到達すると
1日目から再開されます*
`フレンドポイント X 2000
3月交換券(2024) X 1
`_2024-03-27 19:36:19_
--------
*89b7fa638329cf0a6f11a58783a25de4*
`登陆天数: 15天 / 1747天
等级: 153
石头: 249
呼符: 15
体力: 7254.833333333333 / 143
友情点: 115 / 6502230`
*連続ログイン1日目
※ログインが途切れるか、7日到達すると
1日目から再開されます*
`フレンドポイント X 2000
3月交換券(2024) X 1
`_2024-03-27 19:36:27_
--------
