【登录信息】
*62d99e37f10ca3c3a468162e341dc34a*
`登陆天数: 16天 / 525天
等级: 102
石头: 0
呼符: 3
体力: 154578.02 / 126
友情点: 425 / 3050700`
*連続ログイン2日目
※ログインが途切れるか、7日到達すると
1日目から再開されます*
`聖晶石 X 1
3月交換券(2024) X 1
`_2024-03-28 19:35:36_
--------
*e08d200d6cae66745a424b7aab92e6b7*
`登陆天数: 16天 / 643天
等级: 1
石头: 704
呼符: 8
体力: 833865.9766666667 / 20
友情点: 0 / 71400`
*連続ログイン2日目
※ログインが途切れるか、7日到達すると
1日目から再開されます*
`聖晶石 X 1
3月交換券(2024) X 1
`_2024-03-28 19:35:44_
--------
*c695a2ada964bb4064c0b3ade64f21e6*
`登陆天数: 16天 / 1470天
等级: 125
石头: 2257
呼符: 146
体力: 136545.76 / 137
友情点: 0 / 502305`
*連続ログイン2日目
※ログインが途切れるか、7日到達すると
1日目から再開されます*
`聖晶石 X 1
3月交換券(2024) X 1
`_2024-03-28 19:35:51_
--------
*89b7fa638329cf0a6f11a58783a25de4*
`登陆天数: 16天 / 1748天
等级: 153
石头: 249
呼符: 15
体力: 7542.74 / 143
友情点: 75 / 6502305`
*連続ログイン2日目
※ログインが途切れるか、7日到達すると
1日目から再開されます*
`聖晶石 X 1
3月交換券(2024) X 1
`_2024-03-28 19:35:59_
--------
