【登录信息】
*62d99e37f10ca3c3a468162e341dc34a*
`登陆天数: 17天 / 526天
等级: 102
石头: 0
呼符: 3
体力: 154865.91666666666 / 126
友情点: 1105 / 3051805`
*連続ログイン3日目
※ログインが途切れるか、7日到達すると
1日目から再開されます*
`叡智の業火 X 1
3月交換券(2024) X 1
`*Fate/Grand Order 春の新米マスター応援キャンペーン2024！
開催記念 初回ログインボーナス*
*開催期間中、初回ログインで「呼符×1」をプレゼント！*
`呼符 X 1
`_2024-03-29 19:35:05_
--------
*e08d200d6cae66745a424b7aab92e6b7*
`登陆天数: 17天 / 644天
等级: 1
石头: 704
呼符: 8
体力: 834153.8733333333 / 20
友情点: 0 / 71400`
*連続ログイン3日目
※ログインが途切れるか、7日到達すると
1日目から再開されます*
`叡智の業火 X 1
3月交換券(2024) X 1
`_2024-03-29 19:35:13_
--------
*c695a2ada964bb4064c0b3ade64f21e6*
`登陆天数: 17天 / 1471天
等级: 125
石头: 2257
呼符: 146
体力: 136833.66 / 137
友情点: 0 / 502305`
*連続ログイン3日目
※ログインが途切れるか、7日到達すると
1日目から再開されます*
`叡智の業火 X 1
3月交換券(2024) X 1
`*Fate/Grand Order 春の新米マスター応援キャンペーン2024！
開催記念 初回ログインボーナス*
*開催期間中、初回ログインで「呼符×1」をプレゼント！*
`呼符 X 1
`_2024-03-29 19:35:21_
--------
*89b7fa638329cf0a6f11a58783a25de4*
`登陆天数: 17天 / 1749天
等级: 153
石头: 249
呼符: 15
体力: 7830.636666666666 / 143
友情点: 110 / 6502425`
*連続ログイン3日目
※ログインが途切れるか、7日到達すると
1日目から再開されます*
`叡智の業火 X 1
3月交換券(2024) X 1
`*Fate/Grand Order 春の新米マスター応援キャンペーン2024！
開催記念 初回ログインボーナス*
*開催期間中、初回ログインで「呼符×1」をプレゼント！*
`呼符 X 1
`_2024-03-29 19:35:29_
--------
