【登录信息】
*62d99e37f10ca3c3a468162e341dc34a*
`登陆天数: 18天 / 527天
等级: 102
石头: 0
呼符: 3
体力: 155154.07666666666 / 126
友情点: 2380 / 3054385`
*連続ログイン4日目
※ログインが途切れるか、7日到達すると
1日目から再開されます*
`聖晶石 X 1
3月交換券(2024) X 1
`*Fate/Grand Order 春の新米マスター応援キャンペーン2024！
特別ログインボーナス*
*開催期間中、1日1回 最大7回 回数ログインボーナスをプレゼント！*
`聖晶石 X 1
`_2024-03-30 19:35:53_
--------
*e08d200d6cae66745a424b7aab92e6b7*
`登陆天数: 18天 / 645天
等级: 1
石头: 704
呼符: 8
体力: 834442.0333333333 / 20
友情点: 0 / 71400`
*連続ログイン4日目
※ログインが途切れるか、7日到達すると
1日目から再開されます*
`聖晶石 X 1
3月交換券(2024) X 1
`_2024-03-30 19:36:01_
--------
*c695a2ada964bb4064c0b3ade64f21e6*
`登陆天数: 18天 / 1472天
等级: 125
石头: 2257
呼符: 146
体力: 137121.81666666668 / 137
友情点: 0 / 502305`
*連続ログイン4日目
※ログインが途切れるか、7日到達すると
1日目から再開されます*
`聖晶石 X 1
3月交換券(2024) X 1
`*Fate/Grand Order 春の新米マスター応援キャンペーン2024！
特別ログインボーナス*
*開催期間中、1日1回 最大7回 回数ログインボーナスをプレゼント！*
`聖晶石 X 1
`_2024-03-30 19:36:09_
--------
*89b7fa638329cf0a6f11a58783a25de4*
`登陆天数: 18天 / 1750天
等级: 153
石头: 249
呼符: 15
体力: 8118.793333333333 / 143
友情点: 260 / 6502685`
*連続ログイン4日目
※ログインが途切れるか、7日到達すると
1日目から再開されます*
`聖晶石 X 1
3月交換券(2024) X 1
`*Fate/Grand Order 春の新米マスター応援キャンペーン2024！
特別ログインボーナス*
*開催期間中、1日1回 最大7回 回数ログインボーナスをプレゼント！*
`聖晶石 X 1
`_2024-03-30 19:36:16_
--------
